[2022-05-27T14:01:55.408Z] Validating found git in: git
[2022-05-27T14:01:55.428Z] Using git 2.17.1 from git
[2022-05-27T14:01:55.534Z] > git rev-parse --git-dir [80ms]
[2022-05-27T14:01:55.540Z] Open repository: /home/kadir/IML/Quantus
[2022-05-27T14:02:00.619Z] > git symbolic-ref --short HEAD [5ms]
[2022-05-27T14:02:00.633Z] > git for-each-ref --format=%(refname)%00%(upstream:short)%00%(objectname)%00%(upstream:track) refs/heads/main refs/remotes/main [8ms]
[2022-05-27T14:02:00.650Z] > git for-each-ref --sort -committerdate --format %(refname) %(objectname) %(*objectname) [11ms]
[2022-05-27T14:02:00.654Z] > git remote --verbose [6ms]
[2022-05-27T14:02:00.785Z] > git config --get commit.template [9ms]
[2022-05-27T14:02:04.758Z] > git ls-files --stage -- /home/kadir/IML/Quantus/test.py [449ms]
[2022-05-27T14:02:05.441Z] > git symbolic-ref --short HEAD [2ms]
[2022-05-27T14:02:05.451Z] > git for-each-ref --format=%(refname)%00%(upstream:short)%00%(objectname)%00%(upstream:track) refs/heads/main refs/remotes/main [4ms]
[2022-05-27T14:02:05.463Z] > git for-each-ref --sort -committerdate --format %(refname) %(objectname) %(*objectname) [7ms]
[2022-05-27T14:02:05.464Z] > git remote --verbose [2ms]
[2022-05-27T14:02:05.567Z] > git config --get commit.template [2ms]
[2022-05-27T14:02:11.489Z] > git symbolic-ref --short HEAD [2ms]
[2022-05-27T14:02:11.499Z] > git for-each-ref --format=%(refname)%00%(upstream:short)%00%(objectname)%00%(upstream:track) refs/heads/main refs/remotes/main [4ms]
[2022-05-27T14:02:11.512Z] > git for-each-ref --sort -committerdate --format %(refname) %(objectname) %(*objectname) [7ms]
[2022-05-27T14:02:11.513Z] > git remote --verbose [2ms]
[2022-05-27T14:02:11.559Z] > git config --get commit.template [2ms]
[2022-05-27T14:02:17.454Z] > git symbolic-ref --short HEAD [3ms]
[2022-05-27T14:02:17.463Z] > git for-each-ref --format=%(refname)%00%(upstream:short)%00%(objectname)%00%(upstream:track) refs/heads/main refs/remotes/main [3ms]
[2022-05-27T14:02:17.488Z] > git for-each-ref --sort -committerdate --format %(refname) %(objectname) %(*objectname) [19ms]
[2022-05-27T14:02:17.488Z] > git remote --verbose [1ms]
[2022-05-27T14:02:17.537Z] > git config --get commit.template [2ms]
[2022-05-27T14:02:23.396Z] > git symbolic-ref --short HEAD [3ms]
[2022-05-27T14:02:23.409Z] > git for-each-ref --format=%(refname)%00%(upstream:short)%00%(objectname)%00%(upstream:track) refs/heads/main refs/remotes/main [5ms]
[2022-05-27T14:02:23.424Z] > git for-each-ref --sort -committerdate --format %(refname) %(objectname) %(*objectname) [9ms]
[2022-05-27T14:02:23.426Z] > git remote --verbose [3ms]
[2022-05-27T14:02:23.478Z] > git config --get commit.template [1ms]
[2022-05-27T14:02:29.374Z] > git symbolic-ref --short HEAD [3ms]
[2022-05-27T14:02:29.385Z] > git for-each-ref --format=%(refname)%00%(upstream:short)%00%(objectname)%00%(upstream:track) refs/heads/main refs/remotes/main [4ms]
[2022-05-27T14:02:29.401Z] > git for-each-ref --sort -committerdate --format %(refname) %(objectname) %(*objectname) [9ms]
[2022-05-27T14:02:29.402Z] > git remote --verbose [2ms]
[2022-05-27T14:02:29.442Z] > git config --get commit.template [1ms]
[2022-05-27T14:02:36.445Z] > git symbolic-ref --short HEAD [2ms]
[2022-05-27T14:02:36.463Z] > git for-each-ref --format=%(refname)%00%(upstream:short)%00%(objectname)%00%(upstream:track) refs/heads/main refs/remotes/main [5ms]
[2022-05-27T14:02:36.485Z] > git for-each-ref --sort -committerdate --format %(refname) %(objectname) %(*objectname) [11ms]
[2022-05-27T14:02:36.486Z] > git remote --verbose [2ms]
[2022-05-27T14:02:36.550Z] > git config --get commit.template [3ms]
[2022-05-27T14:02:43.245Z] > git symbolic-ref --short HEAD [12ms]
[2022-05-27T14:02:43.279Z] > git for-each-ref --format=%(refname)%00%(upstream:short)%00%(objectname)%00%(upstream:track) refs/heads/main refs/remotes/main [22ms]
[2022-05-27T14:02:43.331Z] > git for-each-ref --sort -committerdate --format %(refname) %(objectname) %(*objectname) [32ms]
[2022-05-27T14:02:43.348Z] > git remote --verbose [18ms]
[2022-05-27T14:02:43.434Z] > git config --get commit.template [6ms]
[2022-05-27T14:02:49.686Z] > git symbolic-ref --short HEAD [3ms]
[2022-05-27T14:02:49.700Z] > git for-each-ref --format=%(refname)%00%(upstream:short)%00%(objectname)%00%(upstream:track) refs/heads/main refs/remotes/main [5ms]
[2022-05-27T14:02:49.717Z] > git for-each-ref --sort -committerdate --format %(refname) %(objectname) %(*objectname) [10ms]
[2022-05-27T14:02:49.718Z] > git remote --verbose [2ms]
[2022-05-27T14:02:49.777Z] > git config --get commit.template [1ms]
[2022-05-27T14:02:55.705Z] > git symbolic-ref --short HEAD [2ms]
[2022-05-27T14:02:55.718Z] > git for-each-ref --format=%(refname)%00%(upstream:short)%00%(objectname)%00%(upstream:track) refs/heads/main refs/remotes/main [5ms]
[2022-05-27T14:02:55.737Z] > git for-each-ref --sort -committerdate --format %(refname) %(objectname) %(*objectname) [10ms]
[2022-05-27T14:02:55.738Z] > git remote --verbose [2ms]
[2022-05-27T14:02:55.785Z] > git config --get commit.template [1ms]
[2022-05-27T14:02:57.305Z] > git ls-files --stage -- /home/kadir/IML/Quantus/requirements.txt [3ms]
[2022-05-27T14:02:57.317Z] > git cat-file -s f8847fde0035bd062f085843847270f89dfcc469 [3ms]
[2022-05-27T14:03:00.836Z] > git ls-files --stage -- /home/kadir/IML/Quantus/setup.py [22ms]
[2022-05-27T14:03:00.864Z] > git cat-file -s 5179458a95c931d278b15b2ddaa0e5a93e62db7c [16ms]
[2022-05-27T14:03:02.137Z] > git symbolic-ref --short HEAD [3ms]
[2022-05-27T14:03:02.158Z] > git for-each-ref --format=%(refname)%00%(upstream:short)%00%(objectname)%00%(upstream:track) refs/heads/main refs/remotes/main [6ms]
[2022-05-27T14:03:02.197Z] > git for-each-ref --sort -committerdate --format %(refname) %(objectname) %(*objectname) [22ms]
[2022-05-27T14:03:02.202Z] > git remote --verbose [6ms]
[2022-05-27T14:03:02.303Z] > git config --get commit.template [6ms]
[2022-05-27T14:03:08.183Z] > git symbolic-ref --short HEAD [2ms]
[2022-05-27T14:03:08.194Z] > git for-each-ref --format=%(refname)%00%(upstream:short)%00%(objectname)%00%(upstream:track) refs/heads/main refs/remotes/main [3ms]
[2022-05-27T14:03:08.212Z] > git for-each-ref --sort -committerdate --format %(refname) %(objectname) %(*objectname) [10ms]
[2022-05-27T14:03:08.212Z] > git remote --verbose [1ms]
[2022-05-27T14:03:08.261Z] > git config --get commit.template [2ms]
[2022-05-27T14:03:14.149Z] > git symbolic-ref --short HEAD [3ms]
[2022-05-27T14:03:14.163Z] > git for-each-ref --format=%(refname)%00%(upstream:short)%00%(objectname)%00%(upstream:track) refs/heads/main refs/remotes/main [3ms]
[2022-05-27T14:03:14.187Z] > git for-each-ref --sort -committerdate --format %(refname) %(objectname) %(*objectname) [15ms]
[2022-05-27T14:03:14.188Z] > git remote --verbose [4ms]
[2022-05-27T14:03:14.340Z] > git config --get commit.template [2ms]
[2022-05-27T14:03:20.340Z] > git symbolic-ref --short HEAD [22ms]
[2022-05-27T14:03:20.363Z] > git for-each-ref --format=%(refname)%00%(upstream:short)%00%(objectname)%00%(upstream:track) refs/heads/main refs/remotes/main [7ms]
[2022-05-27T14:03:20.388Z] > git for-each-ref --sort -committerdate --format %(refname) %(objectname) %(*objectname) [19ms]
[2022-05-27T14:03:20.394Z] > git remote --verbose [7ms]
[2022-05-27T14:03:20.481Z] > git config --get commit.template [6ms]
[2022-05-27T14:03:22.172Z] > git ls-files --stage -- /home/kadir/IML/Quantus/install.sh [1619ms]
[2022-05-27T14:03:26.397Z] > git symbolic-ref --short HEAD [2ms]
[2022-05-27T14:03:26.406Z] > git for-each-ref --format=%(refname)%00%(upstream:short)%00%(objectname)%00%(upstream:track) refs/heads/main refs/remotes/main [3ms]
[2022-05-27T14:03:26.423Z] > git for-each-ref --sort -committerdate --format %(refname) %(objectname) %(*objectname) [10ms]
[2022-05-27T14:03:26.423Z] > git remote --verbose [1ms]
[2022-05-27T14:03:26.466Z] > git config --get commit.template [1ms]
[2022-05-27T14:03:29.796Z] > git ls-files --stage -- /home/kadir/IML/Quantus/requirements.txt [4ms]
[2022-05-27T14:03:29.805Z] > git cat-file -s f8847fde0035bd062f085843847270f89dfcc469 [2ms]
[2022-05-27T14:03:32.327Z] > git ls-files --stage -- /home/kadir/IML/Quantus/setup.py [4ms]
[2022-05-27T14:03:32.338Z] > git cat-file -s 5179458a95c931d278b15b2ddaa0e5a93e62db7c [3ms]
[2022-05-27T14:03:32.357Z] > git symbolic-ref --short HEAD [3ms]
[2022-05-27T14:03:32.366Z] > git for-each-ref --format=%(refname)%00%(upstream:short)%00%(objectname)%00%(upstream:track) refs/heads/main refs/remotes/main [3ms]
[2022-05-27T14:03:32.379Z] > git for-each-ref --sort -committerdate --format %(refname) %(objectname) %(*objectname) [7ms]
[2022-05-27T14:03:32.380Z] > git remote --verbose [2ms]
[2022-05-27T14:03:32.422Z] > git config --get commit.template [6ms]
[2022-05-27T14:03:38.298Z] > git symbolic-ref --short HEAD [3ms]
[2022-05-27T14:03:38.310Z] > git for-each-ref --format=%(refname)%00%(upstream:short)%00%(objectname)%00%(upstream:track) refs/heads/main refs/remotes/main [3ms]
[2022-05-27T14:03:38.326Z] > git for-each-ref --sort -committerdate --format %(refname) %(objectname) %(*objectname) [9ms]
[2022-05-27T14:03:38.327Z] > git remote --verbose [2ms]
[2022-05-27T14:03:38.379Z] > git config --get commit.template [1ms]
[2022-05-27T14:03:44.242Z] > git symbolic-ref --short HEAD [2ms]
[2022-05-27T14:03:44.251Z] > git for-each-ref --format=%(refname)%00%(upstream:short)%00%(objectname)%00%(upstream:track) refs/heads/main refs/remotes/main [3ms]
[2022-05-27T14:03:44.265Z] > git for-each-ref --sort -committerdate --format %(refname) %(objectname) %(*objectname) [8ms]
[2022-05-27T14:03:44.266Z] > git remote --verbose [2ms]
[2022-05-27T14:03:44.310Z] > git config --get commit.template [7ms]
[2022-05-27T14:03:50.214Z] > git symbolic-ref --short HEAD [2ms]
[2022-05-27T14:03:50.231Z] > git for-each-ref --format=%(refname)%00%(upstream:short)%00%(objectname)%00%(upstream:track) refs/heads/main refs/remotes/main [4ms]
[2022-05-27T14:03:50.259Z] > git for-each-ref --sort -committerdate --format %(refname) %(objectname) %(*objectname) [15ms]
[2022-05-27T14:03:50.260Z] > git remote --verbose [2ms]
[2022-05-27T14:03:50.317Z] > git config --get commit.template [9ms]
[2022-05-27T14:03:56.222Z] > git symbolic-ref --short HEAD [2ms]
[2022-05-27T14:03:56.233Z] > git for-each-ref --format=%(refname)%00%(upstream:short)%00%(objectname)%00%(upstream:track) refs/heads/main refs/remotes/main [2ms]
[2022-05-27T14:03:56.252Z] > git for-each-ref --sort -committerdate --format %(refname) %(objectname) %(*objectname) [10ms]
[2022-05-27T14:03:56.253Z] > git remote --verbose [2ms]
[2022-05-27T14:03:56.304Z] > git config --get commit.template [2ms]
[2022-05-27T14:04:02.167Z] > git symbolic-ref --short HEAD [2ms]
[2022-05-27T14:04:02.183Z] > git for-each-ref --format=%(refname)%00%(upstream:short)%00%(objectname)%00%(upstream:track) refs/heads/main refs/remotes/main [3ms]
[2022-05-27T14:04:02.208Z] > git for-each-ref --sort -committerdate --format %(refname) %(objectname) %(*objectname) [11ms]
[2022-05-27T14:04:02.208Z] > git remote --verbose [2ms]
[2022-05-27T14:04:02.256Z] > git config --get commit.template [1ms]
[2022-05-27T14:04:08.477Z] > git symbolic-ref --short HEAD [3ms]
[2022-05-27T14:04:08.504Z] > git for-each-ref --format=%(refname)%00%(upstream:short)%00%(objectname)%00%(upstream:track) refs/heads/main refs/remotes/main [7ms]
[2022-05-27T14:04:08.547Z] > git for-each-ref --sort -committerdate --format %(refname) %(objectname) %(*objectname) [25ms]
[2022-05-27T14:04:08.551Z] > git remote --verbose [5ms]
[2022-05-27T14:04:08.640Z] > git config --get commit.template [4ms]
[2022-05-27T14:04:14.873Z] > git symbolic-ref --short HEAD [4ms]
[2022-05-27T14:04:14.899Z] > git for-each-ref --format=%(refname)%00%(upstream:short)%00%(objectname)%00%(upstream:track) refs/heads/main refs/remotes/main [6ms]
[2022-05-27T14:04:14.937Z] > git for-each-ref --sort -committerdate --format %(refname) %(objectname) %(*objectname) [21ms]
[2022-05-27T14:04:14.940Z] > git remote --verbose [4ms]
[2022-05-27T14:04:15.020Z] > git config --get commit.template [3ms]
[2022-05-27T14:04:21.309Z] > git symbolic-ref --short HEAD [3ms]
[2022-05-27T14:04:21.328Z] > git for-each-ref --format=%(refname)%00%(upstream:short)%00%(objectname)%00%(upstream:track) refs/heads/main refs/remotes/main [5ms]
[2022-05-27T14:04:21.362Z] > git for-each-ref --sort -committerdate --format %(refname) %(objectname) %(*objectname) [20ms]
[2022-05-27T14:04:21.365Z] > git remote --verbose [4ms]
[2022-05-27T14:04:23.706Z] > git config --get commit.template [2230ms]
[2022-05-27T14:04:24.012Z] > git ls-files --stage -- /home/kadir/IML/Quantus/requirements_test.txt [5ms]
[2022-05-27T14:04:24.031Z] > git cat-file -s 726713ab0433ed362059359107484f839f7132d7 [6ms]
[2022-05-27T14:04:29.545Z] > git symbolic-ref --short HEAD [2ms]
[2022-05-27T14:04:29.556Z] > git for-each-ref --format=%(refname)%00%(upstream:short)%00%(objectname)%00%(upstream:track) refs/heads/main refs/remotes/main [2ms]
[2022-05-27T14:04:29.576Z] > git for-each-ref --sort -committerdate --format %(refname) %(objectname) %(*objectname) [11ms]
[2022-05-27T14:04:29.577Z] > git remote --verbose [2ms]
[2022-05-27T14:04:29.624Z] > git config --get commit.template [2ms]
[2022-05-27T14:04:35.457Z] > git symbolic-ref --short HEAD [1ms]
[2022-05-27T14:04:35.476Z] > git for-each-ref --format=%(refname)%00%(upstream:short)%00%(objectname)%00%(upstream:track) refs/heads/main refs/remotes/main [3ms]
[2022-05-27T14:04:35.506Z] > git for-each-ref --sort -committerdate --format %(refname) %(objectname) %(*objectname) [15ms]
[2022-05-27T14:04:35.507Z] > git remote --verbose [2ms]
[2022-05-27T14:04:35.562Z] > git config --get commit.template [2ms]
[2022-05-27T14:04:42.374Z] > git symbolic-ref --short HEAD [57ms]
[2022-05-27T14:04:42.428Z] > git for-each-ref --format=%(refname)%00%(upstream:short)%00%(objectname)%00%(upstream:track) refs/heads/main refs/remotes/main [16ms]
[2022-05-27T14:04:42.476Z] > git for-each-ref --sort -committerdate --format %(refname) %(objectname) %(*objectname) [28ms]
[2022-05-27T14:04:42.481Z] > git remote --verbose [6ms]
[2022-05-27T14:04:42.584Z] > git config --get commit.template [3ms]
[2022-05-27T14:04:48.746Z] > git symbolic-ref --short HEAD [2ms]
[2022-05-27T14:04:48.756Z] > git for-each-ref --format=%(refname)%00%(upstream:short)%00%(objectname)%00%(upstream:track) refs/heads/main refs/remotes/main [4ms]
[2022-05-27T14:04:48.770Z] > git for-each-ref --sort -committerdate --format %(refname) %(objectname) %(*objectname) [7ms]
[2022-05-27T14:04:48.771Z] > git remote --verbose [2ms]
[2022-05-27T14:04:48.820Z] > git config --get commit.template [1ms]
[2022-05-27T14:04:54.612Z] > git symbolic-ref --short HEAD [2ms]
[2022-05-27T14:04:54.621Z] > git for-each-ref --format=%(refname)%00%(upstream:short)%00%(objectname)%00%(upstream:track) refs/heads/main refs/remotes/main [3ms]
[2022-05-27T14:04:54.637Z] > git for-each-ref --sort -committerdate --format %(refname) %(objectname) %(*objectname) [8ms]
[2022-05-27T14:04:54.638Z] > git remote --verbose [2ms]
[2022-05-27T14:04:54.681Z] > git config --get commit.template [2ms]
[2022-05-27T14:04:56.678Z] > git ls-files --stage -- /home/kadir/IML/Quantus/test.py [2ms]
[2022-05-27T14:04:58.331Z] > git ls-files --stage -- /home/kadir/IML/Quantus/requirements_test.txt [4ms]
[2022-05-27T14:04:58.340Z] > git cat-file -s 726713ab0433ed362059359107484f839f7132d7 [2ms]
[2022-05-27T14:04:59.661Z] > git ls-files --stage -- /home/kadir/IML/Quantus/install.sh [3ms]
[2022-05-27T14:05:00.484Z] > git symbolic-ref --short HEAD [2ms]
[2022-05-27T14:05:00.498Z] > git for-each-ref --format=%(refname)%00%(upstream:short)%00%(objectname)%00%(upstream:track) refs/heads/main refs/remotes/main [3ms]
[2022-05-27T14:05:00.516Z] > git for-each-ref --sort -committerdate --format %(refname) %(objectname) %(*objectname) [10ms]
[2022-05-27T14:05:00.517Z] > git remote --verbose [2ms]
[2022-05-27T14:05:00.564Z] > git config --get commit.template [8ms]
[2022-05-27T14:05:06.332Z] > git symbolic-ref --short HEAD [2ms]
[2022-05-27T14:05:06.340Z] > git for-each-ref --format=%(refname)%00%(upstream:short)%00%(objectname)%00%(upstream:track) refs/heads/main refs/remotes/main [2ms]
[2022-05-27T14:05:06.355Z] > git for-each-ref --sort -committerdate --format %(refname) %(objectname) %(*objectname) [8ms]
[2022-05-27T14:05:06.356Z] > git remote --verbose [2ms]
[2022-05-27T14:05:06.399Z] > git config --get commit.template [7ms]
[2022-05-27T14:05:12.298Z] > git symbolic-ref --short HEAD [19ms]
[2022-05-27T14:05:12.327Z] > git for-each-ref --format=%(refname)%00%(upstream:short)%00%(objectname)%00%(upstream:track) refs/heads/main refs/remotes/main [3ms]
[2022-05-27T14:05:12.344Z] > git for-each-ref --sort -committerdate --format %(refname) %(objectname) %(*objectname) [10ms]
[2022-05-27T14:05:12.345Z] > git remote --verbose [2ms]
[2022-05-27T14:05:12.395Z] > git config --get commit.template [2ms]
[2022-05-27T14:05:18.194Z] > git symbolic-ref --short HEAD [2ms]
[2022-05-27T14:05:18.202Z] > git for-each-ref --format=%(refname)%00%(upstream:short)%00%(objectname)%00%(upstream:track) refs/heads/main refs/remotes/main [2ms]
[2022-05-27T14:05:18.215Z] > git for-each-ref --sort -committerdate --format %(refname) %(objectname) %(*objectname) [7ms]
[2022-05-27T14:05:18.216Z] > git remote --verbose [2ms]
[2022-05-27T14:05:18.260Z] > git config --get commit.template [2ms]
[2022-05-27T14:05:24.042Z] > git symbolic-ref --short HEAD [1ms]
[2022-05-27T14:05:24.051Z] > git for-each-ref --format=%(refname)%00%(upstream:short)%00%(objectname)%00%(upstream:track) refs/heads/main refs/remotes/main [3ms]
[2022-05-27T14:05:24.065Z] > git for-each-ref --sort -committerdate --format %(refname) %(objectname) %(*objectname) [8ms]
[2022-05-27T14:05:24.066Z] > git remote --verbose [2ms]
[2022-05-27T14:05:24.112Z] > git config --get commit.template [1ms]
[2022-05-27T14:05:29.909Z] > git symbolic-ref --short HEAD [2ms]
[2022-05-27T14:05:29.917Z] > git for-each-ref --format=%(refname)%00%(upstream:short)%00%(objectname)%00%(upstream:track) refs/heads/main refs/remotes/main [2ms]
[2022-05-27T14:05:29.933Z] > git for-each-ref --sort -committerdate --format %(refname) %(objectname) %(*objectname) [8ms]
[2022-05-27T14:05:29.934Z] > git remote --verbose [2ms]
[2022-05-27T14:05:29.973Z] > git config --get commit.template [2ms]
[2022-05-27T14:05:35.751Z] > git symbolic-ref --short HEAD [2ms]
[2022-05-27T14:05:35.761Z] > git for-each-ref --format=%(refname)%00%(upstream:short)%00%(objectname)%00%(upstream:track) refs/heads/main refs/remotes/main [2ms]
[2022-05-27T14:05:35.778Z] > git for-each-ref --sort -committerdate --format %(refname) %(objectname) %(*objectname) [9ms]
[2022-05-27T14:05:35.779Z] > git remote --verbose [2ms]
[2022-05-27T14:05:35.819Z] > git config --get commit.template [2ms]
[2022-05-27T14:05:41.620Z] > git symbolic-ref --short HEAD [2ms]
[2022-05-27T14:05:41.629Z] > git for-each-ref --format=%(refname)%00%(upstream:short)%00%(objectname)%00%(upstream:track) refs/heads/main refs/remotes/main [3ms]
[2022-05-27T14:05:41.644Z] > git for-each-ref --sort -committerdate --format %(refname) %(objectname) %(*objectname) [9ms]
[2022-05-27T14:05:41.644Z] > git remote --verbose [1ms]
[2022-05-27T14:05:41.681Z] > git config --get commit.template [1ms]
[2022-05-27T14:05:47.485Z] > git symbolic-ref --short HEAD [2ms]
[2022-05-27T14:05:47.496Z] > git for-each-ref --format=%(refname)%00%(upstream:short)%00%(objectname)%00%(upstream:track) refs/heads/main refs/remotes/main [3ms]
[2022-05-27T14:05:47.514Z] > git for-each-ref --sort -committerdate --format %(refname) %(objectname) %(*objectname) [10ms]
[2022-05-27T14:05:47.515Z] > git remote --verbose [2ms]
[2022-05-27T14:05:47.553Z] > git config --get commit.template [1ms]
[2022-05-27T14:05:53.372Z] > git symbolic-ref --short HEAD [2ms]
[2022-05-27T14:05:53.382Z] > git for-each-ref --format=%(refname)%00%(upstream:short)%00%(objectname)%00%(upstream:track) refs/heads/main refs/remotes/main [3ms]
[2022-05-27T14:05:53.398Z] > git for-each-ref --sort -committerdate --format %(refname) %(objectname) %(*objectname) [9ms]
[2022-05-27T14:05:53.399Z] > git remote --verbose [2ms]
[2022-05-27T14:05:53.439Z] > git config --get commit.template [1ms]
[2022-05-27T14:05:59.248Z] > git symbolic-ref --short HEAD [1ms]
[2022-05-27T14:05:59.259Z] > git for-each-ref --format=%(refname)%00%(upstream:short)%00%(objectname)%00%(upstream:track) refs/heads/main refs/remotes/main [3ms]
[2022-05-27T14:05:59.275Z] > git for-each-ref --sort -committerdate --format %(refname) %(objectname) %(*objectname) [9ms]
[2022-05-27T14:05:59.276Z] > git remote --verbose [2ms]
[2022-05-27T14:05:59.317Z] > git config --get commit.template [2ms]
[2022-05-27T14:06:05.120Z] > git symbolic-ref --short HEAD [2ms]
[2022-05-27T14:06:05.131Z] > git for-each-ref --format=%(refname)%00%(upstream:short)%00%(objectname)%00%(upstream:track) refs/heads/main refs/remotes/main [3ms]
[2022-05-27T14:06:05.152Z] > git for-each-ref --sort -committerdate --format %(refname) %(objectname) %(*objectname) [13ms]
[2022-05-27T14:06:05.153Z] > git remote --verbose [2ms]
[2022-05-27T14:06:05.196Z] > git config --get commit.template [2ms]
[2022-05-27T14:06:11.135Z] > git symbolic-ref --short HEAD [4ms]
[2022-05-27T14:06:11.146Z] > git for-each-ref --format=%(refname)%00%(upstream:short)%00%(objectname)%00%(upstream:track) refs/heads/main refs/remotes/main [3ms]
[2022-05-27T14:06:11.164Z] > git for-each-ref --sort -committerdate --format %(refname) %(objectname) %(*objectname) [10ms]
[2022-05-27T14:06:11.164Z] > git remote --verbose [1ms]
[2022-05-27T14:06:11.212Z] > git config --get commit.template [1ms]
[2022-05-27T14:06:17.005Z] > git symbolic-ref --short HEAD [2ms]
[2022-05-27T14:06:17.017Z] > git for-each-ref --format=%(refname)%00%(upstream:short)%00%(objectname)%00%(upstream:track) refs/heads/main refs/remotes/main [3ms]
[2022-05-27T14:06:17.037Z] > git for-each-ref --sort -committerdate --format %(refname) %(objectname) %(*objectname) [12ms]
[2022-05-27T14:06:17.038Z] > git remote --verbose [4ms]
[2022-05-27T14:06:17.080Z] > git config --get commit.template [2ms]
[2022-05-27T14:06:22.868Z] > git symbolic-ref --short HEAD [2ms]
[2022-05-27T14:06:22.880Z] > git for-each-ref --format=%(refname)%00%(upstream:short)%00%(objectname)%00%(upstream:track) refs/heads/main refs/remotes/main [2ms]
[2022-05-27T14:06:22.901Z] > git for-each-ref --sort -committerdate --format %(refname) %(objectname) %(*objectname) [13ms]
[2022-05-27T14:06:22.902Z] > git remote --verbose [4ms]
[2022-05-27T14:06:22.944Z] > git config --get commit.template [2ms]
[2022-05-27T14:06:28.754Z] > git symbolic-ref --short HEAD [2ms]
[2022-05-27T14:06:28.773Z] > git for-each-ref --format=%(refname)%00%(upstream:short)%00%(objectname)%00%(upstream:track) refs/heads/main refs/remotes/main [3ms]
[2022-05-27T14:06:28.803Z] > git for-each-ref --sort -committerdate --format %(refname) %(objectname) %(*objectname) [15ms]
[2022-05-27T14:06:28.804Z] > git remote --verbose [2ms]
[2022-05-27T14:06:28.856Z] > git config --get commit.template [2ms]
[2022-05-27T14:06:34.653Z] > git symbolic-ref --short HEAD [2ms]
[2022-05-27T14:06:34.663Z] > git for-each-ref --format=%(refname)%00%(upstream:short)%00%(objectname)%00%(upstream:track) refs/heads/main refs/remotes/main [2ms]
[2022-05-27T14:06:34.679Z] > git for-each-ref --sort -committerdate --format %(refname) %(objectname) %(*objectname) [8ms]
[2022-05-27T14:06:34.680Z] > git remote --verbose [2ms]
[2022-05-27T14:06:34.724Z] > git config --get commit.template [2ms]
[2022-05-27T14:06:40.557Z] > git symbolic-ref --short HEAD [1ms]
[2022-05-27T14:06:40.572Z] > git for-each-ref --format=%(refname)%00%(upstream:short)%00%(objectname)%00%(upstream:track) refs/heads/main refs/remotes/main [3ms]
[2022-05-27T14:06:40.594Z] > git for-each-ref --sort -committerdate --format %(refname) %(objectname) %(*objectname) [11ms]
[2022-05-27T14:06:40.595Z] > git remote --verbose [2ms]
[2022-05-27T14:06:40.646Z] > git config --get commit.template [2ms]
[2022-05-27T14:06:46.432Z] > git symbolic-ref --short HEAD [2ms]
[2022-05-27T14:06:46.441Z] > git for-each-ref --format=%(refname)%00%(upstream:short)%00%(objectname)%00%(upstream:track) refs/heads/main refs/remotes/main [2ms]
[2022-05-27T14:06:46.458Z] > git for-each-ref --sort -committerdate --format %(refname) %(objectname) %(*objectname) [9ms]
[2022-05-27T14:06:46.459Z] > git remote --verbose [2ms]
[2022-05-27T14:06:46.499Z] > git config --get commit.template [1ms]
[2022-05-27T14:06:52.305Z] > git symbolic-ref --short HEAD [1ms]
[2022-05-27T14:06:52.317Z] > git for-each-ref --format=%(refname)%00%(upstream:short)%00%(objectname)%00%(upstream:track) refs/heads/main refs/remotes/main [3ms]
[2022-05-27T14:06:52.335Z] > git for-each-ref --sort -committerdate --format %(refname) %(objectname) %(*objectname) [8ms]
[2022-05-27T14:06:52.336Z] > git remote --verbose [1ms]
[2022-05-27T14:06:52.377Z] > git config --get commit.template [1ms]
[2022-05-27T14:06:58.218Z] > git symbolic-ref --short HEAD [2ms]
[2022-05-27T14:06:58.231Z] > git for-each-ref --format=%(refname)%00%(upstream:short)%00%(objectname)%00%(upstream:track) refs/heads/main refs/remotes/main [3ms]
[2022-05-27T14:06:58.252Z] > git for-each-ref --sort -committerdate --format %(refname) %(objectname) %(*objectname) [11ms]
[2022-05-27T14:06:58.253Z] > git remote --verbose [2ms]
[2022-05-27T14:06:58.296Z] > git config --get commit.template [2ms]
[2022-05-27T14:07:04.121Z] > git symbolic-ref --short HEAD [3ms]
[2022-05-27T14:07:04.132Z] > git for-each-ref --format=%(refname)%00%(upstream:short)%00%(objectname)%00%(upstream:track) refs/heads/main refs/remotes/main [3ms]
[2022-05-27T14:07:04.149Z] > git for-each-ref --sort -committerdate --format %(refname) %(objectname) %(*objectname) [9ms]
[2022-05-27T14:07:04.149Z] > git remote --verbose [1ms]
[2022-05-27T14:07:04.192Z] > git config --get commit.template [1ms]
[2022-05-27T14:07:10.049Z] > git symbolic-ref --short HEAD [2ms]
[2022-05-27T14:07:10.061Z] > git for-each-ref --format=%(refname)%00%(upstream:short)%00%(objectname)%00%(upstream:track) refs/heads/main refs/remotes/main [4ms]
[2022-05-27T14:07:10.080Z] > git for-each-ref --sort -committerdate --format %(refname) %(objectname) %(*objectname) [10ms]
[2022-05-27T14:07:10.081Z] > git remote --verbose [2ms]
[2022-05-27T14:07:10.123Z] > git config --get commit.template [2ms]
[2022-05-27T14:07:15.915Z] > git symbolic-ref --short HEAD [2ms]
[2022-05-27T14:07:15.926Z] > git for-each-ref --format=%(refname)%00%(upstream:short)%00%(objectname)%00%(upstream:track) refs/heads/main refs/remotes/main [2ms]
[2022-05-27T14:07:15.946Z] > git for-each-ref --sort -committerdate --format %(refname) %(objectname) %(*objectname) [12ms]
[2022-05-27T14:07:15.946Z] > git remote --verbose [3ms]
[2022-05-27T14:07:15.995Z] > git config --get commit.template [3ms]
[2022-05-27T14:07:19.268Z] > git ls-files --stage -- /home/kadir/IML/Quantus/test.py [3ms]
[2022-05-27T14:07:22.250Z] > git symbolic-ref --short HEAD [4ms]
[2022-05-27T14:07:22.266Z] > git for-each-ref --format=%(refname)%00%(upstream:short)%00%(objectname)%00%(upstream:track) refs/heads/main refs/remotes/main [4ms]
[2022-05-27T14:07:22.294Z] > git for-each-ref --sort -committerdate --format %(refname) %(objectname) %(*objectname) [16ms]
[2022-05-27T14:07:22.297Z] > git remote --verbose [4ms]
[2022-05-27T14:07:22.367Z] > git config --get commit.template [3ms]
[2022-05-27T14:07:24.357Z] > git ls-files --stage -- /home/kadir/IML/Quantus/requirements.txt [2ms]
[2022-05-27T14:07:24.368Z] > git cat-file -s f8847fde0035bd062f085843847270f89dfcc469 [2ms]
[2022-05-27T14:07:28.281Z] > git symbolic-ref --short HEAD [2ms]
[2022-05-27T14:07:28.293Z] > git for-each-ref --format=%(refname)%00%(upstream:short)%00%(objectname)%00%(upstream:track) refs/heads/main refs/remotes/main [3ms]
[2022-05-27T14:07:28.312Z] > git for-each-ref --sort -committerdate --format %(refname) %(objectname) %(*objectname) [10ms]
[2022-05-27T14:07:28.313Z] > git remote --verbose [2ms]
[2022-05-27T14:07:28.356Z] > git config --get commit.template [2ms]
[2022-05-27T14:07:34.188Z] > git symbolic-ref --short HEAD [2ms]
[2022-05-27T14:07:34.205Z] > git for-each-ref --format=%(refname)%00%(upstream:short)%00%(objectname)%00%(upstream:track) refs/heads/main refs/remotes/main [3ms]
[2022-05-27T14:07:34.236Z] > git for-each-ref --sort -committerdate --format %(refname) %(objectname) %(*objectname) [14ms]
[2022-05-27T14:07:34.236Z] > git remote --verbose [2ms]
[2022-05-27T14:07:34.281Z] > git config --get commit.template [1ms]
[2022-05-27T14:07:40.094Z] > git symbolic-ref --short HEAD [5ms]
[2022-05-27T14:07:40.113Z] > git for-each-ref --format=%(refname)%00%(upstream:short)%00%(objectname)%00%(upstream:track) refs/heads/main refs/remotes/main [8ms]
[2022-05-27T14:07:40.137Z] > git for-each-ref --sort -committerdate --format %(refname) %(objectname) %(*objectname) [12ms]
[2022-05-27T14:07:40.140Z] > git remote --verbose [4ms]
[2022-05-27T14:07:40.185Z] > git config --get commit.template [2ms]
[2022-05-27T14:07:41.708Z] > git ls-files --stage -- /home/kadir/IML/Quantus/start_code_server.sh [5ms]
[2022-05-27T14:07:46.041Z] > git symbolic-ref --short HEAD [5ms]
[2022-05-27T14:07:46.060Z] > git for-each-ref --format=%(refname)%00%(upstream:short)%00%(objectname)%00%(upstream:track) refs/heads/main refs/remotes/main [9ms]
[2022-05-27T14:07:46.084Z] > git for-each-ref --sort -committerdate --format %(refname) %(objectname) %(*objectname) [12ms]
[2022-05-27T14:07:46.088Z] > git remote --verbose [5ms]
[2022-05-27T14:07:46.133Z] > git config --get commit.template [4ms]
[2022-05-27T14:07:51.957Z] > git symbolic-ref --short HEAD [6ms]
[2022-05-27T14:07:51.973Z] > git for-each-ref --format=%(refname)%00%(upstream:short)%00%(objectname)%00%(upstream:track) refs/heads/main refs/remotes/main [8ms]
[2022-05-27T14:07:51.993Z] > git for-each-ref --sort -committerdate --format %(refname) %(objectname) %(*objectname) [9ms]
[2022-05-27T14:07:51.996Z] > git remote --verbose [3ms]
[2022-05-27T14:07:52.046Z] > git config --get commit.template [3ms]
[2022-05-27T14:07:55.201Z] > git ls-files --stage -- /home/kadir/IML/Quantus/run_server_with0_gpu.sh [6ms]
[2022-05-27T14:07:57.893Z] > git symbolic-ref --short HEAD [8ms]
[2022-05-27T14:07:57.914Z] > git for-each-ref --format=%(refname)%00%(upstream:short)%00%(objectname)%00%(upstream:track) refs/heads/main refs/remotes/main [10ms]
[2022-05-27T14:07:57.939Z] > git for-each-ref --sort -committerdate --format %(refname) %(objectname) %(*objectname) [13ms]
[2022-05-27T14:07:57.943Z] > git remote --verbose [5ms]
[2022-05-27T14:07:57.986Z] > git config --get commit.template [3ms]
[2022-05-27T14:08:03.813Z] > git symbolic-ref --short HEAD [6ms]
[2022-05-27T14:08:03.828Z] > git for-each-ref --format=%(refname)%00%(upstream:short)%00%(objectname)%00%(upstream:track) refs/heads/main refs/remotes/main [8ms]
[2022-05-27T14:08:03.849Z] > git for-each-ref --sort -committerdate --format %(refname) %(objectname) %(*objectname) [11ms]
[2022-05-27T14:08:03.852Z] > git remote --verbose [4ms]
[2022-05-27T14:08:03.895Z] > git config --get commit.template [4ms]
[2022-05-27T14:08:05.793Z] > git ls-files --stage -- /home/kadir/IML/Quantus/install.sh [7ms]
[2022-05-27T14:08:09.715Z] > git symbolic-ref --short HEAD [6ms]
[2022-05-27T14:08:09.734Z] > git for-each-ref --format=%(refname)%00%(upstream:short)%00%(objectname)%00%(upstream:track) refs/heads/main refs/remotes/main [9ms]
[2022-05-27T14:08:09.759Z] > git for-each-ref --sort -committerdate --format %(refname) %(objectname) %(*objectname) [11ms]
[2022-05-27T14:08:09.763Z] > git remote --verbose [5ms]
[2022-05-27T14:08:09.810Z] > git config --get commit.template [4ms]
[2022-05-27T14:08:15.656Z] > git symbolic-ref --short HEAD [5ms]
[2022-05-27T14:08:15.671Z] > git for-each-ref --format=%(refname)%00%(upstream:short)%00%(objectname)%00%(upstream:track) refs/heads/main refs/remotes/main [7ms]
[2022-05-27T14:08:15.690Z] > git for-each-ref --sort -committerdate --format %(refname) %(objectname) %(*objectname) [11ms]
[2022-05-27T14:08:15.692Z] > git remote --verbose [3ms]
[2022-05-27T14:08:15.734Z] > git config --get commit.template [2ms]
[2022-05-27T14:08:21.557Z] > git symbolic-ref --short HEAD [6ms]
[2022-05-27T14:08:21.579Z] > git for-each-ref --format=%(refname)%00%(upstream:short)%00%(objectname)%00%(upstream:track) refs/heads/main refs/remotes/main [13ms]
[2022-05-27T14:08:21.601Z] > git for-each-ref --sort -committerdate --format %(refname) %(objectname) %(*objectname) [12ms]
[2022-05-27T14:08:21.604Z] > git remote --verbose [4ms]
[2022-05-27T14:08:21.645Z] > git config --get commit.template [3ms]
[2022-05-27T14:08:27.470Z] > git symbolic-ref --short HEAD [4ms]
[2022-05-27T14:08:27.484Z] > git for-each-ref --format=%(refname)%00%(upstream:short)%00%(objectname)%00%(upstream:track) refs/heads/main refs/remotes/main [7ms]
[2022-05-27T14:08:27.503Z] > git for-each-ref --sort -committerdate --format %(refname) %(objectname) %(*objectname) [11ms]
[2022-05-27T14:08:27.506Z] > git remote --verbose [4ms]
[2022-05-27T14:08:27.550Z] > git config --get commit.template [3ms]
[2022-05-27T14:08:33.359Z] > git symbolic-ref --short HEAD [6ms]
[2022-05-27T14:08:33.376Z] > git for-each-ref --format=%(refname)%00%(upstream:short)%00%(objectname)%00%(upstream:track) refs/heads/main refs/remotes/main [10ms]
[2022-05-27T14:08:33.396Z] > git for-each-ref --sort -committerdate --format %(refname) %(objectname) %(*objectname) [10ms]
[2022-05-27T14:08:33.400Z] > git remote --verbose [5ms]
[2022-05-27T14:08:33.448Z] > git config --get commit.template [6ms]
[2022-05-27T14:08:39.271Z] > git symbolic-ref --short HEAD [6ms]
[2022-05-27T14:08:39.290Z] > git for-each-ref --format=%(refname)%00%(upstream:short)%00%(objectname)%00%(upstream:track) refs/heads/main refs/remotes/main [11ms]
[2022-05-27T14:08:39.311Z] > git for-each-ref --sort -committerdate --format %(refname) %(objectname) %(*objectname) [12ms]
[2022-05-27T14:08:39.312Z] > git remote --verbose [2ms]
[2022-05-27T14:08:39.350Z] > git config --get commit.template [2ms]
[2022-05-27T14:08:45.179Z] > git symbolic-ref --short HEAD [6ms]
[2022-05-27T14:08:45.194Z] > git for-each-ref --format=%(refname)%00%(upstream:short)%00%(objectname)%00%(upstream:track) refs/heads/main refs/remotes/main [8ms]
[2022-05-27T14:08:45.212Z] > git for-each-ref --sort -committerdate --format %(refname) %(objectname) %(*objectname) [10ms]
[2022-05-27T14:08:45.216Z] > git remote --verbose [6ms]
[2022-05-27T14:08:45.258Z] > git config --get commit.template [3ms]
[2022-05-27T14:08:51.068Z] > git symbolic-ref --short HEAD [7ms]
[2022-05-27T14:08:51.086Z] > git for-each-ref --format=%(refname)%00%(upstream:short)%00%(objectname)%00%(upstream:track) refs/heads/main refs/remotes/main [10ms]
[2022-05-27T14:08:51.108Z] > git for-each-ref --sort -committerdate --format %(refname) %(objectname) %(*objectname) [9ms]
[2022-05-27T14:08:51.112Z] > git remote --verbose [5ms]
[2022-05-27T14:08:51.157Z] > git config --get commit.template [3ms]
[2022-05-27T14:08:57.065Z] > git symbolic-ref --short HEAD [24ms]
[2022-05-27T14:08:57.086Z] > git for-each-ref --format=%(refname)%00%(upstream:short)%00%(objectname)%00%(upstream:track) refs/heads/main refs/remotes/main [9ms]
[2022-05-27T14:08:57.103Z] > git for-each-ref --sort -committerdate --format %(refname) %(objectname) %(*objectname) [11ms]
[2022-05-27T14:08:57.105Z] > git remote --verbose [3ms]
[2022-05-27T14:08:57.154Z] > git config --get commit.template [4ms]
[2022-05-27T14:09:03.065Z] > git symbolic-ref --short HEAD [6ms]
[2022-05-27T14:09:03.079Z] > git for-each-ref --format=%(refname)%00%(upstream:short)%00%(objectname)%00%(upstream:track) refs/heads/main refs/remotes/main [9ms]
[2022-05-27T14:09:03.096Z] > git for-each-ref --sort -committerdate --format %(refname) %(objectname) %(*objectname) [9ms]
[2022-05-27T14:09:03.100Z] > git remote --verbose [5ms]
[2022-05-27T14:09:03.144Z] > git config --get commit.template [3ms]
[2022-05-27T14:09:08.914Z] > git symbolic-ref --short HEAD [6ms]
[2022-05-27T14:09:08.929Z] > git for-each-ref --format=%(refname)%00%(upstream:short)%00%(objectname)%00%(upstream:track) refs/heads/main refs/remotes/main [9ms]
[2022-05-27T14:09:08.948Z] > git for-each-ref --sort -committerdate --format %(refname) %(objectname) %(*objectname) [11ms]
[2022-05-27T14:09:08.951Z] > git remote --verbose [4ms]
[2022-05-27T14:09:08.995Z] > git config --get commit.template [3ms]
[2022-05-27T14:09:48.815Z] > git symbolic-ref --short HEAD [6ms]
[2022-05-27T14:09:48.832Z] > git for-each-ref --format=%(refname)%00%(upstream:short)%00%(objectname)%00%(upstream:track) refs/heads/main refs/remotes/main [10ms]
[2022-05-27T14:09:48.850Z] > git for-each-ref --sort -committerdate --format %(refname) %(objectname) %(*objectname) [9ms]
[2022-05-27T14:09:48.854Z] > git remote --verbose [5ms]
[2022-05-27T14:09:48.894Z] > git config --get commit.template [3ms]
[2022-05-27T14:09:54.711Z] > git symbolic-ref --short HEAD [7ms]
[2022-05-27T14:09:54.725Z] > git for-each-ref --format=%(refname)%00%(upstream:short)%00%(objectname)%00%(upstream:track) refs/heads/main refs/remotes/main [9ms]
[2022-05-27T14:09:54.742Z] > git for-each-ref --sort -committerdate --format %(refname) %(objectname) %(*objectname) [10ms]
[2022-05-27T14:09:54.745Z] > git remote --verbose [4ms]
[2022-05-27T14:09:54.793Z] > git config --get commit.template [3ms]
