[2022-06-10 16:06:53.349] [exthost] [info] Extension host with pid 2347136 started
[2022-06-10 16:06:53.355] [exthost] [info] Lock '/home/kadir/IML/Quantus/.code-server/User/workspaceStorage/789013f6/vscode.lock': Lock acquired.
[2022-06-10 16:06:53.429] [exthost] [info] ExtensionService#_doActivateExtension ms-python.python, startup: false, activationEvent: 'onLanguage:python'
[2022-06-10 16:06:53.744] [exthost] [info] ExtensionService#_doActivateExtension ms-toolsai.jupyter, startup: false, activationEvent: 'onLanguage:python'
[2022-06-10 16:06:54.299] [exthost] [info] ExtensionService#_doActivateExtension vscode.debug-auto-launch, startup: true, activationEvent: '*'
[2022-06-10 16:06:54.303] [exthost] [info] ExtensionService#_doActivateExtension vscode.git-base, startup: true, activationEvent: '*', root cause: vscode.github
[2022-06-10 16:06:54.368] [exthost] [info] ExtensionService#_doActivateExtension vscode.git, startup: true, activationEvent: '*'
[2022-06-10 16:06:54.456] [exthost] [info] ExtensionService#_doActivateExtension vscode.github, startup: true, activationEvent: '*'
[2022-06-10 16:06:54.576] [exthost] [warning] [ms-toolsai.jupyter] Accessing a window scoped configuration for a resource is not expected. To associate 'jupyter.allowInput' to a resource, define its scope to 'resource' in configuration contributions in 'package.json'.
[2022-06-10 16:06:54.754] [exthost] [info] ExtensionService#_doActivateExtension ms-toolsai.jupyter-renderers, startup: false, activationEvent: 'api', root cause: ms-toolsai.jupyter
[2022-06-10 16:06:54.815] [exthost] [warning] [ms-python.python] Accessing a window scoped configuration for a resource is not expected. To associate 'python.languageServer' to a resource, define its scope to 'resource' in configuration contributions in 'package.json'.
[2022-06-10 16:06:54.818] [exthost] [warning] [ms-python.python] Accessing a window scoped configuration for a resource is not expected. To associate 'python.languageServer' to a resource, define its scope to 'resource' in configuration contributions in 'package.json'.
[2022-06-10 16:06:54.860] [exthost] [info] ExtensionService#_doActivateExtension vscode.emmet, startup: false, activationEvent: 'onStartupFinished'
[2022-06-10 16:06:54.882] [exthost] [info] ExtensionService#_doActivateExtension vscode.merge-conflict, startup: false, activationEvent: 'onStartupFinished'
[2022-06-10 16:06:54.887] [exthost] [info] Eager extensions activated
[2022-06-10 16:06:55.039] [exthost] [warning] [vscode.emmet] Accessing a resource scoped configuration without providing a resource is not expected. To get the effective value for 'emmet.includeLanguages', provide the URI of a resource or 'null' for any resource.
[2022-06-10 16:06:57.682] [exthost] [warning] [ms-python.python] Accessing a window scoped configuration for a resource is not expected. To associate 'python.languageServer' to a resource, define its scope to 'resource' in configuration contributions in 'package.json'.
[2022-06-10 16:06:57.685] [exthost] [warning] [ms-python.python] Accessing a window scoped configuration for a resource is not expected. To associate 'python.languageServer' to a resource, define its scope to 'resource' in configuration contributions in 'package.json'.
[2022-06-10 16:06:58.821] [exthost] [warning] [Decorations] CAPPING events from decorations provider vscode.git 361
[2022-06-10 16:07:05.026] [exthost] [warning] [Decorations] CAPPING events from decorations provider vscode.git 361
[2022-06-10 16:07:14.397] [exthost] [warning] [Decorations] CAPPING events from decorations provider vscode.git 365
[2022-06-10 16:07:23.730] [exthost] [warning] [Decorations] CAPPING events from decorations provider vscode.git 365
[2022-06-10 16:07:33.105] [exthost] [warning] [Decorations] CAPPING events from decorations provider vscode.git 365
[2022-06-10 16:07:42.440] [exthost] [warning] [Decorations] CAPPING events from decorations provider vscode.git 365
[2022-06-10 16:07:51.741] [exthost] [warning] [Decorations] CAPPING events from decorations provider vscode.git 365
[2022-06-10 16:08:01.112] [exthost] [warning] [Decorations] CAPPING events from decorations provider vscode.git 365
[2022-06-10 16:08:10.528] [exthost] [warning] [Decorations] CAPPING events from decorations provider vscode.git 365
[2022-06-10 16:08:19.880] [exthost] [warning] [Decorations] CAPPING events from decorations provider vscode.git 365
[2022-06-10 16:08:29.169] [exthost] [warning] [Decorations] CAPPING events from decorations provider vscode.git 365
[2022-06-10 16:08:38.420] [exthost] [warning] [Decorations] CAPPING events from decorations provider vscode.git 365
[2022-06-10 16:08:48.380] [exthost] [warning] [Decorations] CAPPING events from decorations provider vscode.git 365
[2022-06-10 16:08:58.768] [exthost] [warning] [Decorations] CAPPING events from decorations provider vscode.git 365
[2022-06-10 16:09:08.383] [exthost] [warning] [Decorations] CAPPING events from decorations provider vscode.git 365
[2022-06-10 16:09:18.457] [exthost] [warning] [Decorations] CAPPING events from decorations provider vscode.git 365
[2022-06-10 16:09:28.537] [exthost] [warning] [Decorations] CAPPING events from decorations provider vscode.git 365
[2022-06-10 16:09:38.312] [exthost] [warning] [Decorations] CAPPING events from decorations provider vscode.git 365
[2022-06-10 16:09:47.993] [exthost] [warning] [Decorations] CAPPING events from decorations provider vscode.git 365
[2022-06-10 16:09:57.667] [exthost] [warning] [Decorations] CAPPING events from decorations provider vscode.git 365
[2022-06-10 16:10:08.541] [exthost] [warning] [Decorations] CAPPING events from decorations provider vscode.git 365
[2022-06-10 16:10:18.926] [exthost] [warning] [Decorations] CAPPING events from decorations provider vscode.git 365
[2022-06-10 16:10:30.162] [exthost] [warning] [Decorations] CAPPING events from decorations provider vscode.git 365
[2022-06-10 16:10:40.359] [exthost] [warning] [Decorations] CAPPING events from decorations provider vscode.git 365
[2022-06-10 16:10:51.074] [exthost] [warning] [Decorations] CAPPING events from decorations provider vscode.git 365
[2022-06-10 16:11:01.966] [exthost] [warning] [Decorations] CAPPING events from decorations provider vscode.git 365
[2022-06-10 16:11:12.598] [exthost] [warning] [Decorations] CAPPING events from decorations provider vscode.git 365
[2022-06-10 16:11:23.190] [exthost] [warning] [Decorations] CAPPING events from decorations provider vscode.git 365
[2022-06-10 16:11:34.151] [exthost] [warning] [Decorations] CAPPING events from decorations provider vscode.git 365
[2022-06-10 16:11:44.170] [exthost] [warning] [Decorations] CAPPING events from decorations provider vscode.git 365
[2022-06-10 16:11:54.657] [exthost] [warning] [Decorations] CAPPING events from decorations provider vscode.git 365
[2022-06-10 16:12:04.917] [exthost] [warning] [Decorations] CAPPING events from decorations provider vscode.git 365
[2022-06-10 16:12:15.207] [exthost] [warning] [Decorations] CAPPING events from decorations provider vscode.git 365
[2022-06-10 16:12:25.210] [exthost] [warning] [Decorations] CAPPING events from decorations provider vscode.git 365
[2022-06-10 16:12:35.994] [exthost] [warning] [Decorations] CAPPING events from decorations provider vscode.git 365
[2022-06-10 16:12:46.029] [exthost] [warning] [Decorations] CAPPING events from decorations provider vscode.git 365
[2022-06-10 16:12:56.451] [exthost] [warning] [Decorations] CAPPING events from decorations provider vscode.git 365
[2022-06-10 16:13:07.342] [exthost] [warning] [Decorations] CAPPING events from decorations provider vscode.git 365
[2022-06-10 16:13:17.939] [exthost] [warning] [Decorations] CAPPING events from decorations provider vscode.git 365
[2022-06-10 16:13:27.628] [exthost] [warning] [Decorations] CAPPING events from decorations provider vscode.git 365
[2022-06-10 16:13:37.082] [exthost] [warning] [Decorations] CAPPING events from decorations provider vscode.git 365
[2022-06-10 16:13:46.340] [exthost] [warning] [Decorations] CAPPING events from decorations provider vscode.git 365
[2022-06-10 16:13:56.610] [exthost] [warning] [Decorations] CAPPING events from decorations provider vscode.git 365
[2022-06-10 16:14:06.851] [exthost] [warning] [Decorations] CAPPING events from decorations provider vscode.git 365
[2022-06-10 16:14:16.274] [exthost] [warning] [Decorations] CAPPING events from decorations provider vscode.git 365
[2022-06-10 16:14:26.633] [exthost] [warning] [Decorations] CAPPING events from decorations provider vscode.git 365
[2022-06-10 16:14:36.920] [exthost] [warning] [Decorations] CAPPING events from decorations provider vscode.git 365
[2022-06-10 16:14:46.858] [exthost] [warning] [Decorations] CAPPING events from decorations provider vscode.git 365
[2022-06-10 16:14:57.243] [exthost] [warning] [Decorations] CAPPING events from decorations provider vscode.git 365
[2022-06-10 16:15:07.528] [exthost] [warning] [Decorations] CAPPING events from decorations provider vscode.git 365
[2022-06-10 16:15:17.630] [exthost] [warning] [Decorations] CAPPING events from decorations provider vscode.git 365
[2022-06-10 16:15:27.931] [exthost] [warning] [Decorations] CAPPING events from decorations provider vscode.git 365
[2022-06-10 16:15:38.113] [exthost] [warning] [Decorations] CAPPING events from decorations provider vscode.git 365
[2022-06-10 16:15:48.113] [exthost] [warning] [Decorations] CAPPING events from decorations provider vscode.git 365
[2022-06-10 16:15:58.363] [exthost] [warning] [Decorations] CAPPING events from decorations provider vscode.git 365
[2022-06-10 16:16:08.525] [exthost] [warning] [Decorations] CAPPING events from decorations provider vscode.git 365
[2022-06-10 16:16:18.303] [exthost] [warning] [Decorations] CAPPING events from decorations provider vscode.git 365
[2022-06-10 16:16:28.578] [exthost] [warning] [Decorations] CAPPING events from decorations provider vscode.git 365
[2022-06-10 16:16:38.814] [exthost] [warning] [Decorations] CAPPING events from decorations provider vscode.git 365
[2022-06-10 16:16:48.472] [exthost] [warning] [Decorations] CAPPING events from decorations provider vscode.git 365
[2022-06-10 16:16:58.650] [exthost] [warning] [Decorations] CAPPING events from decorations provider vscode.git 365
[2022-06-10 16:17:08.971] [exthost] [warning] [Decorations] CAPPING events from decorations provider vscode.git 365
[2022-06-10 16:17:18.322] [exthost] [warning] [Decorations] CAPPING events from decorations provider vscode.git 365
[2022-06-10 16:17:28.540] [exthost] [warning] [Decorations] CAPPING events from decorations provider vscode.git 365
[2022-06-10 16:17:38.834] [exthost] [warning] [Decorations] CAPPING events from decorations provider vscode.git 365
[2022-06-10 16:17:48.141] [exthost] [warning] [Decorations] CAPPING events from decorations provider vscode.git 365
[2022-06-10 16:17:58.364] [exthost] [warning] [Decorations] CAPPING events from decorations provider vscode.git 365
[2022-06-10 16:18:08.518] [exthost] [warning] [Decorations] CAPPING events from decorations provider vscode.git 365
[2022-06-10 16:18:17.825] [exthost] [warning] [Decorations] CAPPING events from decorations provider vscode.git 365
[2022-06-10 16:18:28.112] [exthost] [warning] [Decorations] CAPPING events from decorations provider vscode.git 365
[2022-06-10 16:18:38.417] [exthost] [warning] [Decorations] CAPPING events from decorations provider vscode.git 365
[2022-06-10 16:18:47.903] [exthost] [warning] [Decorations] CAPPING events from decorations provider vscode.git 365
[2022-06-10 16:18:58.442] [exthost] [warning] [Decorations] CAPPING events from decorations provider vscode.git 365
[2022-06-10 16:19:08.902] [exthost] [warning] [Decorations] CAPPING events from decorations provider vscode.git 365
[2022-06-10 16:19:19.190] [exthost] [warning] [Decorations] CAPPING events from decorations provider vscode.git 365
[2022-06-10 16:19:29.768] [exthost] [warning] [Decorations] CAPPING events from decorations provider vscode.git 365
[2022-06-10 16:19:40.203] [exthost] [warning] [Decorations] CAPPING events from decorations provider vscode.git 365
[2022-06-10 16:19:50.688] [exthost] [warning] [Decorations] CAPPING events from decorations provider vscode.git 365
[2022-06-10 16:20:01.252] [exthost] [warning] [Decorations] CAPPING events from decorations provider vscode.git 365
[2022-06-10 16:20:11.771] [exthost] [warning] [Decorations] CAPPING events from decorations provider vscode.git 365
[2022-06-10 16:20:22.379] [exthost] [warning] [Decorations] CAPPING events from decorations provider vscode.git 365
[2022-06-10 16:20:32.931] [exthost] [warning] [Decorations] CAPPING events from decorations provider vscode.git 365
[2022-06-10 16:20:43.372] [exthost] [warning] [Decorations] CAPPING events from decorations provider vscode.git 365
[2022-06-10 16:20:53.639] [exthost] [warning] [Decorations] CAPPING events from decorations provider vscode.git 365
[2022-06-10 16:21:03.873] [exthost] [warning] [Decorations] CAPPING events from decorations provider vscode.git 365
[2022-06-10 16:21:14.201] [exthost] [warning] [Decorations] CAPPING events from decorations provider vscode.git 365
[2022-06-10 16:21:24.669] [exthost] [warning] [Decorations] CAPPING events from decorations provider vscode.git 365
[2022-06-10 16:21:35.229] [exthost] [warning] [Decorations] CAPPING events from decorations provider vscode.git 365
[2022-06-10 16:21:45.740] [exthost] [warning] [Decorations] CAPPING events from decorations provider vscode.git 365
[2022-06-10 16:21:56.394] [exthost] [warning] [Decorations] CAPPING events from decorations provider vscode.git 365
[2022-06-10 16:22:06.965] [exthost] [warning] [Decorations] CAPPING events from decorations provider vscode.git 365
[2022-06-10 16:22:16.420] [exthost] [warning] [Decorations] CAPPING events from decorations provider vscode.git 365
[2022-06-10 16:22:27.163] [exthost] [warning] [Decorations] CAPPING events from decorations provider vscode.git 365
[2022-06-10 16:22:37.795] [exthost] [warning] [Decorations] CAPPING events from decorations provider vscode.git 365
[2022-06-10 16:22:46.937] [exthost] [warning] [Decorations] CAPPING events from decorations provider vscode.git 365
[2022-06-10 16:22:57.329] [exthost] [warning] [Decorations] CAPPING events from decorations provider vscode.git 365
[2022-06-10 16:23:07.741] [exthost] [warning] [Decorations] CAPPING events from decorations provider vscode.git 365
[2022-06-10 16:23:16.752] [exthost] [warning] [Decorations] CAPPING events from decorations provider vscode.git 365
[2022-06-10 16:23:27.157] [exthost] [warning] [Decorations] CAPPING events from decorations provider vscode.git 365
[2022-06-10 16:23:37.587] [exthost] [warning] [Decorations] CAPPING events from decorations provider vscode.git 365
[2022-06-10 16:23:46.821] [exthost] [warning] [Decorations] CAPPING events from decorations provider vscode.git 365
[2022-06-10 16:23:57.223] [exthost] [warning] [Decorations] CAPPING events from decorations provider vscode.git 365
[2022-06-10 16:24:07.750] [exthost] [warning] [Decorations] CAPPING events from decorations provider vscode.git 365
[2022-06-10 16:24:17.055] [exthost] [warning] [Decorations] CAPPING events from decorations provider vscode.git 365
[2022-06-10 16:24:27.626] [exthost] [warning] [Decorations] CAPPING events from decorations provider vscode.git 365
[2022-06-10 16:24:38.102] [exthost] [warning] [Decorations] CAPPING events from decorations provider vscode.git 365
[2022-06-10 16:24:48.248] [exthost] [warning] [Decorations] CAPPING events from decorations provider vscode.git 365
[2022-06-10 16:24:58.693] [exthost] [warning] [Decorations] CAPPING events from decorations provider vscode.git 365
[2022-06-10 16:25:09.187] [exthost] [warning] [Decorations] CAPPING events from decorations provider vscode.git 365
[2022-06-10 16:25:19.788] [exthost] [warning] [Decorations] CAPPING events from decorations provider vscode.git 365
[2022-06-10 16:25:30.384] [exthost] [warning] [Decorations] CAPPING events from decorations provider vscode.git 365
[2022-06-10 16:25:40.646] [exthost] [warning] [Decorations] CAPPING events from decorations provider vscode.git 365
[2022-06-10 16:25:51.405] [exthost] [warning] [Decorations] CAPPING events from decorations provider vscode.git 365
[2022-06-10 16:26:02.052] [exthost] [warning] [Decorations] CAPPING events from decorations provider vscode.git 365
[2022-06-10 16:26:11.416] [exthost] [warning] [Decorations] CAPPING events from decorations provider vscode.git 365
[2022-06-10 16:26:22.328] [exthost] [warning] [Decorations] CAPPING events from decorations provider vscode.git 365
[2022-06-10 16:26:33.393] [exthost] [warning] [Decorations] CAPPING events from decorations provider vscode.git 365
[2022-06-10 16:26:44.014] [exthost] [warning] [Decorations] CAPPING events from decorations provider vscode.git 365
[2022-06-10 16:26:54.920] [exthost] [warning] [Decorations] CAPPING events from decorations provider vscode.git 365
[2022-06-10 16:27:05.241] [exthost] [warning] [Decorations] CAPPING events from decorations provider vscode.git 365
[2022-06-10 16:27:16.507] [exthost] [warning] [Decorations] CAPPING events from decorations provider vscode.git 365
[2022-06-10 16:27:27.440] [exthost] [warning] [Decorations] CAPPING events from decorations provider vscode.git 365
[2022-06-10 16:27:37.139] [exthost] [warning] [Decorations] CAPPING events from decorations provider vscode.git 365
[2022-06-10 16:27:48.224] [exthost] [warning] [Decorations] CAPPING events from decorations provider vscode.git 365
[2022-06-10 16:27:59.016] [exthost] [warning] [Decorations] CAPPING events from decorations provider vscode.git 365
[2022-06-10 16:28:09.694] [exthost] [warning] [Decorations] CAPPING events from decorations provider vscode.git 365
[2022-06-10 16:28:20.420] [exthost] [warning] [Decorations] CAPPING events from decorations provider vscode.git 365
[2022-06-10 16:28:30.552] [exthost] [warning] [Decorations] CAPPING events from decorations provider vscode.git 365
[2022-06-10 16:28:41.886] [exthost] [warning] [Decorations] CAPPING events from decorations provider vscode.git 365
[2022-06-10 16:28:52.666] [exthost] [warning] [Decorations] CAPPING events from decorations provider vscode.git 365
[2022-06-10 16:29:02.179] [exthost] [warning] [Decorations] CAPPING events from decorations provider vscode.git 365
[2022-06-10 16:29:12.584] [exthost] [warning] [Decorations] CAPPING events from decorations provider vscode.git 365
[2022-06-10 16:29:23.185] [exthost] [warning] [Decorations] CAPPING events from decorations provider vscode.git 365
[2022-06-10 16:29:32.742] [exthost] [warning] [Decorations] CAPPING events from decorations provider vscode.git 365
[2022-06-10 16:29:43.652] [exthost] [warning] [Decorations] CAPPING events from decorations provider vscode.git 365
[2022-06-10 16:29:54.087] [exthost] [warning] [Decorations] CAPPING events from decorations provider vscode.git 365
[2022-06-10 16:30:04.533] [exthost] [warning] [Decorations] CAPPING events from decorations provider vscode.git 365
[2022-06-10 16:30:15.277] [exthost] [warning] [Decorations] CAPPING events from decorations provider vscode.git 365
[2022-06-10 16:30:24.872] [exthost] [warning] [Decorations] CAPPING events from decorations provider vscode.git 365
[2022-06-10 16:30:35.510] [exthost] [warning] [Decorations] CAPPING events from decorations provider vscode.git 365
[2022-06-10 16:30:46.203] [exthost] [warning] [Decorations] CAPPING events from decorations provider vscode.git 365
[2022-06-10 16:30:55.430] [exthost] [warning] [Decorations] CAPPING events from decorations provider vscode.git 365
[2022-06-10 16:31:06.009] [exthost] [warning] [Decorations] CAPPING events from decorations provider vscode.git 365
[2022-06-10 16:31:16.541] [exthost] [warning] [Decorations] CAPPING events from decorations provider vscode.git 365
[2022-06-10 16:31:27.270] [exthost] [warning] [Decorations] CAPPING events from decorations provider vscode.git 365
[2022-06-10 16:31:37.752] [exthost] [warning] [Decorations] CAPPING events from decorations provider vscode.git 365
[2022-06-10 16:31:48.041] [exthost] [warning] [Decorations] CAPPING events from decorations provider vscode.git 365
[2022-06-10 16:31:58.863] [exthost] [warning] [Decorations] CAPPING events from decorations provider vscode.git 365
[2022-06-10 16:32:09.333] [exthost] [warning] [Decorations] CAPPING events from decorations provider vscode.git 365
[2022-06-10 16:32:18.483] [exthost] [warning] [Decorations] CAPPING events from decorations provider vscode.git 365
[2022-06-10 16:32:29.106] [exthost] [warning] [Decorations] CAPPING events from decorations provider vscode.git 365
[2022-06-10 16:32:39.904] [exthost] [warning] [Decorations] CAPPING events from decorations provider vscode.git 365
[2022-06-10 16:32:48.961] [exthost] [warning] [Decorations] CAPPING events from decorations provider vscode.git 365
[2022-06-10 16:32:59.621] [exthost] [warning] [Decorations] CAPPING events from decorations provider vscode.git 365
[2022-06-10 16:33:10.185] [exthost] [warning] [Decorations] CAPPING events from decorations provider vscode.git 365
[2022-06-10 16:33:20.836] [exthost] [warning] [Decorations] CAPPING events from decorations provider vscode.git 365
[2022-06-10 16:33:31.618] [exthost] [warning] [Decorations] CAPPING events from decorations provider vscode.git 365
[2022-06-10 16:33:41.537] [exthost] [warning] [Decorations] CAPPING events from decorations provider vscode.git 365
[2022-06-10 16:33:52.233] [exthost] [warning] [Decorations] CAPPING events from decorations provider vscode.git 365
[2022-06-10 16:34:02.989] [exthost] [warning] [Decorations] CAPPING events from decorations provider vscode.git 365
[2022-06-10 16:34:12.681] [exthost] [warning] [Decorations] CAPPING events from decorations provider vscode.git 365
[2022-06-10 16:34:23.259] [exthost] [warning] [Decorations] CAPPING events from decorations provider vscode.git 365
[2022-06-10 16:34:33.968] [exthost] [warning] [Decorations] CAPPING events from decorations provider vscode.git 365
[2022-06-10 16:34:44.657] [exthost] [warning] [Decorations] CAPPING events from decorations provider vscode.git 365
[2022-06-10 16:34:55.613] [exthost] [warning] [Decorations] CAPPING events from decorations provider vscode.git 365
[2022-06-10 16:35:04.981] [exthost] [warning] [Decorations] CAPPING events from decorations provider vscode.git 365
[2022-06-10 16:35:15.565] [exthost] [warning] [Decorations] CAPPING events from decorations provider vscode.git 365
[2022-06-10 16:35:26.260] [exthost] [warning] [Decorations] CAPPING events from decorations provider vscode.git 365
[2022-06-10 16:35:35.984] [exthost] [warning] [Decorations] CAPPING events from decorations provider vscode.git 365
[2022-06-10 16:35:46.739] [exthost] [warning] [Decorations] CAPPING events from decorations provider vscode.git 365
[2022-06-10 16:35:57.427] [exthost] [warning] [Decorations] CAPPING events from decorations provider vscode.git 365
[2022-06-10 16:36:07.827] [exthost] [warning] [Decorations] CAPPING events from decorations provider vscode.git 365
[2022-06-10 16:36:18.509] [exthost] [warning] [Decorations] CAPPING events from decorations provider vscode.git 365
[2022-06-10 16:36:29.116] [exthost] [warning] [Decorations] CAPPING events from decorations provider vscode.git 365
[2022-06-10 16:36:39.587] [exthost] [warning] [Decorations] CAPPING events from decorations provider vscode.git 365
[2022-06-10 16:36:50.205] [exthost] [warning] [Decorations] CAPPING events from decorations provider vscode.git 365
[2022-06-10 16:37:12.402] [exthost] [warning] [Decorations] CAPPING events from decorations provider vscode.git 365
[2022-06-10 16:37:22.462] [exthost] [warning] [Decorations] CAPPING events from decorations provider vscode.git 365
[2022-06-10 16:37:32.627] [exthost] [warning] [Decorations] CAPPING events from decorations provider vscode.git 365
[2022-06-10 16:37:42.962] [exthost] [warning] [Decorations] CAPPING events from decorations provider vscode.git 365
[2022-06-10 16:37:53.229] [exthost] [warning] [Decorations] CAPPING events from decorations provider vscode.git 365
[2022-06-10 16:38:03.458] [exthost] [warning] [Decorations] CAPPING events from decorations provider vscode.git 365
[2022-06-10 16:38:13.885] [exthost] [warning] [Decorations] CAPPING events from decorations provider vscode.git 365
[2022-06-10 16:38:23.960] [exthost] [warning] [Decorations] CAPPING events from decorations provider vscode.git 365
[2022-06-10 16:38:34.240] [exthost] [warning] [Decorations] CAPPING events from decorations provider vscode.git 365
[2022-06-10 16:38:44.542] [exthost] [warning] [Decorations] CAPPING events from decorations provider vscode.git 365
[2022-06-10 16:38:54.791] [exthost] [warning] [Decorations] CAPPING events from decorations provider vscode.git 365
[2022-06-10 16:39:05.063] [exthost] [warning] [Decorations] CAPPING events from decorations provider vscode.git 365
[2022-06-10 16:39:15.389] [exthost] [warning] [Decorations] CAPPING events from decorations provider vscode.git 365
[2022-06-10 16:39:24.333] [exthost] [warning] [Decorations] CAPPING events from decorations provider vscode.git 365
[2022-06-10 16:39:34.534] [exthost] [warning] [Decorations] CAPPING events from decorations provider vscode.git 365
[2022-06-10 16:39:44.903] [exthost] [warning] [Decorations] CAPPING events from decorations provider vscode.git 365
[2022-06-10 16:39:53.892] [exthost] [warning] [Decorations] CAPPING events from decorations provider vscode.git 365
[2022-06-10 16:40:04.171] [exthost] [warning] [Decorations] CAPPING events from decorations provider vscode.git 365
[2022-06-10 16:40:14.784] [exthost] [warning] [Decorations] CAPPING events from decorations provider vscode.git 365
[2022-06-10 16:40:24.246] [exthost] [warning] [Decorations] CAPPING events from decorations provider vscode.git 365
[2022-06-10 16:40:34.896] [exthost] [warning] [Decorations] CAPPING events from decorations provider vscode.git 365
[2022-06-10 16:40:45.303] [exthost] [warning] [Decorations] CAPPING events from decorations provider vscode.git 365
[2022-06-10 16:40:55.755] [exthost] [warning] [Decorations] CAPPING events from decorations provider vscode.git 365
[2022-06-10 16:41:06.580] [exthost] [warning] [Decorations] CAPPING events from decorations provider vscode.git 365
[2022-06-10 16:41:16.210] [exthost] [warning] [Decorations] CAPPING events from decorations provider vscode.git 365
[2022-06-10 16:41:26.541] [exthost] [warning] [Decorations] CAPPING events from decorations provider vscode.git 365
[2022-06-10 16:41:36.829] [exthost] [warning] [Decorations] CAPPING events from decorations provider vscode.git 365
[2022-06-10 16:41:45.701] [exthost] [warning] [Decorations] CAPPING events from decorations provider vscode.git 365
[2022-06-10 16:41:55.941] [exthost] [warning] [Decorations] CAPPING events from decorations provider vscode.git 365
[2022-06-10 16:42:06.279] [exthost] [warning] [Decorations] CAPPING events from decorations provider vscode.git 365
[2022-06-10 16:42:15.265] [exthost] [warning] [Decorations] CAPPING events from decorations provider vscode.git 365
[2022-06-10 16:42:25.486] [exthost] [warning] [Decorations] CAPPING events from decorations provider vscode.git 365
[2022-06-10 16:42:35.867] [exthost] [warning] [Decorations] CAPPING events from decorations provider vscode.git 365
[2022-06-10 16:42:46.235] [exthost] [warning] [Decorations] CAPPING events from decorations provider vscode.git 365
[2022-06-10 16:42:56.570] [exthost] [warning] [Decorations] CAPPING events from decorations provider vscode.git 365
[2022-06-10 16:43:06.824] [exthost] [warning] [Decorations] CAPPING events from decorations provider vscode.git 365
[2022-06-10 16:43:17.150] [exthost] [warning] [Decorations] CAPPING events from decorations provider vscode.git 365
[2022-06-10 16:43:27.436] [exthost] [warning] [Decorations] CAPPING events from decorations provider vscode.git 365
[2022-06-10 16:43:37.751] [exthost] [warning] [Decorations] CAPPING events from decorations provider vscode.git 365
[2022-06-10 16:43:48.141] [exthost] [warning] [Decorations] CAPPING events from decorations provider vscode.git 365
[2022-06-10 16:43:58.445] [exthost] [warning] [Decorations] CAPPING events from decorations provider vscode.git 365
[2022-06-10 16:44:08.885] [exthost] [warning] [Decorations] CAPPING events from decorations provider vscode.git 365
[2022-06-10 16:44:19.201] [exthost] [warning] [Decorations] CAPPING events from decorations provider vscode.git 365
[2022-06-10 16:44:29.430] [exthost] [warning] [Decorations] CAPPING events from decorations provider vscode.git 365
[2022-06-10 16:44:39.870] [exthost] [warning] [Decorations] CAPPING events from decorations provider vscode.git 365
[2022-06-10 16:44:50.128] [exthost] [warning] [Decorations] CAPPING events from decorations provider vscode.git 365
[2022-06-10 16:45:00.443] [exthost] [warning] [Decorations] CAPPING events from decorations provider vscode.git 365
[2022-06-10 16:45:10.743] [exthost] [warning] [Decorations] CAPPING events from decorations provider vscode.git 365
[2022-06-10 16:45:21.051] [exthost] [warning] [Decorations] CAPPING events from decorations provider vscode.git 365
[2022-06-10 16:45:31.357] [exthost] [warning] [Decorations] CAPPING events from decorations provider vscode.git 365
[2022-06-10 16:45:41.662] [exthost] [warning] [Decorations] CAPPING events from decorations provider vscode.git 365
[2022-06-10 16:45:51.934] [exthost] [warning] [Decorations] CAPPING events from decorations provider vscode.git 365
[2022-06-10 16:46:02.249] [exthost] [warning] [Decorations] CAPPING events from decorations provider vscode.git 365
[2022-06-10 16:46:12.595] [exthost] [warning] [Decorations] CAPPING events from decorations provider vscode.git 365
[2022-06-10 16:46:22.861] [exthost] [warning] [Decorations] CAPPING events from decorations provider vscode.git 365
[2022-06-10 16:46:33.057] [exthost] [warning] [Decorations] CAPPING events from decorations provider vscode.git 365
[2022-06-10 16:46:43.958] [exthost] [warning] [Decorations] CAPPING events from decorations provider vscode.git 365
[2022-06-10 16:46:54.796] [exthost] [warning] [Decorations] CAPPING events from decorations provider vscode.git 365
[2022-06-10 16:47:05.564] [exthost] [warning] [Decorations] CAPPING events from decorations provider vscode.git 365
[2022-06-10 16:47:16.315] [exthost] [warning] [Decorations] CAPPING events from decorations provider vscode.git 365
[2022-06-10 16:47:27.050] [exthost] [warning] [Decorations] CAPPING events from decorations provider vscode.git 365
[2022-06-10 16:47:37.757] [exthost] [warning] [Decorations] CAPPING events from decorations provider vscode.git 365
[2022-06-10 16:47:48.411] [exthost] [warning] [Decorations] CAPPING events from decorations provider vscode.git 365
[2022-06-10 16:47:59.038] [exthost] [warning] [Decorations] CAPPING events from decorations provider vscode.git 365
[2022-06-10 16:48:09.664] [exthost] [warning] [Decorations] CAPPING events from decorations provider vscode.git 365
[2022-06-10 16:48:20.223] [exthost] [warning] [Decorations] CAPPING events from decorations provider vscode.git 365
[2022-06-10 16:48:30.816] [exthost] [warning] [Decorations] CAPPING events from decorations provider vscode.git 365
[2022-06-10 16:48:41.506] [exthost] [warning] [Decorations] CAPPING events from decorations provider vscode.git 365
[2022-06-10 16:48:52.096] [exthost] [warning] [Decorations] CAPPING events from decorations provider vscode.git 365
[2022-06-10 16:49:02.794] [exthost] [warning] [Decorations] CAPPING events from decorations provider vscode.git 365
[2022-06-10 16:49:13.354] [exthost] [warning] [Decorations] CAPPING events from decorations provider vscode.git 365
[2022-06-10 16:49:23.952] [exthost] [warning] [Decorations] CAPPING events from decorations provider vscode.git 365
[2022-06-10 16:49:34.643] [exthost] [warning] [Decorations] CAPPING events from decorations provider vscode.git 365
[2022-06-10 16:49:45.258] [exthost] [warning] [Decorations] CAPPING events from decorations provider vscode.git 365
[2022-06-10 16:49:55.878] [exthost] [warning] [Decorations] CAPPING events from decorations provider vscode.git 365
[2022-06-10 16:50:06.532] [exthost] [warning] [Decorations] CAPPING events from decorations provider vscode.git 365
[2022-06-10 16:50:17.152] [exthost] [warning] [Decorations] CAPPING events from decorations provider vscode.git 365
[2022-06-10 16:50:27.736] [exthost] [warning] [Decorations] CAPPING events from decorations provider vscode.git 365
[2022-06-10 16:50:38.360] [exthost] [warning] [Decorations] CAPPING events from decorations provider vscode.git 365
[2022-06-10 16:50:48.959] [exthost] [warning] [Decorations] CAPPING events from decorations provider vscode.git 365
[2022-06-10 16:50:59.596] [exthost] [warning] [Decorations] CAPPING events from decorations provider vscode.git 365
[2022-06-10 16:51:10.214] [exthost] [warning] [Decorations] CAPPING events from decorations provider vscode.git 365
[2022-06-10 16:51:20.987] [exthost] [warning] [Decorations] CAPPING events from decorations provider vscode.git 365
[2022-06-10 16:51:31.522] [exthost] [warning] [Decorations] CAPPING events from decorations provider vscode.git 365
[2022-06-10 16:51:42.023] [exthost] [warning] [Decorations] CAPPING events from decorations provider vscode.git 365
[2022-06-10 16:51:52.509] [exthost] [warning] [Decorations] CAPPING events from decorations provider vscode.git 365
[2022-06-10 16:52:03.028] [exthost] [warning] [Decorations] CAPPING events from decorations provider vscode.git 365
[2022-06-10 16:52:13.552] [exthost] [warning] [Decorations] CAPPING events from decorations provider vscode.git 365
[2022-06-10 16:52:24.380] [exthost] [warning] [Decorations] CAPPING events from decorations provider vscode.git 365
[2022-06-10 16:52:34.968] [exthost] [warning] [Decorations] CAPPING events from decorations provider vscode.git 365
[2022-06-10 16:52:45.541] [exthost] [warning] [Decorations] CAPPING events from decorations provider vscode.git 365
[2022-06-10 16:52:56.211] [exthost] [warning] [Decorations] CAPPING events from decorations provider vscode.git 365
[2022-06-10 16:53:06.852] [exthost] [warning] [Decorations] CAPPING events from decorations provider vscode.git 365
[2022-06-10 16:53:17.503] [exthost] [warning] [Decorations] CAPPING events from decorations provider vscode.git 365
[2022-06-10 16:53:28.204] [exthost] [warning] [Decorations] CAPPING events from decorations provider vscode.git 365
[2022-06-10 16:53:38.788] [exthost] [warning] [Decorations] CAPPING events from decorations provider vscode.git 365
[2022-06-10 16:53:49.455] [exthost] [warning] [Decorations] CAPPING events from decorations provider vscode.git 365
[2022-06-10 16:54:00.081] [exthost] [warning] [Decorations] CAPPING events from decorations provider vscode.git 365
[2022-06-10 16:54:10.670] [exthost] [warning] [Decorations] CAPPING events from decorations provider vscode.git 365
[2022-06-10 16:54:21.271] [exthost] [warning] [Decorations] CAPPING events from decorations provider vscode.git 365
[2022-06-10 16:54:31.893] [exthost] [warning] [Decorations] CAPPING events from decorations provider vscode.git 365
[2022-06-10 16:54:42.520] [exthost] [warning] [Decorations] CAPPING events from decorations provider vscode.git 365
[2022-06-10 16:54:53.172] [exthost] [warning] [Decorations] CAPPING events from decorations provider vscode.git 365
[2022-06-10 16:55:03.807] [exthost] [warning] [Decorations] CAPPING events from decorations provider vscode.git 365
[2022-06-10 16:55:14.452] [exthost] [warning] [Decorations] CAPPING events from decorations provider vscode.git 365
[2022-06-10 16:55:25.070] [exthost] [warning] [Decorations] CAPPING events from decorations provider vscode.git 365
[2022-06-10 16:55:35.652] [exthost] [warning] [Decorations] CAPPING events from decorations provider vscode.git 365
[2022-06-10 16:55:46.376] [exthost] [warning] [Decorations] CAPPING events from decorations provider vscode.git 365
[2022-06-10 16:55:56.861] [exthost] [warning] [Decorations] CAPPING events from decorations provider vscode.git 365
[2022-06-10 16:56:07.479] [exthost] [warning] [Decorations] CAPPING events from decorations provider vscode.git 365
[2022-06-10 16:56:18.217] [exthost] [warning] [Decorations] CAPPING events from decorations provider vscode.git 365
[2022-06-10 16:56:28.798] [exthost] [warning] [Decorations] CAPPING events from decorations provider vscode.git 365
[2022-06-10 16:56:39.431] [exthost] [warning] [Decorations] CAPPING events from decorations provider vscode.git 365
[2022-06-10 16:56:50.028] [exthost] [warning] [Decorations] CAPPING events from decorations provider vscode.git 365
[2022-06-10 16:57:00.664] [exthost] [warning] [Decorations] CAPPING events from decorations provider vscode.git 365
[2022-06-10 16:57:11.335] [exthost] [warning] [Decorations] CAPPING events from decorations provider vscode.git 365
[2022-06-10 16:57:22.038] [exthost] [warning] [Decorations] CAPPING events from decorations provider vscode.git 365
[2022-06-10 16:57:32.672] [exthost] [warning] [Decorations] CAPPING events from decorations provider vscode.git 365
[2022-06-10 16:57:43.023] [exthost] [warning] [Decorations] CAPPING events from decorations provider vscode.git 365
[2022-06-10 16:57:53.637] [exthost] [warning] [Decorations] CAPPING events from decorations provider vscode.git 365
[2022-06-10 16:58:04.391] [exthost] [warning] [Decorations] CAPPING events from decorations provider vscode.git 365
[2022-06-10 16:58:15.083] [exthost] [warning] [Decorations] CAPPING events from decorations provider vscode.git 365
[2022-06-10 16:58:25.671] [exthost] [warning] [Decorations] CAPPING events from decorations provider vscode.git 365
[2022-06-10 16:58:36.342] [exthost] [warning] [Decorations] CAPPING events from decorations provider vscode.git 365
[2022-06-10 16:58:46.896] [exthost] [warning] [Decorations] CAPPING events from decorations provider vscode.git 365
[2022-06-10 16:58:57.518] [exthost] [warning] [Decorations] CAPPING events from decorations provider vscode.git 365
[2022-06-10 16:59:08.139] [exthost] [warning] [Decorations] CAPPING events from decorations provider vscode.git 365
[2022-06-10 16:59:18.762] [exthost] [warning] [Decorations] CAPPING events from decorations provider vscode.git 365
[2022-06-10 16:59:29.351] [exthost] [warning] [Decorations] CAPPING events from decorations provider vscode.git 365
[2022-06-10 16:59:39.993] [exthost] [warning] [Decorations] CAPPING events from decorations provider vscode.git 365
[2022-06-10 16:59:50.543] [exthost] [warning] [Decorations] CAPPING events from decorations provider vscode.git 365
[2022-06-10 17:00:01.057] [exthost] [warning] [Decorations] CAPPING events from decorations provider vscode.git 365
[2022-06-10 17:00:11.565] [exthost] [warning] [Decorations] CAPPING events from decorations provider vscode.git 365
[2022-06-10 17:00:22.106] [exthost] [warning] [Decorations] CAPPING events from decorations provider vscode.git 365
[2022-06-10 17:00:32.532] [exthost] [warning] [Decorations] CAPPING events from decorations provider vscode.git 365
[2022-06-10 17:00:43.011] [exthost] [warning] [Decorations] CAPPING events from decorations provider vscode.git 365
[2022-06-10 17:00:53.184] [exthost] [warning] [Decorations] CAPPING events from decorations provider vscode.git 365
[2022-06-10 17:01:03.478] [exthost] [warning] [Decorations] CAPPING events from decorations provider vscode.git 365
[2022-06-10 17:01:13.782] [exthost] [warning] [Decorations] CAPPING events from decorations provider vscode.git 365
[2022-06-10 17:01:24.108] [exthost] [warning] [Decorations] CAPPING events from decorations provider vscode.git 365
[2022-06-10 17:01:34.449] [exthost] [warning] [Decorations] CAPPING events from decorations provider vscode.git 365
[2022-06-10 17:01:44.746] [exthost] [warning] [Decorations] CAPPING events from decorations provider vscode.git 365
[2022-06-10 17:01:55.051] [exthost] [warning] [Decorations] CAPPING events from decorations provider vscode.git 365
[2022-06-10 17:02:05.318] [exthost] [warning] [Decorations] CAPPING events from decorations provider vscode.git 365
[2022-06-10 17:02:15.539] [exthost] [warning] [Decorations] CAPPING events from decorations provider vscode.git 365
[2022-06-10 17:02:25.749] [exthost] [warning] [Decorations] CAPPING events from decorations provider vscode.git 365
[2022-06-10 17:02:36.048] [exthost] [warning] [Decorations] CAPPING events from decorations provider vscode.git 365
[2022-06-10 17:02:46.384] [exthost] [warning] [Decorations] CAPPING events from decorations provider vscode.git 365
[2022-06-10 17:02:56.760] [exthost] [warning] [Decorations] CAPPING events from decorations provider vscode.git 365
[2022-06-10 17:03:07.067] [exthost] [warning] [Decorations] CAPPING events from decorations provider vscode.git 365
[2022-06-10 17:03:17.442] [exthost] [warning] [Decorations] CAPPING events from decorations provider vscode.git 365
[2022-06-10 17:03:27.834] [exthost] [warning] [Decorations] CAPPING events from decorations provider vscode.git 365
[2022-06-10 17:03:38.234] [exthost] [warning] [Decorations] CAPPING events from decorations provider vscode.git 365
[2022-06-10 17:03:48.583] [exthost] [warning] [Decorations] CAPPING events from decorations provider vscode.git 365
[2022-06-10 17:03:58.900] [exthost] [warning] [Decorations] CAPPING events from decorations provider vscode.git 365
[2022-06-10 17:04:09.250] [exthost] [warning] [Decorations] CAPPING events from decorations provider vscode.git 365
[2022-06-10 17:04:19.751] [exthost] [warning] [Decorations] CAPPING events from decorations provider vscode.git 365
[2022-06-10 17:04:30.062] [exthost] [warning] [Decorations] CAPPING events from decorations provider vscode.git 365
[2022-06-10 17:04:40.389] [exthost] [warning] [Decorations] CAPPING events from decorations provider vscode.git 365
[2022-06-10 17:04:50.696] [exthost] [warning] [Decorations] CAPPING events from decorations provider vscode.git 365
[2022-06-10 17:05:00.940] [exthost] [warning] [Decorations] CAPPING events from decorations provider vscode.git 365
[2022-06-10 17:05:11.069] [exthost] [warning] [Decorations] CAPPING events from decorations provider vscode.git 365
[2022-06-10 17:05:19.929] [exthost] [warning] [Decorations] CAPPING events from decorations provider vscode.git 365
[2022-06-10 17:05:28.823] [exthost] [warning] [Decorations] CAPPING events from decorations provider vscode.git 365
[2022-06-10 17:05:37.620] [exthost] [warning] [Decorations] CAPPING events from decorations provider vscode.git 365
[2022-06-10 17:05:46.517] [exthost] [warning] [Decorations] CAPPING events from decorations provider vscode.git 365
[2022-06-10 17:05:55.380] [exthost] [warning] [Decorations] CAPPING events from decorations provider vscode.git 365
[2022-06-10 17:06:04.258] [exthost] [warning] [Decorations] CAPPING events from decorations provider vscode.git 365
[2022-06-10 17:06:13.196] [exthost] [warning] [Decorations] CAPPING events from decorations provider vscode.git 365
[2022-06-10 17:06:22.132] [exthost] [warning] [Decorations] CAPPING events from decorations provider vscode.git 365
[2022-06-10 17:06:31.022] [exthost] [warning] [Decorations] CAPPING events from decorations provider vscode.git 365
[2022-06-10 17:06:39.916] [exthost] [warning] [Decorations] CAPPING events from decorations provider vscode.git 365
[2022-06-10 17:06:48.779] [exthost] [warning] [Decorations] CAPPING events from decorations provider vscode.git 365
[2022-06-10 17:06:57.645] [exthost] [warning] [Decorations] CAPPING events from decorations provider vscode.git 365
[2022-06-10 17:07:06.536] [exthost] [warning] [Decorations] CAPPING events from decorations provider vscode.git 365
[2022-06-10 17:07:15.475] [exthost] [warning] [Decorations] CAPPING events from decorations provider vscode.git 365
[2022-06-10 17:07:24.327] [exthost] [warning] [Decorations] CAPPING events from decorations provider vscode.git 365
[2022-06-10 17:07:33.217] [exthost] [warning] [Decorations] CAPPING events from decorations provider vscode.git 365
[2022-06-10 17:07:42.140] [exthost] [warning] [Decorations] CAPPING events from decorations provider vscode.git 365
[2022-06-10 17:07:50.964] [exthost] [warning] [Decorations] CAPPING events from decorations provider vscode.git 365
[2022-06-10 17:07:59.884] [exthost] [warning] [Decorations] CAPPING events from decorations provider vscode.git 365
[2022-06-10 17:08:08.838] [exthost] [warning] [Decorations] CAPPING events from decorations provider vscode.git 365
[2022-06-10 17:08:17.762] [exthost] [warning] [Decorations] CAPPING events from decorations provider vscode.git 365
[2022-06-10 17:08:26.677] [exthost] [warning] [Decorations] CAPPING events from decorations provider vscode.git 365
[2022-06-10 17:08:35.533] [exthost] [warning] [Decorations] CAPPING events from decorations provider vscode.git 365
[2022-06-10 17:08:44.436] [exthost] [warning] [Decorations] CAPPING events from decorations provider vscode.git 365
[2022-06-10 17:08:53.313] [exthost] [warning] [Decorations] CAPPING events from decorations provider vscode.git 365
[2022-06-10 17:09:02.204] [exthost] [warning] [Decorations] CAPPING events from decorations provider vscode.git 365
[2022-06-10 17:09:11.059] [exthost] [warning] [Decorations] CAPPING events from decorations provider vscode.git 365
[2022-06-10 17:09:19.914] [exthost] [warning] [Decorations] CAPPING events from decorations provider vscode.git 365
[2022-06-10 17:09:28.778] [exthost] [warning] [Decorations] CAPPING events from decorations provider vscode.git 365
[2022-06-10 17:09:37.610] [exthost] [warning] [Decorations] CAPPING events from decorations provider vscode.git 365
[2022-06-10 17:09:46.515] [exthost] [warning] [Decorations] CAPPING events from decorations provider vscode.git 365
[2022-06-10 17:09:55.445] [exthost] [warning] [Decorations] CAPPING events from decorations provider vscode.git 365
[2022-06-10 17:10:04.348] [exthost] [warning] [Decorations] CAPPING events from decorations provider vscode.git 365
[2022-06-10 17:10:13.297] [exthost] [warning] [Decorations] CAPPING events from decorations provider vscode.git 365
[2022-06-10 17:10:22.206] [exthost] [warning] [Decorations] CAPPING events from decorations provider vscode.git 365
[2022-06-10 17:10:31.127] [exthost] [warning] [Decorations] CAPPING events from decorations provider vscode.git 365
[2022-06-10 17:10:39.953] [exthost] [warning] [Decorations] CAPPING events from decorations provider vscode.git 365
[2022-06-10 17:10:48.818] [exthost] [warning] [Decorations] CAPPING events from decorations provider vscode.git 365
[2022-06-10 17:10:57.822] [exthost] [warning] [Decorations] CAPPING events from decorations provider vscode.git 365
[2022-06-10 17:11:06.816] [exthost] [warning] [Decorations] CAPPING events from decorations provider vscode.git 365
[2022-06-10 17:11:15.756] [exthost] [warning] [Decorations] CAPPING events from decorations provider vscode.git 365
[2022-06-10 17:11:24.723] [exthost] [warning] [Decorations] CAPPING events from decorations provider vscode.git 365
[2022-06-10 17:11:33.588] [exthost] [warning] [Decorations] CAPPING events from decorations provider vscode.git 365
[2022-06-10 17:11:42.524] [exthost] [warning] [Decorations] CAPPING events from decorations provider vscode.git 365
[2022-06-10 17:11:51.385] [exthost] [warning] [Decorations] CAPPING events from decorations provider vscode.git 365
[2022-06-10 17:12:00.288] [exthost] [warning] [Decorations] CAPPING events from decorations provider vscode.git 365
[2022-06-10 17:12:09.225] [exthost] [warning] [Decorations] CAPPING events from decorations provider vscode.git 365
[2022-06-10 17:12:18.145] [exthost] [warning] [Decorations] CAPPING events from decorations provider vscode.git 365
[2022-06-10 17:12:27.150] [exthost] [warning] [Decorations] CAPPING events from decorations provider vscode.git 365
[2022-06-10 17:12:36.097] [exthost] [warning] [Decorations] CAPPING events from decorations provider vscode.git 365
[2022-06-10 17:12:44.945] [exthost] [warning] [Decorations] CAPPING events from decorations provider vscode.git 365
[2022-06-10 17:12:53.860] [exthost] [warning] [Decorations] CAPPING events from decorations provider vscode.git 365
[2022-06-10 17:13:02.778] [exthost] [warning] [Decorations] CAPPING events from decorations provider vscode.git 365
[2022-06-10 17:13:11.653] [exthost] [warning] [Decorations] CAPPING events from decorations provider vscode.git 365
[2022-06-10 17:13:20.590] [exthost] [warning] [Decorations] CAPPING events from decorations provider vscode.git 365
[2022-06-10 17:13:29.507] [exthost] [warning] [Decorations] CAPPING events from decorations provider vscode.git 365
[2022-06-10 17:13:38.461] [exthost] [warning] [Decorations] CAPPING events from decorations provider vscode.git 365
[2022-06-10 17:13:47.375] [exthost] [warning] [Decorations] CAPPING events from decorations provider vscode.git 365
[2022-06-10 17:13:56.275] [exthost] [warning] [Decorations] CAPPING events from decorations provider vscode.git 365
[2022-06-10 17:14:05.234] [exthost] [warning] [Decorations] CAPPING events from decorations provider vscode.git 365
[2022-06-10 17:14:14.232] [exthost] [warning] [Decorations] CAPPING events from decorations provider vscode.git 365
