[2022-06-08T12:51:28.333Z] Validating found git in: git
[2022-06-08T12:51:28.359Z] Using git 2.17.1 from git
[2022-06-08T12:51:28.501Z] > git rev-parse --git-dir [111ms]
[2022-06-08T12:51:28.508Z] Open repository: /home/kadir/IML/Quantus
[2022-06-08T12:51:37.166Z] > git symbolic-ref --short HEAD [6ms]
[2022-06-08T12:51:37.188Z] > git for-each-ref --format=%(refname)%00%(upstream:short)%00%(objectname)%00%(upstream:track) refs/heads/main refs/remotes/main [15ms]
[2022-06-08T12:51:37.208Z] > git remote --verbose [5ms]
[2022-06-08T12:51:37.211Z] > git for-each-ref --sort -committerdate --format %(refname) %(objectname) %(*objectname) [15ms]
[2022-06-08T12:51:37.249Z] > git config --get commit.template [5ms]
[2022-06-08T12:57:44.850Z] > git ls-files --stage -- /home/kadir/IML/Quantus/run_exp.py [5ms]
[2022-06-08T12:57:44.859Z] > git cat-file -s 9f81ad60656867f178816fdfa1f8b21d6dfd4775 [3ms]
[2022-06-08T12:57:47.972Z] > git symbolic-ref --short HEAD [2ms]
[2022-06-08T12:57:47.989Z] > git for-each-ref --format=%(refname)%00%(upstream:short)%00%(objectname)%00%(upstream:track) refs/heads/main refs/remotes/main [9ms]
[2022-06-08T12:57:48.008Z] > git for-each-ref --sort -committerdate --format %(refname) %(objectname) %(*objectname) [10ms]
[2022-06-08T12:57:48.009Z] > git remote --verbose [2ms]
[2022-06-08T12:57:48.039Z] > git config --get commit.template [2ms]
[2022-06-08T12:57:56.583Z] > git symbolic-ref --short HEAD [3ms]
[2022-06-08T12:57:56.600Z] > git for-each-ref --format=%(refname)%00%(upstream:short)%00%(objectname)%00%(upstream:track) refs/heads/main refs/remotes/main [9ms]
[2022-06-08T12:57:56.618Z] > git for-each-ref --sort -committerdate --format %(refname) %(objectname) %(*objectname) [10ms]
[2022-06-08T12:57:56.622Z] > git remote --verbose [6ms]
[2022-06-08T12:57:56.644Z] > git config --get commit.template [3ms]
[2022-06-08T12:58:00.927Z] > git ls-files --stage -- /home/kadir/IML/Quantus/test.py [7ms]
[2022-06-08T12:58:00.940Z] > git cat-file -s b3f30369e9bf9d45656a0577b5cf5b50f9c0d9cf [5ms]
[2022-06-08T12:58:05.437Z] > git symbolic-ref --short HEAD [3ms]
[2022-06-08T12:58:05.452Z] > git for-each-ref --format=%(refname)%00%(upstream:short)%00%(objectname)%00%(upstream:track) refs/heads/main refs/remotes/main [8ms]
[2022-06-08T12:58:05.469Z] > git for-each-ref --sort -committerdate --format %(refname) %(objectname) %(*objectname) [8ms]
[2022-06-08T12:58:05.471Z] > git remote --verbose [3ms]
[2022-06-08T12:58:05.493Z] > git config --get commit.template [3ms]
[2022-06-08T12:58:14.069Z] > git symbolic-ref --short HEAD [7ms]
[2022-06-08T12:58:14.088Z] > git for-each-ref --format=%(refname)%00%(upstream:short)%00%(objectname)%00%(upstream:track) refs/heads/main refs/remotes/main [11ms]
[2022-06-08T12:58:14.107Z] > git for-each-ref --sort -committerdate --format %(refname) %(objectname) %(*objectname) [9ms]
[2022-06-08T12:58:14.111Z] > git remote --verbose [5ms]
[2022-06-08T12:58:14.136Z] > git config --get commit.template [7ms]
[2022-06-08T12:58:22.813Z] > git symbolic-ref --short HEAD [3ms]
[2022-06-08T12:58:22.831Z] > git for-each-ref --format=%(refname)%00%(upstream:short)%00%(objectname)%00%(upstream:track) refs/heads/main refs/remotes/main [9ms]
[2022-06-08T12:58:22.850Z] > git for-each-ref --sort -committerdate --format %(refname) %(objectname) %(*objectname) [10ms]
[2022-06-08T12:58:22.853Z] > git remote --verbose [4ms]
[2022-06-08T12:58:22.875Z] > git config --get commit.template [3ms]
[2022-06-08T12:58:31.562Z] > git symbolic-ref --short HEAD [14ms]
[2022-06-08T12:58:31.608Z] > git for-each-ref --format=%(refname)%00%(upstream:short)%00%(objectname)%00%(upstream:track) refs/heads/main refs/remotes/main [22ms]
[2022-06-08T12:58:31.657Z] > git for-each-ref --sort -committerdate --format %(refname) %(objectname) %(*objectname) [25ms]
[2022-06-08T12:58:31.662Z] > git remote --verbose [6ms]
[2022-06-08T12:58:31.719Z] > git config --get commit.template [7ms]
[2022-06-08T14:17:23.967Z] > git symbolic-ref --short HEAD [3ms]
[2022-06-08T14:17:23.984Z] > git for-each-ref --format=%(refname)%00%(upstream:short)%00%(objectname)%00%(upstream:track) refs/heads/main refs/remotes/main [10ms]
[2022-06-08T14:17:24.002Z] > git for-each-ref --sort -committerdate --format %(refname) %(objectname) %(*objectname) [9ms]
[2022-06-08T14:17:24.006Z] > git remote --verbose [5ms]
[2022-06-08T14:17:24.026Z] > git config --get commit.template [4ms]
[2022-06-08T14:17:32.795Z] > git symbolic-ref --short HEAD [6ms]
[2022-06-08T14:17:32.815Z] > git for-each-ref --format=%(refname)%00%(upstream:short)%00%(objectname)%00%(upstream:track) refs/heads/main refs/remotes/main [12ms]
[2022-06-08T14:17:32.832Z] > git for-each-ref --sort -committerdate --format %(refname) %(objectname) %(*objectname) [9ms]
[2022-06-08T14:17:32.835Z] > git remote --verbose [4ms]
[2022-06-08T14:17:32.858Z] > git config --get commit.template [4ms]
