Code - OSS (1.64.2, serv-9209.kl.dfki.de:62707, desktop)
Jupyter Extension Version: 2022.3.1000752054.
Python Extension Version: 2022.4.1.
Info 14:57:44: ZMQ install verified.
Error 14:57:45: Jupyter Extension (Error in Failed to update settings.json, method:fixSettingsFile): [EntryNotFound (FileSystemError): Unable to read file 'vscode-remote://serv-9209.kl.dfki.de:62707/root/.config/Code/User/settings.json' (Error: Unable to resolve nonexistent file 'vscode-remote://serv-9209.kl.dfki.de:62707/root/.config/Code/User/settings.json')
	at Function._handleError (/tmp/code-server-4.2.0-linux-amd64/lib/vscode/out/vs/workbench/services/extensions/node/extensionHostProcess.js:93:83879)
	at Object.readFile (/tmp/code-server-4.2.0-linux-amd64/lib/vscode/out/vs/workbench/services/extensions/node/extensionHostProcess.js:93:82793)
	at async m.readFile (/home/kadir/IML/Quantus/.code-server/extensions/ms-toolsai.jupyter-2022.3.1000752054/out/client/extension.js:2:118743)
	at async g.fixSettingsFile (/home/kadir/IML/Quantus/.code-server/extensions/ms-toolsai.jupyter-2022.3.1000752054/out/client/extension.js:2:4943)
	at async Promise.all (index 0)
	at async g.updateSettings (/home/kadir/IML/Quantus/.code-server/extensions/ms-toolsai.jupyter-2022.3.1000752054/out/client/extension.js:2:6705)] {
  code: 'FileNotFound'
}
Error 14:57:45: Jupyter Extension (Error in Failed to update settings.json, method:fixSettingsFile): [EntryNotFound (FileSystemError): Unable to read file 'vscode-remote://serv-9209.kl.dfki.de:62707/home/kadir/IML/Quantus/.vscode/settings.json' (Error: Unable to resolve nonexistent file 'vscode-remote://serv-9209.kl.dfki.de:62707/home/kadir/IML/Quantus/.vscode/settings.json')
	at Function._handleError (/tmp/code-server-4.2.0-linux-amd64/lib/vscode/out/vs/workbench/services/extensions/node/extensionHostProcess.js:93:83879)
	at Object.readFile (/tmp/code-server-4.2.0-linux-amd64/lib/vscode/out/vs/workbench/services/extensions/node/extensionHostProcess.js:93:82793)
	at async m.readFile (/home/kadir/IML/Quantus/.code-server/extensions/ms-toolsai.jupyter-2022.3.1000752054/out/client/extension.js:2:118743)
	at async g.fixSettingsFile (/home/kadir/IML/Quantus/.code-server/extensions/ms-toolsai.jupyter-2022.3.1000752054/out/client/extension.js:2:4943)
	at async Promise.all (index 1)
	at async g.updateSettings (/home/kadir/IML/Quantus/.code-server/extensions/ms-toolsai.jupyter-2022.3.1000752054/out/client/extension.js:2:6705)] {
  code: 'FileNotFound'
}
Info 14:57:45: Experiment status for python is {"enabled":true,"optInto":[],"optOutFrom":[]}
Info 14:57:45: Getting activation commands for /usr/bin/python3 are not cached. May take a while.
Info 14:57:45: Process Execution: > /usr/bin/python3 -m pip list
> /usr/bin/python3 -m pip list
Info 14:57:45: Process Execution: > /usr/bin/python3 -c "import pip"
> /usr/bin/python3 -c "import pip"
Info 14:58:19: Getting activation commands for /opt/conda/bin/python are not cached. May take a while.
Info 14:58:19: Activation Commands received source /opt/conda/bin/activate,conda activate base for shell bash
Info 14:58:20: Process Execution: > /opt/conda/bin/python -m pip list
> /opt/conda/bin/python -m pip list
