[2022-06-10T13:48:37.127Z] Validating found git in: git
[2022-06-10T13:48:37.155Z] Using git 2.17.1 from git
[2022-06-10T13:48:37.296Z] > git rev-parse --git-dir [109ms]
[2022-06-10T13:48:37.303Z] Open repository: /home/kadir/IML/Quantus
[2022-06-10T13:48:44.768Z] > git ls-files --stage -- /home/kadir/IML/Quantus/run_exp.py [8ms]
[2022-06-10T13:48:45.021Z] > git cat-file -s 9f81ad60656867f178816fdfa1f8b21d6dfd4775 [244ms]
[2022-06-10T13:48:47.736Z] > git symbolic-ref --short HEAD [9ms]
[2022-06-10T13:48:47.761Z] > git for-each-ref --format=%(refname)%00%(upstream:short)%00%(objectname)%00%(upstream:track) refs/heads/main refs/remotes/main [16ms]
[2022-06-10T13:48:47.788Z] > git remote --verbose [7ms]
[2022-06-10T13:48:47.789Z] > git for-each-ref --sort -committerdate --format %(refname) %(objectname) %(*objectname) [17ms]
[2022-06-10T13:48:47.829Z] > git config --get commit.template [5ms]
[2022-06-10T13:48:48.176Z] > git ls-files --stage -- /home/kadir/IML/Quantus/run_server_with0_gpu.sh [13ms]
[2022-06-10T13:48:48.194Z] > git cat-file -s b62a885c892bacb874e6f1e6c2561d2c2469c5fd [6ms]
[2022-06-10T13:48:53.970Z] > git symbolic-ref --short HEAD [7ms]
[2022-06-10T13:48:53.998Z] > git for-each-ref --format=%(refname)%00%(upstream:short)%00%(objectname)%00%(upstream:track) refs/heads/main refs/remotes/main [17ms]
[2022-06-10T13:48:54.023Z] > git for-each-ref --sort -committerdate --format %(refname) %(objectname) %(*objectname) [14ms]
[2022-06-10T13:48:54.026Z] > git remote --verbose [6ms]
[2022-06-10T13:48:54.057Z] > git config --get commit.template [4ms]
[2022-06-10T13:49:03.460Z] > git symbolic-ref --short HEAD [8ms]
[2022-06-10T13:49:03.483Z] > git for-each-ref --format=%(refname)%00%(upstream:short)%00%(objectname)%00%(upstream:track) refs/heads/main refs/remotes/main [15ms]
[2022-06-10T13:49:03.507Z] > git for-each-ref --sort -committerdate --format %(refname) %(objectname) %(*objectname) [14ms]
[2022-06-10T13:49:03.509Z] > git remote --verbose [7ms]
[2022-06-10T13:49:03.534Z] > git config --get commit.template [3ms]
[2022-06-10T13:49:07.917Z] > git ls-files --stage -- /home/kadir/IML/Quantus/start_exp.sh [8ms]
[2022-06-10T13:49:12.996Z] > git symbolic-ref --short HEAD [6ms]
[2022-06-10T13:49:13.023Z] > git for-each-ref --format=%(refname)%00%(upstream:short)%00%(objectname)%00%(upstream:track) refs/heads/main refs/remotes/main [16ms]
[2022-06-10T13:49:13.047Z] > git for-each-ref --sort -committerdate --format %(refname) %(objectname) %(*objectname) [13ms]
[2022-06-10T13:49:13.048Z] > git remote --verbose [5ms]
[2022-06-10T13:49:13.070Z] > git config --get commit.template [4ms]
[2022-06-10T13:49:22.384Z] > git symbolic-ref --short HEAD [8ms]
[2022-06-10T13:49:22.408Z] > git for-each-ref --format=%(refname)%00%(upstream:short)%00%(objectname)%00%(upstream:track) refs/heads/main refs/remotes/main [17ms]
[2022-06-10T13:49:22.431Z] > git for-each-ref --sort -committerdate --format %(refname) %(objectname) %(*objectname) [14ms]
[2022-06-10T13:49:22.433Z] > git remote --verbose [6ms]
[2022-06-10T13:49:22.458Z] > git config --get commit.template [3ms]
[2022-06-10T13:49:31.896Z] > git symbolic-ref --short HEAD [6ms]
[2022-06-10T13:49:31.917Z] > git for-each-ref --format=%(refname)%00%(upstream:short)%00%(objectname)%00%(upstream:track) refs/heads/main refs/remotes/main [13ms]
[2022-06-10T13:49:31.938Z] > git remote --verbose [2ms]
[2022-06-10T13:49:31.940Z] > git for-each-ref --sort -committerdate --format %(refname) %(objectname) %(*objectname) [12ms]
[2022-06-10T13:49:31.963Z] > git config --get commit.template [4ms]
[2022-06-10T13:49:41.394Z] > git symbolic-ref --short HEAD [7ms]
[2022-06-10T13:49:41.415Z] > git for-each-ref --format=%(refname)%00%(upstream:short)%00%(objectname)%00%(upstream:track) refs/heads/main refs/remotes/main [13ms]
[2022-06-10T13:49:41.440Z] > git remote --verbose [6ms]
[2022-06-10T13:49:41.441Z] > git for-each-ref --sort -committerdate --format %(refname) %(objectname) %(*objectname) [16ms]
[2022-06-10T13:49:41.464Z] > git config --get commit.template [4ms]
[2022-06-10T13:49:50.887Z] > git symbolic-ref --short HEAD [7ms]
[2022-06-10T13:49:50.913Z] > git for-each-ref --format=%(refname)%00%(upstream:short)%00%(objectname)%00%(upstream:track) refs/heads/main refs/remotes/main [16ms]
[2022-06-10T13:49:50.937Z] > git for-each-ref --sort -committerdate --format %(refname) %(objectname) %(*objectname) [13ms]
[2022-06-10T13:49:50.938Z] > git remote --verbose [5ms]
[2022-06-10T13:49:50.963Z] > git config --get commit.template [4ms]
[2022-06-10T13:50:00.479Z] > git symbolic-ref --short HEAD [7ms]
[2022-06-10T13:50:00.501Z] > git for-each-ref --format=%(refname)%00%(upstream:short)%00%(objectname)%00%(upstream:track) refs/heads/main refs/remotes/main [14ms]
[2022-06-10T13:50:00.526Z] > git remote --verbose [6ms]
[2022-06-10T13:50:00.527Z] > git for-each-ref --sort -committerdate --format %(refname) %(objectname) %(*objectname) [15ms]
[2022-06-10T13:50:00.553Z] > git config --get commit.template [5ms]
[2022-06-10T13:50:10.037Z] > git symbolic-ref --short HEAD [6ms]
[2022-06-10T13:50:10.060Z] > git for-each-ref --format=%(refname)%00%(upstream:short)%00%(objectname)%00%(upstream:track) refs/heads/main refs/remotes/main [14ms]
[2022-06-10T13:50:10.085Z] > git for-each-ref --sort -committerdate --format %(refname) %(objectname) %(*objectname) [13ms]
[2022-06-10T13:50:10.088Z] > git remote --verbose [6ms]
[2022-06-10T13:50:10.109Z] > git config --get commit.template [3ms]
[2022-06-10T13:50:19.766Z] > git symbolic-ref --short HEAD [7ms]
[2022-06-10T13:50:19.789Z] > git for-each-ref --format=%(refname)%00%(upstream:short)%00%(objectname)%00%(upstream:track) refs/heads/main refs/remotes/main [14ms]
[2022-06-10T13:50:19.815Z] > git remote --verbose [7ms]
[2022-06-10T13:50:19.816Z] > git for-each-ref --sort -committerdate --format %(refname) %(objectname) %(*objectname) [17ms]
[2022-06-10T13:50:19.839Z] > git config --get commit.template [5ms]
[2022-06-10T13:50:29.312Z] > git symbolic-ref --short HEAD [6ms]
[2022-06-10T13:50:29.337Z] > git for-each-ref --format=%(refname)%00%(upstream:short)%00%(objectname)%00%(upstream:track) refs/heads/main refs/remotes/main [16ms]
[2022-06-10T13:50:29.358Z] > git for-each-ref --sort -committerdate --format %(refname) %(objectname) %(*objectname) [11ms]
[2022-06-10T13:50:29.361Z] > git remote --verbose [6ms]
[2022-06-10T13:50:29.383Z] > git config --get commit.template [5ms]
[2022-06-10T13:50:38.819Z] > git symbolic-ref --short HEAD [7ms]
[2022-06-10T13:50:38.846Z] > git for-each-ref --format=%(refname)%00%(upstream:short)%00%(objectname)%00%(upstream:track) refs/heads/main refs/remotes/main [15ms]
[2022-06-10T13:50:38.869Z] > git for-each-ref --sort -committerdate --format %(refname) %(objectname) %(*objectname) [13ms]
[2022-06-10T13:50:38.872Z] > git remote --verbose [6ms]
[2022-06-10T13:50:38.896Z] > git config --get commit.template [3ms]
[2022-06-10T13:50:48.138Z] > git symbolic-ref --short HEAD [7ms]
[2022-06-10T13:50:48.160Z] > git for-each-ref --format=%(refname)%00%(upstream:short)%00%(objectname)%00%(upstream:track) refs/heads/main refs/remotes/main [13ms]
[2022-06-10T13:50:48.184Z] > git for-each-ref --sort -committerdate --format %(refname) %(objectname) %(*objectname) [14ms]
[2022-06-10T13:50:48.186Z] > git remote --verbose [6ms]
[2022-06-10T13:50:48.209Z] > git config --get commit.template [5ms]
[2022-06-10T13:50:57.450Z] > git symbolic-ref --short HEAD [7ms]
[2022-06-10T13:50:57.477Z] > git for-each-ref --format=%(refname)%00%(upstream:short)%00%(objectname)%00%(upstream:track) refs/heads/main refs/remotes/main [16ms]
[2022-06-10T13:50:57.499Z] > git for-each-ref --sort -committerdate --format %(refname) %(objectname) %(*objectname) [12ms]
[2022-06-10T13:50:57.502Z] > git remote --verbose [5ms]
[2022-06-10T13:50:57.530Z] > git config --get commit.template [4ms]
[2022-06-10T13:51:06.653Z] > git symbolic-ref --short HEAD [6ms]
[2022-06-10T13:51:06.676Z] > git for-each-ref --format=%(refname)%00%(upstream:short)%00%(objectname)%00%(upstream:track) refs/heads/main refs/remotes/main [15ms]
[2022-06-10T13:51:06.698Z] > git for-each-ref --sort -committerdate --format %(refname) %(objectname) %(*objectname) [12ms]
[2022-06-10T13:51:06.700Z] > git remote --verbose [4ms]
[2022-06-10T13:51:06.718Z] > git config --get commit.template [2ms]
[2022-06-10T13:51:15.854Z] > git symbolic-ref --short HEAD [2ms]
[2022-06-10T13:51:15.871Z] > git for-each-ref --format=%(refname)%00%(upstream:short)%00%(objectname)%00%(upstream:track) refs/heads/main refs/remotes/main [9ms]
[2022-06-10T13:51:15.891Z] > git for-each-ref --sort -committerdate --format %(refname) %(objectname) %(*objectname) [11ms]
[2022-06-10T13:51:15.894Z] > git remote --verbose [5ms]
[2022-06-10T13:51:15.915Z] > git config --get commit.template [4ms]
[2022-06-10T13:51:25.209Z] > git symbolic-ref --short HEAD [4ms]
[2022-06-10T13:51:25.231Z] > git for-each-ref --format=%(refname)%00%(upstream:short)%00%(objectname)%00%(upstream:track) refs/heads/main refs/remotes/main [11ms]
[2022-06-10T13:51:25.253Z] > git for-each-ref --sort -committerdate --format %(refname) %(objectname) %(*objectname) [11ms]
[2022-06-10T13:51:25.255Z] > git remote --verbose [3ms]
[2022-06-10T13:51:25.274Z] > git config --get commit.template [3ms]
[2022-06-10T13:51:34.728Z] > git symbolic-ref --short HEAD [8ms]
[2022-06-10T13:51:34.754Z] > git for-each-ref --format=%(refname)%00%(upstream:short)%00%(objectname)%00%(upstream:track) refs/heads/main refs/remotes/main [15ms]
[2022-06-10T13:51:34.776Z] > git for-each-ref --sort -committerdate --format %(refname) %(objectname) %(*objectname) [12ms]
[2022-06-10T13:51:34.779Z] > git remote --verbose [7ms]
[2022-06-10T13:51:34.801Z] > git config --get commit.template [4ms]
[2022-06-10T13:51:44.178Z] > git symbolic-ref --short HEAD [7ms]
[2022-06-10T13:51:44.204Z] > git for-each-ref --format=%(refname)%00%(upstream:short)%00%(objectname)%00%(upstream:track) refs/heads/main refs/remotes/main [15ms]
[2022-06-10T13:51:44.227Z] > git for-each-ref --sort -committerdate --format %(refname) %(objectname) %(*objectname) [12ms]
[2022-06-10T13:51:44.229Z] > git remote --verbose [4ms]
[2022-06-10T13:51:44.256Z] > git config --get commit.template [3ms]
[2022-06-10T13:51:53.441Z] > git symbolic-ref --short HEAD [8ms]
[2022-06-10T13:51:53.466Z] > git for-each-ref --format=%(refname)%00%(upstream:short)%00%(objectname)%00%(upstream:track) refs/heads/main refs/remotes/main [16ms]
[2022-06-10T13:51:53.491Z] > git for-each-ref --sort -committerdate --format %(refname) %(objectname) %(*objectname) [14ms]
[2022-06-10T13:51:53.492Z] > git remote --verbose [6ms]
[2022-06-10T13:51:53.513Z] > git config --get commit.template [3ms]
[2022-06-10T13:52:02.818Z] > git symbolic-ref --short HEAD [9ms]
[2022-06-10T13:52:02.845Z] > git for-each-ref --format=%(refname)%00%(upstream:short)%00%(objectname)%00%(upstream:track) refs/heads/main refs/remotes/main [18ms]
[2022-06-10T13:52:02.869Z] > git for-each-ref --sort -committerdate --format %(refname) %(objectname) %(*objectname) [13ms]
[2022-06-10T13:52:02.871Z] > git remote --verbose [7ms]
[2022-06-10T13:52:02.897Z] > git config --get commit.template [6ms]
[2022-06-10T13:52:11.624Z] > git symbolic-ref --short HEAD [8ms]
[2022-06-10T13:52:11.647Z] > git for-each-ref --format=%(refname)%00%(upstream:short)%00%(objectname)%00%(upstream:track) refs/heads/main refs/remotes/main [15ms]
[2022-06-10T13:52:11.671Z] > git for-each-ref --sort -committerdate --format %(refname) %(objectname) %(*objectname) [13ms]
[2022-06-10T13:52:11.673Z] > git remote --verbose [5ms]
[2022-06-10T13:52:11.695Z] > git config --get commit.template [3ms]
[2022-06-10T13:52:20.418Z] > git symbolic-ref --short HEAD [7ms]
[2022-06-10T13:52:20.445Z] > git for-each-ref --format=%(refname)%00%(upstream:short)%00%(objectname)%00%(upstream:track) refs/heads/main refs/remotes/main [16ms]
[2022-06-10T13:52:20.466Z] > git for-each-ref --sort -committerdate --format %(refname) %(objectname) %(*objectname) [12ms]
[2022-06-10T13:52:20.467Z] > git remote --verbose [5ms]
[2022-06-10T13:52:20.489Z] > git config --get commit.template [3ms]
[2022-06-10T13:52:29.356Z] > git symbolic-ref --short HEAD [9ms]
[2022-06-10T13:52:29.382Z] > git for-each-ref --format=%(refname)%00%(upstream:short)%00%(objectname)%00%(upstream:track) refs/heads/main refs/remotes/main [17ms]
[2022-06-10T13:52:29.408Z] > git for-each-ref --sort -committerdate --format %(refname) %(objectname) %(*objectname) [16ms]
[2022-06-10T13:52:29.408Z] > git remote --verbose [7ms]
[2022-06-10T13:52:29.431Z] > git config --get commit.template [4ms]
[2022-06-10T13:52:38.276Z] > git symbolic-ref --short HEAD [7ms]
[2022-06-10T13:52:38.300Z] > git for-each-ref --format=%(refname)%00%(upstream:short)%00%(objectname)%00%(upstream:track) refs/heads/main refs/remotes/main [16ms]
[2022-06-10T13:52:38.321Z] > git for-each-ref --sort -committerdate --format %(refname) %(objectname) %(*objectname) [12ms]
[2022-06-10T13:52:38.323Z] > git remote --verbose [5ms]
[2022-06-10T13:52:38.342Z] > git config --get commit.template [3ms]
[2022-06-10T13:52:47.163Z] > git symbolic-ref --short HEAD [7ms]
[2022-06-10T13:52:47.186Z] > git for-each-ref --format=%(refname)%00%(upstream:short)%00%(objectname)%00%(upstream:track) refs/heads/main refs/remotes/main [15ms]
[2022-06-10T13:52:47.209Z] > git for-each-ref --sort -committerdate --format %(refname) %(objectname) %(*objectname) [13ms]
[2022-06-10T13:52:47.211Z] > git remote --verbose [6ms]
[2022-06-10T13:52:47.233Z] > git config --get commit.template [3ms]
[2022-06-10T13:52:56.017Z] > git symbolic-ref --short HEAD [7ms]
[2022-06-10T13:52:56.040Z] > git for-each-ref --format=%(refname)%00%(upstream:short)%00%(objectname)%00%(upstream:track) refs/heads/main refs/remotes/main [14ms]
[2022-06-10T13:52:56.061Z] > git for-each-ref --sort -committerdate --format %(refname) %(objectname) %(*objectname) [12ms]
[2022-06-10T13:52:56.064Z] > git remote --verbose [6ms]
[2022-06-10T13:52:56.087Z] > git config --get commit.template [4ms]
[2022-06-10T13:53:04.818Z] > git symbolic-ref --short HEAD [8ms]
[2022-06-10T13:53:04.844Z] > git for-each-ref --format=%(refname)%00%(upstream:short)%00%(objectname)%00%(upstream:track) refs/heads/main refs/remotes/main [17ms]
[2022-06-10T13:53:04.867Z] > git for-each-ref --sort -committerdate --format %(refname) %(objectname) %(*objectname) [13ms]
[2022-06-10T13:53:04.869Z] > git remote --verbose [7ms]
[2022-06-10T13:53:04.890Z] > git config --get commit.template [4ms]
[2022-06-10T13:53:13.677Z] > git symbolic-ref --short HEAD [6ms]
[2022-06-10T13:53:13.698Z] > git for-each-ref --format=%(refname)%00%(upstream:short)%00%(objectname)%00%(upstream:track) refs/heads/main refs/remotes/main [14ms]
[2022-06-10T13:53:13.719Z] > git for-each-ref --sort -committerdate --format %(refname) %(objectname) %(*objectname) [11ms]
[2022-06-10T13:53:13.721Z] > git remote --verbose [5ms]
[2022-06-10T13:53:13.743Z] > git config --get commit.template [3ms]
[2022-06-10T13:53:22.470Z] > git symbolic-ref --short HEAD [7ms]
[2022-06-10T13:53:22.491Z] > git for-each-ref --format=%(refname)%00%(upstream:short)%00%(objectname)%00%(upstream:track) refs/heads/main refs/remotes/main [13ms]
[2022-06-10T13:53:22.513Z] > git for-each-ref --sort -committerdate --format %(refname) %(objectname) %(*objectname) [13ms]
[2022-06-10T13:53:22.515Z] > git remote --verbose [6ms]
[2022-06-10T13:53:22.538Z] > git config --get commit.template [4ms]
[2022-06-10T13:53:31.344Z] > git symbolic-ref --short HEAD [7ms]
[2022-06-10T13:53:31.366Z] > git for-each-ref --format=%(refname)%00%(upstream:short)%00%(objectname)%00%(upstream:track) refs/heads/main refs/remotes/main [15ms]
[2022-06-10T13:53:31.388Z] > git for-each-ref --sort -committerdate --format %(refname) %(objectname) %(*objectname) [13ms]
[2022-06-10T13:53:31.388Z] > git remote --verbose [6ms]
[2022-06-10T13:53:31.413Z] > git config --get commit.template [4ms]
[2022-06-10T13:53:40.288Z] > git symbolic-ref --short HEAD [7ms]
[2022-06-10T13:53:40.317Z] > git for-each-ref --format=%(refname)%00%(upstream:short)%00%(objectname)%00%(upstream:track) refs/heads/main refs/remotes/main [18ms]
[2022-06-10T13:53:40.337Z] > git for-each-ref --sort -committerdate --format %(refname) %(objectname) %(*objectname) [11ms]
[2022-06-10T13:53:40.338Z] > git remote --verbose [5ms]
[2022-06-10T13:53:40.358Z] > git config --get commit.template [4ms]
[2022-06-10T13:53:49.170Z] > git symbolic-ref --short HEAD [7ms]
[2022-06-10T13:53:49.191Z] > git for-each-ref --format=%(refname)%00%(upstream:short)%00%(objectname)%00%(upstream:track) refs/heads/main refs/remotes/main [14ms]
[2022-06-10T13:53:49.212Z] > git for-each-ref --sort -committerdate --format %(refname) %(objectname) %(*objectname) [12ms]
[2022-06-10T13:53:49.214Z] > git remote --verbose [5ms]
[2022-06-10T13:53:49.234Z] > git config --get commit.template [3ms]
[2022-06-10T13:53:58.063Z] > git symbolic-ref --short HEAD [8ms]
[2022-06-10T13:53:58.086Z] > git for-each-ref --format=%(refname)%00%(upstream:short)%00%(objectname)%00%(upstream:track) refs/heads/main refs/remotes/main [15ms]
[2022-06-10T13:53:58.110Z] > git for-each-ref --sort -committerdate --format %(refname) %(objectname) %(*objectname) [13ms]
[2022-06-10T13:53:58.111Z] > git remote --verbose [6ms]
[2022-06-10T13:53:58.133Z] > git config --get commit.template [3ms]
[2022-06-10T13:54:07.003Z] > git symbolic-ref --short HEAD [8ms]
[2022-06-10T13:54:07.026Z] > git for-each-ref --format=%(refname)%00%(upstream:short)%00%(objectname)%00%(upstream:track) refs/heads/main refs/remotes/main [16ms]
[2022-06-10T13:54:07.049Z] > git for-each-ref --sort -committerdate --format %(refname) %(objectname) %(*objectname) [13ms]
[2022-06-10T13:54:07.050Z] > git remote --verbose [7ms]
[2022-06-10T13:54:07.073Z] > git config --get commit.template [5ms]
[2022-06-10T13:54:15.987Z] > git symbolic-ref --short HEAD [7ms]
[2022-06-10T13:54:16.012Z] > git for-each-ref --format=%(refname)%00%(upstream:short)%00%(objectname)%00%(upstream:track) refs/heads/main refs/remotes/main [16ms]
[2022-06-10T13:54:16.035Z] > git for-each-ref --sort -committerdate --format %(refname) %(objectname) %(*objectname) [12ms]
[2022-06-10T13:54:16.039Z] > git remote --verbose [6ms]
[2022-06-10T13:54:16.062Z] > git config --get commit.template [4ms]
[2022-06-10T13:54:24.959Z] > git symbolic-ref --short HEAD [7ms]
[2022-06-10T13:54:24.980Z] > git for-each-ref --format=%(refname)%00%(upstream:short)%00%(objectname)%00%(upstream:track) refs/heads/main refs/remotes/main [15ms]
[2022-06-10T13:54:25.003Z] > git for-each-ref --sort -committerdate --format %(refname) %(objectname) %(*objectname) [13ms]
[2022-06-10T13:54:25.005Z] > git remote --verbose [7ms]
[2022-06-10T13:54:25.030Z] > git config --get commit.template [4ms]
[2022-06-10T13:54:34.071Z] > git symbolic-ref --short HEAD [7ms]
[2022-06-10T13:54:34.094Z] > git for-each-ref --format=%(refname)%00%(upstream:short)%00%(objectname)%00%(upstream:track) refs/heads/main refs/remotes/main [15ms]
[2022-06-10T13:54:34.117Z] > git for-each-ref --sort -committerdate --format %(refname) %(objectname) %(*objectname) [13ms]
[2022-06-10T13:54:34.119Z] > git remote --verbose [7ms]
[2022-06-10T13:54:34.138Z] > git config --get commit.template [3ms]
[2022-06-10T13:54:43.257Z] > git symbolic-ref --short HEAD [7ms]
[2022-06-10T13:54:43.279Z] > git for-each-ref --format=%(refname)%00%(upstream:short)%00%(objectname)%00%(upstream:track) refs/heads/main refs/remotes/main [15ms]
[2022-06-10T13:54:43.302Z] > git for-each-ref --sort -committerdate --format %(refname) %(objectname) %(*objectname) [13ms]
[2022-06-10T13:54:43.304Z] > git remote --verbose [6ms]
[2022-06-10T13:54:43.329Z] > git config --get commit.template [4ms]
[2022-06-10T13:54:52.404Z] > git symbolic-ref --short HEAD [7ms]
[2022-06-10T13:54:52.429Z] > git for-each-ref --format=%(refname)%00%(upstream:short)%00%(objectname)%00%(upstream:track) refs/heads/main refs/remotes/main [17ms]
[2022-06-10T13:54:52.450Z] > git for-each-ref --sort -committerdate --format %(refname) %(objectname) %(*objectname) [12ms]
[2022-06-10T13:54:52.454Z] > git remote --verbose [6ms]
[2022-06-10T13:54:52.476Z] > git config --get commit.template [4ms]
[2022-06-10T13:55:01.535Z] > git symbolic-ref --short HEAD [8ms]
[2022-06-10T13:55:01.559Z] > git for-each-ref --format=%(refname)%00%(upstream:short)%00%(objectname)%00%(upstream:track) refs/heads/main refs/remotes/main [17ms]
[2022-06-10T13:55:01.583Z] > git for-each-ref --sort -committerdate --format %(refname) %(objectname) %(*objectname) [14ms]
[2022-06-10T13:55:01.585Z] > git remote --verbose [7ms]
[2022-06-10T13:55:01.609Z] > git config --get commit.template [3ms]
[2022-06-10T13:55:10.567Z] > git symbolic-ref --short HEAD [6ms]
[2022-06-10T13:55:10.588Z] > git for-each-ref --format=%(refname)%00%(upstream:short)%00%(objectname)%00%(upstream:track) refs/heads/main refs/remotes/main [13ms]
[2022-06-10T13:55:10.607Z] > git for-each-ref --sort -committerdate --format %(refname) %(objectname) %(*objectname) [11ms]
[2022-06-10T13:55:10.609Z] > git remote --verbose [5ms]
[2022-06-10T13:55:10.628Z] > git config --get commit.template [3ms]
[2022-06-10T13:55:19.576Z] > git symbolic-ref --short HEAD [7ms]
[2022-06-10T13:55:19.599Z] > git for-each-ref --format=%(refname)%00%(upstream:short)%00%(objectname)%00%(upstream:track) refs/heads/main refs/remotes/main [15ms]
[2022-06-10T13:55:19.619Z] > git for-each-ref --sort -committerdate --format %(refname) %(objectname) %(*objectname) [11ms]
[2022-06-10T13:55:19.621Z] > git remote --verbose [5ms]
[2022-06-10T13:55:19.640Z] > git config --get commit.template [2ms]
[2022-06-10T13:55:28.655Z] > git symbolic-ref --short HEAD [5ms]
[2022-06-10T13:55:28.678Z] > git for-each-ref --format=%(refname)%00%(upstream:short)%00%(objectname)%00%(upstream:track) refs/heads/main refs/remotes/main [13ms]
[2022-06-10T13:55:28.701Z] > git for-each-ref --sort -committerdate --format %(refname) %(objectname) %(*objectname) [12ms]
[2022-06-10T13:55:28.703Z] > git remote --verbose [5ms]
[2022-06-10T13:55:28.723Z] > git config --get commit.template [3ms]
[2022-06-10T13:55:37.748Z] > git symbolic-ref --short HEAD [7ms]
[2022-06-10T13:55:37.769Z] > git for-each-ref --format=%(refname)%00%(upstream:short)%00%(objectname)%00%(upstream:track) refs/heads/main refs/remotes/main [14ms]
[2022-06-10T13:55:37.791Z] > git for-each-ref --sort -committerdate --format %(refname) %(objectname) %(*objectname) [13ms]
[2022-06-10T13:55:37.791Z] > git remote --verbose [5ms]
[2022-06-10T13:55:37.814Z] > git config --get commit.template [4ms]
[2022-06-10T13:55:46.951Z] > git symbolic-ref --short HEAD [7ms]
[2022-06-10T13:55:46.978Z] > git for-each-ref --format=%(refname)%00%(upstream:short)%00%(objectname)%00%(upstream:track) refs/heads/main refs/remotes/main [18ms]
[2022-06-10T13:55:46.999Z] > git for-each-ref --sort -committerdate --format %(refname) %(objectname) %(*objectname) [12ms]
[2022-06-10T13:55:47.001Z] > git remote --verbose [5ms]
[2022-06-10T13:55:47.024Z] > git config --get commit.template [4ms]
[2022-06-10T13:55:55.784Z] > git symbolic-ref --short HEAD [6ms]
[2022-06-10T13:55:55.806Z] > git for-each-ref --format=%(refname)%00%(upstream:short)%00%(objectname)%00%(upstream:track) refs/heads/main refs/remotes/main [15ms]
[2022-06-10T13:55:55.828Z] > git for-each-ref --sort -committerdate --format %(refname) %(objectname) %(*objectname) [13ms]
[2022-06-10T13:55:55.829Z] > git remote --verbose [6ms]
[2022-06-10T13:55:55.852Z] > git config --get commit.template [3ms]
[2022-06-10T13:56:05.023Z] > git symbolic-ref --short HEAD [7ms]
[2022-06-10T13:56:05.050Z] > git for-each-ref --format=%(refname)%00%(upstream:short)%00%(objectname)%00%(upstream:track) refs/heads/main refs/remotes/main [18ms]
[2022-06-10T13:56:05.075Z] > git remote --verbose [6ms]
[2022-06-10T13:56:05.076Z] > git for-each-ref --sort -committerdate --format %(refname) %(objectname) %(*objectname) [15ms]
[2022-06-10T13:56:05.098Z] > git config --get commit.template [5ms]
[2022-06-10T13:56:14.183Z] > git symbolic-ref --short HEAD [8ms]
[2022-06-10T13:56:14.205Z] > git for-each-ref --format=%(refname)%00%(upstream:short)%00%(objectname)%00%(upstream:track) refs/heads/main refs/remotes/main [15ms]
[2022-06-10T13:56:14.229Z] > git for-each-ref --sort -committerdate --format %(refname) %(objectname) %(*objectname) [14ms]
[2022-06-10T13:56:14.230Z] > git remote --verbose [6ms]
[2022-06-10T13:56:14.252Z] > git config --get commit.template [3ms]
[2022-06-10T13:56:23.345Z] > git symbolic-ref --short HEAD [7ms]
[2022-06-10T13:56:23.369Z] > git for-each-ref --format=%(refname)%00%(upstream:short)%00%(objectname)%00%(upstream:track) refs/heads/main refs/remotes/main [15ms]
[2022-06-10T13:56:23.395Z] > git for-each-ref --sort -committerdate --format %(refname) %(objectname) %(*objectname) [15ms]
[2022-06-10T13:56:23.396Z] > git remote --verbose [4ms]
[2022-06-10T13:56:23.416Z] > git config --get commit.template [2ms]
[2022-06-10T13:56:32.505Z] > git symbolic-ref --short HEAD [7ms]
[2022-06-10T13:56:32.529Z] > git for-each-ref --format=%(refname)%00%(upstream:short)%00%(objectname)%00%(upstream:track) refs/heads/main refs/remotes/main [15ms]
[2022-06-10T13:56:32.552Z] > git for-each-ref --sort -committerdate --format %(refname) %(objectname) %(*objectname) [14ms]
[2022-06-10T13:56:32.554Z] > git remote --verbose [7ms]
[2022-06-10T13:56:32.576Z] > git config --get commit.template [4ms]
[2022-06-10T13:56:41.627Z] > git symbolic-ref --short HEAD [9ms]
[2022-06-10T13:56:41.650Z] > git for-each-ref --format=%(refname)%00%(upstream:short)%00%(objectname)%00%(upstream:track) refs/heads/main refs/remotes/main [16ms]
[2022-06-10T13:56:41.673Z] > git for-each-ref --sort -committerdate --format %(refname) %(objectname) %(*objectname) [14ms]
[2022-06-10T13:56:41.675Z] > git remote --verbose [6ms]
[2022-06-10T13:56:41.698Z] > git config --get commit.template [3ms]
[2022-06-10T13:56:50.678Z] > git symbolic-ref --short HEAD [5ms]
[2022-06-10T13:56:50.698Z] > git for-each-ref --format=%(refname)%00%(upstream:short)%00%(objectname)%00%(upstream:track) refs/heads/main refs/remotes/main [13ms]
[2022-06-10T13:56:50.720Z] > git for-each-ref --sort -committerdate --format %(refname) %(objectname) %(*objectname) [12ms]
[2022-06-10T13:56:50.722Z] > git remote --verbose [6ms]
[2022-06-10T13:56:50.761Z] > git config --get commit.template [16ms]
[2022-06-10T13:56:59.830Z] > git symbolic-ref --short HEAD [6ms]
[2022-06-10T13:56:59.851Z] > git for-each-ref --format=%(refname)%00%(upstream:short)%00%(objectname)%00%(upstream:track) refs/heads/main refs/remotes/main [14ms]
[2022-06-10T13:56:59.871Z] > git for-each-ref --sort -committerdate --format %(refname) %(objectname) %(*objectname) [11ms]
[2022-06-10T13:56:59.874Z] > git remote --verbose [6ms]
[2022-06-10T13:56:59.901Z] > git config --get commit.template [2ms]
[2022-06-10T13:57:09.296Z] > git symbolic-ref --short HEAD [7ms]
[2022-06-10T13:57:09.315Z] > git for-each-ref --format=%(refname)%00%(upstream:short)%00%(objectname)%00%(upstream:track) refs/heads/main refs/remotes/main [12ms]
[2022-06-10T13:57:09.337Z] > git remote --verbose [5ms]
[2022-06-10T13:57:09.337Z] > git for-each-ref --sort -committerdate --format %(refname) %(objectname) %(*objectname) [14ms]
[2022-06-10T13:57:09.368Z] > git config --get commit.template [5ms]
[2022-06-10T13:57:18.448Z] > git symbolic-ref --short HEAD [8ms]
[2022-06-10T13:57:18.473Z] > git for-each-ref --format=%(refname)%00%(upstream:short)%00%(objectname)%00%(upstream:track) refs/heads/main refs/remotes/main [16ms]
[2022-06-10T13:57:18.495Z] > git remote --verbose [6ms]
[2022-06-10T13:57:18.496Z] > git for-each-ref --sort -committerdate --format %(refname) %(objectname) %(*objectname) [14ms]
[2022-06-10T13:57:18.521Z] > git config --get commit.template [5ms]
[2022-06-10T13:57:27.830Z] > git symbolic-ref --short HEAD [8ms]
[2022-06-10T13:57:27.854Z] > git for-each-ref --format=%(refname)%00%(upstream:short)%00%(objectname)%00%(upstream:track) refs/heads/main refs/remotes/main [15ms]
[2022-06-10T13:57:27.877Z] > git for-each-ref --sort -committerdate --format %(refname) %(objectname) %(*objectname) [14ms]
[2022-06-10T13:57:27.878Z] > git remote --verbose [6ms]
[2022-06-10T13:57:27.902Z] > git config --get commit.template [6ms]
[2022-06-10T13:57:37.135Z] > git symbolic-ref --short HEAD [7ms]
[2022-06-10T13:57:37.156Z] > git for-each-ref --format=%(refname)%00%(upstream:short)%00%(objectname)%00%(upstream:track) refs/heads/main refs/remotes/main [14ms]
[2022-06-10T13:57:37.177Z] > git for-each-ref --sort -committerdate --format %(refname) %(objectname) %(*objectname) [12ms]
[2022-06-10T13:57:37.178Z] > git remote --verbose [5ms]
[2022-06-10T13:57:37.200Z] > git config --get commit.template [4ms]
[2022-06-10T13:57:46.444Z] > git symbolic-ref --short HEAD [7ms]
[2022-06-10T13:57:46.468Z] > git for-each-ref --format=%(refname)%00%(upstream:short)%00%(objectname)%00%(upstream:track) refs/heads/main refs/remotes/main [16ms]
[2022-06-10T13:57:46.491Z] > git for-each-ref --sort -committerdate --format %(refname) %(objectname) %(*objectname) [14ms]
[2022-06-10T13:57:46.492Z] > git remote --verbose [7ms]
[2022-06-10T13:57:46.517Z] > git config --get commit.template [5ms]
[2022-06-10T13:57:55.768Z] > git symbolic-ref --short HEAD [8ms]
[2022-06-10T13:57:55.791Z] > git for-each-ref --format=%(refname)%00%(upstream:short)%00%(objectname)%00%(upstream:track) refs/heads/main refs/remotes/main [16ms]
[2022-06-10T13:57:55.812Z] > git for-each-ref --sort -committerdate --format %(refname) %(objectname) %(*objectname) [12ms]
[2022-06-10T13:57:55.815Z] > git remote --verbose [7ms]
[2022-06-10T13:57:55.838Z] > git config --get commit.template [5ms]
[2022-06-10T13:58:05.094Z] > git symbolic-ref --short HEAD [7ms]
[2022-06-10T13:58:05.119Z] > git for-each-ref --format=%(refname)%00%(upstream:short)%00%(objectname)%00%(upstream:track) refs/heads/main refs/remotes/main [16ms]
[2022-06-10T13:58:05.141Z] > git for-each-ref --sort -committerdate --format %(refname) %(objectname) %(*objectname) [13ms]
[2022-06-10T13:58:05.143Z] > git remote --verbose [7ms]
[2022-06-10T13:58:05.168Z] > git config --get commit.template [4ms]
[2022-06-10T13:58:14.388Z] > git symbolic-ref --short HEAD [8ms]
[2022-06-10T13:58:14.411Z] > git for-each-ref --format=%(refname)%00%(upstream:short)%00%(objectname)%00%(upstream:track) refs/heads/main refs/remotes/main [16ms]
[2022-06-10T13:58:14.434Z] > git for-each-ref --sort -committerdate --format %(refname) %(objectname) %(*objectname) [14ms]
[2022-06-10T13:58:14.436Z] > git remote --verbose [7ms]
[2022-06-10T13:58:14.459Z] > git config --get commit.template [4ms]
[2022-06-10T13:58:23.951Z] > git symbolic-ref --short HEAD [8ms]
[2022-06-10T13:58:23.974Z] > git for-each-ref --format=%(refname)%00%(upstream:short)%00%(objectname)%00%(upstream:track) refs/heads/main refs/remotes/main [16ms]
[2022-06-10T13:58:23.996Z] > git for-each-ref --sort -committerdate --format %(refname) %(objectname) %(*objectname) [13ms]
[2022-06-10T13:58:23.998Z] > git remote --verbose [6ms]
[2022-06-10T13:58:24.018Z] > git config --get commit.template [3ms]
[2022-06-10T13:58:33.483Z] > git symbolic-ref --short HEAD [8ms]
[2022-06-10T13:58:33.508Z] > git for-each-ref --format=%(refname)%00%(upstream:short)%00%(objectname)%00%(upstream:track) refs/heads/main refs/remotes/main [17ms]
[2022-06-10T13:58:33.532Z] > git for-each-ref --sort -committerdate --format %(refname) %(objectname) %(*objectname) [15ms]
[2022-06-10T13:58:33.534Z] > git remote --verbose [8ms]
[2022-06-10T13:58:33.556Z] > git config --get commit.template [4ms]
[2022-06-10T13:58:43.168Z] > git symbolic-ref --short HEAD [8ms]
[2022-06-10T13:58:43.193Z] > git for-each-ref --format=%(refname)%00%(upstream:short)%00%(objectname)%00%(upstream:track) refs/heads/main refs/remotes/main [17ms]
[2022-06-10T13:58:43.219Z] > git for-each-ref --sort -committerdate --format %(refname) %(objectname) %(*objectname) [14ms]
[2022-06-10T13:58:43.220Z] > git remote --verbose [6ms]
[2022-06-10T13:58:43.244Z] > git config --get commit.template [4ms]
[2022-06-10T13:58:52.762Z] > git symbolic-ref --short HEAD [9ms]
[2022-06-10T13:58:52.788Z] > git for-each-ref --format=%(refname)%00%(upstream:short)%00%(objectname)%00%(upstream:track) refs/heads/main refs/remotes/main [18ms]
[2022-06-10T13:58:52.810Z] > git for-each-ref --sort -committerdate --format %(refname) %(objectname) %(*objectname) [13ms]
[2022-06-10T13:58:52.813Z] > git remote --verbose [8ms]
[2022-06-10T13:58:52.836Z] > git config --get commit.template [4ms]
[2022-06-10T13:59:02.373Z] > git symbolic-ref --short HEAD [12ms]
[2022-06-10T13:59:02.400Z] > git for-each-ref --format=%(refname)%00%(upstream:short)%00%(objectname)%00%(upstream:track) refs/heads/main refs/remotes/main [18ms]
[2022-06-10T13:59:02.425Z] > git for-each-ref --sort -committerdate --format %(refname) %(objectname) %(*objectname) [14ms]
[2022-06-10T13:59:02.429Z] > git remote --verbose [10ms]
[2022-06-10T13:59:02.456Z] > git config --get commit.template [3ms]
[2022-06-10T13:59:11.759Z] > git symbolic-ref --short HEAD [8ms]
[2022-06-10T13:59:11.786Z] > git for-each-ref --format=%(refname)%00%(upstream:short)%00%(objectname)%00%(upstream:track) refs/heads/main refs/remotes/main [18ms]
[2022-06-10T13:59:11.812Z] > git for-each-ref --sort -committerdate --format %(refname) %(objectname) %(*objectname) [16ms]
[2022-06-10T13:59:11.812Z] > git remote --verbose [8ms]
[2022-06-10T13:59:11.837Z] > git config --get commit.template [5ms]
[2022-06-10T13:59:21.139Z] > git symbolic-ref --short HEAD [8ms]
[2022-06-10T13:59:21.162Z] > git for-each-ref --format=%(refname)%00%(upstream:short)%00%(objectname)%00%(upstream:track) refs/heads/main refs/remotes/main [16ms]
[2022-06-10T13:59:21.184Z] > git for-each-ref --sort -committerdate --format %(refname) %(objectname) %(*objectname) [12ms]
[2022-06-10T13:59:21.185Z] > git remote --verbose [4ms]
[2022-06-10T13:59:21.208Z] > git config --get commit.template [5ms]
[2022-06-10T14:05:26.762Z] > git ls-files --stage -- /home/kadir/IML/Quantus/run_server_with0_gpu.sh [5ms]
[2022-06-10T14:05:26.774Z] > git cat-file -s b62a885c892bacb874e6f1e6c2561d2c2469c5fd [2ms]
[2022-06-10T14:05:27.461Z] > git ls-files --stage -- /home/kadir/IML/Quantus/run_exp.py [7ms]
[2022-06-10T14:05:27.473Z] > git cat-file -s 9f81ad60656867f178816fdfa1f8b21d6dfd4775 [5ms]
[2022-06-10T14:05:31.629Z] > git symbolic-ref --short HEAD [2ms]
[2022-06-10T14:05:31.647Z] > git for-each-ref --format=%(refname)%00%(upstream:short)%00%(objectname)%00%(upstream:track) refs/heads/main refs/remotes/main [10ms]
[2022-06-10T14:05:31.670Z] > git for-each-ref --sort -committerdate --format %(refname) %(objectname) %(*objectname) [13ms]
[2022-06-10T14:05:31.672Z] > git remote --verbose [5ms]
[2022-06-10T14:05:31.697Z] > git config --get commit.template [5ms]
[2022-06-10T14:05:40.963Z] > git symbolic-ref --short HEAD [6ms]
[2022-06-10T14:05:40.986Z] > git for-each-ref --format=%(refname)%00%(upstream:short)%00%(objectname)%00%(upstream:track) refs/heads/main refs/remotes/main [13ms]
[2022-06-10T14:05:41.007Z] > git for-each-ref --sort -committerdate --format %(refname) %(objectname) %(*objectname) [12ms]
[2022-06-10T14:05:41.010Z] > git remote --verbose [6ms]
[2022-06-10T14:05:41.032Z] > git config --get commit.template [4ms]
[2022-06-10T14:05:50.304Z] > git symbolic-ref --short HEAD [5ms]
[2022-06-10T14:05:50.326Z] > git for-each-ref --format=%(refname)%00%(upstream:short)%00%(objectname)%00%(upstream:track) refs/heads/main refs/remotes/main [14ms]
[2022-06-10T14:05:50.348Z] > git for-each-ref --sort -committerdate --format %(refname) %(objectname) %(*objectname) [12ms]
[2022-06-10T14:05:50.350Z] > git remote --verbose [6ms]
[2022-06-10T14:05:50.375Z] > git config --get commit.template [5ms]
[2022-06-10T14:05:59.608Z] > git symbolic-ref --short HEAD [6ms]
[2022-06-10T14:05:59.628Z] > git for-each-ref --format=%(refname)%00%(upstream:short)%00%(objectname)%00%(upstream:track) refs/heads/main refs/remotes/main [13ms]
[2022-06-10T14:05:59.649Z] > git for-each-ref --sort -committerdate --format %(refname) %(objectname) %(*objectname) [11ms]
[2022-06-10T14:05:59.651Z] > git remote --verbose [5ms]
[2022-06-10T14:05:59.672Z] > git config --get commit.template [3ms]
[2022-06-10T14:06:06.877Z] > git ls-files --stage -- /home/kadir/IML/Quantus/run_server_with0_gpu.sh [7ms]
[2022-06-10T14:06:06.893Z] > git cat-file -s b62a885c892bacb874e6f1e6c2561d2c2469c5fd [5ms]
[2022-06-10T14:06:07.498Z] > git ls-files --stage -- /home/kadir/IML/Quantus/run_exp.py [9ms]
[2022-06-10T14:06:07.516Z] > git cat-file -s 9f81ad60656867f178816fdfa1f8b21d6dfd4775 [7ms]
[2022-06-10T14:06:08.908Z] > git symbolic-ref --short HEAD [7ms]
[2022-06-10T14:06:08.932Z] > git for-each-ref --format=%(refname)%00%(upstream:short)%00%(objectname)%00%(upstream:track) refs/heads/main refs/remotes/main [16ms]
[2022-06-10T14:06:08.956Z] > git remote --verbose [5ms]
[2022-06-10T14:06:08.957Z] > git for-each-ref --sort -committerdate --format %(refname) %(objectname) %(*objectname) [15ms]
[2022-06-10T14:06:08.982Z] > git config --get commit.template [5ms]
[2022-06-10T14:06:18.290Z] > git symbolic-ref --short HEAD [7ms]
[2022-06-10T14:06:18.316Z] > git for-each-ref --format=%(refname)%00%(upstream:short)%00%(objectname)%00%(upstream:track) refs/heads/main refs/remotes/main [15ms]
[2022-06-10T14:06:18.339Z] > git for-each-ref --sort -committerdate --format %(refname) %(objectname) %(*objectname) [13ms]
[2022-06-10T14:06:18.341Z] > git remote --verbose [7ms]
[2022-06-10T14:06:18.365Z] > git config --get commit.template [4ms]
[2022-06-10T14:06:27.701Z] > git symbolic-ref --short HEAD [7ms]
[2022-06-10T14:06:27.726Z] > git for-each-ref --format=%(refname)%00%(upstream:short)%00%(objectname)%00%(upstream:track) refs/heads/main refs/remotes/main [16ms]
[2022-06-10T14:06:27.749Z] > git for-each-ref --sort -committerdate --format %(refname) %(objectname) %(*objectname) [14ms]
[2022-06-10T14:06:27.750Z] > git remote --verbose [5ms]
[2022-06-10T14:06:27.775Z] > git config --get commit.template [4ms]
[2022-06-10T14:06:37.115Z] > git symbolic-ref --short HEAD [7ms]
[2022-06-10T14:06:37.140Z] > git for-each-ref --format=%(refname)%00%(upstream:short)%00%(objectname)%00%(upstream:track) refs/heads/main refs/remotes/main [16ms]
[2022-06-10T14:06:37.163Z] > git for-each-ref --sort -committerdate --format %(refname) %(objectname) %(*objectname) [13ms]
[2022-06-10T14:06:37.165Z] > git remote --verbose [6ms]
[2022-06-10T14:06:37.187Z] > git config --get commit.template [3ms]
[2022-06-10T14:06:46.541Z] > git symbolic-ref --short HEAD [6ms]
[2022-06-10T14:06:46.565Z] > git for-each-ref --format=%(refname)%00%(upstream:short)%00%(objectname)%00%(upstream:track) refs/heads/main refs/remotes/main [16ms]
[2022-06-10T14:06:46.589Z] > git remote --verbose [5ms]
[2022-06-10T14:06:46.589Z] > git for-each-ref --sort -committerdate --format %(refname) %(objectname) %(*objectname) [13ms]
[2022-06-10T14:06:46.611Z] > git config --get commit.template [4ms]
