[2022-06-08 14:51:27.786] [exthost] [info] Extension host with pid 3660196 started
[2022-06-08 14:51:27.792] [exthost] [info] Lock '/home/kadir/IML/Quantus/.code-server/User/workspaceStorage/-2b2a8258/vscode.lock': Lock acquired.
[2022-06-08 14:51:27.878] [exthost] [info] ExtensionService#_doActivateExtension vscode.debug-auto-launch, startup: true, activationEvent: '*'
[2022-06-08 14:51:27.888] [exthost] [info] ExtensionService#_doActivateExtension vscode.git-base, startup: true, activationEvent: '*', root cause: vscode.github
[2022-06-08 14:51:27.897] [exthost] [info] ExtensionService#_doActivateExtension ms-python.python, startup: true, activationEvent: 'workspaceContains:setup.py'
[2022-06-08 14:51:28.210] [exthost] [info] ExtensionService#_doActivateExtension vscode.git, startup: true, activationEvent: '*'
[2022-06-08 14:51:28.298] [exthost] [info] ExtensionService#_doActivateExtension vscode.github, startup: true, activationEvent: '*'
[2022-06-08 14:51:28.403] [exthost] [warning] [ms-python.python] Accessing a window scoped configuration for a resource is not expected. To associate 'python.languageServer' to a resource, define its scope to 'resource' in configuration contributions in 'package.json'.
[2022-06-08 14:51:28.408] [exthost] [warning] [ms-python.python] Accessing a window scoped configuration for a resource is not expected. To associate 'python.languageServer' to a resource, define its scope to 'resource' in configuration contributions in 'package.json'.
[2022-06-08 14:51:28.455] [exthost] [info] ExtensionService#_doActivateExtension vscode.emmet, startup: false, activationEvent: 'onStartupFinished'
[2022-06-08 14:51:28.479] [exthost] [info] ExtensionService#_doActivateExtension vscode.merge-conflict, startup: false, activationEvent: 'onStartupFinished'
[2022-06-08 14:51:28.484] [exthost] [info] Eager extensions activated
[2022-06-08 14:51:28.558] [exthost] [warning] [vscode.emmet] Accessing a resource scoped configuration without providing a resource is not expected. To get the effective value for 'emmet.includeLanguages', provide the URI of a resource or 'null' for any resource.
[2022-06-08 14:51:31.306] [exthost] [warning] [ms-python.python] Accessing a window scoped configuration for a resource is not expected. To associate 'python.languageServer' to a resource, define its scope to 'resource' in configuration contributions in 'package.json'.
[2022-06-08 14:51:31.309] [exthost] [warning] [ms-python.python] Accessing a window scoped configuration for a resource is not expected. To associate 'python.languageServer' to a resource, define its scope to 'resource' in configuration contributions in 'package.json'.
[2022-06-08 14:51:31.312] [exthost] [warning] [ms-python.python] Accessing a window scoped configuration for a resource is not expected. To associate 'python.languageServer' to a resource, define its scope to 'resource' in configuration contributions in 'package.json'.
[2022-06-08 14:51:31.314] [exthost] [warning] [ms-python.python] Accessing a window scoped configuration for a resource is not expected. To associate 'python.languageServer' to a resource, define its scope to 'resource' in configuration contributions in 'package.json'.
[2022-06-08 14:51:37.229] [exthost] [warning] [Decorations] CAPPING events from decorations provider vscode.git 274
[2022-06-08 14:57:44.192] [exthost] [info] ExtensionService#_doActivateExtension ms-toolsai.jupyter, startup: false, activationEvent: 'onLanguage:python'
[2022-06-08 14:57:44.876] [exthost] [warning] [ms-toolsai.jupyter] Accessing a window scoped configuration for a resource is not expected. To associate 'jupyter.allowInput' to a resource, define its scope to 'resource' in configuration contributions in 'package.json'.
[2022-06-08 14:57:45.047] [exthost] [info] ExtensionService#_doActivateExtension ms-toolsai.jupyter-renderers, startup: false, activationEvent: 'api', root cause: ms-toolsai.jupyter
[2022-06-08 14:57:48.024] [exthost] [warning] [Decorations] CAPPING events from decorations provider vscode.git 275
[2022-06-08 14:57:56.630] [exthost] [warning] [Decorations] CAPPING events from decorations provider vscode.git 275
[2022-06-08 14:58:05.477] [exthost] [warning] [Decorations] CAPPING events from decorations provider vscode.git 275
[2022-06-08 14:58:14.118] [exthost] [warning] [Decorations] CAPPING events from decorations provider vscode.git 275
[2022-06-08 14:58:19.868] [exthost] [warning] [ms-python.python] Accessing a window scoped configuration for a resource is not expected. To associate 'python.languageServer' to a resource, define its scope to 'resource' in configuration contributions in 'package.json'.
[2022-06-08 14:58:19.872] [exthost] [warning] [ms-python.python] Accessing a window scoped configuration for a resource is not expected. To associate 'python.languageServer' to a resource, define its scope to 'resource' in configuration contributions in 'package.json'.
[2022-06-08 14:58:22.860] [exthost] [warning] [Decorations] CAPPING events from decorations provider vscode.git 275
[2022-06-08 14:58:31.670] [exthost] [warning] [Decorations] CAPPING events from decorations provider vscode.git 275
[2022-06-08 16:17:24.011] [exthost] [warning] [Decorations] CAPPING events from decorations provider vscode.git 275
[2022-06-08 16:17:32.843] [exthost] [warning] [Decorations] CAPPING events from decorations provider vscode.git 275
[2022-06-08 16:17:39.738] [exthost] [info] extension host terminating: received terminate message from renderer
[2022-06-08 16:17:39.739] [exthost] [info] Lock '/home/kadir/IML/Quantus/.code-server/User/workspaceStorage/-2b2a8258/vscode.lock': Marking the lockfile as scheduled to be released in 6000 ms.
