[2022-05-27 18:20:30.303] [exthost] [info] Extension host with pid 1393955 started
[2022-05-27 18:20:30.320] [exthost] [info] Lock '/home/kadir/IML/Quantus/.code-server/User/workspaceStorage/13973351/vscode.lock': Lock acquired.
[2022-05-27 18:20:30.363] [exthost] [info] ExtensionService#_doActivateExtension vscode.debug-auto-launch, startup: true, activationEvent: '*'
[2022-05-27 18:20:30.371] [exthost] [info] ExtensionService#_doActivateExtension vscode.git-base, startup: true, activationEvent: '*', root cause: vscode.github
[2022-05-27 18:20:30.381] [exthost] [info] ExtensionService#_doActivateExtension ms-python.python, startup: true, activationEvent: 'workspaceContains:setup.py'
[2022-05-27 18:20:30.691] [exthost] [info] ExtensionService#_doActivateExtension vscode.git, startup: true, activationEvent: '*'
[2022-05-27 18:20:30.774] [exthost] [info] ExtensionService#_doActivateExtension vscode.github, startup: true, activationEvent: '*'
[2022-05-27 18:20:30.874] [exthost] [warning] [ms-python.python] Accessing a window scoped configuration for a resource is not expected. To associate 'python.languageServer' to a resource, define its scope to 'resource' in configuration contributions in 'package.json'.
[2022-05-27 18:20:30.878] [exthost] [warning] [ms-python.python] Accessing a window scoped configuration for a resource is not expected. To associate 'python.languageServer' to a resource, define its scope to 'resource' in configuration contributions in 'package.json'.
[2022-05-27 18:20:30.918] [exthost] [info] ExtensionService#_doActivateExtension vscode.emmet, startup: false, activationEvent: 'onStartupFinished'
[2022-05-27 18:20:30.939] [exthost] [info] ExtensionService#_doActivateExtension vscode.merge-conflict, startup: false, activationEvent: 'onStartupFinished'
[2022-05-27 18:20:30.943] [exthost] [info] Eager extensions activated
[2022-05-27 18:20:31.028] [exthost] [warning] [vscode.emmet] Accessing a resource scoped configuration without providing a resource is not expected. To get the effective value for 'emmet.includeLanguages', provide the URI of a resource or 'null' for any resource.
[2022-05-27 18:20:34.155] [exthost] [warning] [ms-python.python] Accessing a window scoped configuration for a resource is not expected. To associate 'python.languageServer' to a resource, define its scope to 'resource' in configuration contributions in 'package.json'.
[2022-05-27 18:20:34.160] [exthost] [warning] [ms-python.python] Accessing a window scoped configuration for a resource is not expected. To associate 'python.languageServer' to a resource, define its scope to 'resource' in configuration contributions in 'package.json'.
[2022-05-27 18:20:34.164] [exthost] [warning] [ms-python.python] Accessing a window scoped configuration for a resource is not expected. To associate 'python.languageServer' to a resource, define its scope to 'resource' in configuration contributions in 'package.json'.
[2022-05-27 18:20:34.168] [exthost] [warning] [ms-python.python] Accessing a window scoped configuration for a resource is not expected. To associate 'python.languageServer' to a resource, define its scope to 'resource' in configuration contributions in 'package.json'.
[2022-05-27 18:20:37.416] [exthost] [info] ExtensionService#_doActivateExtension ms-toolsai.jupyter, startup: false, activationEvent: 'onLanguage:python'
[2022-05-27 18:20:38.338] [exthost] [warning] [ms-toolsai.jupyter] Accessing a window scoped configuration for a resource is not expected. To associate 'jupyter.allowInput' to a resource, define its scope to 'resource' in configuration contributions in 'package.json'.
[2022-05-27 18:20:38.577] [exthost] [info] ExtensionService#_doActivateExtension ms-toolsai.jupyter-renderers, startup: false, activationEvent: 'api', root cause: ms-toolsai.jupyter
[2022-05-27 18:20:43.424] [exthost] [warning] [Decorations] CAPPING events from decorations provider vscode.git 2827
[2022-05-27 18:20:52.773] [exthost] [warning] [Decorations] CAPPING events from decorations provider vscode.git 2827
[2022-05-27 18:21:02.589] [exthost] [warning] [Decorations] CAPPING events from decorations provider vscode.git 2827
[2022-05-27 18:21:11.979] [exthost] [warning] [Decorations] CAPPING events from decorations provider vscode.git 2827
[2022-05-27 18:21:21.216] [exthost] [warning] [Decorations] CAPPING events from decorations provider vscode.git 2827
[2022-05-27 18:21:30.967] [exthost] [warning] [Decorations] CAPPING events from decorations provider vscode.git 2827
[2022-05-27 18:21:40.393] [exthost] [warning] [Decorations] CAPPING events from decorations provider vscode.git 2827
[2022-05-27 18:21:49.887] [exthost] [warning] [Decorations] CAPPING events from decorations provider vscode.git 2827
[2022-05-27 18:21:59.118] [exthost] [warning] [Decorations] CAPPING events from decorations provider vscode.git 2827
[2022-05-27 18:22:08.170] [exthost] [warning] [Decorations] CAPPING events from decorations provider vscode.git 2827
[2022-05-27 18:22:17.380] [exthost] [warning] [Decorations] CAPPING events from decorations provider vscode.git 2827
[2022-05-27 18:22:26.431] [exthost] [warning] [Decorations] CAPPING events from decorations provider vscode.git 2827
[2022-05-27 18:24:55.822] [exthost] [warning] [ms-python.python] Accessing a window scoped configuration for a resource is not expected. To associate 'python.languageServer' to a resource, define its scope to 'resource' in configuration contributions in 'package.json'.
[2022-05-27 18:24:55.827] [exthost] [warning] [ms-python.python] Accessing a window scoped configuration for a resource is not expected. To associate 'python.languageServer' to a resource, define its scope to 'resource' in configuration contributions in 'package.json'.
[2022-05-27 18:48:14.643] [exthost] [error] [ms-python.python] provider FAILED
[2022-05-27 18:48:14.644] [exthost] [error] Error: DisposableStore is missing...
	at G._convertCompletionItem (/tmp/code-server-4.2.0-linux-amd64/lib/vscode/out/vs/workbench/services/extensions/node/extensionHostProcess.js:93:105486)
	at G.resolveCompletionItem (/tmp/code-server-4.2.0-linux-amd64/lib/vscode/out/vs/workbench/services/extensions/node/extensionHostProcess.js:93:105266)
[2022-05-27 18:52:27.175] [exthost] [error] [ms-python.python] provider FAILED
[2022-05-27 18:52:27.177] [exthost] [error] Error: DisposableStore is missing...
	at G._convertCompletionItem (/tmp/code-server-4.2.0-linux-amd64/lib/vscode/out/vs/workbench/services/extensions/node/extensionHostProcess.js:93:105486)
	at G.resolveCompletionItem (/tmp/code-server-4.2.0-linux-amd64/lib/vscode/out/vs/workbench/services/extensions/node/extensionHostProcess.js:93:105266)
