[2022-06-08 16:39:27.438] [exthost] [info] Extension host with pid 2791087 started
[2022-06-08 16:39:27.445] [exthost] [info] Lock '/home/kadir/IML/Quantus/.code-server/User/workspaceStorage/-22e87052/vscode.lock': Lock acquired.
[2022-06-08 16:39:27.531] [exthost] [info] ExtensionService#_doActivateExtension vscode.debug-auto-launch, startup: true, activationEvent: '*'
[2022-06-08 16:39:27.539] [exthost] [info] ExtensionService#_doActivateExtension vscode.git-base, startup: true, activationEvent: '*', root cause: vscode.github
[2022-06-08 16:39:27.547] [exthost] [info] ExtensionService#_doActivateExtension ms-python.python, startup: true, activationEvent: 'workspaceContains:setup.py'
[2022-06-08 16:39:27.857] [exthost] [info] ExtensionService#_doActivateExtension vscode.git, startup: true, activationEvent: '*'
[2022-06-08 16:39:27.927] [exthost] [info] ExtensionService#_doActivateExtension vscode.github, startup: true, activationEvent: '*'
[2022-06-08 16:39:28.003] [exthost] [warning] [ms-python.python] Accessing a window scoped configuration for a resource is not expected. To associate 'python.languageServer' to a resource, define its scope to 'resource' in configuration contributions in 'package.json'.
[2022-06-08 16:39:28.007] [exthost] [warning] [ms-python.python] Accessing a window scoped configuration for a resource is not expected. To associate 'python.languageServer' to a resource, define its scope to 'resource' in configuration contributions in 'package.json'.
[2022-06-08 16:39:28.047] [exthost] [info] ExtensionService#_doActivateExtension vscode.emmet, startup: false, activationEvent: 'onStartupFinished'
[2022-06-08 16:39:28.066] [exthost] [info] ExtensionService#_doActivateExtension vscode.merge-conflict, startup: false, activationEvent: 'onStartupFinished'
[2022-06-08 16:39:28.070] [exthost] [info] Eager extensions activated
[2022-06-08 16:39:28.155] [exthost] [warning] [vscode.emmet] Accessing a resource scoped configuration without providing a resource is not expected. To get the effective value for 'emmet.includeLanguages', provide the URI of a resource or 'null' for any resource.
[2022-06-08 16:39:29.698] [exthost] [info] ExtensionService#_doActivateExtension ms-toolsai.jupyter, startup: false, activationEvent: 'onLanguage:python'
[2022-06-08 16:39:30.332] [exthost] [warning] [ms-toolsai.jupyter] Accessing a window scoped configuration for a resource is not expected. To associate 'jupyter.allowInput' to a resource, define its scope to 'resource' in configuration contributions in 'package.json'.
[2022-06-08 16:39:30.480] [exthost] [info] ExtensionService#_doActivateExtension ms-toolsai.jupyter-renderers, startup: false, activationEvent: 'api', root cause: ms-toolsai.jupyter
[2022-06-08 16:39:30.848] [exthost] [warning] [ms-python.python] Accessing a window scoped configuration for a resource is not expected. To associate 'python.languageServer' to a resource, define its scope to 'resource' in configuration contributions in 'package.json'.
[2022-06-08 16:39:30.850] [exthost] [warning] [ms-python.python] Accessing a window scoped configuration for a resource is not expected. To associate 'python.languageServer' to a resource, define its scope to 'resource' in configuration contributions in 'package.json'.
[2022-06-08 16:39:30.853] [exthost] [warning] [ms-python.python] Accessing a window scoped configuration for a resource is not expected. To associate 'python.languageServer' to a resource, define its scope to 'resource' in configuration contributions in 'package.json'.
[2022-06-08 16:39:30.855] [exthost] [warning] [ms-python.python] Accessing a window scoped configuration for a resource is not expected. To associate 'python.languageServer' to a resource, define its scope to 'resource' in configuration contributions in 'package.json'.
[2022-06-08 16:39:33.306] [exthost] [warning] [ms-python.python] Accessing a window scoped configuration for a resource is not expected. To associate 'python.languageServer' to a resource, define its scope to 'resource' in configuration contributions in 'package.json'.
[2022-06-08 16:39:33.310] [exthost] [warning] [ms-python.python] Accessing a window scoped configuration for a resource is not expected. To associate 'python.languageServer' to a resource, define its scope to 'resource' in configuration contributions in 'package.json'.
[2022-06-08 16:39:36.475] [exthost] [warning] [Decorations] CAPPING events from decorations provider vscode.git 278
[2022-06-08 16:39:42.379] [exthost] [warning] [Decorations] CAPPING events from decorations provider vscode.git 278
[2022-06-08 16:39:52.580] [exthost] [warning] [Decorations] CAPPING events from decorations provider vscode.git 278
[2022-06-08 16:40:02.841] [exthost] [warning] [Decorations] CAPPING events from decorations provider vscode.git 278
[2022-06-08 16:40:13.068] [exthost] [warning] [Decorations] CAPPING events from decorations provider vscode.git 278
[2022-06-08 16:40:21.559] [exthost] [warning] [Decorations] CAPPING events from decorations provider vscode.git 278
[2022-06-08 16:40:30.046] [exthost] [warning] [Decorations] CAPPING events from decorations provider vscode.git 278
[2022-06-08 16:40:38.568] [exthost] [warning] [Decorations] CAPPING events from decorations provider vscode.git 278
[2022-06-08 16:40:47.089] [exthost] [warning] [Decorations] CAPPING events from decorations provider vscode.git 278
[2022-06-08 16:40:55.600] [exthost] [warning] [Decorations] CAPPING events from decorations provider vscode.git 278
[2022-06-08 16:41:04.078] [exthost] [warning] [Decorations] CAPPING events from decorations provider vscode.git 278
[2022-06-08 16:41:12.613] [exthost] [warning] [Decorations] CAPPING events from decorations provider vscode.git 278
[2022-06-08 16:41:21.149] [exthost] [warning] [Decorations] CAPPING events from decorations provider vscode.git 278
[2022-06-08 16:41:29.671] [exthost] [warning] [Decorations] CAPPING events from decorations provider vscode.git 282
[2022-06-08 16:41:38.294] [exthost] [warning] [Decorations] CAPPING events from decorations provider vscode.git 282
[2022-06-08 16:41:46.913] [exthost] [warning] [Decorations] CAPPING events from decorations provider vscode.git 282
[2022-06-08 16:41:55.387] [exthost] [warning] [Decorations] CAPPING events from decorations provider vscode.git 282
[2022-06-08 16:46:00.346] [exthost] [warning] [Decorations] CAPPING events from decorations provider vscode.git 282
[2022-06-08 16:46:10.217] [exthost] [warning] [Decorations] CAPPING events from decorations provider vscode.git 282
[2022-06-08 16:46:19.995] [exthost] [warning] [Decorations] CAPPING events from decorations provider vscode.git 282
[2022-06-08 16:46:30.170] [exthost] [warning] [Decorations] CAPPING events from decorations provider vscode.git 282
[2022-06-08 16:46:40.621] [exthost] [warning] [Decorations] CAPPING events from decorations provider vscode.git 282
[2022-06-08 16:46:51.049] [exthost] [warning] [Decorations] CAPPING events from decorations provider vscode.git 282
[2022-06-08 16:47:00.986] [exthost] [warning] [Decorations] CAPPING events from decorations provider vscode.git 282
[2022-06-08 16:47:11.328] [exthost] [warning] [Decorations] CAPPING events from decorations provider vscode.git 282
[2022-06-08 16:47:21.064] [exthost] [warning] [Decorations] CAPPING events from decorations provider vscode.git 282
[2022-06-08 16:47:31.076] [exthost] [warning] [Decorations] CAPPING events from decorations provider vscode.git 282
[2022-06-08 16:47:41.310] [exthost] [warning] [Decorations] CAPPING events from decorations provider vscode.git 282
[2022-06-08 16:47:50.952] [exthost] [warning] [Decorations] CAPPING events from decorations provider vscode.git 282
[2022-06-08 16:48:29.064] [exthost] [warning] [Decorations] CAPPING events from decorations provider vscode.git 282
[2022-06-08 16:48:38.608] [exthost] [warning] [Decorations] CAPPING events from decorations provider vscode.git 282
[2022-06-08 16:48:48.729] [exthost] [warning] [Decorations] CAPPING events from decorations provider vscode.git 282
[2022-06-08 16:48:58.681] [exthost] [warning] [Decorations] CAPPING events from decorations provider vscode.git 282
[2022-06-08 16:49:09.166] [exthost] [warning] [Decorations] CAPPING events from decorations provider vscode.git 282
[2022-06-08 16:49:18.703] [exthost] [warning] [Decorations] CAPPING events from decorations provider vscode.git 282
[2022-06-08 16:49:28.563] [exthost] [warning] [Decorations] CAPPING events from decorations provider vscode.git 282
[2022-06-08 16:49:38.568] [exthost] [warning] [Decorations] CAPPING events from decorations provider vscode.git 282
[2022-06-08 16:49:48.625] [exthost] [warning] [Decorations] CAPPING events from decorations provider vscode.git 282
[2022-06-08 16:49:58.543] [exthost] [warning] [Decorations] CAPPING events from decorations provider vscode.git 282
[2022-06-08 16:50:08.542] [exthost] [warning] [Decorations] CAPPING events from decorations provider vscode.git 282
[2022-06-08 16:50:18.407] [exthost] [warning] [Decorations] CAPPING events from decorations provider vscode.git 282
[2022-06-08 16:50:28.404] [exthost] [warning] [Decorations] CAPPING events from decorations provider vscode.git 282
[2022-06-08 16:50:38.746] [exthost] [warning] [Decorations] CAPPING events from decorations provider vscode.git 282
[2022-06-08 16:50:48.470] [exthost] [warning] [Decorations] CAPPING events from decorations provider vscode.git 282
[2022-06-08 16:50:58.235] [exthost] [warning] [Decorations] CAPPING events from decorations provider vscode.git 282
[2022-06-08 16:51:08.525] [exthost] [warning] [Decorations] CAPPING events from decorations provider vscode.git 282
[2022-06-08 16:51:18.848] [exthost] [warning] [Decorations] CAPPING events from decorations provider vscode.git 282
[2022-06-08 16:51:29.552] [exthost] [warning] [Decorations] CAPPING events from decorations provider vscode.git 282
[2022-06-08 16:51:39.484] [exthost] [warning] [Decorations] CAPPING events from decorations provider vscode.git 282
[2022-06-08 16:51:49.213] [exthost] [warning] [Decorations] CAPPING events from decorations provider vscode.git 282
[2022-06-08 16:51:59.135] [exthost] [warning] [Decorations] CAPPING events from decorations provider vscode.git 282
[2022-06-08 16:52:09.166] [exthost] [warning] [Decorations] CAPPING events from decorations provider vscode.git 282
[2022-06-08 16:52:19.162] [exthost] [warning] [Decorations] CAPPING events from decorations provider vscode.git 282
[2022-06-08 16:52:29.389] [exthost] [warning] [Decorations] CAPPING events from decorations provider vscode.git 282
[2022-06-08 16:52:39.171] [exthost] [warning] [Decorations] CAPPING events from decorations provider vscode.git 282
[2022-06-08 16:52:49.441] [exthost] [warning] [Decorations] CAPPING events from decorations provider vscode.git 282
[2022-06-08 16:52:59.536] [exthost] [warning] [Decorations] CAPPING events from decorations provider vscode.git 282
[2022-06-08 16:53:09.433] [exthost] [warning] [Decorations] CAPPING events from decorations provider vscode.git 282
[2022-06-08 16:53:19.221] [exthost] [warning] [Decorations] CAPPING events from decorations provider vscode.git 282
[2022-06-08 16:53:29.569] [exthost] [warning] [Decorations] CAPPING events from decorations provider vscode.git 282
[2022-06-08 16:53:39.829] [exthost] [warning] [Decorations] CAPPING events from decorations provider vscode.git 282
[2022-06-08 16:53:49.617] [exthost] [warning] [Decorations] CAPPING events from decorations provider vscode.git 282
[2022-06-08 16:53:59.327] [exthost] [warning] [Decorations] CAPPING events from decorations provider vscode.git 282
[2022-06-08 16:54:09.819] [exthost] [warning] [Decorations] CAPPING events from decorations provider vscode.git 282
[2022-06-08 16:54:19.996] [exthost] [warning] [Decorations] CAPPING events from decorations provider vscode.git 282
[2022-06-08 16:54:29.995] [exthost] [warning] [Decorations] CAPPING events from decorations provider vscode.git 282
[2022-06-08 16:54:39.820] [exthost] [warning] [Decorations] CAPPING events from decorations provider vscode.git 282
[2022-06-08 16:54:49.739] [exthost] [warning] [Decorations] CAPPING events from decorations provider vscode.git 282
[2022-06-08 16:55:00.074] [exthost] [warning] [Decorations] CAPPING events from decorations provider vscode.git 282
[2022-06-08 16:55:10.067] [exthost] [warning] [Decorations] CAPPING events from decorations provider vscode.git 282
[2022-06-08 16:55:19.679] [exthost] [warning] [Decorations] CAPPING events from decorations provider vscode.git 282
[2022-06-08 16:55:29.357] [exthost] [warning] [Decorations] CAPPING events from decorations provider vscode.git 282
[2022-06-08 16:55:39.609] [exthost] [warning] [Decorations] CAPPING events from decorations provider vscode.git 282
[2022-06-08 16:55:49.773] [exthost] [warning] [Decorations] CAPPING events from decorations provider vscode.git 282
[2022-06-08 16:55:59.959] [exthost] [warning] [Decorations] CAPPING events from decorations provider vscode.git 282
[2022-06-08 16:56:09.670] [exthost] [warning] [Decorations] CAPPING events from decorations provider vscode.git 282
[2022-06-08 16:56:19.739] [exthost] [warning] [Decorations] CAPPING events from decorations provider vscode.git 282
[2022-06-08 16:56:30.490] [exthost] [warning] [Decorations] CAPPING events from decorations provider vscode.git 282
[2022-06-08 16:56:41.356] [exthost] [warning] [Decorations] CAPPING events from decorations provider vscode.git 282
[2022-06-08 16:56:51.158] [exthost] [warning] [Decorations] CAPPING events from decorations provider vscode.git 282
[2022-06-08 16:57:00.965] [exthost] [warning] [Decorations] CAPPING events from decorations provider vscode.git 282
[2022-06-08 16:57:10.993] [exthost] [warning] [Decorations] CAPPING events from decorations provider vscode.git 282
[2022-06-08 16:57:20.941] [exthost] [warning] [Decorations] CAPPING events from decorations provider vscode.git 282
[2022-06-08 16:57:30.631] [exthost] [warning] [Decorations] CAPPING events from decorations provider vscode.git 282
[2022-06-08 16:57:40.718] [exthost] [warning] [Decorations] CAPPING events from decorations provider vscode.git 282
[2022-06-08 16:57:50.458] [exthost] [warning] [Decorations] CAPPING events from decorations provider vscode.git 282
[2022-06-08 16:58:00.575] [exthost] [warning] [Decorations] CAPPING events from decorations provider vscode.git 282
[2022-06-08 16:58:10.383] [exthost] [warning] [Decorations] CAPPING events from decorations provider vscode.git 282
[2022-06-08 16:58:20.594] [exthost] [warning] [Decorations] CAPPING events from decorations provider vscode.git 282
[2022-06-08 16:58:30.617] [exthost] [warning] [Decorations] CAPPING events from decorations provider vscode.git 282
[2022-06-08 16:58:40.394] [exthost] [warning] [Decorations] CAPPING events from decorations provider vscode.git 282
[2022-06-08 16:58:50.853] [exthost] [warning] [Decorations] CAPPING events from decorations provider vscode.git 282
[2022-06-08 16:59:00.675] [exthost] [warning] [Decorations] CAPPING events from decorations provider vscode.git 282
[2022-06-08 16:59:10.556] [exthost] [warning] [Decorations] CAPPING events from decorations provider vscode.git 282
[2022-06-08 16:59:20.249] [exthost] [warning] [Decorations] CAPPING events from decorations provider vscode.git 282
[2022-06-08 16:59:30.009] [exthost] [warning] [Decorations] CAPPING events from decorations provider vscode.git 282
[2022-06-08 16:59:40.091] [exthost] [warning] [Decorations] CAPPING events from decorations provider vscode.git 282
[2022-06-08 16:59:50.073] [exthost] [warning] [Decorations] CAPPING events from decorations provider vscode.git 282
[2022-06-08 16:59:59.920] [exthost] [warning] [Decorations] CAPPING events from decorations provider vscode.git 282
[2022-06-08 17:00:10.007] [exthost] [warning] [Decorations] CAPPING events from decorations provider vscode.git 282
[2022-06-08 17:00:20.124] [exthost] [warning] [Decorations] CAPPING events from decorations provider vscode.git 282
[2022-06-08 17:00:30.204] [exthost] [warning] [Decorations] CAPPING events from decorations provider vscode.git 282
[2022-06-08 17:00:38.733] [exthost] [warning] [Decorations] CAPPING events from decorations provider vscode.git 282
[2022-06-08 17:00:47.297] [exthost] [warning] [Decorations] CAPPING events from decorations provider vscode.git 282
[2022-06-08 17:00:55.715] [exthost] [warning] [Decorations] CAPPING events from decorations provider vscode.git 282
[2022-06-08 17:01:04.228] [exthost] [warning] [Decorations] CAPPING events from decorations provider vscode.git 282
[2022-06-08 17:01:12.874] [exthost] [warning] [Decorations] CAPPING events from decorations provider vscode.git 282
[2022-06-08 17:01:21.482] [exthost] [warning] [Decorations] CAPPING events from decorations provider vscode.git 282
[2022-06-08 17:01:29.949] [exthost] [warning] [Decorations] CAPPING events from decorations provider vscode.git 282
[2022-06-08 17:01:38.531] [exthost] [warning] [Decorations] CAPPING events from decorations provider vscode.git 282
[2022-06-08 17:01:47.274] [exthost] [warning] [Decorations] CAPPING events from decorations provider vscode.git 282
[2022-06-08 17:01:56.078] [exthost] [warning] [Decorations] CAPPING events from decorations provider vscode.git 282
[2022-06-08 17:02:04.720] [exthost] [warning] [Decorations] CAPPING events from decorations provider vscode.git 282
[2022-06-08 17:02:13.525] [exthost] [warning] [Decorations] CAPPING events from decorations provider vscode.git 286
[2022-06-08 17:02:23.112] [exthost] [warning] [Decorations] CAPPING events from decorations provider vscode.git 286
[2022-06-08 17:02:31.595] [exthost] [warning] [Decorations] CAPPING events from decorations provider vscode.git 286
[2022-06-08 17:02:40.369] [exthost] [warning] [Decorations] CAPPING events from decorations provider vscode.git 286
[2022-06-08 17:02:49.095] [exthost] [warning] [Decorations] CAPPING events from decorations provider vscode.git 286
[2022-06-08 17:02:58.030] [exthost] [warning] [Decorations] CAPPING events from decorations provider vscode.git 286
[2022-06-08 17:03:06.869] [exthost] [warning] [Decorations] CAPPING events from decorations provider vscode.git 286
[2022-06-08 17:03:15.520] [exthost] [warning] [Decorations] CAPPING events from decorations provider vscode.git 286
[2022-06-08 17:03:24.184] [exthost] [warning] [Decorations] CAPPING events from decorations provider vscode.git 286
[2022-06-08 17:03:32.839] [exthost] [warning] [Decorations] CAPPING events from decorations provider vscode.git 286
[2022-06-08 17:03:42.002] [exthost] [warning] [Decorations] CAPPING events from decorations provider vscode.git 286
[2022-06-08 17:03:50.704] [exthost] [warning] [Decorations] CAPPING events from decorations provider vscode.git 286
[2022-06-08 17:03:59.537] [exthost] [warning] [Decorations] CAPPING events from decorations provider vscode.git 286
[2022-06-08 17:04:08.070] [exthost] [warning] [Decorations] CAPPING events from decorations provider vscode.git 286
[2022-06-08 17:04:16.616] [exthost] [warning] [Decorations] CAPPING events from decorations provider vscode.git 286
[2022-06-08 17:04:25.139] [exthost] [warning] [Decorations] CAPPING events from decorations provider vscode.git 286
[2022-06-08 17:04:33.726] [exthost] [warning] [Decorations] CAPPING events from decorations provider vscode.git 286
[2022-06-08 17:04:42.371] [exthost] [warning] [Decorations] CAPPING events from decorations provider vscode.git 286
[2022-06-08 17:04:51.132] [exthost] [warning] [Decorations] CAPPING events from decorations provider vscode.git 286
[2022-06-08 17:04:59.736] [exthost] [warning] [Decorations] CAPPING events from decorations provider vscode.git 286
[2022-06-08 17:05:08.600] [exthost] [warning] [Decorations] CAPPING events from decorations provider vscode.git 286
[2022-06-08 17:05:17.237] [exthost] [warning] [Decorations] CAPPING events from decorations provider vscode.git 286
[2022-06-08 17:05:25.943] [exthost] [warning] [Decorations] CAPPING events from decorations provider vscode.git 286
[2022-06-08 17:05:34.698] [exthost] [warning] [Decorations] CAPPING events from decorations provider vscode.git 286
[2022-06-08 17:05:43.277] [exthost] [warning] [Decorations] CAPPING events from decorations provider vscode.git 286
[2022-06-08 17:05:51.930] [exthost] [warning] [Decorations] CAPPING events from decorations provider vscode.git 286
[2022-06-08 17:06:00.615] [exthost] [warning] [Decorations] CAPPING events from decorations provider vscode.git 286
[2022-06-08 17:06:09.196] [exthost] [warning] [Decorations] CAPPING events from decorations provider vscode.git 286
[2022-06-08 17:06:17.858] [exthost] [warning] [Decorations] CAPPING events from decorations provider vscode.git 286
[2022-06-08 17:06:26.636] [exthost] [warning] [Decorations] CAPPING events from decorations provider vscode.git 290
[2022-06-08 17:06:35.590] [exthost] [warning] [Decorations] CAPPING events from decorations provider vscode.git 290
[2022-06-08 17:06:44.037] [exthost] [warning] [Decorations] CAPPING events from decorations provider vscode.git 290
[2022-06-08 17:06:52.698] [exthost] [warning] [Decorations] CAPPING events from decorations provider vscode.git 290
[2022-06-08 17:07:01.426] [exthost] [warning] [Decorations] CAPPING events from decorations provider vscode.git 290
[2022-06-08 17:07:10.117] [exthost] [warning] [Decorations] CAPPING events from decorations provider vscode.git 290
[2022-06-08 17:07:19.131] [exthost] [warning] [Decorations] CAPPING events from decorations provider vscode.git 290
[2022-06-08 17:07:28.207] [exthost] [warning] [Decorations] CAPPING events from decorations provider vscode.git 294
[2022-06-08 17:07:38.126] [exthost] [warning] [Decorations] CAPPING events from decorations provider vscode.git 294
[2022-06-08 17:07:48.057] [exthost] [warning] [Decorations] CAPPING events from decorations provider vscode.git 294
[2022-06-08 17:07:57.838] [exthost] [warning] [Decorations] CAPPING events from decorations provider vscode.git 294
[2022-06-08 17:08:06.576] [exthost] [warning] [Decorations] CAPPING events from decorations provider vscode.git 294
[2022-06-08 17:08:15.558] [exthost] [warning] [Decorations] CAPPING events from decorations provider vscode.git 294
[2022-06-08 17:08:25.521] [exthost] [warning] [Decorations] CAPPING events from decorations provider vscode.git 294
[2022-06-08 17:08:34.578] [exthost] [warning] [Decorations] CAPPING events from decorations provider vscode.git 294
[2022-06-08 17:08:43.480] [exthost] [warning] [Decorations] CAPPING events from decorations provider vscode.git 294
[2022-06-08 17:08:52.853] [exthost] [warning] [Decorations] CAPPING events from decorations provider vscode.git 294
[2022-06-08 17:09:02.768] [exthost] [warning] [Decorations] CAPPING events from decorations provider vscode.git 294
[2022-06-08 17:09:11.726] [exthost] [warning] [Decorations] CAPPING events from decorations provider vscode.git 294
[2022-06-08 17:09:20.594] [exthost] [warning] [Decorations] CAPPING events from decorations provider vscode.git 294
[2022-06-08 17:09:30.286] [exthost] [warning] [Decorations] CAPPING events from decorations provider vscode.git 294
[2022-06-08 17:09:40.385] [exthost] [warning] [Decorations] CAPPING events from decorations provider vscode.git 294
[2022-06-08 17:09:49.410] [exthost] [warning] [Decorations] CAPPING events from decorations provider vscode.git 294
[2022-06-08 17:09:58.543] [exthost] [warning] [Decorations] CAPPING events from decorations provider vscode.git 294
[2022-06-08 17:10:08.445] [exthost] [warning] [Decorations] CAPPING events from decorations provider vscode.git 294
[2022-06-08 17:10:18.571] [exthost] [warning] [Decorations] CAPPING events from decorations provider vscode.git 294
[2022-06-08 17:10:28.733] [exthost] [warning] [Decorations] CAPPING events from decorations provider vscode.git 294
[2022-06-08 17:10:39.026] [exthost] [warning] [Decorations] CAPPING events from decorations provider vscode.git 294
[2022-06-08 17:10:49.192] [exthost] [warning] [Decorations] CAPPING events from decorations provider vscode.git 294
[2022-06-08 17:10:57.904] [exthost] [warning] [Decorations] CAPPING events from decorations provider vscode.git 294
[2022-06-08 17:11:06.727] [exthost] [warning] [Decorations] CAPPING events from decorations provider vscode.git 294
[2022-06-08 17:11:15.499] [exthost] [warning] [Decorations] CAPPING events from decorations provider vscode.git 294
[2022-06-08 17:11:24.351] [exthost] [warning] [Decorations] CAPPING events from decorations provider vscode.git 294
[2022-06-08 17:11:33.316] [exthost] [warning] [Decorations] CAPPING events from decorations provider vscode.git 294
[2022-06-08 17:11:42.145] [exthost] [warning] [Decorations] CAPPING events from decorations provider vscode.git 294
[2022-06-08 17:11:50.815] [exthost] [warning] [Decorations] CAPPING events from decorations provider vscode.git 294
[2022-06-08 17:11:59.647] [exthost] [warning] [Decorations] CAPPING events from decorations provider vscode.git 294
[2022-06-08 17:12:08.431] [exthost] [warning] [Decorations] CAPPING events from decorations provider vscode.git 294
[2022-06-08 17:12:17.434] [exthost] [warning] [Decorations] CAPPING events from decorations provider vscode.git 294
[2022-06-08 17:12:26.813] [exthost] [warning] [Decorations] CAPPING events from decorations provider vscode.git 294
[2022-06-08 17:12:35.886] [exthost] [warning] [Decorations] CAPPING events from decorations provider vscode.git 294
[2022-06-08 17:12:45.001] [exthost] [warning] [Decorations] CAPPING events from decorations provider vscode.git 294
[2022-06-08 17:12:53.963] [exthost] [warning] [Decorations] CAPPING events from decorations provider vscode.git 294
[2022-06-08 17:13:02.936] [exthost] [warning] [Decorations] CAPPING events from decorations provider vscode.git 294
[2022-06-08 17:13:11.855] [exthost] [warning] [Decorations] CAPPING events from decorations provider vscode.git 294
[2022-06-08 17:13:20.744] [exthost] [warning] [Decorations] CAPPING events from decorations provider vscode.git 294
[2022-06-08 17:13:29.510] [exthost] [warning] [Decorations] CAPPING events from decorations provider vscode.git 294
[2022-06-08 17:13:38.359] [exthost] [warning] [Decorations] CAPPING events from decorations provider vscode.git 294
[2022-06-08 17:13:47.144] [exthost] [warning] [Decorations] CAPPING events from decorations provider vscode.git 294
[2022-06-08 17:13:55.992] [exthost] [warning] [Decorations] CAPPING events from decorations provider vscode.git 294
[2022-06-08 17:14:04.805] [exthost] [warning] [Decorations] CAPPING events from decorations provider vscode.git 294
[2022-06-08 17:14:13.633] [exthost] [warning] [Decorations] CAPPING events from decorations provider vscode.git 294
[2022-06-08 17:14:22.429] [exthost] [warning] [Decorations] CAPPING events from decorations provider vscode.git 294
[2022-06-08 17:14:31.242] [exthost] [warning] [Decorations] CAPPING events from decorations provider vscode.git 294
[2022-06-08 17:14:40.050] [exthost] [warning] [Decorations] CAPPING events from decorations provider vscode.git 294
[2022-06-08 17:14:48.992] [exthost] [warning] [Decorations] CAPPING events from decorations provider vscode.git 294
[2022-06-08 17:14:57.828] [exthost] [warning] [Decorations] CAPPING events from decorations provider vscode.git 294
[2022-06-08 17:15:06.691] [exthost] [warning] [Decorations] CAPPING events from decorations provider vscode.git 294
[2022-06-08 17:15:15.529] [exthost] [warning] [Decorations] CAPPING events from decorations provider vscode.git 294
[2022-06-08 17:15:24.309] [exthost] [warning] [Decorations] CAPPING events from decorations provider vscode.git 294
[2022-06-08 17:15:33.227] [exthost] [warning] [Decorations] CAPPING events from decorations provider vscode.git 294
[2022-06-08 17:15:41.997] [exthost] [warning] [Decorations] CAPPING events from decorations provider vscode.git 294
[2022-06-08 17:15:50.913] [exthost] [warning] [Decorations] CAPPING events from decorations provider vscode.git 294
[2022-06-08 17:15:59.692] [exthost] [warning] [Decorations] CAPPING events from decorations provider vscode.git 294
[2022-06-08 17:16:08.506] [exthost] [warning] [Decorations] CAPPING events from decorations provider vscode.git 294
[2022-06-08 17:16:17.345] [exthost] [warning] [Decorations] CAPPING events from decorations provider vscode.git 294
[2022-06-08 17:16:26.150] [exthost] [warning] [Decorations] CAPPING events from decorations provider vscode.git 294
[2022-06-08 17:16:35.037] [exthost] [warning] [Decorations] CAPPING events from decorations provider vscode.git 294
[2022-06-08 17:16:43.889] [exthost] [warning] [Decorations] CAPPING events from decorations provider vscode.git 294
[2022-06-08 17:16:52.938] [exthost] [warning] [Decorations] CAPPING events from decorations provider vscode.git 294
[2022-06-08 17:17:01.724] [exthost] [warning] [Decorations] CAPPING events from decorations provider vscode.git 294
[2022-06-08 17:17:10.554] [exthost] [warning] [Decorations] CAPPING events from decorations provider vscode.git 294
[2022-06-08 17:17:19.488] [exthost] [warning] [Decorations] CAPPING events from decorations provider vscode.git 294
[2022-06-08 17:17:28.300] [exthost] [warning] [Decorations] CAPPING events from decorations provider vscode.git 294
[2022-06-08 17:17:37.029] [exthost] [warning] [Decorations] CAPPING events from decorations provider vscode.git 294
[2022-06-08 17:17:45.905] [exthost] [warning] [Decorations] CAPPING events from decorations provider vscode.git 294
[2022-06-08 17:17:54.791] [exthost] [warning] [Decorations] CAPPING events from decorations provider vscode.git 294
[2022-06-08 17:18:03.636] [exthost] [warning] [Decorations] CAPPING events from decorations provider vscode.git 294
[2022-06-08 17:18:12.533] [exthost] [warning] [Decorations] CAPPING events from decorations provider vscode.git 294
[2022-06-08 17:18:21.194] [exthost] [warning] [Decorations] CAPPING events from decorations provider vscode.git 294
[2022-06-08 17:18:30.064] [exthost] [warning] [Decorations] CAPPING events from decorations provider vscode.git 294
[2022-06-08 17:18:39.323] [exthost] [warning] [Decorations] CAPPING events from decorations provider vscode.git 294
[2022-06-08 17:18:48.853] [exthost] [warning] [Decorations] CAPPING events from decorations provider vscode.git 294
[2022-06-08 17:18:58.085] [exthost] [warning] [Decorations] CAPPING events from decorations provider vscode.git 294
[2022-06-08 17:19:07.278] [exthost] [warning] [Decorations] CAPPING events from decorations provider vscode.git 298
[2022-06-08 17:19:16.605] [exthost] [warning] [Decorations] CAPPING events from decorations provider vscode.git 298
[2022-06-08 17:19:25.877] [exthost] [warning] [Decorations] CAPPING events from decorations provider vscode.git 298
[2022-06-08 17:19:35.210] [exthost] [warning] [Decorations] CAPPING events from decorations provider vscode.git 298
[2022-06-08 17:19:45.381] [exthost] [warning] [Decorations] CAPPING events from decorations provider vscode.git 298
[2022-06-08 17:19:54.973] [exthost] [warning] [Decorations] CAPPING events from decorations provider vscode.git 298
[2022-06-08 17:20:03.792] [exthost] [warning] [Decorations] CAPPING events from decorations provider vscode.git 298
[2022-06-08 17:20:12.940] [exthost] [warning] [Decorations] CAPPING events from decorations provider vscode.git 298
[2022-06-08 17:20:22.977] [exthost] [warning] [Decorations] CAPPING events from decorations provider vscode.git 298
[2022-06-08 17:20:31.914] [exthost] [warning] [Decorations] CAPPING events from decorations provider vscode.git 298
[2022-06-08 17:20:40.733] [exthost] [warning] [Decorations] CAPPING events from decorations provider vscode.git 298
[2022-06-08 17:20:50.417] [exthost] [warning] [Decorations] CAPPING events from decorations provider vscode.git 298
[2022-06-08 17:21:00.491] [exthost] [warning] [Decorations] CAPPING events from decorations provider vscode.git 298
[2022-06-08 17:21:09.458] [exthost] [warning] [Decorations] CAPPING events from decorations provider vscode.git 298
[2022-06-08 17:21:18.402] [exthost] [warning] [Decorations] CAPPING events from decorations provider vscode.git 298
[2022-06-08 17:21:28.110] [exthost] [warning] [Decorations] CAPPING events from decorations provider vscode.git 298
[2022-06-08 17:21:38.135] [exthost] [warning] [Decorations] CAPPING events from decorations provider vscode.git 298
[2022-06-08 17:21:47.161] [exthost] [warning] [Decorations] CAPPING events from decorations provider vscode.git 298
[2022-06-08 17:21:56.185] [exthost] [warning] [Decorations] CAPPING events from decorations provider vscode.git 298
[2022-06-08 17:22:06.025] [exthost] [warning] [Decorations] CAPPING events from decorations provider vscode.git 298
[2022-06-08 17:22:15.789] [exthost] [warning] [Decorations] CAPPING events from decorations provider vscode.git 298
[2022-06-08 17:22:24.337] [exthost] [warning] [Decorations] CAPPING events from decorations provider vscode.git 298
[2022-06-08 17:22:33.282] [exthost] [warning] [Decorations] CAPPING events from decorations provider vscode.git 298
[2022-06-08 17:22:43.149] [exthost] [warning] [Decorations] CAPPING events from decorations provider vscode.git 298
[2022-06-08 17:22:52.239] [exthost] [warning] [Decorations] CAPPING events from decorations provider vscode.git 298
[2022-06-08 17:23:01.184] [exthost] [warning] [Decorations] CAPPING events from decorations provider vscode.git 298
[2022-06-08 17:23:10.573] [exthost] [warning] [Decorations] CAPPING events from decorations provider vscode.git 298
[2022-06-08 17:35:05.869] [exthost] [warning] [Decorations] CAPPING events from decorations provider vscode.git 298
[2022-06-08 17:35:14.292] [exthost] [warning] [Decorations] CAPPING events from decorations provider vscode.git 298
[2022-06-08 17:35:22.876] [exthost] [warning] [Decorations] CAPPING events from decorations provider vscode.git 298
[2022-06-08 17:35:31.331] [exthost] [warning] [Decorations] CAPPING events from decorations provider vscode.git 298
[2022-06-08 17:35:39.793] [exthost] [warning] [Decorations] CAPPING events from decorations provider vscode.git 298
[2022-06-08 17:35:48.246] [exthost] [warning] [Decorations] CAPPING events from decorations provider vscode.git 298
[2022-06-08 17:35:56.848] [exthost] [warning] [Decorations] CAPPING events from decorations provider vscode.git 298
[2022-06-08 17:36:05.269] [exthost] [warning] [Decorations] CAPPING events from decorations provider vscode.git 298
[2022-06-08 17:36:13.791] [exthost] [warning] [Decorations] CAPPING events from decorations provider vscode.git 298
[2022-06-08 17:36:22.271] [exthost] [warning] [Decorations] CAPPING events from decorations provider vscode.git 298
[2022-06-08 17:36:30.959] [exthost] [warning] [Decorations] CAPPING events from decorations provider vscode.git 298
[2022-06-08 17:36:39.469] [exthost] [warning] [Decorations] CAPPING events from decorations provider vscode.git 298
[2022-06-08 17:36:47.990] [exthost] [warning] [Decorations] CAPPING events from decorations provider vscode.git 298
[2022-06-08 17:36:56.517] [exthost] [warning] [Decorations] CAPPING events from decorations provider vscode.git 298
[2022-06-08 17:37:05.084] [exthost] [warning] [Decorations] CAPPING events from decorations provider vscode.git 298
[2022-06-08 17:37:13.578] [exthost] [warning] [Decorations] CAPPING events from decorations provider vscode.git 298
[2022-06-08 17:37:22.266] [exthost] [warning] [Decorations] CAPPING events from decorations provider vscode.git 298
[2022-06-08 17:37:31.037] [exthost] [warning] [Decorations] CAPPING events from decorations provider vscode.git 298
[2022-06-08 17:37:40.223] [exthost] [warning] [Decorations] CAPPING events from decorations provider vscode.git 298
[2022-06-08 17:37:52.744] [exthost] [warning] [Decorations] CAPPING events from decorations provider vscode.git 298
[2022-06-08 17:38:01.560] [exthost] [warning] [Decorations] CAPPING events from decorations provider vscode.git 298
[2022-06-08 17:38:10.335] [exthost] [warning] [Decorations] CAPPING events from decorations provider vscode.git 298
[2022-06-08 17:38:19.246] [exthost] [warning] [Decorations] CAPPING events from decorations provider vscode.git 298
[2022-06-08 17:38:28.063] [exthost] [warning] [Decorations] CAPPING events from decorations provider vscode.git 298
[2022-06-08 17:38:37.037] [exthost] [warning] [Decorations] CAPPING events from decorations provider vscode.git 298
[2022-06-08 17:38:46.062] [exthost] [warning] [Decorations] CAPPING events from decorations provider vscode.git 298
[2022-06-08 17:38:54.933] [exthost] [warning] [Decorations] CAPPING events from decorations provider vscode.git 298
[2022-06-08 17:39:03.736] [exthost] [warning] [Decorations] CAPPING events from decorations provider vscode.git 298
[2022-06-08 17:39:12.609] [exthost] [warning] [Decorations] CAPPING events from decorations provider vscode.git 298
[2022-06-08 17:39:21.388] [exthost] [warning] [Decorations] CAPPING events from decorations provider vscode.git 298
[2022-06-08 17:39:30.233] [exthost] [warning] [Decorations] CAPPING events from decorations provider vscode.git 298
[2022-06-08 17:39:39.263] [exthost] [warning] [Decorations] CAPPING events from decorations provider vscode.git 298
[2022-06-08 17:39:48.300] [exthost] [warning] [Decorations] CAPPING events from decorations provider vscode.git 298
[2022-06-08 17:39:57.134] [exthost] [warning] [Decorations] CAPPING events from decorations provider vscode.git 298
[2022-06-08 17:40:06.137] [exthost] [warning] [Decorations] CAPPING events from decorations provider vscode.git 298
[2022-06-08 17:40:15.170] [exthost] [warning] [Decorations] CAPPING events from decorations provider vscode.git 298
[2022-06-08 17:40:24.041] [exthost] [warning] [Decorations] CAPPING events from decorations provider vscode.git 298
[2022-06-08 17:40:32.882] [exthost] [warning] [Decorations] CAPPING events from decorations provider vscode.git 298
[2022-06-08 17:40:41.818] [exthost] [warning] [Decorations] CAPPING events from decorations provider vscode.git 298
[2022-06-08 17:40:50.785] [exthost] [warning] [Decorations] CAPPING events from decorations provider vscode.git 298
[2022-06-08 17:40:59.742] [exthost] [warning] [Decorations] CAPPING events from decorations provider vscode.git 298
[2022-06-08 17:41:08.729] [exthost] [warning] [Decorations] CAPPING events from decorations provider vscode.git 298
[2022-06-08 17:41:17.538] [exthost] [warning] [Decorations] CAPPING events from decorations provider vscode.git 298
[2022-06-08 17:41:26.544] [exthost] [warning] [Decorations] CAPPING events from decorations provider vscode.git 298
[2022-06-08 17:41:35.604] [exthost] [warning] [Decorations] CAPPING events from decorations provider vscode.git 298
[2022-06-08 17:41:44.812] [exthost] [warning] [Decorations] CAPPING events from decorations provider vscode.git 298
[2022-06-08 17:41:53.802] [exthost] [warning] [Decorations] CAPPING events from decorations provider vscode.git 298
[2022-06-08 17:42:02.775] [exthost] [warning] [Decorations] CAPPING events from decorations provider vscode.git 298
[2022-06-08 17:42:11.968] [exthost] [warning] [Decorations] CAPPING events from decorations provider vscode.git 298
[2022-06-08 17:42:21.047] [exthost] [warning] [Decorations] CAPPING events from decorations provider vscode.git 298
[2022-06-08 17:42:30.142] [exthost] [warning] [Decorations] CAPPING events from decorations provider vscode.git 298
[2022-06-08 17:42:39.098] [exthost] [warning] [Decorations] CAPPING events from decorations provider vscode.git 298
[2022-06-08 17:42:48.001] [exthost] [warning] [Decorations] CAPPING events from decorations provider vscode.git 298
[2022-06-08 17:42:56.993] [exthost] [warning] [Decorations] CAPPING events from decorations provider vscode.git 302
[2022-06-08 17:43:06.218] [exthost] [warning] [Decorations] CAPPING events from decorations provider vscode.git 306
[2022-06-08 17:43:15.639] [exthost] [warning] [Decorations] CAPPING events from decorations provider vscode.git 306
[2022-06-08 17:43:25.522] [exthost] [warning] [Decorations] CAPPING events from decorations provider vscode.git 306
[2022-06-08 17:43:35.618] [exthost] [warning] [Decorations] CAPPING events from decorations provider vscode.git 306
[2022-06-08 17:43:45.892] [exthost] [warning] [Decorations] CAPPING events from decorations provider vscode.git 306
[2022-06-08 17:43:55.873] [exthost] [warning] [Decorations] CAPPING events from decorations provider vscode.git 306
[2022-06-08 17:44:05.983] [exthost] [warning] [Decorations] CAPPING events from decorations provider vscode.git 306
[2022-06-08 17:44:15.164] [exthost] [warning] [Decorations] CAPPING events from decorations provider vscode.git 306
[2022-06-08 17:44:25.293] [exthost] [warning] [Decorations] CAPPING events from decorations provider vscode.git 306
[2022-06-08 17:44:35.455] [exthost] [warning] [Decorations] CAPPING events from decorations provider vscode.git 306
[2022-06-08 17:44:44.644] [exthost] [warning] [Decorations] CAPPING events from decorations provider vscode.git 306
[2022-06-08 17:44:54.926] [exthost] [warning] [Decorations] CAPPING events from decorations provider vscode.git 306
[2022-06-08 17:45:04.929] [exthost] [warning] [Decorations] CAPPING events from decorations provider vscode.git 306
[2022-06-08 17:45:14.884] [exthost] [warning] [Decorations] CAPPING events from decorations provider vscode.git 306
[2022-06-08 17:45:25.046] [exthost] [warning] [Decorations] CAPPING events from decorations provider vscode.git 306
[2022-06-08 17:45:33.875] [exthost] [warning] [Decorations] CAPPING events from decorations provider vscode.git 306
[2022-06-08 17:45:44.010] [exthost] [warning] [Decorations] CAPPING events from decorations provider vscode.git 306
[2022-06-08 17:45:54.197] [exthost] [warning] [Decorations] CAPPING events from decorations provider vscode.git 306
[2022-06-08 17:46:03.589] [exthost] [warning] [Decorations] CAPPING events from decorations provider vscode.git 306
[2022-06-08 17:46:13.685] [exthost] [warning] [Decorations] CAPPING events from decorations provider vscode.git 306
[2022-06-08 17:46:23.808] [exthost] [warning] [Decorations] CAPPING events from decorations provider vscode.git 306
[2022-06-08 17:46:33.903] [exthost] [warning] [Decorations] CAPPING events from decorations provider vscode.git 306
[2022-06-08 17:46:44.043] [exthost] [warning] [Decorations] CAPPING events from decorations provider vscode.git 306
[2022-06-08 17:46:52.989] [exthost] [warning] [Decorations] CAPPING events from decorations provider vscode.git 306
[2022-06-08 17:47:03.227] [exthost] [warning] [Decorations] CAPPING events from decorations provider vscode.git 306
[2022-06-08 17:47:13.534] [exthost] [warning] [Decorations] CAPPING events from decorations provider vscode.git 306
[2022-06-08 17:47:23.633] [exthost] [warning] [Decorations] CAPPING events from decorations provider vscode.git 306
[2022-06-08 17:47:33.718] [exthost] [warning] [Decorations] CAPPING events from decorations provider vscode.git 306
[2022-06-08 17:47:42.968] [exthost] [warning] [Decorations] CAPPING events from decorations provider vscode.git 306
[2022-06-08 17:47:53.074] [exthost] [warning] [Decorations] CAPPING events from decorations provider vscode.git 306
[2022-06-08 17:48:03.233] [exthost] [warning] [Decorations] CAPPING events from decorations provider vscode.git 306
[2022-06-08 17:48:12.463] [exthost] [warning] [Decorations] CAPPING events from decorations provider vscode.git 306
[2022-06-08 17:48:22.529] [exthost] [warning] [Decorations] CAPPING events from decorations provider vscode.git 306
[2022-06-08 17:48:32.544] [exthost] [warning] [Decorations] CAPPING events from decorations provider vscode.git 306
[2022-06-08 17:48:42.593] [exthost] [warning] [Decorations] CAPPING events from decorations provider vscode.git 306
[2022-06-08 17:48:52.657] [exthost] [warning] [Decorations] CAPPING events from decorations provider vscode.git 306
[2022-06-08 17:49:01.623] [exthost] [warning] [Decorations] CAPPING events from decorations provider vscode.git 306
[2022-06-08 17:49:11.785] [exthost] [warning] [Decorations] CAPPING events from decorations provider vscode.git 306
[2022-06-08 17:49:21.810] [exthost] [warning] [Decorations] CAPPING events from decorations provider vscode.git 306
[2022-06-08 17:49:30.858] [exthost] [warning] [Decorations] CAPPING events from decorations provider vscode.git 306
[2022-06-08 17:49:40.927] [exthost] [warning] [Decorations] CAPPING events from decorations provider vscode.git 306
[2022-06-08 17:49:50.980] [exthost] [warning] [Decorations] CAPPING events from decorations provider vscode.git 306
[2022-06-08 17:50:01.069] [exthost] [warning] [Decorations] CAPPING events from decorations provider vscode.git 306
[2022-06-08 17:50:11.267] [exthost] [warning] [Decorations] CAPPING events from decorations provider vscode.git 306
[2022-06-08 17:50:20.271] [exthost] [warning] [Decorations] CAPPING events from decorations provider vscode.git 306
[2022-06-08 17:50:30.463] [exthost] [warning] [Decorations] CAPPING events from decorations provider vscode.git 306
[2022-06-08 17:50:40.664] [exthost] [warning] [Decorations] CAPPING events from decorations provider vscode.git 306
[2022-06-08 17:50:50.390] [exthost] [warning] [Decorations] CAPPING events from decorations provider vscode.git 306
[2022-06-08 17:51:00.448] [exthost] [warning] [Decorations] CAPPING events from decorations provider vscode.git 306
[2022-06-08 17:51:10.480] [exthost] [warning] [Decorations] CAPPING events from decorations provider vscode.git 306
[2022-06-08 17:51:20.552] [exthost] [warning] [Decorations] CAPPING events from decorations provider vscode.git 306
[2022-06-08 17:51:30.635] [exthost] [warning] [Decorations] CAPPING events from decorations provider vscode.git 306
[2022-06-08 17:51:39.741] [exthost] [warning] [Decorations] CAPPING events from decorations provider vscode.git 306
[2022-06-08 17:51:49.810] [exthost] [warning] [Decorations] CAPPING events from decorations provider vscode.git 306
[2022-06-08 17:51:59.844] [exthost] [warning] [Decorations] CAPPING events from decorations provider vscode.git 306
[2022-06-08 17:52:09.768] [exthost] [warning] [Decorations] CAPPING events from decorations provider vscode.git 306
[2022-06-08 17:52:19.858] [exthost] [warning] [Decorations] CAPPING events from decorations provider vscode.git 306
[2022-06-08 17:52:29.560] [exthost] [warning] [Decorations] CAPPING events from decorations provider vscode.git 306
[2022-06-08 17:52:39.634] [exthost] [warning] [Decorations] CAPPING events from decorations provider vscode.git 306
[2022-06-08 17:52:49.667] [exthost] [warning] [Decorations] CAPPING events from decorations provider vscode.git 306
[2022-06-08 17:52:58.636] [exthost] [warning] [Decorations] CAPPING events from decorations provider vscode.git 306
[2022-06-08 17:53:08.797] [exthost] [warning] [Decorations] CAPPING events from decorations provider vscode.git 306
[2022-06-08 17:53:18.923] [exthost] [warning] [Decorations] CAPPING events from decorations provider vscode.git 306
[2022-06-08 17:53:28.838] [exthost] [warning] [Decorations] CAPPING events from decorations provider vscode.git 306
[2022-06-08 17:53:39.070] [exthost] [warning] [Decorations] CAPPING events from decorations provider vscode.git 306
[2022-06-08 17:53:48.062] [exthost] [warning] [Decorations] CAPPING events from decorations provider vscode.git 306
[2022-06-08 17:53:58.067] [exthost] [warning] [Decorations] CAPPING events from decorations provider vscode.git 306
[2022-06-08 17:54:08.250] [exthost] [warning] [Decorations] CAPPING events from decorations provider vscode.git 306
[2022-06-08 17:54:17.246] [exthost] [warning] [Decorations] CAPPING events from decorations provider vscode.git 306
[2022-06-08 17:54:27.379] [exthost] [warning] [Decorations] CAPPING events from decorations provider vscode.git 306
[2022-06-08 17:54:37.323] [exthost] [warning] [Decorations] CAPPING events from decorations provider vscode.git 306
[2022-06-08 17:54:47.334] [exthost] [warning] [Decorations] CAPPING events from decorations provider vscode.git 306
[2022-06-08 17:54:57.408] [exthost] [warning] [Decorations] CAPPING events from decorations provider vscode.git 306
[2022-06-08 17:55:06.384] [exthost] [warning] [Decorations] CAPPING events from decorations provider vscode.git 306
[2022-06-08 17:55:16.591] [exthost] [warning] [Decorations] CAPPING events from decorations provider vscode.git 306
[2022-06-08 17:55:26.548] [exthost] [warning] [Decorations] CAPPING events from decorations provider vscode.git 306
[2022-06-08 18:02:22.005] [exthost] [warning] [Decorations] CAPPING events from decorations provider vscode.git 306
[2022-06-08 18:02:32.112] [exthost] [warning] [Decorations] CAPPING events from decorations provider vscode.git 306
[2022-06-08 18:02:42.166] [exthost] [warning] [Decorations] CAPPING events from decorations provider vscode.git 306
[2022-06-08 18:02:52.130] [exthost] [warning] [Decorations] CAPPING events from decorations provider vscode.git 306
[2022-06-08 18:03:02.292] [exthost] [warning] [Decorations] CAPPING events from decorations provider vscode.git 306
[2022-06-08 18:03:12.351] [exthost] [warning] [Decorations] CAPPING events from decorations provider vscode.git 306
[2022-06-08 18:03:22.440] [exthost] [warning] [Decorations] CAPPING events from decorations provider vscode.git 306
[2022-06-08 18:03:32.449] [exthost] [warning] [Decorations] CAPPING events from decorations provider vscode.git 306
[2022-06-08 18:03:42.613] [exthost] [warning] [Decorations] CAPPING events from decorations provider vscode.git 306
[2022-06-08 18:03:52.843] [exthost] [warning] [Decorations] CAPPING events from decorations provider vscode.git 306
[2022-06-08 18:04:02.911] [exthost] [warning] [Decorations] CAPPING events from decorations provider vscode.git 306
[2022-06-08 18:04:13.009] [exthost] [warning] [Decorations] CAPPING events from decorations provider vscode.git 306
[2022-06-08 18:04:23.183] [exthost] [warning] [Decorations] CAPPING events from decorations provider vscode.git 306
[2022-06-08 18:04:33.183] [exthost] [warning] [Decorations] CAPPING events from decorations provider vscode.git 306
[2022-06-08 18:04:43.117] [exthost] [warning] [Decorations] CAPPING events from decorations provider vscode.git 306
[2022-06-08 18:04:53.048] [exthost] [warning] [Decorations] CAPPING events from decorations provider vscode.git 306
[2022-06-08 18:05:03.202] [exthost] [warning] [Decorations] CAPPING events from decorations provider vscode.git 306
[2022-06-08 18:05:13.181] [exthost] [warning] [Decorations] CAPPING events from decorations provider vscode.git 306
[2022-06-08 18:05:23.171] [exthost] [warning] [Decorations] CAPPING events from decorations provider vscode.git 306
[2022-06-08 18:05:33.199] [exthost] [warning] [Decorations] CAPPING events from decorations provider vscode.git 306
[2022-06-08 18:05:43.183] [exthost] [warning] [Decorations] CAPPING events from decorations provider vscode.git 306
[2022-06-08 18:05:53.330] [exthost] [warning] [Decorations] CAPPING events from decorations provider vscode.git 306
[2022-06-08 18:06:03.337] [exthost] [warning] [Decorations] CAPPING events from decorations provider vscode.git 306
[2022-06-08 18:06:13.391] [exthost] [warning] [Decorations] CAPPING events from decorations provider vscode.git 306
[2022-06-08 18:06:23.489] [exthost] [warning] [Decorations] CAPPING events from decorations provider vscode.git 306
[2022-06-08 18:06:33.606] [exthost] [warning] [Decorations] CAPPING events from decorations provider vscode.git 306
[2022-06-08 18:06:43.659] [exthost] [warning] [Decorations] CAPPING events from decorations provider vscode.git 306
[2022-06-08 18:06:53.827] [exthost] [warning] [Decorations] CAPPING events from decorations provider vscode.git 306
[2022-06-08 18:07:03.760] [exthost] [warning] [Decorations] CAPPING events from decorations provider vscode.git 306
[2022-06-08 18:07:13.892] [exthost] [warning] [Decorations] CAPPING events from decorations provider vscode.git 306
[2022-06-08 18:07:24.003] [exthost] [warning] [Decorations] CAPPING events from decorations provider vscode.git 306
[2022-06-08 18:07:34.067] [exthost] [warning] [Decorations] CAPPING events from decorations provider vscode.git 306
[2022-06-08 18:07:44.296] [exthost] [warning] [Decorations] CAPPING events from decorations provider vscode.git 306
[2022-06-08 18:07:54.497] [exthost] [warning] [Decorations] CAPPING events from decorations provider vscode.git 306
[2022-06-08 18:08:04.615] [exthost] [warning] [Decorations] CAPPING events from decorations provider vscode.git 306
[2022-06-08 18:08:14.600] [exthost] [warning] [Decorations] CAPPING events from decorations provider vscode.git 306
[2022-06-08 18:08:24.609] [exthost] [warning] [Decorations] CAPPING events from decorations provider vscode.git 306
[2022-06-08 18:08:34.669] [exthost] [warning] [Decorations] CAPPING events from decorations provider vscode.git 306
[2022-06-08 18:08:44.917] [exthost] [warning] [Decorations] CAPPING events from decorations provider vscode.git 306
[2022-06-08 18:08:55.002] [exthost] [warning] [Decorations] CAPPING events from decorations provider vscode.git 306
[2022-06-08 18:09:05.101] [exthost] [warning] [Decorations] CAPPING events from decorations provider vscode.git 306
[2022-06-08 18:09:15.258] [exthost] [warning] [Decorations] CAPPING events from decorations provider vscode.git 306
[2022-06-08 18:09:25.407] [exthost] [warning] [Decorations] CAPPING events from decorations provider vscode.git 306
[2022-06-08 18:09:35.380] [exthost] [warning] [Decorations] CAPPING events from decorations provider vscode.git 306
[2022-06-08 18:09:45.409] [exthost] [warning] [Decorations] CAPPING events from decorations provider vscode.git 306
[2022-06-08 18:09:55.399] [exthost] [warning] [Decorations] CAPPING events from decorations provider vscode.git 306
[2022-06-08 18:10:05.479] [exthost] [warning] [Decorations] CAPPING events from decorations provider vscode.git 306
[2022-06-08 18:10:15.741] [exthost] [warning] [Decorations] CAPPING events from decorations provider vscode.git 306
[2022-06-08 18:10:25.836] [exthost] [warning] [Decorations] CAPPING events from decorations provider vscode.git 306
[2022-06-08 18:10:35.987] [exthost] [warning] [Decorations] CAPPING events from decorations provider vscode.git 306
[2022-06-08 18:10:46.087] [exthost] [warning] [Decorations] CAPPING events from decorations provider vscode.git 306
[2022-06-08 18:10:56.226] [exthost] [warning] [Decorations] CAPPING events from decorations provider vscode.git 306
[2022-06-08 18:11:06.360] [exthost] [warning] [Decorations] CAPPING events from decorations provider vscode.git 306
[2022-06-08 18:11:16.366] [exthost] [warning] [Decorations] CAPPING events from decorations provider vscode.git 306
[2022-06-08 18:11:26.483] [exthost] [warning] [Decorations] CAPPING events from decorations provider vscode.git 306
[2022-06-08 18:11:36.611] [exthost] [warning] [Decorations] CAPPING events from decorations provider vscode.git 306
[2022-06-08 18:11:46.677] [exthost] [warning] [Decorations] CAPPING events from decorations provider vscode.git 306
[2022-06-08 18:11:56.652] [exthost] [warning] [Decorations] CAPPING events from decorations provider vscode.git 306
[2022-06-08 18:12:06.684] [exthost] [warning] [Decorations] CAPPING events from decorations provider vscode.git 306
[2022-06-08 18:12:16.737] [exthost] [warning] [Decorations] CAPPING events from decorations provider vscode.git 306
[2022-06-08 18:12:26.749] [exthost] [warning] [Decorations] CAPPING events from decorations provider vscode.git 306
[2022-06-08 18:12:35.359] [exthost] [warning] [Decorations] CAPPING events from decorations provider vscode.git 306
[2022-06-08 18:12:43.930] [exthost] [warning] [Decorations] CAPPING events from decorations provider vscode.git 306
[2022-06-08 18:12:52.345] [exthost] [warning] [Decorations] CAPPING events from decorations provider vscode.git 306
[2022-06-08 18:13:00.865] [exthost] [warning] [Decorations] CAPPING events from decorations provider vscode.git 306
[2022-06-08 18:13:09.323] [exthost] [warning] [Decorations] CAPPING events from decorations provider vscode.git 306
[2022-06-08 18:13:17.779] [exthost] [warning] [Decorations] CAPPING events from decorations provider vscode.git 306
[2022-06-08 18:13:26.361] [exthost] [warning] [Decorations] CAPPING events from decorations provider vscode.git 306
[2022-06-08 18:13:34.810] [exthost] [warning] [Decorations] CAPPING events from decorations provider vscode.git 306
[2022-06-08 18:13:43.291] [exthost] [warning] [Decorations] CAPPING events from decorations provider vscode.git 306
[2022-06-08 18:13:51.921] [exthost] [warning] [Decorations] CAPPING events from decorations provider vscode.git 306
[2022-06-08 18:14:00.448] [exthost] [warning] [Decorations] CAPPING events from decorations provider vscode.git 306
[2022-06-08 18:14:08.868] [exthost] [warning] [Decorations] CAPPING events from decorations provider vscode.git 306
[2022-06-08 18:14:17.465] [exthost] [warning] [Decorations] CAPPING events from decorations provider vscode.git 306
[2022-06-08 18:14:26.011] [exthost] [warning] [Decorations] CAPPING events from decorations provider vscode.git 306
[2022-06-08 18:14:34.539] [exthost] [warning] [Decorations] CAPPING events from decorations provider vscode.git 306
[2022-06-08 18:14:43.140] [exthost] [warning] [Decorations] CAPPING events from decorations provider vscode.git 306
[2022-06-08 18:14:51.731] [exthost] [warning] [Decorations] CAPPING events from decorations provider vscode.git 306
[2022-06-08 18:15:00.328] [exthost] [warning] [Decorations] CAPPING events from decorations provider vscode.git 306
[2022-06-08 18:15:08.930] [exthost] [warning] [Decorations] CAPPING events from decorations provider vscode.git 306
[2022-06-08 18:15:17.605] [exthost] [warning] [Decorations] CAPPING events from decorations provider vscode.git 306
[2022-06-08 18:15:26.162] [exthost] [warning] [Decorations] CAPPING events from decorations provider vscode.git 306
[2022-06-08 18:15:34.689] [exthost] [warning] [Decorations] CAPPING events from decorations provider vscode.git 306
[2022-06-08 18:15:43.257] [exthost] [warning] [Decorations] CAPPING events from decorations provider vscode.git 306
[2022-06-08 18:15:51.925] [exthost] [warning] [Decorations] CAPPING events from decorations provider vscode.git 306
[2022-06-08 18:16:00.526] [exthost] [warning] [Decorations] CAPPING events from decorations provider vscode.git 306
[2022-06-08 18:16:09.025] [exthost] [warning] [Decorations] CAPPING events from decorations provider vscode.git 306
[2022-06-08 18:16:17.507] [exthost] [warning] [Decorations] CAPPING events from decorations provider vscode.git 306
[2022-06-08 18:16:26.074] [exthost] [warning] [Decorations] CAPPING events from decorations provider vscode.git 306
[2022-06-08 18:16:34.762] [exthost] [warning] [Decorations] CAPPING events from decorations provider vscode.git 306
[2022-06-08 18:16:43.299] [exthost] [warning] [Decorations] CAPPING events from decorations provider vscode.git 306
[2022-06-08 18:16:51.876] [exthost] [warning] [Decorations] CAPPING events from decorations provider vscode.git 306
[2022-06-08 18:17:00.228] [exthost] [warning] [Decorations] CAPPING events from decorations provider vscode.git 306
[2022-06-08 18:17:08.594] [exthost] [warning] [Decorations] CAPPING events from decorations provider vscode.git 306
[2022-06-08 18:17:17.132] [exthost] [warning] [Decorations] CAPPING events from decorations provider vscode.git 306
[2022-06-08 18:17:25.816] [exthost] [warning] [Decorations] CAPPING events from decorations provider vscode.git 306
[2022-06-08 18:17:34.405] [exthost] [warning] [Decorations] CAPPING events from decorations provider vscode.git 306
[2022-06-08 18:17:43.033] [exthost] [warning] [Decorations] CAPPING events from decorations provider vscode.git 306
[2022-06-08 18:17:51.684] [exthost] [warning] [Decorations] CAPPING events from decorations provider vscode.git 306
[2022-06-08 18:17:53.175] [exthost] [error] [ms-python.python] provider FAILED
[2022-06-08 18:17:53.175] [exthost] [error] Error: DisposableStore is missing...
	at G._convertCompletionItem (/tmp/code-server-4.2.0-linux-amd64/lib/vscode/out/vs/workbench/services/extensions/node/extensionHostProcess.js:93:105486)
	at G.resolveCompletionItem (/tmp/code-server-4.2.0-linux-amd64/lib/vscode/out/vs/workbench/services/extensions/node/extensionHostProcess.js:93:105266)
[2022-06-08 18:18:00.419] [exthost] [warning] [Decorations] CAPPING events from decorations provider vscode.git 306
[2022-06-08 18:18:09.244] [exthost] [warning] [Decorations] CAPPING events from decorations provider vscode.git 306
[2022-06-08 18:18:18.065] [exthost] [warning] [Decorations] CAPPING events from decorations provider vscode.git 306
[2022-06-08 18:18:27.021] [exthost] [warning] [Decorations] CAPPING events from decorations provider vscode.git 306
[2022-06-08 18:18:35.815] [exthost] [warning] [Decorations] CAPPING events from decorations provider vscode.git 306
[2022-06-08 18:18:44.389] [exthost] [warning] [Decorations] CAPPING events from decorations provider vscode.git 306
[2022-06-08 18:18:52.941] [exthost] [warning] [Decorations] CAPPING events from decorations provider vscode.git 306
[2022-06-08 18:19:01.672] [exthost] [warning] [Decorations] CAPPING events from decorations provider vscode.git 306
[2022-06-08 18:19:10.357] [exthost] [warning] [Decorations] CAPPING events from decorations provider vscode.git 306
[2022-06-08 18:19:19.205] [exthost] [warning] [Decorations] CAPPING events from decorations provider vscode.git 306
[2022-06-08 18:19:27.901] [exthost] [warning] [Decorations] CAPPING events from decorations provider vscode.git 306
[2022-06-08 18:19:36.758] [exthost] [warning] [Decorations] CAPPING events from decorations provider vscode.git 306
[2022-06-08 18:19:45.515] [exthost] [warning] [Decorations] CAPPING events from decorations provider vscode.git 306
[2022-06-08 18:19:54.244] [exthost] [warning] [Decorations] CAPPING events from decorations provider vscode.git 306
[2022-06-08 18:20:03.204] [exthost] [warning] [Decorations] CAPPING events from decorations provider vscode.git 306
[2022-06-08 18:20:12.059] [exthost] [warning] [Decorations] CAPPING events from decorations provider vscode.git 306
[2022-06-08 18:20:20.889] [exthost] [warning] [Decorations] CAPPING events from decorations provider vscode.git 306
[2022-06-08 18:20:29.705] [exthost] [warning] [Decorations] CAPPING events from decorations provider vscode.git 306
[2022-06-08 18:20:38.571] [exthost] [warning] [Decorations] CAPPING events from decorations provider vscode.git 306
[2022-06-08 18:20:47.585] [exthost] [warning] [Decorations] CAPPING events from decorations provider vscode.git 306
[2022-06-08 18:20:56.790] [exthost] [warning] [Decorations] CAPPING events from decorations provider vscode.git 306
[2022-06-08 18:21:05.923] [exthost] [warning] [Decorations] CAPPING events from decorations provider vscode.git 310
[2022-06-08 18:21:16.237] [exthost] [warning] [Decorations] CAPPING events from decorations provider vscode.git 310
[2022-06-08 18:21:25.323] [exthost] [warning] [Decorations] CAPPING events from decorations provider vscode.git 310
[2022-06-08 18:21:35.511] [exthost] [warning] [Decorations] CAPPING events from decorations provider vscode.git 310
[2022-06-08 18:21:45.758] [exthost] [warning] [Decorations] CAPPING events from decorations provider vscode.git 310
[2022-06-08 18:21:55.988] [exthost] [warning] [Decorations] CAPPING events from decorations provider vscode.git 310
[2022-06-08 18:22:06.280] [exthost] [warning] [Decorations] CAPPING events from decorations provider vscode.git 310
[2022-06-08 18:22:16.573] [exthost] [warning] [Decorations] CAPPING events from decorations provider vscode.git 310
[2022-06-08 18:22:26.834] [exthost] [warning] [Decorations] CAPPING events from decorations provider vscode.git 310
[2022-06-08 18:22:36.201] [exthost] [warning] [Decorations] CAPPING events from decorations provider vscode.git 310
[2022-06-08 18:22:46.411] [exthost] [warning] [Decorations] CAPPING events from decorations provider vscode.git 310
[2022-06-08 18:22:56.661] [exthost] [warning] [Decorations] CAPPING events from decorations provider vscode.git 310
[2022-06-08 18:23:06.823] [exthost] [warning] [Decorations] CAPPING events from decorations provider vscode.git 310
[2022-06-08 18:23:17.049] [exthost] [warning] [Decorations] CAPPING events from decorations provider vscode.git 310
[2022-06-08 18:23:27.321] [exthost] [warning] [Decorations] CAPPING events from decorations provider vscode.git 310
[2022-06-08 18:23:37.614] [exthost] [warning] [Decorations] CAPPING events from decorations provider vscode.git 310
[2022-06-08 18:23:47.880] [exthost] [warning] [Decorations] CAPPING events from decorations provider vscode.git 310
[2022-06-08 18:23:58.108] [exthost] [warning] [Decorations] CAPPING events from decorations provider vscode.git 310
[2022-06-08 18:24:08.234] [exthost] [warning] [Decorations] CAPPING events from decorations provider vscode.git 310
[2022-06-08 18:24:18.527] [exthost] [warning] [Decorations] CAPPING events from decorations provider vscode.git 310
[2022-06-08 18:24:28.680] [exthost] [warning] [Decorations] CAPPING events from decorations provider vscode.git 310
[2022-06-08 18:24:38.921] [exthost] [warning] [Decorations] CAPPING events from decorations provider vscode.git 310
[2022-06-08 18:24:49.271] [exthost] [warning] [Decorations] CAPPING events from decorations provider vscode.git 310
[2022-06-08 18:24:59.569] [exthost] [warning] [Decorations] CAPPING events from decorations provider vscode.git 310
[2022-06-08 18:25:08.631] [exthost] [warning] [Decorations] CAPPING events from decorations provider vscode.git 310
[2022-06-08 18:25:18.762] [exthost] [warning] [Decorations] CAPPING events from decorations provider vscode.git 310
[2022-06-08 18:25:28.981] [exthost] [warning] [Decorations] CAPPING events from decorations provider vscode.git 310
[2022-06-08 18:25:39.211] [exthost] [warning] [Decorations] CAPPING events from decorations provider vscode.git 310
[2022-06-08 18:25:49.481] [exthost] [warning] [Decorations] CAPPING events from decorations provider vscode.git 310
[2022-06-08 18:25:59.786] [exthost] [warning] [Decorations] CAPPING events from decorations provider vscode.git 310
[2022-06-08 18:26:10.037] [exthost] [warning] [Decorations] CAPPING events from decorations provider vscode.git 310
[2022-06-08 18:26:19.188] [exthost] [warning] [Decorations] CAPPING events from decorations provider vscode.git 310
[2022-06-08 18:26:29.403] [exthost] [warning] [Decorations] CAPPING events from decorations provider vscode.git 310
[2022-06-08 18:26:39.596] [exthost] [warning] [Decorations] CAPPING events from decorations provider vscode.git 310
[2022-06-08 18:26:49.775] [exthost] [warning] [Decorations] CAPPING events from decorations provider vscode.git 310
[2022-06-08 18:26:58.940] [exthost] [warning] [Decorations] CAPPING events from decorations provider vscode.git 310
[2022-06-08 18:27:09.175] [exthost] [warning] [Decorations] CAPPING events from decorations provider vscode.git 310
[2022-06-08 18:27:19.307] [exthost] [warning] [Decorations] CAPPING events from decorations provider vscode.git 310
[2022-06-08 18:27:29.540] [exthost] [warning] [Decorations] CAPPING events from decorations provider vscode.git 310
[2022-06-08 18:27:39.744] [exthost] [warning] [Decorations] CAPPING events from decorations provider vscode.git 310
[2022-06-08 18:27:50.022] [exthost] [warning] [Decorations] CAPPING events from decorations provider vscode.git 310
[2022-06-08 18:28:00.108] [exthost] [warning] [Decorations] CAPPING events from decorations provider vscode.git 310
[2022-06-08 18:28:09.225] [exthost] [warning] [Decorations] CAPPING events from decorations provider vscode.git 310
[2022-06-08 18:28:19.336] [exthost] [warning] [Decorations] CAPPING events from decorations provider vscode.git 310
[2022-06-08 18:30:47.454] [exthost] [warning] [Decorations] CAPPING events from decorations provider vscode.git 310
[2022-06-08 18:30:57.527] [exthost] [warning] [Decorations] CAPPING events from decorations provider vscode.git 310
[2022-06-08 18:31:07.448] [exthost] [warning] [Decorations] CAPPING events from decorations provider vscode.git 310
[2022-06-08 18:31:17.359] [exthost] [warning] [Decorations] CAPPING events from decorations provider vscode.git 310
[2022-06-08 18:31:27.415] [exthost] [warning] [Decorations] CAPPING events from decorations provider vscode.git 310
[2022-06-08 18:31:36.036] [exthost] [warning] [Decorations] CAPPING events from decorations provider vscode.git 310
[2022-06-08 18:31:46.088] [exthost] [warning] [Decorations] CAPPING events from decorations provider vscode.git 310
[2022-06-08 18:31:56.153] [exthost] [warning] [Decorations] CAPPING events from decorations provider vscode.git 310
[2022-06-08 18:32:05.366] [exthost] [warning] [Decorations] CAPPING events from decorations provider vscode.git 310
[2022-06-08 18:32:15.370] [exthost] [warning] [Decorations] CAPPING events from decorations provider vscode.git 310
[2022-06-08 18:32:25.216] [exthost] [warning] [Decorations] CAPPING events from decorations provider vscode.git 310
[2022-06-08 18:32:35.230] [exthost] [warning] [Decorations] CAPPING events from decorations provider vscode.git 310
[2022-06-08 18:32:45.319] [exthost] [warning] [Decorations] CAPPING events from decorations provider vscode.git 310
[2022-06-08 18:32:53.779] [exthost] [warning] [Decorations] CAPPING events from decorations provider vscode.git 310
[2022-06-08 18:33:03.788] [exthost] [warning] [Decorations] CAPPING events from decorations provider vscode.git 310
[2022-06-08 18:33:13.768] [exthost] [warning] [Decorations] CAPPING events from decorations provider vscode.git 310
[2022-06-08 18:33:22.888] [exthost] [warning] [Decorations] CAPPING events from decorations provider vscode.git 310
[2022-06-08 18:33:32.885] [exthost] [warning] [Decorations] CAPPING events from decorations provider vscode.git 310
[2022-06-08 18:33:42.822] [exthost] [warning] [Decorations] CAPPING events from decorations provider vscode.git 310
[2022-06-08 18:33:52.908] [exthost] [warning] [Decorations] CAPPING events from decorations provider vscode.git 310
[2022-06-08 18:34:03.028] [exthost] [warning] [Decorations] CAPPING events from decorations provider vscode.git 310
[2022-06-08 18:34:12.889] [exthost] [warning] [Decorations] CAPPING events from decorations provider vscode.git 310
[2022-06-08 18:34:22.874] [exthost] [warning] [Decorations] CAPPING events from decorations provider vscode.git 310
[2022-06-08 18:34:32.823] [exthost] [warning] [Decorations] CAPPING events from decorations provider vscode.git 310
[2022-06-08 18:34:42.948] [exthost] [warning] [Decorations] CAPPING events from decorations provider vscode.git 310
[2022-06-08 18:34:52.943] [exthost] [warning] [Decorations] CAPPING events from decorations provider vscode.git 310
[2022-06-08 18:35:03.005] [exthost] [warning] [Decorations] CAPPING events from decorations provider vscode.git 310
[2022-06-08 18:35:13.094] [exthost] [warning] [Decorations] CAPPING events from decorations provider vscode.git 310
[2022-06-08 18:35:23.191] [exthost] [warning] [Decorations] CAPPING events from decorations provider vscode.git 310
[2022-06-08 18:35:33.321] [exthost] [warning] [Decorations] CAPPING events from decorations provider vscode.git 310
[2022-06-08 18:35:43.430] [exthost] [warning] [Decorations] CAPPING events from decorations provider vscode.git 310
[2022-06-08 18:35:52.285] [exthost] [warning] [Decorations] CAPPING events from decorations provider vscode.git 310
[2022-06-08 18:36:02.527] [exthost] [warning] [Decorations] CAPPING events from decorations provider vscode.git 310
[2022-06-08 18:36:12.720] [exthost] [warning] [Decorations] CAPPING events from decorations provider vscode.git 310
[2022-06-08 18:36:22.722] [exthost] [warning] [Decorations] CAPPING events from decorations provider vscode.git 310
[2022-06-08 18:36:32.823] [exthost] [warning] [Decorations] CAPPING events from decorations provider vscode.git 310
[2022-06-08 18:36:41.905] [exthost] [warning] [Decorations] CAPPING events from decorations provider vscode.git 310
[2022-06-08 18:36:52.107] [exthost] [warning] [Decorations] CAPPING events from decorations provider vscode.git 310
[2022-06-08 18:37:02.031] [exthost] [warning] [Decorations] CAPPING events from decorations provider vscode.git 310
[2022-06-08 18:37:11.076] [exthost] [warning] [Decorations] CAPPING events from decorations provider vscode.git 310
[2022-06-08 18:37:21.083] [exthost] [warning] [Decorations] CAPPING events from decorations provider vscode.git 310
[2022-06-08 18:37:31.127] [exthost] [warning] [Decorations] CAPPING events from decorations provider vscode.git 310
[2022-06-08 18:37:41.102] [exthost] [warning] [Decorations] CAPPING events from decorations provider vscode.git 310
[2022-06-08 18:37:51.189] [exthost] [warning] [Decorations] CAPPING events from decorations provider vscode.git 310
[2022-06-08 18:37:59.824] [exthost] [warning] [Decorations] CAPPING events from decorations provider vscode.git 310
[2022-06-08 18:38:09.848] [exthost] [warning] [Decorations] CAPPING events from decorations provider vscode.git 310
[2022-06-08 18:38:19.804] [exthost] [warning] [Decorations] CAPPING events from decorations provider vscode.git 310
[2022-06-08 18:38:28.828] [exthost] [warning] [Decorations] CAPPING events from decorations provider vscode.git 310
[2022-06-08 18:38:38.949] [exthost] [warning] [Decorations] CAPPING events from decorations provider vscode.git 310
[2022-06-08 18:38:48.948] [exthost] [warning] [Decorations] CAPPING events from decorations provider vscode.git 310
[2022-06-08 18:38:59.010] [exthost] [warning] [Decorations] CAPPING events from decorations provider vscode.git 310
[2022-06-08 18:39:09.039] [exthost] [warning] [Decorations] CAPPING events from decorations provider vscode.git 310
[2022-06-08 18:39:17.541] [exthost] [warning] [Decorations] CAPPING events from decorations provider vscode.git 310
[2022-06-08 18:39:27.570] [exthost] [warning] [Decorations] CAPPING events from decorations provider vscode.git 310
