[2022-05-27T11:33:52.460Z] Validating found git in: git
[2022-05-27T11:33:52.482Z] Using git 2.17.1 from git
[2022-05-27T11:33:52.606Z] > git rev-parse --git-dir [98ms]
[2022-05-27T11:33:52.615Z] Open repository: /home/kadir/IML/Quantus
[2022-05-27T11:33:58.072Z] > git symbolic-ref --short HEAD [7ms]
[2022-05-27T11:33:58.093Z] > git for-each-ref --format=%(refname)%00%(upstream:short)%00%(objectname)%00%(upstream:track) refs/heads/main refs/remotes/main [12ms]
[2022-05-27T11:33:58.119Z] > git for-each-ref --sort -committerdate --format %(refname) %(objectname) %(*objectname) [17ms]
[2022-05-27T11:33:58.124Z] > git remote --verbose [12ms]
[2022-05-27T11:33:59.354Z] > git config --get commit.template [82ms]
[2022-05-27T11:34:02.899Z] > git symbolic-ref --short HEAD [6ms]
[2022-05-27T11:34:02.911Z] > git for-each-ref --format=%(refname)%00%(upstream:short)%00%(objectname)%00%(upstream:track) refs/heads/main refs/remotes/main [7ms]
[2022-05-27T11:34:02.927Z] > git for-each-ref --sort -committerdate --format %(refname) %(objectname) %(*objectname) [8ms]
[2022-05-27T11:34:02.931Z] > git remote --verbose [5ms]
[2022-05-27T11:34:02.980Z] > git config --get commit.template [3ms]
[2022-05-27T11:34:08.983Z] > git symbolic-ref --short HEAD [5ms]
[2022-05-27T11:34:09.000Z] > git for-each-ref --format=%(refname)%00%(upstream:short)%00%(objectname)%00%(upstream:track) refs/heads/main refs/remotes/main [11ms]
[2022-05-27T11:34:09.015Z] > git for-each-ref --sort -committerdate --format %(refname) %(objectname) %(*objectname) [8ms]
[2022-05-27T11:34:09.020Z] > git remote --verbose [6ms]
[2022-05-27T11:34:09.068Z] > git config --get commit.template [4ms]
[2022-05-27T11:34:15.049Z] > git symbolic-ref --short HEAD [5ms]
[2022-05-27T11:34:15.065Z] > git for-each-ref --format=%(refname)%00%(upstream:short)%00%(objectname)%00%(upstream:track) refs/heads/main refs/remotes/main [9ms]
[2022-05-27T11:34:15.083Z] > git for-each-ref --sort -committerdate --format %(refname) %(objectname) %(*objectname) [10ms]
[2022-05-27T11:34:15.087Z] > git remote --verbose [5ms]
[2022-05-27T11:34:15.146Z] > git config --get commit.template [4ms]
[2022-05-27T11:34:21.167Z] > git symbolic-ref --short HEAD [5ms]
[2022-05-27T11:34:21.186Z] > git for-each-ref --format=%(refname)%00%(upstream:short)%00%(objectname)%00%(upstream:track) refs/heads/main refs/remotes/main [10ms]
[2022-05-27T11:34:21.215Z] > git for-each-ref --sort -committerdate --format %(refname) %(objectname) %(*objectname) [15ms]
[2022-05-27T11:34:21.218Z] > git remote --verbose [5ms]
[2022-05-27T11:34:21.271Z] > git config --get commit.template [9ms]
[2022-05-27T11:34:27.314Z] > git symbolic-ref --short HEAD [6ms]
[2022-05-27T11:34:27.335Z] > git for-each-ref --format=%(refname)%00%(upstream:short)%00%(objectname)%00%(upstream:track) refs/heads/main refs/remotes/main [11ms]
[2022-05-27T11:34:27.359Z] > git for-each-ref --sort -committerdate --format %(refname) %(objectname) %(*objectname) [14ms]
[2022-05-27T11:34:27.363Z] > git remote --verbose [6ms]
[2022-05-27T11:34:27.406Z] > git config --get commit.template [3ms]
[2022-05-27T11:34:33.885Z] > git symbolic-ref --short HEAD [8ms]
[2022-05-27T11:34:33.909Z] > git for-each-ref --format=%(refname)%00%(upstream:short)%00%(objectname)%00%(upstream:track) refs/heads/main refs/remotes/main [12ms]
[2022-05-27T11:34:33.938Z] > git for-each-ref --sort -committerdate --format %(refname) %(objectname) %(*objectname) [17ms]
[2022-05-27T11:34:33.944Z] > git remote --verbose [10ms]
[2022-05-27T11:34:34.016Z] > git config --get commit.template [4ms]
[2022-05-27T11:34:40.020Z] > git symbolic-ref --short HEAD [6ms]
[2022-05-27T11:34:40.040Z] > git for-each-ref --format=%(refname)%00%(upstream:short)%00%(objectname)%00%(upstream:track) refs/heads/main refs/remotes/main [12ms]
[2022-05-27T11:34:40.061Z] > git for-each-ref --sort -committerdate --format %(refname) %(objectname) %(*objectname) [11ms]
[2022-05-27T11:34:40.067Z] > git remote --verbose [7ms]
[2022-05-27T11:34:40.114Z] > git config --get commit.template [9ms]
[2022-05-27T11:34:54.003Z] > git symbolic-ref --short HEAD [7ms]
[2022-05-27T11:34:54.026Z] > git for-each-ref --format=%(refname)%00%(upstream:short)%00%(objectname)%00%(upstream:track) refs/heads/main refs/remotes/main [12ms]
[2022-05-27T11:34:54.049Z] > git for-each-ref --sort -committerdate --format %(refname) %(objectname) %(*objectname) [11ms]
[2022-05-27T11:34:54.053Z] > git remote --verbose [5ms]
[2022-05-27T11:34:54.113Z] > git config --get commit.template [5ms]
[2022-05-27T11:35:08.466Z] > git symbolic-ref --short HEAD [7ms]
[2022-05-27T11:35:08.486Z] > git for-each-ref --format=%(refname)%00%(upstream:short)%00%(objectname)%00%(upstream:track) refs/heads/main refs/remotes/main [12ms]
[2022-05-27T11:35:08.509Z] > git for-each-ref --sort -committerdate --format %(refname) %(objectname) %(*objectname) [12ms]
[2022-05-27T11:35:08.513Z] > git remote --verbose [5ms]
[2022-05-27T11:35:08.561Z] > git config --get commit.template [3ms]
[2022-05-27T11:35:14.537Z] > git symbolic-ref --short HEAD [6ms]
[2022-05-27T11:35:14.557Z] > git for-each-ref --format=%(refname)%00%(upstream:short)%00%(objectname)%00%(upstream:track) refs/heads/main refs/remotes/main [11ms]
[2022-05-27T11:35:14.580Z] > git for-each-ref --sort -committerdate --format %(refname) %(objectname) %(*objectname) [12ms]
[2022-05-27T11:35:14.584Z] > git remote --verbose [5ms]
[2022-05-27T11:35:14.632Z] > git config --get commit.template [3ms]
[2022-05-27T11:35:20.624Z] > git symbolic-ref --short HEAD [6ms]
[2022-05-27T11:35:20.643Z] > git for-each-ref --format=%(refname)%00%(upstream:short)%00%(objectname)%00%(upstream:track) refs/heads/main refs/remotes/main [12ms]
[2022-05-27T11:35:20.664Z] > git for-each-ref --sort -committerdate --format %(refname) %(objectname) %(*objectname) [10ms]
[2022-05-27T11:35:20.667Z] > git remote --verbose [5ms]
[2022-05-27T11:35:20.722Z] > git config --get commit.template [4ms]
[2022-05-27T11:35:26.731Z] > git symbolic-ref --short HEAD [7ms]
[2022-05-27T11:35:26.749Z] > git for-each-ref --format=%(refname)%00%(upstream:short)%00%(objectname)%00%(upstream:track) refs/heads/main refs/remotes/main [12ms]
[2022-05-27T11:35:26.767Z] > git for-each-ref --sort -committerdate --format %(refname) %(objectname) %(*objectname) [9ms]
[2022-05-27T11:35:26.770Z] > git remote --verbose [5ms]
[2022-05-27T11:35:26.817Z] > git config --get commit.template [8ms]
[2022-05-27T11:35:32.832Z] > git symbolic-ref --short HEAD [6ms]
[2022-05-27T11:35:32.850Z] > git for-each-ref --format=%(refname)%00%(upstream:short)%00%(objectname)%00%(upstream:track) refs/heads/main refs/remotes/main [11ms]
[2022-05-27T11:35:32.870Z] > git for-each-ref --sort -committerdate --format %(refname) %(objectname) %(*objectname) [12ms]
[2022-05-27T11:35:32.872Z] > git remote --verbose [5ms]
[2022-05-27T11:35:32.911Z] > git config --get commit.template [2ms]
[2022-05-27T11:52:47.404Z] > git symbolic-ref --short HEAD [5ms]
[2022-05-27T11:52:47.418Z] > git for-each-ref --format=%(refname)%00%(upstream:short)%00%(objectname)%00%(upstream:track) refs/heads/main refs/remotes/main [7ms]
[2022-05-27T11:52:47.435Z] > git for-each-ref --sort -committerdate --format %(refname) %(objectname) %(*objectname) [8ms]
[2022-05-27T11:52:47.438Z] > git remote --verbose [4ms]
[2022-05-27T11:52:47.522Z] > git config --get commit.template [2ms]
[2022-05-27T11:52:55.606Z] > git symbolic-ref --short HEAD [1ms]
[2022-05-27T11:52:55.617Z] > git for-each-ref --format=%(refname)%00%(upstream:short)%00%(objectname)%00%(upstream:track) refs/heads/main refs/remotes/main [3ms]
[2022-05-27T11:52:55.632Z] > git for-each-ref --sort -committerdate --format %(refname) %(objectname) %(*objectname) [8ms]
[2022-05-27T11:52:55.634Z] > git remote --verbose [3ms]
[2022-05-27T11:52:55.705Z] > git config --get commit.template [2ms]
[2022-05-27T11:53:01.745Z] > git symbolic-ref --short HEAD [22ms]
[2022-05-27T11:53:01.759Z] > git for-each-ref --format=%(refname)%00%(upstream:short)%00%(objectname)%00%(upstream:track) refs/heads/main refs/remotes/main [6ms]
[2022-05-27T11:53:01.775Z] > git for-each-ref --sort -committerdate --format %(refname) %(objectname) %(*objectname) [9ms]
[2022-05-27T11:53:01.776Z] > git remote --verbose [2ms]
[2022-05-27T11:53:01.821Z] > git config --get commit.template [1ms]
[2022-05-27T11:53:07.722Z] > git symbolic-ref --short HEAD [3ms]
[2022-05-27T11:53:07.732Z] > git for-each-ref --format=%(refname)%00%(upstream:short)%00%(objectname)%00%(upstream:track) refs/heads/main refs/remotes/main [4ms]
[2022-05-27T11:53:07.746Z] > git for-each-ref --sort -committerdate --format %(refname) %(objectname) %(*objectname) [8ms]
[2022-05-27T11:53:07.747Z] > git remote --verbose [3ms]
[2022-05-27T11:53:07.797Z] > git config --get commit.template [2ms]
[2022-05-27T11:53:13.710Z] > git symbolic-ref --short HEAD [3ms]
[2022-05-27T11:53:13.724Z] > git for-each-ref --format=%(refname)%00%(upstream:short)%00%(objectname)%00%(upstream:track) refs/heads/main refs/remotes/main [5ms]
[2022-05-27T11:53:13.743Z] > git for-each-ref --sort -committerdate --format %(refname) %(objectname) %(*objectname) [10ms]
[2022-05-27T11:53:13.744Z] > git remote --verbose [2ms]
[2022-05-27T11:53:13.797Z] > git config --get commit.template [2ms]
[2022-05-27T11:53:19.748Z] > git symbolic-ref --short HEAD [11ms]
[2022-05-27T11:53:19.791Z] > git for-each-ref --format=%(refname)%00%(upstream:short)%00%(objectname)%00%(upstream:track) refs/heads/main refs/remotes/main [8ms]
[2022-05-27T11:53:19.810Z] > git for-each-ref --sort -committerdate --format %(refname) %(objectname) %(*objectname) [12ms]
[2022-05-27T11:53:19.811Z] > git remote --verbose [2ms]
[2022-05-27T11:53:19.864Z] > git config --get commit.template [2ms]
[2022-05-27T11:53:25.762Z] > git symbolic-ref --short HEAD [3ms]
[2022-05-27T11:53:25.775Z] > git for-each-ref --format=%(refname)%00%(upstream:short)%00%(objectname)%00%(upstream:track) refs/heads/main refs/remotes/main [5ms]
[2022-05-27T11:53:25.794Z] > git for-each-ref --sort -committerdate --format %(refname) %(objectname) %(*objectname) [10ms]
[2022-05-27T11:53:25.795Z] > git remote --verbose [3ms]
[2022-05-27T11:53:25.848Z] > git config --get commit.template [2ms]
[2022-05-27T11:53:31.741Z] > git symbolic-ref --short HEAD [11ms]
[2022-05-27T11:53:31.795Z] > git for-each-ref --format=%(refname)%00%(upstream:short)%00%(objectname)%00%(upstream:track) refs/heads/main refs/remotes/main [39ms]
[2022-05-27T11:53:31.819Z] > git for-each-ref --sort -committerdate --format %(refname) %(objectname) %(*objectname) [11ms]
[2022-05-27T11:53:31.820Z] > git remote --verbose [2ms]
[2022-05-27T11:53:31.872Z] > git config --get commit.template [2ms]
[2022-05-27T11:53:37.754Z] > git symbolic-ref --short HEAD [3ms]
[2022-05-27T11:53:37.766Z] > git for-each-ref --format=%(refname)%00%(upstream:short)%00%(objectname)%00%(upstream:track) refs/heads/main refs/remotes/main [4ms]
[2022-05-27T11:53:37.781Z] > git for-each-ref --sort -committerdate --format %(refname) %(objectname) %(*objectname) [8ms]
[2022-05-27T11:53:37.782Z] > git remote --verbose [2ms]
[2022-05-27T11:53:37.835Z] > git config --get commit.template [1ms]
[2022-05-27T11:53:44.353Z] > git symbolic-ref --short HEAD [13ms]
[2022-05-27T11:53:44.369Z] > git for-each-ref --format=%(refname)%00%(upstream:short)%00%(objectname)%00%(upstream:track) refs/heads/main refs/remotes/main [7ms]
[2022-05-27T11:53:44.389Z] > git for-each-ref --sort -committerdate --format %(refname) %(objectname) %(*objectname) [11ms]
[2022-05-27T11:53:44.389Z] > git remote --verbose [2ms]
[2022-05-27T11:53:44.444Z] > git config --get commit.template [2ms]
[2022-05-27T11:53:50.355Z] > git symbolic-ref --short HEAD [3ms]
[2022-05-27T11:53:50.369Z] > git for-each-ref --format=%(refname)%00%(upstream:short)%00%(objectname)%00%(upstream:track) refs/heads/main refs/remotes/main [5ms]
[2022-05-27T11:53:50.390Z] > git for-each-ref --sort -committerdate --format %(refname) %(objectname) %(*objectname) [12ms]
[2022-05-27T11:53:50.391Z] > git remote --verbose [2ms]
[2022-05-27T11:53:50.442Z] > git config --get commit.template [1ms]
[2022-05-27T11:53:56.306Z] > git symbolic-ref --short HEAD [3ms]
[2022-05-27T11:53:56.319Z] > git for-each-ref --format=%(refname)%00%(upstream:short)%00%(objectname)%00%(upstream:track) refs/heads/main refs/remotes/main [4ms]
[2022-05-27T11:53:56.339Z] > git for-each-ref --sort -committerdate --format %(refname) %(objectname) %(*objectname) [11ms]
[2022-05-27T11:53:56.340Z] > git remote --verbose [2ms]
[2022-05-27T11:53:56.396Z] > git config --get commit.template [1ms]
[2022-05-27T11:54:02.477Z] > git symbolic-ref --short HEAD [5ms]
[2022-05-27T11:54:02.490Z] > git for-each-ref --format=%(refname)%00%(upstream:short)%00%(objectname)%00%(upstream:track) refs/heads/main refs/remotes/main [8ms]
[2022-05-27T11:54:02.506Z] > git for-each-ref --sort -committerdate --format %(refname) %(objectname) %(*objectname) [9ms]
[2022-05-27T11:54:02.509Z] > git remote --verbose [4ms]
[2022-05-27T11:54:02.556Z] > git config --get commit.template [4ms]
[2022-05-27T11:54:08.531Z] > git symbolic-ref --short HEAD [32ms]
[2022-05-27T11:54:08.567Z] > git for-each-ref --format=%(refname)%00%(upstream:short)%00%(objectname)%00%(upstream:track) refs/heads/main refs/remotes/main [8ms]
[2022-05-27T11:54:08.583Z] > git for-each-ref --sort -committerdate --format %(refname) %(objectname) %(*objectname) [9ms]
[2022-05-27T11:54:08.584Z] > git remote --verbose [3ms]
[2022-05-27T11:54:08.641Z] > git config --get commit.template [4ms]
[2022-05-27T11:54:14.559Z] > git symbolic-ref --short HEAD [7ms]
[2022-05-27T11:54:14.578Z] > git for-each-ref --format=%(refname)%00%(upstream:short)%00%(objectname)%00%(upstream:track) refs/heads/main refs/remotes/main [10ms]
[2022-05-27T11:54:14.601Z] > git for-each-ref --sort -committerdate --format %(refname) %(objectname) %(*objectname) [12ms]
[2022-05-27T11:54:14.603Z] > git remote --verbose [4ms]
[2022-05-27T11:54:14.655Z] > git config --get commit.template [5ms]
[2022-05-27T11:54:20.576Z] > git symbolic-ref --short HEAD [26ms]
[2022-05-27T11:54:20.590Z] > git for-each-ref --format=%(refname)%00%(upstream:short)%00%(objectname)%00%(upstream:track) refs/heads/main refs/remotes/main [6ms]
[2022-05-27T11:54:20.607Z] > git for-each-ref --sort -committerdate --format %(refname) %(objectname) %(*objectname) [10ms]
[2022-05-27T11:54:20.609Z] > git remote --verbose [3ms]
[2022-05-27T11:54:20.666Z] > git config --get commit.template [4ms]
[2022-05-27T11:54:26.552Z] > git symbolic-ref --short HEAD [5ms]
[2022-05-27T11:54:26.569Z] > git for-each-ref --format=%(refname)%00%(upstream:short)%00%(objectname)%00%(upstream:track) refs/heads/main refs/remotes/main [10ms]
[2022-05-27T11:54:26.586Z] > git for-each-ref --sort -committerdate --format %(refname) %(objectname) %(*objectname) [9ms]
[2022-05-27T11:54:26.589Z] > git remote --verbose [4ms]
[2022-05-27T11:54:26.642Z] > git config --get commit.template [3ms]
[2022-05-27T11:54:32.611Z] > git symbolic-ref --short HEAD [20ms]
[2022-05-27T11:54:32.626Z] > git for-each-ref --format=%(refname)%00%(upstream:short)%00%(objectname)%00%(upstream:track) refs/heads/main refs/remotes/main [7ms]
[2022-05-27T11:54:32.645Z] > git for-each-ref --sort -committerdate --format %(refname) %(objectname) %(*objectname) [11ms]
[2022-05-27T11:54:32.648Z] > git remote --verbose [4ms]
[2022-05-27T11:54:32.700Z] > git config --get commit.template [5ms]
[2022-05-27T11:54:34.365Z] > git ls-files --stage -- /home/kadir/IML/Quantus/COPYING.LESSER [18ms]
[2022-05-27T11:54:34.380Z] > git cat-file -s c8fb05286fdd3000c4f659a6e4ce59aeb6ca94ff [5ms]
[2022-05-27T11:54:34.388Z] > git log --format=%H%n%aN%n%aE%n%at%n%ct%n%P%n%B -z -n21 -- /home/kadir/IML/Quantus/COPYING.LESSER [23ms]
[2022-05-27T11:54:35.138Z] > git log --format=%H%n%aN%n%aE%n%at%n%ct%n%P%n%B -z -n21 -- /home/kadir/IML/Quantus/quantus.egg-info/SOURCES.txt [19ms]
[2022-05-27T11:54:35.292Z] > git ls-files --stage -- /home/kadir/IML/Quantus/quantus.egg-info/SOURCES.txt [6ms]
[2022-05-27T11:54:38.618Z] > git symbolic-ref --short HEAD [7ms]
[2022-05-27T11:54:38.638Z] > git for-each-ref --format=%(refname)%00%(upstream:short)%00%(objectname)%00%(upstream:track) refs/heads/main refs/remotes/main [11ms]
[2022-05-27T11:54:38.661Z] > git for-each-ref --sort -committerdate --format %(refname) %(objectname) %(*objectname) [12ms]
[2022-05-27T11:54:38.666Z] > git remote --verbose [6ms]
[2022-05-27T11:54:38.731Z] > git config --get commit.template [12ms]
[2022-05-27T11:54:40.893Z] > git log --format=%H%n%aN%n%aE%n%at%n%ct%n%P%n%B -z -n21 -- /home/kadir/IML/Quantus/test.py [74ms]
[2022-05-27T11:54:41.309Z] > git ls-files --stage -- /home/kadir/IML/Quantus/test.py [324ms]
[2022-05-27T11:54:44.627Z] > git symbolic-ref --short HEAD [6ms]
[2022-05-27T11:54:44.647Z] > git for-each-ref --format=%(refname)%00%(upstream:short)%00%(objectname)%00%(upstream:track) refs/heads/main refs/remotes/main [11ms]
[2022-05-27T11:54:44.669Z] > git for-each-ref --sort -committerdate --format %(refname) %(objectname) %(*objectname) [11ms]
[2022-05-27T11:54:44.673Z] > git remote --verbose [5ms]
[2022-05-27T11:54:44.789Z] > git config --get commit.template [4ms]
[2022-05-27T11:54:46.534Z] > git rev-list --count working.. -- /home/kadir/IML/Quantus/test.py [9ms]
[2022-05-27T11:54:46.534Z] fatal: bad revision 'working..'
[2022-05-27T11:54:46.556Z] > git log --format=%H%n%aN%n%aE%n%at%n%ct%n%P%n%B -z -- /home/kadir/IML/Quantus/test.py [12ms]
[2022-05-27T11:54:50.702Z] > git symbolic-ref --short HEAD [6ms]
[2022-05-27T11:54:50.726Z] > git for-each-ref --format=%(refname)%00%(upstream:short)%00%(objectname)%00%(upstream:track) refs/heads/main refs/remotes/main [12ms]
[2022-05-27T11:54:50.752Z] > git for-each-ref --sort -committerdate --format %(refname) %(objectname) %(*objectname) [13ms]
[2022-05-27T11:54:50.757Z] > git remote --verbose [6ms]
[2022-05-27T11:54:50.820Z] > git config --get commit.template [4ms]
[2022-05-27T11:54:52.358Z] > git rev-list --count working.. -- /home/kadir/IML/Quantus/test.py [7ms]
[2022-05-27T11:54:52.358Z] fatal: bad revision 'working..'
[2022-05-27T11:54:52.383Z] > git log --format=%H%n%aN%n%aE%n%at%n%ct%n%P%n%B -z -- /home/kadir/IML/Quantus/test.py [12ms]
[2022-05-27T11:54:56.711Z] > git symbolic-ref --short HEAD [6ms]
[2022-05-27T11:54:56.731Z] > git for-each-ref --format=%(refname)%00%(upstream:short)%00%(objectname)%00%(upstream:track) refs/heads/main refs/remotes/main [9ms]
[2022-05-27T11:54:56.754Z] > git for-each-ref --sort -committerdate --format %(refname) %(objectname) %(*objectname) [12ms]
[2022-05-27T11:54:56.758Z] > git remote --verbose [5ms]
[2022-05-27T11:54:58.495Z] > git config --get commit.template [1682ms]
[2022-05-27T11:54:59.815Z] > git rev-list --count working.. -- /home/kadir/IML/Quantus/test.py [337ms]
[2022-05-27T11:54:59.815Z] fatal: bad revision 'working..'
[2022-05-27T11:55:00.006Z] > git log --format=%H%n%aN%n%aE%n%at%n%ct%n%P%n%B -z -- /home/kadir/IML/Quantus/test.py [176ms]
[2022-05-27T11:55:04.452Z] > git symbolic-ref --short HEAD [7ms]
[2022-05-27T11:55:04.476Z] > git for-each-ref --format=%(refname)%00%(upstream:short)%00%(objectname)%00%(upstream:track) refs/heads/main refs/remotes/main [10ms]
[2022-05-27T11:55:04.509Z] > git for-each-ref --sort -committerdate --format %(refname) %(objectname) %(*objectname) [17ms]
[2022-05-27T11:55:04.513Z] > git remote --verbose [5ms]
[2022-05-27T11:55:04.569Z] > git config --get commit.template [5ms]
[2022-05-27T11:55:06.020Z] > git rev-list --count working.. -- /home/kadir/IML/Quantus/test.py [8ms]
[2022-05-27T11:55:06.020Z] fatal: bad revision 'working..'
[2022-05-27T11:55:06.049Z] > git log --format=%H%n%aN%n%aE%n%at%n%ct%n%P%n%B -z -- /home/kadir/IML/Quantus/test.py [13ms]
[2022-05-27T11:55:10.463Z] > git symbolic-ref --short HEAD [7ms]
[2022-05-27T11:55:10.488Z] > git for-each-ref --format=%(refname)%00%(upstream:short)%00%(objectname)%00%(upstream:track) refs/heads/main refs/remotes/main [11ms]
[2022-05-27T11:55:10.523Z] > git for-each-ref --sort -committerdate --format %(refname) %(objectname) %(*objectname) [17ms]
[2022-05-27T11:55:10.527Z] > git remote --verbose [5ms]
[2022-05-27T11:55:10.585Z] > git config --get commit.template [4ms]
[2022-05-27T11:55:11.974Z] > git rev-list --count working.. -- /home/kadir/IML/Quantus/test.py [8ms]
[2022-05-27T11:55:11.974Z] fatal: bad revision 'working..'
[2022-05-27T11:55:12.002Z] > git log --format=%H%n%aN%n%aE%n%at%n%ct%n%P%n%B -z -- /home/kadir/IML/Quantus/test.py [12ms]
[2022-05-27T11:55:31.458Z] > git symbolic-ref --short HEAD [7ms]
[2022-05-27T11:55:31.482Z] > git for-each-ref --format=%(refname)%00%(upstream:short)%00%(objectname)%00%(upstream:track) refs/heads/main refs/remotes/main [12ms]
[2022-05-27T11:55:31.513Z] > git for-each-ref --sort -committerdate --format %(refname) %(objectname) %(*objectname) [16ms]
[2022-05-27T11:55:31.517Z] > git remote --verbose [5ms]
[2022-05-27T11:55:31.585Z] > git config --get commit.template [3ms]
[2022-05-27T11:55:33.217Z] > git rev-list --count working.. -- /home/kadir/IML/Quantus/test.py [6ms]
[2022-05-27T11:55:33.217Z] fatal: bad revision 'working..'
[2022-05-27T11:55:33.243Z] > git log --format=%H%n%aN%n%aE%n%at%n%ct%n%P%n%B -z -- /home/kadir/IML/Quantus/test.py [10ms]
[2022-05-27T11:55:37.499Z] > git symbolic-ref --short HEAD [7ms]
[2022-05-27T11:55:37.520Z] > git for-each-ref --format=%(refname)%00%(upstream:short)%00%(objectname)%00%(upstream:track) refs/heads/main refs/remotes/main [11ms]
[2022-05-27T11:55:37.547Z] > git for-each-ref --sort -committerdate --format %(refname) %(objectname) %(*objectname) [15ms]
[2022-05-27T11:55:37.549Z] > git remote --verbose [4ms]
[2022-05-27T11:55:37.607Z] > git config --get commit.template [4ms]
[2022-05-27T11:55:39.072Z] > git rev-list --count working.. -- /home/kadir/IML/Quantus/test.py [7ms]
[2022-05-27T11:55:39.072Z] fatal: bad revision 'working..'
[2022-05-27T11:55:39.096Z] > git log --format=%H%n%aN%n%aE%n%at%n%ct%n%P%n%B -z -- /home/kadir/IML/Quantus/test.py [10ms]
[2022-05-27T11:55:43.506Z] > git symbolic-ref --short HEAD [5ms]
[2022-05-27T11:55:43.529Z] > git for-each-ref --format=%(refname)%00%(upstream:short)%00%(objectname)%00%(upstream:track) refs/heads/main refs/remotes/main [7ms]
[2022-05-27T11:55:43.560Z] > git for-each-ref --sort -committerdate --format %(refname) %(objectname) %(*objectname) [16ms]
[2022-05-27T11:55:43.562Z] > git remote --verbose [4ms]
[2022-05-27T11:55:43.646Z] > git config --get commit.template [11ms]
[2022-05-27T11:55:45.008Z] > git rev-list --count working.. -- /home/kadir/IML/Quantus/test.py [6ms]
[2022-05-27T11:55:45.008Z] fatal: bad revision 'working..'
[2022-05-27T11:55:45.029Z] > git log --format=%H%n%aN%n%aE%n%at%n%ct%n%P%n%B -z -- /home/kadir/IML/Quantus/test.py [10ms]
[2022-05-27T11:55:49.575Z] > git symbolic-ref --short HEAD [7ms]
[2022-05-27T11:55:49.601Z] > git for-each-ref --format=%(refname)%00%(upstream:short)%00%(objectname)%00%(upstream:track) refs/heads/main refs/remotes/main [11ms]
[2022-05-27T11:55:49.633Z] > git for-each-ref --sort -committerdate --format %(refname) %(objectname) %(*objectname) [17ms]
[2022-05-27T11:55:49.637Z] > git remote --verbose [6ms]
[2022-05-27T11:55:49.698Z] > git config --get commit.template [4ms]
[2022-05-27T11:55:51.161Z] > git rev-list --count working.. -- /home/kadir/IML/Quantus/test.py [8ms]
[2022-05-27T11:55:51.161Z] fatal: bad revision 'working..'
[2022-05-27T11:55:51.187Z] > git log --format=%H%n%aN%n%aE%n%at%n%ct%n%P%n%B -z -- /home/kadir/IML/Quantus/test.py [10ms]
[2022-05-27T11:55:55.572Z] > git symbolic-ref --short HEAD [6ms]
[2022-05-27T11:55:55.594Z] > git for-each-ref --format=%(refname)%00%(upstream:short)%00%(objectname)%00%(upstream:track) refs/heads/main refs/remotes/main [10ms]
[2022-05-27T11:55:55.620Z] > git for-each-ref --sort -committerdate --format %(refname) %(objectname) %(*objectname) [13ms]
[2022-05-27T11:55:55.625Z] > git remote --verbose [6ms]
[2022-05-27T11:55:55.677Z] > git config --get commit.template [3ms]
[2022-05-27T11:55:57.009Z] > git rev-list --count working.. -- /home/kadir/IML/Quantus/test.py [6ms]
[2022-05-27T11:55:57.009Z] fatal: bad revision 'working..'
[2022-05-27T11:55:57.038Z] > git log --format=%H%n%aN%n%aE%n%at%n%ct%n%P%n%B -z -- /home/kadir/IML/Quantus/test.py [11ms]
[2022-05-27T11:56:01.559Z] > git symbolic-ref --short HEAD [6ms]
[2022-05-27T11:56:01.581Z] > git for-each-ref --format=%(refname)%00%(upstream:short)%00%(objectname)%00%(upstream:track) refs/heads/main refs/remotes/main [10ms]
[2022-05-27T11:56:01.603Z] > git for-each-ref --sort -committerdate --format %(refname) %(objectname) %(*objectname) [12ms]
[2022-05-27T11:56:01.607Z] > git remote --verbose [5ms]
[2022-05-27T11:56:01.660Z] > git config --get commit.template [4ms]
[2022-05-27T11:56:03.012Z] > git rev-list --count working.. -- /home/kadir/IML/Quantus/test.py [7ms]
[2022-05-27T11:56:03.012Z] fatal: bad revision 'working..'
[2022-05-27T11:56:03.037Z] > git log --format=%H%n%aN%n%aE%n%at%n%ct%n%P%n%B -z -- /home/kadir/IML/Quantus/test.py [11ms]
[2022-05-27T11:56:07.537Z] > git symbolic-ref --short HEAD [7ms]
[2022-05-27T11:56:07.566Z] > git for-each-ref --format=%(refname)%00%(upstream:short)%00%(objectname)%00%(upstream:track) refs/heads/main refs/remotes/main [9ms]
[2022-05-27T11:56:07.600Z] > git for-each-ref --sort -committerdate --format %(refname) %(objectname) %(*objectname) [18ms]
[2022-05-27T11:56:07.604Z] > git remote --verbose [5ms]
[2022-05-27T11:56:07.655Z] > git config --get commit.template [4ms]
[2022-05-27T11:56:08.966Z] > git rev-list --count working.. -- /home/kadir/IML/Quantus/test.py [6ms]
[2022-05-27T11:56:08.966Z] fatal: bad revision 'working..'
[2022-05-27T11:56:08.990Z] > git log --format=%H%n%aN%n%aE%n%at%n%ct%n%P%n%B -z -- /home/kadir/IML/Quantus/test.py [11ms]
[2022-05-27T11:56:13.558Z] > git symbolic-ref --short HEAD [8ms]
[2022-05-27T11:56:13.587Z] > git for-each-ref --format=%(refname)%00%(upstream:short)%00%(objectname)%00%(upstream:track) refs/heads/main refs/remotes/main [12ms]
[2022-05-27T11:56:13.629Z] > git for-each-ref --sort -committerdate --format %(refname) %(objectname) %(*objectname) [21ms]
[2022-05-27T11:56:13.634Z] > git remote --verbose [6ms]
[2022-05-27T11:56:13.693Z] > git config --get commit.template [5ms]
[2022-05-27T11:56:15.060Z] > git rev-list --count working.. -- /home/kadir/IML/Quantus/test.py [5ms]
[2022-05-27T11:56:15.060Z] fatal: bad revision 'working..'
[2022-05-27T11:56:15.088Z] > git log --format=%H%n%aN%n%aE%n%at%n%ct%n%P%n%B -z -- /home/kadir/IML/Quantus/test.py [11ms]
[2022-05-27T11:56:19.576Z] > git symbolic-ref --short HEAD [6ms]
[2022-05-27T11:56:19.602Z] > git for-each-ref --format=%(refname)%00%(upstream:short)%00%(objectname)%00%(upstream:track) refs/heads/main refs/remotes/main [10ms]
[2022-05-27T11:56:19.639Z] > git for-each-ref --sort -committerdate --format %(refname) %(objectname) %(*objectname) [20ms]
[2022-05-27T11:56:19.643Z] > git remote --verbose [5ms]
[2022-05-27T11:56:19.697Z] > git config --get commit.template [4ms]
[2022-05-27T11:56:21.019Z] > git rev-list --count working.. -- /home/kadir/IML/Quantus/test.py [7ms]
[2022-05-27T11:56:21.019Z] fatal: bad revision 'working..'
[2022-05-27T11:56:21.048Z] > git log --format=%H%n%aN%n%aE%n%at%n%ct%n%P%n%B -z -- /home/kadir/IML/Quantus/test.py [11ms]
[2022-05-27T11:56:22.707Z] > git log --format=%H%n%aN%n%aE%n%at%n%ct%n%P%n%B -z -n21 -- /home/kadir/IML/Quantus/.code-server/User/settings.json [13ms]
[2022-05-27T11:56:23.190Z] > git ls-files --stage -- /home/kadir/IML/Quantus/.code-server/User/settings.json [35ms]
[2022-05-27T11:56:25.555Z] > git symbolic-ref --short HEAD [8ms]
[2022-05-27T11:56:25.586Z] > git for-each-ref --format=%(refname)%00%(upstream:short)%00%(objectname)%00%(upstream:track) refs/heads/main refs/remotes/main [11ms]
[2022-05-27T11:56:25.629Z] > git for-each-ref --sort -committerdate --format %(refname) %(objectname) %(*objectname) [22ms]
[2022-05-27T11:56:25.633Z] > git remote --verbose [5ms]
[2022-05-27T11:56:25.705Z] > git config --get commit.template [12ms]
[2022-05-27T11:56:27.093Z] > git rev-list --count working.. -- /home/kadir/IML/Quantus/.code-server/User/settings.json [6ms]
[2022-05-27T11:56:27.093Z] fatal: bad revision 'working..'
[2022-05-27T11:56:27.124Z] > git log --format=%H%n%aN%n%aE%n%at%n%ct%n%P%n%B -z -- /home/kadir/IML/Quantus/.code-server/User/settings.json [10ms]
[2022-05-27T11:56:29.526Z] > git log --format=%H%n%aN%n%aE%n%at%n%ct%n%P%n%B -z -n21 -- /home/kadir/IML/Quantus/test.py [12ms]
[2022-05-27T11:56:29.710Z] > git ls-files --stage -- /home/kadir/IML/Quantus/test.py [5ms]
[2022-05-27T11:56:31.568Z] > git symbolic-ref --short HEAD [7ms]
[2022-05-27T11:56:31.593Z] > git for-each-ref --format=%(refname)%00%(upstream:short)%00%(objectname)%00%(upstream:track) refs/heads/main refs/remotes/main [9ms]
[2022-05-27T11:56:31.626Z] > git for-each-ref --sort -committerdate --format %(refname) %(objectname) %(*objectname) [18ms]
[2022-05-27T11:56:31.630Z] > git remote --verbose [5ms]
[2022-05-27T11:56:31.680Z] > git config --get commit.template [4ms]
[2022-05-27T11:56:32.964Z] > git rev-list --count working.. -- /home/kadir/IML/Quantus/test.py [7ms]
[2022-05-27T11:56:32.964Z] fatal: bad revision 'working..'
[2022-05-27T11:56:32.994Z] > git log --format=%H%n%aN%n%aE%n%at%n%ct%n%P%n%B -z -- /home/kadir/IML/Quantus/test.py [11ms]
[2022-05-27T11:56:37.534Z] > git symbolic-ref --short HEAD [7ms]
[2022-05-27T11:56:37.558Z] > git for-each-ref --format=%(refname)%00%(upstream:short)%00%(objectname)%00%(upstream:track) refs/heads/main refs/remotes/main [9ms]
[2022-05-27T11:56:37.591Z] > git for-each-ref --sort -committerdate --format %(refname) %(objectname) %(*objectname) [17ms]
[2022-05-27T11:56:37.596Z] > git remote --verbose [6ms]
[2022-05-27T11:56:37.647Z] > git config --get commit.template [5ms]
[2022-05-27T11:56:38.932Z] > git rev-list --count working.. -- /home/kadir/IML/Quantus/test.py [5ms]
[2022-05-27T11:56:38.932Z] fatal: bad revision 'working..'
[2022-05-27T11:56:38.961Z] > git log --format=%H%n%aN%n%aE%n%at%n%ct%n%P%n%B -z -- /home/kadir/IML/Quantus/test.py [10ms]
[2022-05-27T11:56:43.534Z] > git symbolic-ref --short HEAD [5ms]
[2022-05-27T11:56:43.562Z] > git for-each-ref --format=%(refname)%00%(upstream:short)%00%(objectname)%00%(upstream:track) refs/heads/main refs/remotes/main [9ms]
[2022-05-27T11:56:43.599Z] > git for-each-ref --sort -committerdate --format %(refname) %(objectname) %(*objectname) [18ms]
[2022-05-27T11:56:43.603Z] > git remote --verbose [5ms]
[2022-05-27T11:56:43.653Z] > git config --get commit.template [2ms]
[2022-05-27T11:56:44.927Z] > git rev-list --count working.. -- /home/kadir/IML/Quantus/test.py [6ms]
[2022-05-27T11:56:44.927Z] fatal: bad revision 'working..'
[2022-05-27T11:56:44.953Z] > git log --format=%H%n%aN%n%aE%n%at%n%ct%n%P%n%B -z -- /home/kadir/IML/Quantus/test.py [10ms]
[2022-05-27T11:56:49.563Z] > git symbolic-ref --short HEAD [7ms]
[2022-05-27T11:56:49.591Z] > git for-each-ref --format=%(refname)%00%(upstream:short)%00%(objectname)%00%(upstream:track) refs/heads/main refs/remotes/main [11ms]
[2022-05-27T11:56:49.635Z] > git for-each-ref --sort -committerdate --format %(refname) %(objectname) %(*objectname) [22ms]
[2022-05-27T11:56:49.640Z] > git remote --verbose [6ms]
[2022-05-27T11:56:49.697Z] > git config --get commit.template [4ms]
[2022-05-27T11:56:50.980Z] > git rev-list --count working.. -- /home/kadir/IML/Quantus/test.py [7ms]
[2022-05-27T11:56:50.980Z] fatal: bad revision 'working..'
[2022-05-27T11:56:51.011Z] > git log --format=%H%n%aN%n%aE%n%at%n%ct%n%P%n%B -z -- /home/kadir/IML/Quantus/test.py [11ms]
[2022-05-27T11:56:55.548Z] > git symbolic-ref --short HEAD [6ms]
[2022-05-27T11:56:55.582Z] > git for-each-ref --format=%(refname)%00%(upstream:short)%00%(objectname)%00%(upstream:track) refs/heads/main refs/remotes/main [11ms]
[2022-05-27T11:56:55.631Z] > git for-each-ref --sort -committerdate --format %(refname) %(objectname) %(*objectname) [25ms]
[2022-05-27T11:56:55.636Z] > git remote --verbose [6ms]
[2022-05-27T11:56:55.699Z] > git config --get commit.template [4ms]
[2022-05-27T11:56:57.019Z] > git rev-list --count working.. -- /home/kadir/IML/Quantus/test.py [8ms]
[2022-05-27T11:56:57.019Z] fatal: bad revision 'working..'
[2022-05-27T11:56:57.056Z] > git log --format=%H%n%aN%n%aE%n%at%n%ct%n%P%n%B -z -- /home/kadir/IML/Quantus/test.py [13ms]
[2022-05-27T11:56:59.402Z] > git log --format=%H%n%aN%n%aE%n%at%n%ct%n%P%n%B -z -n21 -- /home/kadir/IML/Quantus/.code-server/User/settings.json [33ms]
[2022-05-27T11:56:59.506Z] > git ls-files --stage -- /home/kadir/IML/Quantus/.code-server/User/settings.json [20ms]
[2022-05-27T11:57:01.587Z] > git symbolic-ref --short HEAD [6ms]
[2022-05-27T11:57:01.613Z] > git for-each-ref --format=%(refname)%00%(upstream:short)%00%(objectname)%00%(upstream:track) refs/heads/main refs/remotes/main [8ms]
[2022-05-27T11:57:01.654Z] > git for-each-ref --sort -committerdate --format %(refname) %(objectname) %(*objectname) [23ms]
[2022-05-27T11:57:01.654Z] > git remote --verbose [2ms]
[2022-05-27T11:57:01.711Z] > git config --get commit.template [2ms]
[2022-05-27T11:57:02.977Z] > git rev-list --count working.. -- /home/kadir/IML/Quantus/.code-server/User/settings.json [2ms]
[2022-05-27T11:57:02.977Z] fatal: bad revision 'working..'
[2022-05-27T11:57:03.008Z] > git log --format=%H%n%aN%n%aE%n%at%n%ct%n%P%n%B -z -- /home/kadir/IML/Quantus/.code-server/User/settings.json [7ms]
[2022-05-27T11:57:07.589Z] > git symbolic-ref --short HEAD [4ms]
[2022-05-27T11:57:07.706Z] > git for-each-ref --format=%(refname)%00%(upstream:short)%00%(objectname)%00%(upstream:track) refs/heads/main refs/remotes/main [50ms]
[2022-05-27T11:57:07.749Z] > git remote --verbose [14ms]
[2022-05-27T11:57:07.751Z] > git for-each-ref --sort -committerdate --format %(refname) %(objectname) %(*objectname) [27ms]
[2022-05-27T11:57:07.805Z] > git log --format=%H%n%aN%n%aE%n%at%n%ct%n%P%n%B -z -n21 -- /home/kadir/IML/Quantus/test.py [57ms]
[2022-05-27T11:57:07.811Z] > git config --get commit.template [6ms]
[2022-05-27T11:57:09.216Z] > git rev-list --count working.. -- /home/kadir/IML/Quantus/test.py [19ms]
[2022-05-27T11:57:09.216Z] fatal: bad revision 'working..'
[2022-05-27T11:57:09.224Z] > git ls-files --stage -- /home/kadir/IML/Quantus/test.py [10ms]
[2022-05-27T11:57:09.228Z] > git log --format=%H%n%aN%n%aE%n%at%n%ct%n%P%n%B -z -- /home/kadir/IML/Quantus/test.py [5ms]
[2022-05-27T11:57:13.640Z] > git symbolic-ref --short HEAD [2ms]
[2022-05-27T11:57:13.655Z] > git for-each-ref --format=%(refname)%00%(upstream:short)%00%(objectname)%00%(upstream:track) refs/heads/main refs/remotes/main [3ms]
[2022-05-27T11:57:13.680Z] > git for-each-ref --sort -committerdate --format %(refname) %(objectname) %(*objectname) [13ms]
[2022-05-27T11:57:13.681Z] > git remote --verbose [2ms]
[2022-05-27T11:57:13.731Z] > git config --get commit.template [1ms]
[2022-05-27T11:57:15.005Z] > git rev-list --count working.. -- /home/kadir/IML/Quantus/test.py [2ms]
[2022-05-27T11:57:15.006Z] fatal: bad revision 'working..'
[2022-05-27T11:57:15.020Z] > git log --format=%H%n%aN%n%aE%n%at%n%ct%n%P%n%B -z -- /home/kadir/IML/Quantus/test.py [5ms]
[2022-05-27T11:57:19.611Z] > git symbolic-ref --short HEAD [2ms]
[2022-05-27T11:57:19.627Z] > git for-each-ref --format=%(refname)%00%(upstream:short)%00%(objectname)%00%(upstream:track) refs/heads/main refs/remotes/main [4ms]
[2022-05-27T11:57:19.654Z] > git for-each-ref --sort -committerdate --format %(refname) %(objectname) %(*objectname) [14ms]
[2022-05-27T11:57:19.655Z] > git remote --verbose [2ms]
[2022-05-27T11:57:19.706Z] > git config --get commit.template [2ms]
[2022-05-27T11:57:21.005Z] > git rev-list --count working.. -- /home/kadir/IML/Quantus/test.py [3ms]
[2022-05-27T11:57:21.005Z] fatal: bad revision 'working..'
[2022-05-27T11:57:21.025Z] > git log --format=%H%n%aN%n%aE%n%at%n%ct%n%P%n%B -z -- /home/kadir/IML/Quantus/test.py [7ms]
[2022-05-27T11:57:25.531Z] > git symbolic-ref --short HEAD [2ms]
[2022-05-27T11:57:25.541Z] > git for-each-ref --format=%(refname)%00%(upstream:short)%00%(objectname)%00%(upstream:track) refs/heads/main refs/remotes/main [3ms]
[2022-05-27T11:57:25.561Z] > git for-each-ref --sort -committerdate --format %(refname) %(objectname) %(*objectname) [9ms]
[2022-05-27T11:57:25.561Z] > git remote --verbose [2ms]
[2022-05-27T11:57:25.605Z] > git config --get commit.template [1ms]
[2022-05-27T11:57:26.955Z] > git rev-list --count working.. -- /home/kadir/IML/Quantus/test.py [3ms]
[2022-05-27T11:57:26.955Z] fatal: bad revision 'working..'
[2022-05-27T11:57:26.973Z] > git log --format=%H%n%aN%n%aE%n%at%n%ct%n%P%n%B -z -- /home/kadir/IML/Quantus/test.py [5ms]
[2022-05-27T11:57:36.352Z] > git symbolic-ref --short HEAD [2ms]
[2022-05-27T11:57:36.364Z] > git for-each-ref --format=%(refname)%00%(upstream:short)%00%(objectname)%00%(upstream:track) refs/heads/main refs/remotes/main [3ms]
[2022-05-27T11:57:36.384Z] > git for-each-ref --sort -committerdate --format %(refname) %(objectname) %(*objectname) [11ms]
[2022-05-27T11:57:36.385Z] > git remote --verbose [2ms]
[2022-05-27T11:57:36.432Z] > git config --get commit.template [1ms]
[2022-05-27T11:57:37.756Z] > git rev-list --count working.. -- /home/kadir/IML/Quantus/test.py [3ms]
[2022-05-27T11:57:37.756Z] fatal: bad revision 'working..'
[2022-05-27T11:57:37.775Z] > git log --format=%H%n%aN%n%aE%n%at%n%ct%n%P%n%B -z -- /home/kadir/IML/Quantus/test.py [5ms]
[2022-05-27T11:57:42.285Z] > git symbolic-ref --short HEAD [1ms]
[2022-05-27T11:57:42.299Z] > git for-each-ref --format=%(refname)%00%(upstream:short)%00%(objectname)%00%(upstream:track) refs/heads/main refs/remotes/main [4ms]
[2022-05-27T11:57:42.319Z] > git for-each-ref --sort -committerdate --format %(refname) %(objectname) %(*objectname) [11ms]
[2022-05-27T11:57:42.320Z] > git remote --verbose [2ms]
[2022-05-27T11:57:42.373Z] > git config --get commit.template [1ms]
[2022-05-27T11:57:43.776Z] > git rev-list --count working.. -- /home/kadir/IML/Quantus/test.py [2ms]
[2022-05-27T11:57:43.776Z] fatal: bad revision 'working..'
[2022-05-27T11:57:43.794Z] > git log --format=%H%n%aN%n%aE%n%at%n%ct%n%P%n%B -z -- /home/kadir/IML/Quantus/test.py [6ms]
[2022-05-27T11:57:48.314Z] > git symbolic-ref --short HEAD [50ms]
[2022-05-27T11:57:48.341Z] > git for-each-ref --format=%(refname)%00%(upstream:short)%00%(objectname)%00%(upstream:track) refs/heads/main refs/remotes/main [16ms]
[2022-05-27T11:57:48.398Z] > git for-each-ref --sort -committerdate --format %(refname) %(objectname) %(*objectname) [20ms]
[2022-05-27T11:57:48.403Z] > git remote --verbose [8ms]
[2022-05-27T11:57:48.453Z] > git config --get commit.template [2ms]
[2022-05-27T11:57:49.899Z] > git rev-list --count working.. -- /home/kadir/IML/Quantus/test.py [2ms]
[2022-05-27T11:57:49.899Z] fatal: bad revision 'working..'
[2022-05-27T11:57:49.913Z] > git log --format=%H%n%aN%n%aE%n%at%n%ct%n%P%n%B -z -- /home/kadir/IML/Quantus/test.py [5ms]
[2022-05-27T11:57:54.672Z] > git symbolic-ref --short HEAD [2ms]
[2022-05-27T11:57:54.682Z] > git for-each-ref --format=%(refname)%00%(upstream:short)%00%(objectname)%00%(upstream:track) refs/heads/main refs/remotes/main [2ms]
[2022-05-27T11:57:54.699Z] > git for-each-ref --sort -committerdate --format %(refname) %(objectname) %(*objectname) [9ms]
[2022-05-27T11:57:54.700Z] > git remote --verbose [2ms]
[2022-05-27T11:57:54.755Z] > git config --get commit.template [2ms]
[2022-05-27T11:57:56.481Z] > git rev-list --count working.. -- /home/kadir/IML/Quantus/test.py [2ms]
[2022-05-27T11:57:56.481Z] fatal: bad revision 'working..'
[2022-05-27T11:57:56.498Z] > git log --format=%H%n%aN%n%aE%n%at%n%ct%n%P%n%B -z -- /home/kadir/IML/Quantus/test.py [6ms]
[2022-05-27T11:58:00.619Z] > git symbolic-ref --short HEAD [2ms]
[2022-05-27T11:58:00.630Z] > git for-each-ref --format=%(refname)%00%(upstream:short)%00%(objectname)%00%(upstream:track) refs/heads/main refs/remotes/main [4ms]
[2022-05-27T11:58:00.645Z] > git for-each-ref --sort -committerdate --format %(refname) %(objectname) %(*objectname) [8ms]
[2022-05-27T11:58:00.646Z] > git remote --verbose [2ms]
[2022-05-27T11:58:00.686Z] > git config --get commit.template [1ms]
[2022-05-27T11:58:02.082Z] > git rev-list --count working.. -- /home/kadir/IML/Quantus/test.py [2ms]
[2022-05-27T11:58:02.082Z] fatal: bad revision 'working..'
[2022-05-27T11:58:02.096Z] > git log --format=%H%n%aN%n%aE%n%at%n%ct%n%P%n%B -z -- /home/kadir/IML/Quantus/test.py [5ms]
[2022-05-27T11:58:06.490Z] > git symbolic-ref --short HEAD [4ms]
[2022-05-27T11:58:06.501Z] > git for-each-ref --format=%(refname)%00%(upstream:short)%00%(objectname)%00%(upstream:track) refs/heads/main refs/remotes/main [3ms]
[2022-05-27T11:58:06.518Z] > git for-each-ref --sort -committerdate --format %(refname) %(objectname) %(*objectname) [9ms]
[2022-05-27T11:58:06.519Z] > git remote --verbose [2ms]
[2022-05-27T11:58:06.563Z] > git config --get commit.template [2ms]
[2022-05-27T11:58:07.931Z] > git rev-list --count working.. -- /home/kadir/IML/Quantus/test.py [3ms]
[2022-05-27T11:58:07.931Z] fatal: bad revision 'working..'
[2022-05-27T11:58:07.945Z] > git log --format=%H%n%aN%n%aE%n%at%n%ct%n%P%n%B -z -- /home/kadir/IML/Quantus/test.py [4ms]
[2022-05-27T11:58:12.382Z] > git symbolic-ref --short HEAD [1ms]
[2022-05-27T11:58:12.396Z] > git for-each-ref --format=%(refname)%00%(upstream:short)%00%(objectname)%00%(upstream:track) refs/heads/main refs/remotes/main [3ms]
[2022-05-27T11:58:12.420Z] > git for-each-ref --sort -committerdate --format %(refname) %(objectname) %(*objectname) [14ms]
[2022-05-27T11:58:12.421Z] > git remote --verbose [2ms]
[2022-05-27T11:58:12.471Z] > git config --get commit.template [1ms]
[2022-05-27T11:58:13.938Z] > git rev-list --count working.. -- /home/kadir/IML/Quantus/test.py [2ms]
[2022-05-27T11:58:13.938Z] fatal: bad revision 'working..'
[2022-05-27T11:58:13.955Z] > git log --format=%H%n%aN%n%aE%n%at%n%ct%n%P%n%B -z -- /home/kadir/IML/Quantus/test.py [4ms]
[2022-05-27T11:58:18.339Z] > git symbolic-ref --short HEAD [2ms]
[2022-05-27T11:58:18.352Z] > git for-each-ref --format=%(refname)%00%(upstream:short)%00%(objectname)%00%(upstream:track) refs/heads/main refs/remotes/main [4ms]
[2022-05-27T11:58:18.372Z] > git for-each-ref --sort -committerdate --format %(refname) %(objectname) %(*objectname) [10ms]
[2022-05-27T11:58:18.373Z] > git remote --verbose [2ms]
[2022-05-27T11:58:18.420Z] > git config --get commit.template [1ms]
[2022-05-27T11:58:19.834Z] > git rev-list --count working.. -- /home/kadir/IML/Quantus/test.py [2ms]
[2022-05-27T11:58:19.834Z] fatal: bad revision 'working..'
[2022-05-27T11:58:19.850Z] > git log --format=%H%n%aN%n%aE%n%at%n%ct%n%P%n%B -z -- /home/kadir/IML/Quantus/test.py [5ms]
[2022-05-27T11:58:24.518Z] > git symbolic-ref --short HEAD [2ms]
[2022-05-27T11:58:24.532Z] > git for-each-ref --format=%(refname)%00%(upstream:short)%00%(objectname)%00%(upstream:track) refs/heads/main refs/remotes/main [3ms]
[2022-05-27T11:58:24.554Z] > git for-each-ref --sort -committerdate --format %(refname) %(objectname) %(*objectname) [13ms]
[2022-05-27T11:58:24.555Z] > git remote --verbose [2ms]
[2022-05-27T11:58:24.606Z] > git config --get commit.template [9ms]
[2022-05-27T11:58:25.981Z] > git rev-list --count working.. -- /home/kadir/IML/Quantus/test.py [2ms]
[2022-05-27T11:58:25.981Z] fatal: bad revision 'working..'
[2022-05-27T11:58:26.000Z] > git log --format=%H%n%aN%n%aE%n%at%n%ct%n%P%n%B -z -- /home/kadir/IML/Quantus/test.py [6ms]
[2022-05-27T11:58:30.424Z] > git symbolic-ref --short HEAD [2ms]
[2022-05-27T11:58:30.441Z] > git for-each-ref --format=%(refname)%00%(upstream:short)%00%(objectname)%00%(upstream:track) refs/heads/main refs/remotes/main [3ms]
[2022-05-27T11:58:30.466Z] > git for-each-ref --sort -committerdate --format %(refname) %(objectname) %(*objectname) [13ms]
[2022-05-27T11:58:30.467Z] > git remote --verbose [2ms]
[2022-05-27T11:58:30.512Z] > git config --get commit.template [2ms]
[2022-05-27T11:58:32.787Z] > git rev-list --count working.. -- /home/kadir/IML/Quantus/test.py [6ms]
[2022-05-27T11:58:32.787Z] fatal: bad revision 'working..'
[2022-05-27T11:58:32.838Z] > git log --format=%H%n%aN%n%aE%n%at%n%ct%n%P%n%B -z -- /home/kadir/IML/Quantus/test.py [13ms]
[2022-05-27T11:58:36.764Z] > git symbolic-ref --short HEAD [2ms]
[2022-05-27T11:58:36.782Z] > git for-each-ref --format=%(refname)%00%(upstream:short)%00%(objectname)%00%(upstream:track) refs/heads/main refs/remotes/main [3ms]
[2022-05-27T11:58:36.814Z] > git for-each-ref --sort -committerdate --format %(refname) %(objectname) %(*objectname) [17ms]
[2022-05-27T11:58:36.814Z] > git remote --verbose [1ms]
[2022-05-27T11:58:36.864Z] > git config --get commit.template [1ms]
[2022-05-27T11:58:38.331Z] > git rev-list --count working.. -- /home/kadir/IML/Quantus/test.py [1ms]
[2022-05-27T11:58:38.331Z] fatal: bad revision 'working..'
[2022-05-27T11:58:38.366Z] > git log --format=%H%n%aN%n%aE%n%at%n%ct%n%P%n%B -z -- /home/kadir/IML/Quantus/test.py [8ms]
[2022-05-27T11:58:43.543Z] > git symbolic-ref --short HEAD [6ms]
[2022-05-27T11:58:43.577Z] > git for-each-ref --format=%(refname)%00%(upstream:short)%00%(objectname)%00%(upstream:track) refs/heads/main refs/remotes/main [10ms]
[2022-05-27T11:58:43.637Z] > git for-each-ref --sort -committerdate --format %(refname) %(objectname) %(*objectname) [34ms]
[2022-05-27T11:58:43.643Z] > git remote --verbose [11ms]
[2022-05-27T11:58:43.738Z] > git config --get commit.template [5ms]
[2022-05-27T11:58:49.600Z] > git symbolic-ref --short HEAD [2ms]
[2022-05-27T11:58:49.619Z] > git for-each-ref --format=%(refname)%00%(upstream:short)%00%(objectname)%00%(upstream:track) refs/heads/main refs/remotes/main [3ms]
[2022-05-27T11:58:49.654Z] > git for-each-ref --sort -committerdate --format %(refname) %(objectname) %(*objectname) [18ms]
[2022-05-27T11:58:49.655Z] > git remote --verbose [2ms]
[2022-05-27T11:58:49.710Z] > git config --get commit.template [2ms]
[2022-05-27T11:58:50.946Z] > git rev-list --count working.. -- /home/kadir/IML/Quantus/test.py [3ms]
[2022-05-27T11:58:50.946Z] fatal: bad revision 'working..'
[2022-05-27T11:58:50.980Z] > git log --format=%H%n%aN%n%aE%n%at%n%ct%n%P%n%B -z -- /home/kadir/IML/Quantus/test.py [11ms]
[2022-05-27T11:59:12.968Z] > git symbolic-ref --short HEAD [5ms]
[2022-05-27T11:59:13.000Z] > git for-each-ref --format=%(refname)%00%(upstream:short)%00%(objectname)%00%(upstream:track) refs/heads/main refs/remotes/main [10ms]
[2022-05-27T11:59:13.046Z] > git for-each-ref --sort -committerdate --format %(refname) %(objectname) %(*objectname) [25ms]
[2022-05-27T11:59:13.051Z] > git remote --verbose [6ms]
[2022-05-27T11:59:13.145Z] > git config --get commit.template [16ms]
[2022-05-27T11:59:20.053Z] > git symbolic-ref --short HEAD [15ms]
[2022-05-27T11:59:20.097Z] > git for-each-ref --format=%(refname)%00%(upstream:short)%00%(objectname)%00%(upstream:track) refs/heads/main refs/remotes/main [20ms]
[2022-05-27T11:59:20.138Z] > git for-each-ref --sort -committerdate --format %(refname) %(objectname) %(*objectname) [26ms]
[2022-05-27T11:59:20.143Z] > git remote --verbose [14ms]
[2022-05-27T11:59:22.870Z] > git config --get commit.template [2603ms]
[2022-05-27T11:59:22.980Z] > git rev-list --count working.. -- /home/kadir/IML/Quantus/test.py [76ms]
[2022-05-27T11:59:22.980Z] fatal: bad revision 'working..'
[2022-05-27T11:59:23.056Z] > git log --format=%H%n%aN%n%aE%n%at%n%ct%n%P%n%B -z -- /home/kadir/IML/Quantus/test.py [44ms]
[2022-05-27T11:59:35.458Z] > git symbolic-ref --short HEAD [6ms]
[2022-05-27T11:59:35.478Z] > git for-each-ref --format=%(refname)%00%(upstream:short)%00%(objectname)%00%(upstream:track) refs/heads/main refs/remotes/main [11ms]
[2022-05-27T11:59:35.500Z] > git for-each-ref --sort -committerdate --format %(refname) %(objectname) %(*objectname) [11ms]
[2022-05-27T11:59:35.504Z] > git remote --verbose [5ms]
[2022-05-27T11:59:35.567Z] > git config --get commit.template [4ms]
[2022-05-27T11:59:37.934Z] > git rev-list --count working.. -- /home/kadir/IML/Quantus/test.py [8ms]
[2022-05-27T11:59:37.935Z] fatal: bad revision 'working..'
[2022-05-27T11:59:37.962Z] > git log --format=%H%n%aN%n%aE%n%at%n%ct%n%P%n%B -z -- /home/kadir/IML/Quantus/test.py [12ms]
[2022-05-27T11:59:41.858Z] > git symbolic-ref --short HEAD [5ms]
[2022-05-27T11:59:41.881Z] > git for-each-ref --format=%(refname)%00%(upstream:short)%00%(objectname)%00%(upstream:track) refs/heads/main refs/remotes/main [12ms]
[2022-05-27T11:59:41.907Z] > git for-each-ref --sort -committerdate --format %(refname) %(objectname) %(*objectname) [15ms]
[2022-05-27T11:59:41.910Z] > git remote --verbose [4ms]
[2022-05-27T11:59:41.970Z] > git config --get commit.template [4ms]
[2022-05-27T11:59:43.985Z] > git rev-list --count working.. -- /home/kadir/IML/Quantus/test.py [6ms]
[2022-05-27T11:59:43.985Z] fatal: bad revision 'working..'
[2022-05-27T11:59:44.010Z] > git log --format=%H%n%aN%n%aE%n%at%n%ct%n%P%n%B -z -- /home/kadir/IML/Quantus/test.py [12ms]
[2022-05-27T11:59:48.268Z] > git symbolic-ref --short HEAD [2ms]
[2022-05-27T11:59:48.281Z] > git for-each-ref --format=%(refname)%00%(upstream:short)%00%(objectname)%00%(upstream:track) refs/heads/main refs/remotes/main [4ms]
[2022-05-27T11:59:48.302Z] > git for-each-ref --sort -committerdate --format %(refname) %(objectname) %(*objectname) [11ms]
[2022-05-27T11:59:48.303Z] > git remote --verbose [2ms]
[2022-05-27T11:59:48.363Z] > git config --get commit.template [1ms]
[2022-05-27T11:59:56.238Z] > git rev-list --count working.. -- /home/kadir/IML/Quantus/test.py [3ms]
[2022-05-27T11:59:56.238Z] fatal: bad revision 'working..'
[2022-05-27T11:59:56.261Z] > git log --format=%H%n%aN%n%aE%n%at%n%ct%n%P%n%B -z -- /home/kadir/IML/Quantus/test.py [8ms]
[2022-05-27T11:59:59.348Z] > git symbolic-ref --short HEAD [4ms]
[2022-05-27T11:59:59.366Z] > git for-each-ref --format=%(refname)%00%(upstream:short)%00%(objectname)%00%(upstream:track) refs/heads/main refs/remotes/main [5ms]
[2022-05-27T11:59:59.396Z] > git for-each-ref --sort -committerdate --format %(refname) %(objectname) %(*objectname) [17ms]
[2022-05-27T11:59:59.399Z] > git remote --verbose [4ms]
[2022-05-27T11:59:59.482Z] > git config --get commit.template [12ms]
[2022-05-27T12:00:01.929Z] > git rev-list --count working.. -- /home/kadir/IML/Quantus/test.py [2ms]
[2022-05-27T12:00:01.929Z] fatal: bad revision 'working..'
[2022-05-27T12:00:01.949Z] > git log --format=%H%n%aN%n%aE%n%at%n%ct%n%P%n%B -z -- /home/kadir/IML/Quantus/test.py [6ms]
[2022-05-27T12:00:09.346Z] > git symbolic-ref --short HEAD [7ms]
[2022-05-27T12:00:09.371Z] > git for-each-ref --format=%(refname)%00%(upstream:short)%00%(objectname)%00%(upstream:track) refs/heads/main refs/remotes/main [13ms]
[2022-05-27T12:00:09.403Z] > git for-each-ref --sort -committerdate --format %(refname) %(objectname) %(*objectname) [17ms]
[2022-05-27T12:00:09.409Z] > git remote --verbose [7ms]
[2022-05-27T12:00:09.470Z] > git config --get commit.template [2ms]
[2022-05-27T12:00:12.060Z] > git rev-list --count working.. -- /home/kadir/IML/Quantus/test.py [22ms]
[2022-05-27T12:00:12.060Z] fatal: bad revision 'working..'
[2022-05-27T12:00:12.123Z] > git log --format=%H%n%aN%n%aE%n%at%n%ct%n%P%n%B -z -- /home/kadir/IML/Quantus/test.py [30ms]
[2022-05-27T12:00:16.807Z] > git symbolic-ref --short HEAD [4ms]
[2022-05-27T12:00:16.833Z] > git for-each-ref --format=%(refname)%00%(upstream:short)%00%(objectname)%00%(upstream:track) refs/heads/main refs/remotes/main [8ms]
[2022-05-27T12:00:16.874Z] > git for-each-ref --sort -committerdate --format %(refname) %(objectname) %(*objectname) [23ms]
[2022-05-27T12:00:16.878Z] > git remote --verbose [4ms]
[2022-05-27T12:00:16.953Z] > git config --get commit.template [3ms]
[2022-05-27T12:00:23.561Z] > git rev-list --count working.. -- /home/kadir/IML/Quantus/test.py [43ms]
[2022-05-27T12:00:23.561Z] fatal: bad revision 'working..'
[2022-05-27T12:00:23.597Z] > git log --format=%H%n%aN%n%aE%n%at%n%ct%n%P%n%B -z -- /home/kadir/IML/Quantus/test.py [11ms]
[2022-05-27T12:00:26.818Z] > git symbolic-ref --short HEAD [7ms]
[2022-05-27T12:00:26.859Z] > git for-each-ref --format=%(refname)%00%(upstream:short)%00%(objectname)%00%(upstream:track) refs/heads/main refs/remotes/main [17ms]
[2022-05-27T12:00:26.894Z] > git for-each-ref --sort -committerdate --format %(refname) %(objectname) %(*objectname) [15ms]
[2022-05-27T12:00:26.899Z] > git remote --verbose [6ms]
[2022-05-27T12:00:26.983Z] > git config --get commit.template [4ms]
[2022-05-27T12:00:30.655Z] > git rev-list --count working.. -- /home/kadir/IML/Quantus/test.py [16ms]
[2022-05-27T12:00:30.655Z] fatal: bad revision 'working..'
[2022-05-27T12:00:30.702Z] > git log --format=%H%n%aN%n%aE%n%at%n%ct%n%P%n%B -z -- /home/kadir/IML/Quantus/test.py [25ms]
[2022-05-27T12:00:39.854Z] > git symbolic-ref --short HEAD [9ms]
[2022-05-27T12:00:39.880Z] > git for-each-ref --format=%(refname)%00%(upstream:short)%00%(objectname)%00%(upstream:track) refs/heads/main refs/remotes/main [11ms]
[2022-05-27T12:00:39.922Z] > git for-each-ref --sort -committerdate --format %(refname) %(objectname) %(*objectname) [28ms]
[2022-05-27T12:00:39.926Z] > git remote --verbose [10ms]
[2022-05-27T12:00:40.024Z] > git config --get commit.template [15ms]
[2022-05-27T12:00:43.145Z] > git rev-list --count working.. -- /home/kadir/IML/Quantus/test.py [10ms]
[2022-05-27T12:00:43.145Z] fatal: bad revision 'working..'
[2022-05-27T12:00:43.177Z] > git log --format=%H%n%aN%n%aE%n%at%n%ct%n%P%n%B -z -- /home/kadir/IML/Quantus/test.py [19ms]
[2022-05-27T12:00:47.752Z] > git symbolic-ref --short HEAD [6ms]
[2022-05-27T12:00:47.779Z] > git for-each-ref --format=%(refname)%00%(upstream:short)%00%(objectname)%00%(upstream:track) refs/heads/main refs/remotes/main [14ms]
[2022-05-27T12:00:47.806Z] > git for-each-ref --sort -committerdate --format %(refname) %(objectname) %(*objectname) [13ms]
[2022-05-27T12:00:47.815Z] > git remote --verbose [10ms]
[2022-05-27T12:00:47.909Z] > git config --get commit.template [5ms]
[2022-05-27T12:00:50.922Z] > git rev-list --count working.. -- /home/kadir/IML/Quantus/test.py [10ms]
[2022-05-27T12:00:50.922Z] fatal: bad revision 'working..'
[2022-05-27T12:00:50.984Z] > git log --format=%H%n%aN%n%aE%n%at%n%ct%n%P%n%B -z -- /home/kadir/IML/Quantus/test.py [25ms]
[2022-05-27T12:00:54.772Z] > git symbolic-ref --short HEAD [7ms]
[2022-05-27T12:00:54.795Z] > git for-each-ref --format=%(refname)%00%(upstream:short)%00%(objectname)%00%(upstream:track) refs/heads/main refs/remotes/main [10ms]
[2022-05-27T12:00:54.825Z] > git for-each-ref --sort -committerdate --format %(refname) %(objectname) %(*objectname) [17ms]
[2022-05-27T12:00:54.830Z] > git remote --verbose [7ms]
[2022-05-27T12:00:54.908Z] > git config --get commit.template [6ms]
[2022-05-27T12:00:57.719Z] > git rev-list --count working.. -- /home/kadir/IML/Quantus/test.py [5ms]
[2022-05-27T12:00:57.719Z] fatal: bad revision 'working..'
[2022-05-27T12:00:57.744Z] > git log --format=%H%n%aN%n%aE%n%at%n%ct%n%P%n%B -z -- /home/kadir/IML/Quantus/test.py [10ms]
[2022-05-27T12:01:01.618Z] > git symbolic-ref --short HEAD [7ms]
[2022-05-27T12:01:01.641Z] > git for-each-ref --format=%(refname)%00%(upstream:short)%00%(objectname)%00%(upstream:track) refs/heads/main refs/remotes/main [10ms]
[2022-05-27T12:01:01.672Z] > git for-each-ref --sort -committerdate --format %(refname) %(objectname) %(*objectname) [15ms]
[2022-05-27T12:01:01.676Z] > git remote --verbose [5ms]
[2022-05-27T12:01:01.732Z] > git config --get commit.template [3ms]
[2022-05-27T12:01:03.151Z] > git rev-list --count working.. -- /home/kadir/IML/Quantus/test.py [8ms]
[2022-05-27T12:01:03.151Z] fatal: bad revision 'working..'
[2022-05-27T12:01:03.175Z] > git log --format=%H%n%aN%n%aE%n%at%n%ct%n%P%n%B -z -- /home/kadir/IML/Quantus/test.py [12ms]
[2022-05-27T13:47:43.884Z] > git symbolic-ref --short HEAD [2ms]
[2022-05-27T13:47:43.898Z] > git for-each-ref --format=%(refname)%00%(upstream:short)%00%(objectname)%00%(upstream:track) refs/heads/main refs/remotes/main [3ms]
[2022-05-27T13:47:43.913Z] > git for-each-ref --sort -committerdate --format %(refname) %(objectname) %(*objectname) [8ms]
[2022-05-27T13:47:43.914Z] > git remote --verbose [3ms]
[2022-05-27T13:47:43.974Z] > git config --get commit.template [3ms]
[2022-05-27T13:47:45.472Z] > git rev-list --count working.. -- /home/kadir/IML/Quantus/test.py [1ms]
[2022-05-27T13:47:45.472Z] fatal: bad revision 'working..'
[2022-05-27T13:47:45.491Z] > git log --format=%H%n%aN%n%aE%n%at%n%ct%n%P%n%B -z -- /home/kadir/IML/Quantus/test.py [7ms]
