[2022-06-10 11:29:14.734] [exthost] [info] Extension host with pid 302887 started
[2022-06-10 11:29:14.745] [exthost] [info] Lock '/home/kadir/IML/Quantus/.code-server/User/workspaceStorage/-1bb1ea6c/vscode.lock': Lock acquired.
[2022-06-10 11:29:14.809] [exthost] [info] ExtensionService#_doActivateExtension vscode.debug-auto-launch, startup: true, activationEvent: '*'
[2022-06-10 11:29:14.815] [exthost] [info] ExtensionService#_doActivateExtension vscode.git-base, startup: true, activationEvent: '*', root cause: vscode.github
[2022-06-10 11:29:14.822] [exthost] [info] ExtensionService#_doActivateExtension ms-python.python, startup: true, activationEvent: 'workspaceContains:setup.py'
[2022-06-10 11:29:15.130] [exthost] [info] ExtensionService#_doActivateExtension vscode.git, startup: true, activationEvent: '*'
[2022-06-10 11:29:15.216] [exthost] [info] ExtensionService#_doActivateExtension vscode.github, startup: true, activationEvent: '*'
[2022-06-10 11:29:15.331] [exthost] [warning] [ms-python.python] Accessing a window scoped configuration for a resource is not expected. To associate 'python.languageServer' to a resource, define its scope to 'resource' in configuration contributions in 'package.json'.
[2022-06-10 11:29:15.336] [exthost] [warning] [ms-python.python] Accessing a window scoped configuration for a resource is not expected. To associate 'python.languageServer' to a resource, define its scope to 'resource' in configuration contributions in 'package.json'.
[2022-06-10 11:29:15.381] [exthost] [info] ExtensionService#_doActivateExtension vscode.emmet, startup: false, activationEvent: 'onStartupFinished'
[2022-06-10 11:29:15.406] [exthost] [info] ExtensionService#_doActivateExtension vscode.merge-conflict, startup: false, activationEvent: 'onStartupFinished'
[2022-06-10 11:29:15.411] [exthost] [info] Eager extensions activated
[2022-06-10 11:29:15.482] [exthost] [warning] [vscode.emmet] Accessing a resource scoped configuration without providing a resource is not expected. To get the effective value for 'emmet.includeLanguages', provide the URI of a resource or 'null' for any resource.
[2022-06-10 11:29:18.218] [exthost] [warning] [ms-python.python] Accessing a window scoped configuration for a resource is not expected. To associate 'python.languageServer' to a resource, define its scope to 'resource' in configuration contributions in 'package.json'.
[2022-06-10 11:29:18.221] [exthost] [warning] [ms-python.python] Accessing a window scoped configuration for a resource is not expected. To associate 'python.languageServer' to a resource, define its scope to 'resource' in configuration contributions in 'package.json'.
[2022-06-10 11:29:18.224] [exthost] [warning] [ms-python.python] Accessing a window scoped configuration for a resource is not expected. To associate 'python.languageServer' to a resource, define its scope to 'resource' in configuration contributions in 'package.json'.
[2022-06-10 11:29:18.226] [exthost] [warning] [ms-python.python] Accessing a window scoped configuration for a resource is not expected. To associate 'python.languageServer' to a resource, define its scope to 'resource' in configuration contributions in 'package.json'.
[2022-06-10 11:29:25.166] [exthost] [warning] [Decorations] CAPPING events from decorations provider vscode.git 306
[2022-06-10 11:29:30.805] [exthost] [warning] [Decorations] CAPPING events from decorations provider vscode.git 306
[2022-06-10 11:29:38.496] [exthost] [info] ExtensionService#_doActivateExtension ms-toolsai.jupyter, startup: false, activationEvent: 'onLanguage:python'
[2022-06-10 11:29:39.275] [exthost] [warning] [ms-toolsai.jupyter] Accessing a window scoped configuration for a resource is not expected. To associate 'jupyter.allowInput' to a resource, define its scope to 'resource' in configuration contributions in 'package.json'.
[2022-06-10 11:29:39.448] [exthost] [info] ExtensionService#_doActivateExtension ms-toolsai.jupyter-renderers, startup: false, activationEvent: 'api', root cause: ms-toolsai.jupyter
[2022-06-10 11:29:39.627] [exthost] [warning] [Decorations] CAPPING events from decorations provider vscode.git 307
[2022-06-10 11:29:48.433] [exthost] [warning] [Decorations] CAPPING events from decorations provider vscode.git 307
[2022-06-10 11:29:55.675] [exthost] [warning] [ms-python.python] Accessing a window scoped configuration for a resource is not expected. To associate 'python.languageServer' to a resource, define its scope to 'resource' in configuration contributions in 'package.json'.
[2022-06-10 11:29:55.680] [exthost] [warning] [ms-python.python] Accessing a window scoped configuration for a resource is not expected. To associate 'python.languageServer' to a resource, define its scope to 'resource' in configuration contributions in 'package.json'.
[2022-06-10 11:29:57.290] [exthost] [warning] [Decorations] CAPPING events from decorations provider vscode.git 307
[2022-06-10 11:30:05.946] [exthost] [warning] [Decorations] CAPPING events from decorations provider vscode.git 311
[2022-06-10 11:30:14.822] [exthost] [warning] [Decorations] CAPPING events from decorations provider vscode.git 311
[2022-06-10 11:30:24.254] [exthost] [warning] [Decorations] CAPPING events from decorations provider vscode.git 311
[2022-06-10 11:30:33.656] [exthost] [warning] [Decorations] CAPPING events from decorations provider vscode.git 311
[2022-06-10 11:30:42.953] [exthost] [warning] [Decorations] CAPPING events from decorations provider vscode.git 311
[2022-06-10 11:30:52.128] [exthost] [warning] [Decorations] CAPPING events from decorations provider vscode.git 311
[2022-06-10 11:31:01.350] [exthost] [warning] [Decorations] CAPPING events from decorations provider vscode.git 311
[2022-06-10 11:31:10.831] [exthost] [warning] [Decorations] CAPPING events from decorations provider vscode.git 311
[2022-06-10 11:31:20.265] [exthost] [warning] [Decorations] CAPPING events from decorations provider vscode.git 311
[2022-06-10 11:31:29.613] [exthost] [warning] [Decorations] CAPPING events from decorations provider vscode.git 311
[2022-06-10 11:31:39.073] [exthost] [warning] [Decorations] CAPPING events from decorations provider vscode.git 311
[2022-06-10 11:31:48.331] [exthost] [warning] [Decorations] CAPPING events from decorations provider vscode.git 311
[2022-06-10 11:31:59.187] [exthost] [warning] [Decorations] CAPPING events from decorations provider vscode.git 311
[2022-06-10 11:32:08.479] [exthost] [warning] [Decorations] CAPPING events from decorations provider vscode.git 311
[2022-06-10 11:32:19.188] [exthost] [warning] [Decorations] CAPPING events from decorations provider vscode.git 311
[2022-06-10 11:32:29.668] [exthost] [warning] [Decorations] CAPPING events from decorations provider vscode.git 311
[2022-06-10 11:32:39.187] [exthost] [warning] [Decorations] CAPPING events from decorations provider vscode.git 311
[2022-06-10 11:32:49.611] [exthost] [warning] [Decorations] CAPPING events from decorations provider vscode.git 311
[2022-06-10 11:33:00.175] [exthost] [warning] [Decorations] CAPPING events from decorations provider vscode.git 311
[2022-06-10 11:33:10.677] [exthost] [warning] [Decorations] CAPPING events from decorations provider vscode.git 311
[2022-06-10 11:33:21.258] [exthost] [warning] [Decorations] CAPPING events from decorations provider vscode.git 311
[2022-06-10 11:33:30.671] [exthost] [warning] [Decorations] CAPPING events from decorations provider vscode.git 311
[2022-06-10 11:33:41.303] [exthost] [warning] [Decorations] CAPPING events from decorations provider vscode.git 311
[2022-06-10 11:33:52.162] [exthost] [warning] [Decorations] CAPPING events from decorations provider vscode.git 311
[2022-06-10 11:34:01.496] [exthost] [warning] [Decorations] CAPPING events from decorations provider vscode.git 311
[2022-06-10 11:34:11.940] [exthost] [warning] [Decorations] CAPPING events from decorations provider vscode.git 311
[2022-06-10 11:34:22.508] [exthost] [warning] [Decorations] CAPPING events from decorations provider vscode.git 311
[2022-06-10 11:34:33.412] [exthost] [warning] [Decorations] CAPPING events from decorations provider vscode.git 311
[2022-06-10 11:34:43.987] [exthost] [warning] [Decorations] CAPPING events from decorations provider vscode.git 311
[2022-06-10 11:34:53.461] [exthost] [warning] [Decorations] CAPPING events from decorations provider vscode.git 311
[2022-06-10 11:35:04.146] [exthost] [warning] [Decorations] CAPPING events from decorations provider vscode.git 311
[2022-06-10 11:35:14.463] [exthost] [warning] [Decorations] CAPPING events from decorations provider vscode.git 311
[2022-06-10 11:35:23.541] [exthost] [warning] [Decorations] CAPPING events from decorations provider vscode.git 311
[2022-06-10 11:35:33.671] [exthost] [warning] [Decorations] CAPPING events from decorations provider vscode.git 311
[2022-06-10 11:35:43.809] [exthost] [warning] [Decorations] CAPPING events from decorations provider vscode.git 311
[2022-06-10 11:35:53.219] [exthost] [warning] [Decorations] CAPPING events from decorations provider vscode.git 311
[2022-06-10 11:36:03.424] [exthost] [warning] [Decorations] CAPPING events from decorations provider vscode.git 311
[2022-06-10 11:36:13.631] [exthost] [warning] [Decorations] CAPPING events from decorations provider vscode.git 311
[2022-06-10 11:36:23.883] [exthost] [warning] [Decorations] CAPPING events from decorations provider vscode.git 311
[2022-06-10 11:36:34.145] [exthost] [warning] [Decorations] CAPPING events from decorations provider vscode.git 311
[2022-06-10 11:36:44.161] [exthost] [warning] [Decorations] CAPPING events from decorations provider vscode.git 311
[2022-06-10 11:36:54.537] [exthost] [warning] [Decorations] CAPPING events from decorations provider vscode.git 311
[2022-06-10 11:37:04.702] [exthost] [warning] [Decorations] CAPPING events from decorations provider vscode.git 311
[2022-06-10 11:37:14.110] [exthost] [warning] [Decorations] CAPPING events from decorations provider vscode.git 311
[2022-06-10 11:37:24.326] [exthost] [warning] [Decorations] CAPPING events from decorations provider vscode.git 311
[2022-06-10 11:37:34.560] [exthost] [warning] [Decorations] CAPPING events from decorations provider vscode.git 311
[2022-06-10 11:37:43.594] [exthost] [warning] [Decorations] CAPPING events from decorations provider vscode.git 311
[2022-06-10 11:37:53.966] [exthost] [warning] [Decorations] CAPPING events from decorations provider vscode.git 311
[2022-06-10 11:38:04.353] [exthost] [warning] [Decorations] CAPPING events from decorations provider vscode.git 311
[2022-06-10 11:38:13.378] [exthost] [warning] [Decorations] CAPPING events from decorations provider vscode.git 311
[2022-06-10 11:38:23.690] [exthost] [warning] [Decorations] CAPPING events from decorations provider vscode.git 311
[2022-06-10 11:38:34.047] [exthost] [warning] [Decorations] CAPPING events from decorations provider vscode.git 311
[2022-06-10 11:38:44.213] [exthost] [warning] [Decorations] CAPPING events from decorations provider vscode.git 311
[2022-06-10 11:38:54.639] [exthost] [warning] [Decorations] CAPPING events from decorations provider vscode.git 311
[2022-06-10 11:39:05.001] [exthost] [warning] [Decorations] CAPPING events from decorations provider vscode.git 311
[2022-06-10 11:39:15.254] [exthost] [warning] [Decorations] CAPPING events from decorations provider vscode.git 311
[2022-06-10 11:39:25.559] [exthost] [warning] [Decorations] CAPPING events from decorations provider vscode.git 311
[2022-06-10 11:39:34.306] [exthost] [warning] [Decorations] CAPPING events from decorations provider vscode.git 311
[2022-06-10 11:39:44.605] [exthost] [warning] [Decorations] CAPPING events from decorations provider vscode.git 311
[2022-06-10 11:39:54.855] [exthost] [warning] [Decorations] CAPPING events from decorations provider vscode.git 311
[2022-06-10 11:40:03.841] [exthost] [warning] [Decorations] CAPPING events from decorations provider vscode.git 311
[2022-06-10 11:40:14.004] [exthost] [warning] [Decorations] CAPPING events from decorations provider vscode.git 311
[2022-06-10 11:40:24.792] [exthost] [warning] [Decorations] CAPPING events from decorations provider vscode.git 311
[2022-06-10 11:40:34.346] [exthost] [warning] [Decorations] CAPPING events from decorations provider vscode.git 311
[2022-06-10 11:40:45.127] [exthost] [warning] [Decorations] CAPPING events from decorations provider vscode.git 311
[2022-06-10 11:40:55.936] [exthost] [warning] [Decorations] CAPPING events from decorations provider vscode.git 311
[2022-06-10 11:41:06.768] [exthost] [warning] [Decorations] CAPPING events from decorations provider vscode.git 311
[2022-06-10 11:41:17.570] [exthost] [warning] [Decorations] CAPPING events from decorations provider vscode.git 311
[2022-06-10 11:41:26.972] [exthost] [warning] [Decorations] CAPPING events from decorations provider vscode.git 311
[2022-06-10 11:41:37.784] [exthost] [warning] [Decorations] CAPPING events from decorations provider vscode.git 311
[2022-06-10 11:41:48.564] [exthost] [warning] [Decorations] CAPPING events from decorations provider vscode.git 311
[2022-06-10 11:41:58.952] [exthost] [warning] [Decorations] CAPPING events from decorations provider vscode.git 311
[2022-06-10 11:42:09.711] [exthost] [warning] [Decorations] CAPPING events from decorations provider vscode.git 311
[2022-06-10 11:42:19.711] [exthost] [warning] [Decorations] CAPPING events from decorations provider vscode.git 311
[2022-06-10 11:42:30.142] [exthost] [warning] [Decorations] CAPPING events from decorations provider vscode.git 311
[2022-06-10 11:42:40.681] [exthost] [warning] [Decorations] CAPPING events from decorations provider vscode.git 311
[2022-06-10 11:42:49.812] [exthost] [warning] [Decorations] CAPPING events from decorations provider vscode.git 311
[2022-06-10 11:43:00.405] [exthost] [warning] [Decorations] CAPPING events from decorations provider vscode.git 311
[2022-06-10 11:43:11.027] [exthost] [warning] [Decorations] CAPPING events from decorations provider vscode.git 311
[2022-06-10 11:43:20.490] [exthost] [warning] [Decorations] CAPPING events from decorations provider vscode.git 311
[2022-06-10 11:43:31.140] [exthost] [warning] [Decorations] CAPPING events from decorations provider vscode.git 311
[2022-06-10 11:43:41.991] [exthost] [warning] [Decorations] CAPPING events from decorations provider vscode.git 311
[2022-06-10 11:43:52.837] [exthost] [warning] [Decorations] CAPPING events from decorations provider vscode.git 311
[2022-06-10 11:44:03.678] [exthost] [warning] [Decorations] CAPPING events from decorations provider vscode.git 311
[2022-06-10 11:44:13.152] [exthost] [warning] [Decorations] CAPPING events from decorations provider vscode.git 311
[2022-06-10 11:44:23.912] [exthost] [warning] [Decorations] CAPPING events from decorations provider vscode.git 311
[2022-06-10 11:44:34.677] [exthost] [warning] [Decorations] CAPPING events from decorations provider vscode.git 311
[2022-06-10 11:44:44.339] [exthost] [warning] [Decorations] CAPPING events from decorations provider vscode.git 311
[2022-06-10 11:44:55.308] [exthost] [warning] [Decorations] CAPPING events from decorations provider vscode.git 311
[2022-06-10 11:45:05.652] [exthost] [warning] [Decorations] CAPPING events from decorations provider vscode.git 311
[2022-06-10 11:45:16.105] [exthost] [warning] [Decorations] CAPPING events from decorations provider vscode.git 311
[2022-06-10 11:45:26.503] [exthost] [warning] [Decorations] CAPPING events from decorations provider vscode.git 311
[2022-06-10 11:45:35.615] [exthost] [warning] [Decorations] CAPPING events from decorations provider vscode.git 311
[2022-06-10 11:45:46.206] [exthost] [warning] [Decorations] CAPPING events from decorations provider vscode.git 311
[2022-06-10 11:45:56.759] [exthost] [warning] [Decorations] CAPPING events from decorations provider vscode.git 311
[2022-06-10 11:46:05.984] [exthost] [warning] [Decorations] CAPPING events from decorations provider vscode.git 311
[2022-06-10 11:46:16.335] [exthost] [warning] [Decorations] CAPPING events from decorations provider vscode.git 311
[2022-06-10 11:46:26.730] [exthost] [warning] [Decorations] CAPPING events from decorations provider vscode.git 311
[2022-06-10 11:46:36.457] [exthost] [warning] [Decorations] CAPPING events from decorations provider vscode.git 311
[2022-06-10 11:46:46.954] [exthost] [warning] [Decorations] CAPPING events from decorations provider vscode.git 311
[2022-06-10 11:46:57.437] [exthost] [warning] [Decorations] CAPPING events from decorations provider vscode.git 311
[2022-06-10 11:47:07.932] [exthost] [warning] [Decorations] CAPPING events from decorations provider vscode.git 311
[2022-06-10 11:47:18.444] [exthost] [warning] [Decorations] CAPPING events from decorations provider vscode.git 311
[2022-06-10 11:47:28.897] [exthost] [warning] [Decorations] CAPPING events from decorations provider vscode.git 311
[2022-06-10 11:47:39.396] [exthost] [warning] [Decorations] CAPPING events from decorations provider vscode.git 311
[2022-06-10 11:47:49.899] [exthost] [warning] [Decorations] CAPPING events from decorations provider vscode.git 311
[2022-06-10 11:47:59.594] [exthost] [warning] [Decorations] CAPPING events from decorations provider vscode.git 311
[2022-06-10 11:48:10.146] [exthost] [warning] [Decorations] CAPPING events from decorations provider vscode.git 311
[2022-06-10 11:48:20.671] [exthost] [warning] [Decorations] CAPPING events from decorations provider vscode.git 311
[2022-06-10 11:48:29.792] [exthost] [warning] [Decorations] CAPPING events from decorations provider vscode.git 311
[2022-06-10 11:48:40.169] [exthost] [warning] [Decorations] CAPPING events from decorations provider vscode.git 311
[2022-06-10 11:48:50.527] [exthost] [warning] [Decorations] CAPPING events from decorations provider vscode.git 311
[2022-06-10 11:48:59.678] [exthost] [warning] [Decorations] CAPPING events from decorations provider vscode.git 311
[2022-06-10 11:49:10.109] [exthost] [warning] [Decorations] CAPPING events from decorations provider vscode.git 311
[2022-06-10 11:49:20.555] [exthost] [warning] [Decorations] CAPPING events from decorations provider vscode.git 311
[2022-06-10 11:49:29.590] [exthost] [warning] [Decorations] CAPPING events from decorations provider vscode.git 311
[2022-06-10 11:49:39.773] [exthost] [warning] [Decorations] CAPPING events from decorations provider vscode.git 311
[2022-06-10 11:49:49.912] [exthost] [warning] [Decorations] CAPPING events from decorations provider vscode.git 311
[2022-06-10 11:49:59.172] [exthost] [warning] [Decorations] CAPPING events from decorations provider vscode.git 311
[2022-06-10 11:50:09.360] [exthost] [warning] [Decorations] CAPPING events from decorations provider vscode.git 311
[2022-06-10 11:50:19.720] [exthost] [warning] [Decorations] CAPPING events from decorations provider vscode.git 311
[2022-06-10 11:50:29.599] [exthost] [warning] [Decorations] CAPPING events from decorations provider vscode.git 311
[2022-06-10 11:50:39.972] [exthost] [warning] [Decorations] CAPPING events from decorations provider vscode.git 311
[2022-06-10 11:50:50.176] [exthost] [warning] [Decorations] CAPPING events from decorations provider vscode.git 311
[2022-06-10 11:51:00.612] [exthost] [warning] [Decorations] CAPPING events from decorations provider vscode.git 311
[2022-06-10 11:51:11.080] [exthost] [warning] [Decorations] CAPPING events from decorations provider vscode.git 311
[2022-06-10 11:51:21.477] [exthost] [warning] [Decorations] CAPPING events from decorations provider vscode.git 311
[2022-06-10 11:51:31.879] [exthost] [warning] [Decorations] CAPPING events from decorations provider vscode.git 311
[2022-06-10 11:51:42.299] [exthost] [warning] [Decorations] CAPPING events from decorations provider vscode.git 311
[2022-06-10 11:51:52.783] [exthost] [warning] [Decorations] CAPPING events from decorations provider vscode.git 311
[2022-06-10 11:52:03.349] [exthost] [warning] [Decorations] CAPPING events from decorations provider vscode.git 311
[2022-06-10 11:52:13.872] [exthost] [warning] [Decorations] CAPPING events from decorations provider vscode.git 311
[2022-06-10 11:52:24.261] [exthost] [warning] [Decorations] CAPPING events from decorations provider vscode.git 311
[2022-06-10 11:52:34.670] [exthost] [warning] [Decorations] CAPPING events from decorations provider vscode.git 311
[2022-06-10 11:52:45.088] [exthost] [warning] [Decorations] CAPPING events from decorations provider vscode.git 311
[2022-06-10 11:52:55.442] [exthost] [warning] [Decorations] CAPPING events from decorations provider vscode.git 311
[2022-06-10 11:53:05.809] [exthost] [warning] [Decorations] CAPPING events from decorations provider vscode.git 311
[2022-06-10 11:53:16.171] [exthost] [warning] [Decorations] CAPPING events from decorations provider vscode.git 311
[2022-06-10 11:53:26.580] [exthost] [warning] [Decorations] CAPPING events from decorations provider vscode.git 311
[2022-06-10 11:53:36.982] [exthost] [warning] [Decorations] CAPPING events from decorations provider vscode.git 311
[2022-06-10 11:53:47.279] [exthost] [warning] [Decorations] CAPPING events from decorations provider vscode.git 311
[2022-06-10 11:53:57.621] [exthost] [warning] [Decorations] CAPPING events from decorations provider vscode.git 311
[2022-06-10 11:54:08.018] [exthost] [warning] [Decorations] CAPPING events from decorations provider vscode.git 311
[2022-06-10 11:54:18.368] [exthost] [warning] [Decorations] CAPPING events from decorations provider vscode.git 311
[2022-06-10 11:54:28.787] [exthost] [warning] [Decorations] CAPPING events from decorations provider vscode.git 311
[2022-06-10 11:54:39.145] [exthost] [warning] [Decorations] CAPPING events from decorations provider vscode.git 311
[2022-06-10 11:54:49.608] [exthost] [warning] [Decorations] CAPPING events from decorations provider vscode.git 311
[2022-06-10 11:54:59.984] [exthost] [warning] [Decorations] CAPPING events from decorations provider vscode.git 311
[2022-06-10 11:55:10.520] [exthost] [warning] [Decorations] CAPPING events from decorations provider vscode.git 311
[2022-06-10 11:55:20.928] [exthost] [warning] [Decorations] CAPPING events from decorations provider vscode.git 311
[2022-06-10 11:55:31.388] [exthost] [warning] [Decorations] CAPPING events from decorations provider vscode.git 311
[2022-06-10 11:55:41.753] [exthost] [warning] [Decorations] CAPPING events from decorations provider vscode.git 311
[2022-06-10 11:55:52.027] [exthost] [warning] [Decorations] CAPPING events from decorations provider vscode.git 311
[2022-06-10 11:56:02.367] [exthost] [warning] [Decorations] CAPPING events from decorations provider vscode.git 311
[2022-06-10 11:56:12.715] [exthost] [warning] [Decorations] CAPPING events from decorations provider vscode.git 311
[2022-06-10 11:56:23.091] [exthost] [warning] [Decorations] CAPPING events from decorations provider vscode.git 311
[2022-06-10 11:56:33.469] [exthost] [warning] [Decorations] CAPPING events from decorations provider vscode.git 311
[2022-06-10 11:56:43.603] [exthost] [warning] [Decorations] CAPPING events from decorations provider vscode.git 311
[2022-06-10 11:56:53.751] [exthost] [warning] [Decorations] CAPPING events from decorations provider vscode.git 311
[2022-06-10 11:57:03.909] [exthost] [warning] [Decorations] CAPPING events from decorations provider vscode.git 311
[2022-06-10 11:57:13.999] [exthost] [warning] [Decorations] CAPPING events from decorations provider vscode.git 311
[2022-06-10 11:57:24.139] [exthost] [warning] [Decorations] CAPPING events from decorations provider vscode.git 311
[2022-06-10 11:57:34.346] [exthost] [warning] [Decorations] CAPPING events from decorations provider vscode.git 311
[2022-06-10 11:57:44.640] [exthost] [warning] [Decorations] CAPPING events from decorations provider vscode.git 311
[2022-06-10 11:57:55.067] [exthost] [warning] [Decorations] CAPPING events from decorations provider vscode.git 311
[2022-06-10 11:58:05.506] [exthost] [warning] [Decorations] CAPPING events from decorations provider vscode.git 311
[2022-06-10 11:58:15.892] [exthost] [warning] [Decorations] CAPPING events from decorations provider vscode.git 311
[2022-06-10 11:58:26.291] [exthost] [warning] [Decorations] CAPPING events from decorations provider vscode.git 311
[2022-06-10 11:58:36.779] [exthost] [warning] [Decorations] CAPPING events from decorations provider vscode.git 311
[2022-06-10 11:58:47.402] [exthost] [warning] [Decorations] CAPPING events from decorations provider vscode.git 311
[2022-06-10 11:58:57.901] [exthost] [warning] [Decorations] CAPPING events from decorations provider vscode.git 311
[2022-06-10 11:59:08.262] [exthost] [warning] [Decorations] CAPPING events from decorations provider vscode.git 311
[2022-06-10 11:59:18.752] [exthost] [warning] [Decorations] CAPPING events from decorations provider vscode.git 311
[2022-06-10 11:59:29.505] [exthost] [warning] [Decorations] CAPPING events from decorations provider vscode.git 311
[2022-06-10 11:59:40.082] [exthost] [warning] [Decorations] CAPPING events from decorations provider vscode.git 311
[2022-06-10 11:59:50.648] [exthost] [warning] [Decorations] CAPPING events from decorations provider vscode.git 311
[2022-06-10 12:00:01.080] [exthost] [warning] [Decorations] CAPPING events from decorations provider vscode.git 311
[2022-06-10 12:00:11.630] [exthost] [warning] [Decorations] CAPPING events from decorations provider vscode.git 311
[2022-06-10 12:00:22.111] [exthost] [warning] [Decorations] CAPPING events from decorations provider vscode.git 311
[2022-06-10 12:00:32.595] [exthost] [warning] [Decorations] CAPPING events from decorations provider vscode.git 311
[2022-06-10 12:00:43.046] [exthost] [warning] [Decorations] CAPPING events from decorations provider vscode.git 311
[2022-06-10 12:00:53.467] [exthost] [warning] [Decorations] CAPPING events from decorations provider vscode.git 311
[2022-06-10 12:03:44.310] [exthost] [warning] [Decorations] CAPPING events from decorations provider vscode.git 311
[2022-06-10 12:03:54.399] [exthost] [warning] [Decorations] CAPPING events from decorations provider vscode.git 311
[2022-06-10 12:04:04.453] [exthost] [warning] [Decorations] CAPPING events from decorations provider vscode.git 311
[2022-06-10 12:04:14.513] [exthost] [warning] [Decorations] CAPPING events from decorations provider vscode.git 311
[2022-06-10 12:04:24.574] [exthost] [warning] [Decorations] CAPPING events from decorations provider vscode.git 311
[2022-06-10 12:04:34.605] [exthost] [warning] [Decorations] CAPPING events from decorations provider vscode.git 311
[2022-06-10 12:04:44.773] [exthost] [warning] [Decorations] CAPPING events from decorations provider vscode.git 311
[2022-06-10 12:04:54.883] [exthost] [warning] [Decorations] CAPPING events from decorations provider vscode.git 311
[2022-06-10 12:05:04.965] [exthost] [warning] [Decorations] CAPPING events from decorations provider vscode.git 311
[2022-06-10 12:05:15.030] [exthost] [warning] [Decorations] CAPPING events from decorations provider vscode.git 311
[2022-06-10 12:05:24.976] [exthost] [warning] [Decorations] CAPPING events from decorations provider vscode.git 311
[2022-06-10 12:05:33.647] [exthost] [warning] [Decorations] CAPPING events from decorations provider vscode.git 311
[2022-06-10 12:05:42.429] [exthost] [warning] [Decorations] CAPPING events from decorations provider vscode.git 311
[2022-06-10 12:05:51.191] [exthost] [warning] [Decorations] CAPPING events from decorations provider vscode.git 311
[2022-06-10 12:05:59.986] [exthost] [warning] [Decorations] CAPPING events from decorations provider vscode.git 311
[2022-06-10 12:06:08.722] [exthost] [warning] [Decorations] CAPPING events from decorations provider vscode.git 311
[2022-06-10 12:06:17.457] [exthost] [warning] [Decorations] CAPPING events from decorations provider vscode.git 311
[2022-06-10 12:06:26.087] [exthost] [warning] [Decorations] CAPPING events from decorations provider vscode.git 311
[2022-06-10 12:06:34.739] [exthost] [warning] [Decorations] CAPPING events from decorations provider vscode.git 311
[2022-06-10 12:06:43.428] [exthost] [warning] [Decorations] CAPPING events from decorations provider vscode.git 311
[2022-06-10 12:06:52.206] [exthost] [warning] [Decorations] CAPPING events from decorations provider vscode.git 311
[2022-06-10 12:07:00.940] [exthost] [warning] [Decorations] CAPPING events from decorations provider vscode.git 311
[2022-06-10 12:07:09.697] [exthost] [warning] [Decorations] CAPPING events from decorations provider vscode.git 311
[2022-06-10 12:07:18.570] [exthost] [warning] [Decorations] CAPPING events from decorations provider vscode.git 311
[2022-06-10 12:07:27.246] [exthost] [warning] [Decorations] CAPPING events from decorations provider vscode.git 311
[2022-06-10 12:07:35.840] [exthost] [warning] [Decorations] CAPPING events from decorations provider vscode.git 311
[2022-06-10 12:07:44.736] [exthost] [warning] [Decorations] CAPPING events from decorations provider vscode.git 311
[2022-06-10 12:07:53.467] [exthost] [warning] [Decorations] CAPPING events from decorations provider vscode.git 311
[2022-06-10 12:08:02.215] [exthost] [warning] [Decorations] CAPPING events from decorations provider vscode.git 311
[2022-06-10 12:08:10.884] [exthost] [warning] [Decorations] CAPPING events from decorations provider vscode.git 311
[2022-06-10 12:08:19.587] [exthost] [warning] [Decorations] CAPPING events from decorations provider vscode.git 311
[2022-06-10 12:08:28.432] [exthost] [warning] [Decorations] CAPPING events from decorations provider vscode.git 311
[2022-06-10 12:08:37.134] [exthost] [warning] [Decorations] CAPPING events from decorations provider vscode.git 311
[2022-06-10 12:08:45.969] [exthost] [warning] [Decorations] CAPPING events from decorations provider vscode.git 311
[2022-06-10 12:08:55.020] [exthost] [warning] [Decorations] CAPPING events from decorations provider vscode.git 311
[2022-06-10 12:09:04.480] [exthost] [warning] [Decorations] CAPPING events from decorations provider vscode.git 311
[2022-06-10 12:09:14.004] [exthost] [warning] [Decorations] CAPPING events from decorations provider vscode.git 311
[2022-06-10 12:09:23.507] [exthost] [warning] [Decorations] CAPPING events from decorations provider vscode.git 311
[2022-06-10 12:09:32.747] [exthost] [warning] [Decorations] CAPPING events from decorations provider vscode.git 311
[2022-06-10 12:09:42.049] [exthost] [warning] [Decorations] CAPPING events from decorations provider vscode.git 311
[2022-06-10 12:09:51.754] [exthost] [warning] [Decorations] CAPPING events from decorations provider vscode.git 311
[2022-06-10 12:10:00.936] [exthost] [warning] [Decorations] CAPPING events from decorations provider vscode.git 311
[2022-06-10 12:10:10.470] [exthost] [warning] [Decorations] CAPPING events from decorations provider vscode.git 311
[2022-06-10 12:10:20.114] [exthost] [warning] [Decorations] CAPPING events from decorations provider vscode.git 311
[2022-06-10 12:10:30.200] [exthost] [warning] [Decorations] CAPPING events from decorations provider vscode.git 311
[2022-06-10 12:10:39.557] [exthost] [warning] [Decorations] CAPPING events from decorations provider vscode.git 311
[2022-06-10 12:10:48.716] [exthost] [warning] [Decorations] CAPPING events from decorations provider vscode.git 311
[2022-06-10 12:10:57.827] [exthost] [warning] [Decorations] CAPPING events from decorations provider vscode.git 311
[2022-06-10 12:11:06.832] [exthost] [warning] [Decorations] CAPPING events from decorations provider vscode.git 311
[2022-06-10 12:11:16.312] [exthost] [warning] [Decorations] CAPPING events from decorations provider vscode.git 311
[2022-06-10 12:11:25.201] [exthost] [warning] [Decorations] CAPPING events from decorations provider vscode.git 311
[2022-06-10 12:11:34.318] [exthost] [warning] [Decorations] CAPPING events from decorations provider vscode.git 311
[2022-06-10 12:11:43.671] [exthost] [warning] [Decorations] CAPPING events from decorations provider vscode.git 311
[2022-06-10 12:11:52.604] [exthost] [warning] [Decorations] CAPPING events from decorations provider vscode.git 311
[2022-06-10 12:12:01.385] [exthost] [warning] [Decorations] CAPPING events from decorations provider vscode.git 311
[2022-06-10 12:12:10.274] [exthost] [warning] [Decorations] CAPPING events from decorations provider vscode.git 311
[2022-06-10 12:12:19.004] [exthost] [warning] [Decorations] CAPPING events from decorations provider vscode.git 311
[2022-06-10 12:12:27.763] [exthost] [warning] [Decorations] CAPPING events from decorations provider vscode.git 311
[2022-06-10 12:12:36.559] [exthost] [warning] [Decorations] CAPPING events from decorations provider vscode.git 311
[2022-06-10 12:12:45.386] [exthost] [warning] [Decorations] CAPPING events from decorations provider vscode.git 311
[2022-06-10 12:12:54.025] [exthost] [warning] [Decorations] CAPPING events from decorations provider vscode.git 311
[2022-06-10 12:13:02.791] [exthost] [warning] [Decorations] CAPPING events from decorations provider vscode.git 311
[2022-06-10 12:13:11.525] [exthost] [warning] [Decorations] CAPPING events from decorations provider vscode.git 311
[2022-06-10 12:13:20.214] [exthost] [warning] [Decorations] CAPPING events from decorations provider vscode.git 311
[2022-06-10 12:13:28.937] [exthost] [warning] [Decorations] CAPPING events from decorations provider vscode.git 311
[2022-06-10 12:13:37.622] [exthost] [warning] [Decorations] CAPPING events from decorations provider vscode.git 311
[2022-06-10 12:13:46.371] [exthost] [warning] [Decorations] CAPPING events from decorations provider vscode.git 311
[2022-06-10 12:13:55.101] [exthost] [warning] [Decorations] CAPPING events from decorations provider vscode.git 311
[2022-06-10 12:14:03.861] [exthost] [warning] [Decorations] CAPPING events from decorations provider vscode.git 311
[2022-06-10 12:14:12.782] [exthost] [warning] [Decorations] CAPPING events from decorations provider vscode.git 311
[2022-06-10 12:14:21.534] [exthost] [warning] [Decorations] CAPPING events from decorations provider vscode.git 311
[2022-06-10 12:14:30.287] [exthost] [warning] [Decorations] CAPPING events from decorations provider vscode.git 311
[2022-06-10 12:14:39.426] [exthost] [warning] [Decorations] CAPPING events from decorations provider vscode.git 311
[2022-06-10 12:14:48.672] [exthost] [warning] [Decorations] CAPPING events from decorations provider vscode.git 311
[2022-06-10 12:14:57.638] [exthost] [warning] [Decorations] CAPPING events from decorations provider vscode.git 311
[2022-06-10 12:15:06.553] [exthost] [warning] [Decorations] CAPPING events from decorations provider vscode.git 311
[2022-06-10 12:15:15.549] [exthost] [warning] [Decorations] CAPPING events from decorations provider vscode.git 311
[2022-06-10 12:15:24.575] [exthost] [warning] [Decorations] CAPPING events from decorations provider vscode.git 311
[2022-06-10 12:15:33.510] [exthost] [warning] [Decorations] CAPPING events from decorations provider vscode.git 311
[2022-06-10 12:15:42.488] [exthost] [warning] [Decorations] CAPPING events from decorations provider vscode.git 311
[2022-06-10 12:15:51.391] [exthost] [warning] [Decorations] CAPPING events from decorations provider vscode.git 311
[2022-06-10 12:16:00.353] [exthost] [warning] [Decorations] CAPPING events from decorations provider vscode.git 311
[2022-06-10 12:16:09.088] [exthost] [warning] [Decorations] CAPPING events from decorations provider vscode.git 311
[2022-06-10 12:16:18.041] [exthost] [warning] [Decorations] CAPPING events from decorations provider vscode.git 311
[2022-06-10 12:16:26.969] [exthost] [warning] [Decorations] CAPPING events from decorations provider vscode.git 311
[2022-06-10 12:16:36.034] [exthost] [warning] [Decorations] CAPPING events from decorations provider vscode.git 311
[2022-06-10 12:16:45.025] [exthost] [warning] [Decorations] CAPPING events from decorations provider vscode.git 311
[2022-06-10 12:16:54.148] [exthost] [warning] [Decorations] CAPPING events from decorations provider vscode.git 311
[2022-06-10 12:17:03.286] [exthost] [warning] [Decorations] CAPPING events from decorations provider vscode.git 311
[2022-06-10 12:17:12.486] [exthost] [warning] [Decorations] CAPPING events from decorations provider vscode.git 311
[2022-06-10 12:17:21.619] [exthost] [warning] [Decorations] CAPPING events from decorations provider vscode.git 311
[2022-06-10 12:17:30.611] [exthost] [warning] [Decorations] CAPPING events from decorations provider vscode.git 311
[2022-06-10 12:17:39.886] [exthost] [warning] [Decorations] CAPPING events from decorations provider vscode.git 311
[2022-06-10 12:17:49.181] [exthost] [warning] [Decorations] CAPPING events from decorations provider vscode.git 311
[2022-06-10 12:17:58.418] [exthost] [warning] [Decorations] CAPPING events from decorations provider vscode.git 311
[2022-06-10 12:18:07.575] [exthost] [warning] [Decorations] CAPPING events from decorations provider vscode.git 311
[2022-06-10 12:18:16.977] [exthost] [warning] [Decorations] CAPPING events from decorations provider vscode.git 311
[2022-06-10 12:18:26.292] [exthost] [warning] [Decorations] CAPPING events from decorations provider vscode.git 311
[2022-06-10 12:18:35.593] [exthost] [warning] [Decorations] CAPPING events from decorations provider vscode.git 311
[2022-06-10 12:18:44.865] [exthost] [warning] [Decorations] CAPPING events from decorations provider vscode.git 311
[2022-06-10 12:18:54.142] [exthost] [warning] [Decorations] CAPPING events from decorations provider vscode.git 311
[2022-06-10 12:19:03.387] [exthost] [warning] [Decorations] CAPPING events from decorations provider vscode.git 311
[2022-06-10 12:19:12.563] [exthost] [warning] [Decorations] CAPPING events from decorations provider vscode.git 311
[2022-06-10 12:19:21.686] [exthost] [warning] [Decorations] CAPPING events from decorations provider vscode.git 311
[2022-06-10 12:19:30.772] [exthost] [warning] [Decorations] CAPPING events from decorations provider vscode.git 311
[2022-06-10 12:19:39.753] [exthost] [warning] [Decorations] CAPPING events from decorations provider vscode.git 311
[2022-06-10 12:19:48.854] [exthost] [warning] [Decorations] CAPPING events from decorations provider vscode.git 311
[2022-06-10 12:19:58.047] [exthost] [warning] [Decorations] CAPPING events from decorations provider vscode.git 311
[2022-06-10 12:20:07.127] [exthost] [warning] [Decorations] CAPPING events from decorations provider vscode.git 311
[2022-06-10 12:20:15.940] [exthost] [warning] [Decorations] CAPPING events from decorations provider vscode.git 311
[2022-06-10 12:20:24.714] [exthost] [warning] [Decorations] CAPPING events from decorations provider vscode.git 311
[2022-06-10 12:20:33.483] [exthost] [warning] [Decorations] CAPPING events from decorations provider vscode.git 311
[2022-06-10 12:20:42.265] [exthost] [warning] [Decorations] CAPPING events from decorations provider vscode.git 311
[2022-06-10 12:20:51.102] [exthost] [warning] [Decorations] CAPPING events from decorations provider vscode.git 311
[2022-06-10 12:20:59.864] [exthost] [warning] [Decorations] CAPPING events from decorations provider vscode.git 311
[2022-06-10 12:21:08.708] [exthost] [warning] [Decorations] CAPPING events from decorations provider vscode.git 311
[2022-06-10 12:21:17.422] [exthost] [warning] [Decorations] CAPPING events from decorations provider vscode.git 311
[2022-06-10 12:21:26.112] [exthost] [warning] [Decorations] CAPPING events from decorations provider vscode.git 311
[2022-06-10 12:21:34.880] [exthost] [warning] [Decorations] CAPPING events from decorations provider vscode.git 311
[2022-06-10 12:21:43.640] [exthost] [warning] [Decorations] CAPPING events from decorations provider vscode.git 311
[2022-06-10 12:21:52.349] [exthost] [warning] [Decorations] CAPPING events from decorations provider vscode.git 311
[2022-06-10 12:22:01.244] [exthost] [warning] [Decorations] CAPPING events from decorations provider vscode.git 311
[2022-06-10 12:22:10.105] [exthost] [warning] [Decorations] CAPPING events from decorations provider vscode.git 311
[2022-06-10 12:22:18.827] [exthost] [warning] [Decorations] CAPPING events from decorations provider vscode.git 311
[2022-06-10 12:22:27.611] [exthost] [warning] [Decorations] CAPPING events from decorations provider vscode.git 311
[2022-06-10 12:22:36.381] [exthost] [warning] [Decorations] CAPPING events from decorations provider vscode.git 311
[2022-06-10 12:22:45.125] [exthost] [warning] [Decorations] CAPPING events from decorations provider vscode.git 311
[2022-06-10 12:22:53.965] [exthost] [warning] [Decorations] CAPPING events from decorations provider vscode.git 311
[2022-06-10 12:23:02.712] [exthost] [warning] [Decorations] CAPPING events from decorations provider vscode.git 311
[2022-06-10 12:23:11.479] [exthost] [warning] [Decorations] CAPPING events from decorations provider vscode.git 311
[2022-06-10 12:23:20.299] [exthost] [warning] [Decorations] CAPPING events from decorations provider vscode.git 311
[2022-06-10 12:23:29.044] [exthost] [warning] [Decorations] CAPPING events from decorations provider vscode.git 311
[2022-06-10 12:23:37.802] [exthost] [warning] [Decorations] CAPPING events from decorations provider vscode.git 311
[2022-06-10 12:59:57.580] [exthost] [warning] [Decorations] CAPPING events from decorations provider vscode.git 311
[2022-06-10 13:00:06.386] [exthost] [warning] [Decorations] CAPPING events from decorations provider vscode.git 311
[2022-06-10 13:00:15.263] [exthost] [warning] [Decorations] CAPPING events from decorations provider vscode.git 311
[2022-06-10 13:00:23.994] [exthost] [warning] [Decorations] CAPPING events from decorations provider vscode.git 311
[2022-06-10 13:00:32.771] [exthost] [warning] [Decorations] CAPPING events from decorations provider vscode.git 311
[2022-06-10 13:00:41.562] [exthost] [warning] [Decorations] CAPPING events from decorations provider vscode.git 311
[2022-06-10 13:00:50.303] [exthost] [warning] [Decorations] CAPPING events from decorations provider vscode.git 311
[2022-06-10 13:00:59.061] [exthost] [warning] [Decorations] CAPPING events from decorations provider vscode.git 311
[2022-06-10 13:01:07.805] [exthost] [warning] [Decorations] CAPPING events from decorations provider vscode.git 311
[2022-06-10 13:01:16.481] [exthost] [warning] [Decorations] CAPPING events from decorations provider vscode.git 311
[2022-06-10 13:01:25.153] [exthost] [warning] [Decorations] CAPPING events from decorations provider vscode.git 311
[2022-06-10 13:01:33.949] [exthost] [warning] [Decorations] CAPPING events from decorations provider vscode.git 311
[2022-06-10 13:01:42.642] [exthost] [warning] [Decorations] CAPPING events from decorations provider vscode.git 311
[2022-06-10 13:01:51.358] [exthost] [warning] [Decorations] CAPPING events from decorations provider vscode.git 311
[2022-06-10 13:02:00.044] [exthost] [warning] [Decorations] CAPPING events from decorations provider vscode.git 311
[2022-06-10 13:02:08.822] [exthost] [warning] [Decorations] CAPPING events from decorations provider vscode.git 311
[2022-06-10 13:02:17.629] [exthost] [warning] [Decorations] CAPPING events from decorations provider vscode.git 311
[2022-06-10 13:02:26.361] [exthost] [warning] [Decorations] CAPPING events from decorations provider vscode.git 311
[2022-06-10 13:02:35.245] [exthost] [warning] [Decorations] CAPPING events from decorations provider vscode.git 311
[2022-06-10 13:02:44.164] [exthost] [warning] [Decorations] CAPPING events from decorations provider vscode.git 311
[2022-06-10 13:02:52.993] [exthost] [warning] [Decorations] CAPPING events from decorations provider vscode.git 311
[2022-06-10 13:03:01.731] [exthost] [warning] [Decorations] CAPPING events from decorations provider vscode.git 311
[2022-06-10 13:03:10.555] [exthost] [warning] [Decorations] CAPPING events from decorations provider vscode.git 311
[2022-06-10 13:03:19.323] [exthost] [warning] [Decorations] CAPPING events from decorations provider vscode.git 315
[2022-06-10 13:03:29.160] [exthost] [warning] [Decorations] CAPPING events from decorations provider vscode.git 315
[2022-06-10 13:03:38.121] [exthost] [warning] [Decorations] CAPPING events from decorations provider vscode.git 315
[2022-06-10 13:03:48.409] [exthost] [warning] [Decorations] CAPPING events from decorations provider vscode.git 315
[2022-06-10 13:03:58.638] [exthost] [warning] [Decorations] CAPPING events from decorations provider vscode.git 315
[2022-06-10 13:04:07.452] [exthost] [warning] [Decorations] CAPPING events from decorations provider vscode.git 315
[2022-06-10 13:04:17.656] [exthost] [warning] [Decorations] CAPPING events from decorations provider vscode.git 315
[2022-06-10 13:04:27.861] [exthost] [warning] [Decorations] CAPPING events from decorations provider vscode.git 315
[2022-06-10 13:04:37.256] [exthost] [warning] [Decorations] CAPPING events from decorations provider vscode.git 315
[2022-06-10 13:04:47.476] [exthost] [warning] [Decorations] CAPPING events from decorations provider vscode.git 315
[2022-06-10 13:04:57.559] [exthost] [warning] [Decorations] CAPPING events from decorations provider vscode.git 315
[2022-06-10 13:05:07.302] [exthost] [warning] [Decorations] CAPPING events from decorations provider vscode.git 315
[2022-06-10 13:05:17.620] [exthost] [warning] [Decorations] CAPPING events from decorations provider vscode.git 315
[2022-06-10 13:05:27.831] [exthost] [warning] [Decorations] CAPPING events from decorations provider vscode.git 315
[2022-06-10 13:05:38.038] [exthost] [warning] [Decorations] CAPPING events from decorations provider vscode.git 315
[2022-06-10 13:05:48.578] [exthost] [warning] [Decorations] CAPPING events from decorations provider vscode.git 315
[2022-06-10 13:05:58.853] [exthost] [warning] [Decorations] CAPPING events from decorations provider vscode.git 315
[2022-06-10 13:06:09.259] [exthost] [warning] [Decorations] CAPPING events from decorations provider vscode.git 315
[2022-06-10 13:06:19.419] [exthost] [warning] [Decorations] CAPPING events from decorations provider vscode.git 315
[2022-06-10 13:06:29.641] [exthost] [warning] [Decorations] CAPPING events from decorations provider vscode.git 315
[2022-06-10 13:06:39.907] [exthost] [warning] [Decorations] CAPPING events from decorations provider vscode.git 315
[2022-06-10 13:06:50.213] [exthost] [warning] [Decorations] CAPPING events from decorations provider vscode.git 315
[2022-06-10 13:07:00.294] [exthost] [warning] [Decorations] CAPPING events from decorations provider vscode.git 315
[2022-06-10 13:07:10.412] [exthost] [warning] [Decorations] CAPPING events from decorations provider vscode.git 315
[2022-06-10 13:07:20.585] [exthost] [warning] [Decorations] CAPPING events from decorations provider vscode.git 315
[2022-06-10 13:07:30.722] [exthost] [warning] [Decorations] CAPPING events from decorations provider vscode.git 315
[2022-06-10 13:07:40.763] [exthost] [warning] [Decorations] CAPPING events from decorations provider vscode.git 315
[2022-06-10 13:07:50.958] [exthost] [warning] [Decorations] CAPPING events from decorations provider vscode.git 315
[2022-06-10 13:08:01.099] [exthost] [warning] [Decorations] CAPPING events from decorations provider vscode.git 315
[2022-06-10 13:08:11.020] [exthost] [warning] [Decorations] CAPPING events from decorations provider vscode.git 315
[2022-06-10 13:08:21.357] [exthost] [warning] [Decorations] CAPPING events from decorations provider vscode.git 315
[2022-06-10 13:08:31.460] [exthost] [warning] [Decorations] CAPPING events from decorations provider vscode.git 315
[2022-06-10 13:08:41.434] [exthost] [warning] [Decorations] CAPPING events from decorations provider vscode.git 315
[2022-06-10 13:08:51.718] [exthost] [warning] [Decorations] CAPPING events from decorations provider vscode.git 315
[2022-06-10 13:09:01.866] [exthost] [warning] [Decorations] CAPPING events from decorations provider vscode.git 315
[2022-06-10 13:09:11.787] [exthost] [warning] [Decorations] CAPPING events from decorations provider vscode.git 315
[2022-06-10 13:09:22.048] [exthost] [warning] [Decorations] CAPPING events from decorations provider vscode.git 315
[2022-06-10 13:09:32.081] [exthost] [warning] [Decorations] CAPPING events from decorations provider vscode.git 315
[2022-06-10 13:09:41.863] [exthost] [warning] [Decorations] CAPPING events from decorations provider vscode.git 315
[2022-06-10 13:09:52.026] [exthost] [warning] [Decorations] CAPPING events from decorations provider vscode.git 315
[2022-06-10 13:10:02.039] [exthost] [warning] [Decorations] CAPPING events from decorations provider vscode.git 315
[2022-06-10 13:10:11.624] [exthost] [warning] [Decorations] CAPPING events from decorations provider vscode.git 315
[2022-06-10 13:10:21.794] [exthost] [warning] [Decorations] CAPPING events from decorations provider vscode.git 315
[2022-06-10 13:10:31.841] [exthost] [warning] [Decorations] CAPPING events from decorations provider vscode.git 315
[2022-06-10 13:10:41.841] [exthost] [warning] [Decorations] CAPPING events from decorations provider vscode.git 315
[2022-06-10 13:10:52.349] [exthost] [warning] [Decorations] CAPPING events from decorations provider vscode.git 315
[2022-06-10 13:11:02.419] [exthost] [warning] [Decorations] CAPPING events from decorations provider vscode.git 315
[2022-06-10 13:11:12.526] [exthost] [warning] [Decorations] CAPPING events from decorations provider vscode.git 315
[2022-06-10 13:11:22.570] [exthost] [warning] [Decorations] CAPPING events from decorations provider vscode.git 315
[2022-06-10 13:11:32.634] [exthost] [warning] [Decorations] CAPPING events from decorations provider vscode.git 315
[2022-06-10 13:11:42.394] [exthost] [warning] [Decorations] CAPPING events from decorations provider vscode.git 315
[2022-06-10 13:11:52.417] [exthost] [warning] [Decorations] CAPPING events from decorations provider vscode.git 315
[2022-06-10 13:12:02.516] [exthost] [warning] [Decorations] CAPPING events from decorations provider vscode.git 315
[2022-06-10 13:12:12.120] [exthost] [warning] [Decorations] CAPPING events from decorations provider vscode.git 315
[2022-06-10 13:12:22.250] [exthost] [warning] [Decorations] CAPPING events from decorations provider vscode.git 315
[2022-06-10 13:12:32.350] [exthost] [warning] [Decorations] CAPPING events from decorations provider vscode.git 315
[2022-06-10 13:12:41.864] [exthost] [warning] [Decorations] CAPPING events from decorations provider vscode.git 315
[2022-06-10 13:12:52.002] [exthost] [warning] [Decorations] CAPPING events from decorations provider vscode.git 315
[2022-06-10 13:13:02.053] [exthost] [warning] [Decorations] CAPPING events from decorations provider vscode.git 315
[2022-06-10 13:13:11.600] [exthost] [warning] [Decorations] CAPPING events from decorations provider vscode.git 315
[2022-06-10 13:13:21.867] [exthost] [warning] [Decorations] CAPPING events from decorations provider vscode.git 315
[2022-06-10 13:13:31.845] [exthost] [warning] [Decorations] CAPPING events from decorations provider vscode.git 315
[2022-06-10 13:13:41.994] [exthost] [warning] [Decorations] CAPPING events from decorations provider vscode.git 315
[2022-06-10 13:13:52.215] [exthost] [warning] [Decorations] CAPPING events from decorations provider vscode.git 315
[2022-06-10 13:14:02.355] [exthost] [warning] [Decorations] CAPPING events from decorations provider vscode.git 315
[2022-06-10 13:14:12.554] [exthost] [warning] [Decorations] CAPPING events from decorations provider vscode.git 315
[2022-06-10 13:14:22.707] [exthost] [warning] [Decorations] CAPPING events from decorations provider vscode.git 315
[2022-06-10 13:14:32.936] [exthost] [warning] [Decorations] CAPPING events from decorations provider vscode.git 315
[2022-06-10 13:14:43.070] [exthost] [warning] [Decorations] CAPPING events from decorations provider vscode.git 315
[2022-06-10 13:14:53.296] [exthost] [warning] [Decorations] CAPPING events from decorations provider vscode.git 315
[2022-06-10 13:15:03.482] [exthost] [warning] [Decorations] CAPPING events from decorations provider vscode.git 315
[2022-06-10 13:15:13.659] [exthost] [warning] [Decorations] CAPPING events from decorations provider vscode.git 315
[2022-06-10 13:15:23.823] [exthost] [warning] [Decorations] CAPPING events from decorations provider vscode.git 315
[2022-06-10 13:15:33.970] [exthost] [warning] [Decorations] CAPPING events from decorations provider vscode.git 315
[2022-06-10 13:15:44.084] [exthost] [warning] [Decorations] CAPPING events from decorations provider vscode.git 315
[2022-06-10 13:15:54.299] [exthost] [warning] [Decorations] CAPPING events from decorations provider vscode.git 315
[2022-06-10 13:16:04.544] [exthost] [warning] [Decorations] CAPPING events from decorations provider vscode.git 315
[2022-06-10 13:16:14.632] [exthost] [warning] [Decorations] CAPPING events from decorations provider vscode.git 315
[2022-06-10 13:16:25.391] [exthost] [warning] [Decorations] CAPPING events from decorations provider vscode.git 315
[2022-06-10 13:16:35.648] [exthost] [warning] [Decorations] CAPPING events from decorations provider vscode.git 315
[2022-06-10 13:16:45.742] [exthost] [warning] [Decorations] CAPPING events from decorations provider vscode.git 315
[2022-06-10 13:16:55.900] [exthost] [warning] [Decorations] CAPPING events from decorations provider vscode.git 315
[2022-06-10 13:17:06.034] [exthost] [warning] [Decorations] CAPPING events from decorations provider vscode.git 315
[2022-06-10 13:17:16.134] [exthost] [warning] [Decorations] CAPPING events from decorations provider vscode.git 315
[2022-06-10 13:17:26.374] [exthost] [warning] [Decorations] CAPPING events from decorations provider vscode.git 315
[2022-06-10 13:17:36.540] [exthost] [warning] [Decorations] CAPPING events from decorations provider vscode.git 315
[2022-06-10 13:17:46.645] [exthost] [warning] [Decorations] CAPPING events from decorations provider vscode.git 315
[2022-06-10 13:17:56.716] [exthost] [warning] [Decorations] CAPPING events from decorations provider vscode.git 315
[2022-06-10 13:18:07.317] [exthost] [warning] [Decorations] CAPPING events from decorations provider vscode.git 315
[2022-06-10 13:18:17.813] [exthost] [warning] [Decorations] CAPPING events from decorations provider vscode.git 315
[2022-06-10 13:18:28.366] [exthost] [warning] [Decorations] CAPPING events from decorations provider vscode.git 315
[2022-06-10 13:18:38.474] [exthost] [warning] [Decorations] CAPPING events from decorations provider vscode.git 315
[2022-06-10 13:18:48.583] [exthost] [warning] [Decorations] CAPPING events from decorations provider vscode.git 315
[2022-06-10 13:18:58.797] [exthost] [warning] [Decorations] CAPPING events from decorations provider vscode.git 315
[2022-06-10 13:19:08.930] [exthost] [warning] [Decorations] CAPPING events from decorations provider vscode.git 315
[2022-06-10 13:19:18.999] [exthost] [warning] [Decorations] CAPPING events from decorations provider vscode.git 315
[2022-06-10 13:19:29.880] [exthost] [warning] [Decorations] CAPPING events from decorations provider vscode.git 315
[2022-06-10 13:19:40.087] [exthost] [warning] [Decorations] CAPPING events from decorations provider vscode.git 315
[2022-06-10 13:19:50.206] [exthost] [warning] [Decorations] CAPPING events from decorations provider vscode.git 315
[2022-06-10 13:20:00.321] [exthost] [warning] [Decorations] CAPPING events from decorations provider vscode.git 315
[2022-06-10 13:20:10.451] [exthost] [warning] [Decorations] CAPPING events from decorations provider vscode.git 315
[2022-06-10 13:20:20.575] [exthost] [warning] [Decorations] CAPPING events from decorations provider vscode.git 315
[2022-06-10 13:20:30.679] [exthost] [warning] [Decorations] CAPPING events from decorations provider vscode.git 315
[2022-06-10 13:20:40.797] [exthost] [warning] [Decorations] CAPPING events from decorations provider vscode.git 315
[2022-06-10 13:20:50.933] [exthost] [warning] [Decorations] CAPPING events from decorations provider vscode.git 315
[2022-06-10 13:21:01.173] [exthost] [warning] [Decorations] CAPPING events from decorations provider vscode.git 315
[2022-06-10 13:21:10.123] [exthost] [warning] [Decorations] CAPPING events from decorations provider vscode.git 315
[2022-06-10 13:21:19.082] [exthost] [warning] [Decorations] CAPPING events from decorations provider vscode.git 315
[2022-06-10 13:21:27.992] [exthost] [warning] [Decorations] CAPPING events from decorations provider vscode.git 315
[2022-06-10 13:21:36.891] [exthost] [warning] [Decorations] CAPPING events from decorations provider vscode.git 315
[2022-06-10 13:21:45.759] [exthost] [warning] [Decorations] CAPPING events from decorations provider vscode.git 315
[2022-06-10 13:21:54.716] [exthost] [warning] [Decorations] CAPPING events from decorations provider vscode.git 315
[2022-06-10 13:22:03.797] [exthost] [warning] [Decorations] CAPPING events from decorations provider vscode.git 315
[2022-06-10 13:22:13.032] [exthost] [warning] [Decorations] CAPPING events from decorations provider vscode.git 315
[2022-06-10 13:22:22.220] [exthost] [warning] [Decorations] CAPPING events from decorations provider vscode.git 315
[2022-06-10 13:22:31.253] [exthost] [warning] [Decorations] CAPPING events from decorations provider vscode.git 315
[2022-06-10 13:22:40.275] [exthost] [warning] [Decorations] CAPPING events from decorations provider vscode.git 315
[2022-06-10 13:22:49.311] [exthost] [warning] [Decorations] CAPPING events from decorations provider vscode.git 315
[2022-06-10 13:22:58.332] [exthost] [warning] [Decorations] CAPPING events from decorations provider vscode.git 315
[2022-06-10 13:23:07.596] [exthost] [warning] [Decorations] CAPPING events from decorations provider vscode.git 315
[2022-06-10 13:23:16.625] [exthost] [warning] [Decorations] CAPPING events from decorations provider vscode.git 315
[2022-06-10 13:23:25.415] [exthost] [warning] [Decorations] CAPPING events from decorations provider vscode.git 315
[2022-06-10 13:23:34.240] [exthost] [warning] [Decorations] CAPPING events from decorations provider vscode.git 315
[2022-06-10 13:23:43.128] [exthost] [warning] [Decorations] CAPPING events from decorations provider vscode.git 315
[2022-06-10 13:23:51.990] [exthost] [warning] [Decorations] CAPPING events from decorations provider vscode.git 315
[2022-06-10 13:24:00.859] [exthost] [warning] [Decorations] CAPPING events from decorations provider vscode.git 315
[2022-06-10 13:24:09.583] [exthost] [warning] [Decorations] CAPPING events from decorations provider vscode.git 315
[2022-06-10 13:24:18.487] [exthost] [warning] [Decorations] CAPPING events from decorations provider vscode.git 315
[2022-06-10 13:24:27.537] [exthost] [warning] [Decorations] CAPPING events from decorations provider vscode.git 315
[2022-06-10 13:24:36.474] [exthost] [warning] [Decorations] CAPPING events from decorations provider vscode.git 315
[2022-06-10 13:24:45.338] [exthost] [warning] [Decorations] CAPPING events from decorations provider vscode.git 315
[2022-06-10 13:24:54.231] [exthost] [warning] [Decorations] CAPPING events from decorations provider vscode.git 315
[2022-06-10 13:25:03.100] [exthost] [warning] [Decorations] CAPPING events from decorations provider vscode.git 315
[2022-06-10 13:25:11.902] [exthost] [warning] [Decorations] CAPPING events from decorations provider vscode.git 315
[2022-06-10 13:25:20.793] [exthost] [warning] [Decorations] CAPPING events from decorations provider vscode.git 315
[2022-06-10 13:25:29.673] [exthost] [warning] [Decorations] CAPPING events from decorations provider vscode.git 315
[2022-06-10 13:25:38.656] [exthost] [warning] [Decorations] CAPPING events from decorations provider vscode.git 315
[2022-06-10 13:25:47.562] [exthost] [warning] [Decorations] CAPPING events from decorations provider vscode.git 315
[2022-06-10 13:25:56.496] [exthost] [warning] [Decorations] CAPPING events from decorations provider vscode.git 315
[2022-06-10 13:26:05.387] [exthost] [warning] [Decorations] CAPPING events from decorations provider vscode.git 315
[2022-06-10 13:26:14.324] [exthost] [warning] [Decorations] CAPPING events from decorations provider vscode.git 315
[2022-06-10 13:26:23.129] [exthost] [warning] [Decorations] CAPPING events from decorations provider vscode.git 315
[2022-06-10 13:26:31.991] [exthost] [warning] [Decorations] CAPPING events from decorations provider vscode.git 315
[2022-06-10 13:26:40.918] [exthost] [warning] [Decorations] CAPPING events from decorations provider vscode.git 315
[2022-06-10 13:26:49.836] [exthost] [warning] [Decorations] CAPPING events from decorations provider vscode.git 315
[2022-06-10 13:26:58.791] [exthost] [warning] [Decorations] CAPPING events from decorations provider vscode.git 315
[2022-06-10 13:27:07.776] [exthost] [warning] [Decorations] CAPPING events from decorations provider vscode.git 315
[2022-06-10 13:27:16.697] [exthost] [warning] [Decorations] CAPPING events from decorations provider vscode.git 319
[2022-06-10 13:27:26.356] [exthost] [warning] [Decorations] CAPPING events from decorations provider vscode.git 319
[2022-06-10 13:27:35.174] [exthost] [warning] [Decorations] CAPPING events from decorations provider vscode.git 319
[2022-06-10 13:27:45.436] [exthost] [warning] [Decorations] CAPPING events from decorations provider vscode.git 319
[2022-06-10 13:27:55.702] [exthost] [warning] [Decorations] CAPPING events from decorations provider vscode.git 319
[2022-06-10 13:28:06.070] [exthost] [warning] [Decorations] CAPPING events from decorations provider vscode.git 319
[2022-06-10 13:28:16.393] [exthost] [warning] [Decorations] CAPPING events from decorations provider vscode.git 319
[2022-06-10 13:28:26.669] [exthost] [warning] [Decorations] CAPPING events from decorations provider vscode.git 319
[2022-06-10 13:28:37.014] [exthost] [warning] [Decorations] CAPPING events from decorations provider vscode.git 319
[2022-06-10 13:28:46.495] [exthost] [warning] [Decorations] CAPPING events from decorations provider vscode.git 319
[2022-06-10 13:28:56.803] [exthost] [warning] [Decorations] CAPPING events from decorations provider vscode.git 319
[2022-06-10 13:29:06.979] [exthost] [warning] [Decorations] CAPPING events from decorations provider vscode.git 319
