[2022-06-10 13:37:02.057] [exthost] [info] Extension host with pid 1215249 started
[2022-06-10 13:37:02.062] [exthost] [info] Lock '/home/kadir/IML/Quantus/.code-server/User/workspaceStorage/-97b1b09/vscode.lock': Lock acquired.
[2022-06-10 13:37:02.131] [exthost] [info] ExtensionService#_doActivateExtension vscode.debug-auto-launch, startup: true, activationEvent: '*'
[2022-06-10 13:37:02.138] [exthost] [info] ExtensionService#_doActivateExtension vscode.git-base, startup: true, activationEvent: '*', root cause: vscode.github
[2022-06-10 13:37:02.146] [exthost] [info] ExtensionService#_doActivateExtension ms-python.python, startup: true, activationEvent: 'workspaceContains:setup.py'
[2022-06-10 13:37:02.457] [exthost] [info] ExtensionService#_doActivateExtension vscode.git, startup: true, activationEvent: '*'
[2022-06-10 13:37:02.545] [exthost] [info] ExtensionService#_doActivateExtension vscode.github, startup: true, activationEvent: '*'
[2022-06-10 13:37:02.655] [exthost] [warning] [ms-python.python] Accessing a window scoped configuration for a resource is not expected. To associate 'python.languageServer' to a resource, define its scope to 'resource' in configuration contributions in 'package.json'.
[2022-06-10 13:37:02.660] [exthost] [warning] [ms-python.python] Accessing a window scoped configuration for a resource is not expected. To associate 'python.languageServer' to a resource, define its scope to 'resource' in configuration contributions in 'package.json'.
[2022-06-10 13:37:02.706] [exthost] [info] ExtensionService#_doActivateExtension vscode.emmet, startup: false, activationEvent: 'onStartupFinished'
[2022-06-10 13:37:02.730] [exthost] [info] ExtensionService#_doActivateExtension vscode.merge-conflict, startup: false, activationEvent: 'onStartupFinished'
[2022-06-10 13:37:02.735] [exthost] [info] Eager extensions activated
[2022-06-10 13:37:02.814] [exthost] [warning] [vscode.emmet] Accessing a resource scoped configuration without providing a resource is not expected. To get the effective value for 'emmet.includeLanguages', provide the URI of a resource or 'null' for any resource.
[2022-06-10 13:37:05.527] [exthost] [warning] [ms-python.python] Accessing a window scoped configuration for a resource is not expected. To associate 'python.languageServer' to a resource, define its scope to 'resource' in configuration contributions in 'package.json'.
[2022-06-10 13:37:05.532] [exthost] [warning] [ms-python.python] Accessing a window scoped configuration for a resource is not expected. To associate 'python.languageServer' to a resource, define its scope to 'resource' in configuration contributions in 'package.json'.
[2022-06-10 13:37:05.536] [exthost] [warning] [ms-python.python] Accessing a window scoped configuration for a resource is not expected. To associate 'python.languageServer' to a resource, define its scope to 'resource' in configuration contributions in 'package.json'.
[2022-06-10 13:37:05.541] [exthost] [warning] [ms-python.python] Accessing a window scoped configuration for a resource is not expected. To associate 'python.languageServer' to a resource, define its scope to 'resource' in configuration contributions in 'package.json'.
[2022-06-10 13:37:06.562] [exthost] [info] ExtensionService#_doActivateExtension ms-toolsai.jupyter, startup: false, activationEvent: 'onLanguage:python'
[2022-06-10 13:37:07.238] [exthost] [warning] [ms-toolsai.jupyter] Accessing a window scoped configuration for a resource is not expected. To associate 'jupyter.allowInput' to a resource, define its scope to 'resource' in configuration contributions in 'package.json'.
[2022-06-10 13:37:07.427] [exthost] [info] ExtensionService#_doActivateExtension ms-toolsai.jupyter-renderers, startup: false, activationEvent: 'api', root cause: ms-toolsai.jupyter
[2022-06-10 13:37:11.082] [exthost] [warning] [Decorations] CAPPING events from decorations provider vscode.git 322
[2022-06-10 13:37:14.503] [exthost] [warning] [ms-python.python] Accessing a window scoped configuration for a resource is not expected. To associate 'python.languageServer' to a resource, define its scope to 'resource' in configuration contributions in 'package.json'.
[2022-06-10 13:37:14.507] [exthost] [warning] [ms-python.python] Accessing a window scoped configuration for a resource is not expected. To associate 'python.languageServer' to a resource, define its scope to 'resource' in configuration contributions in 'package.json'.
[2022-06-10 13:37:18.077] [exthost] [warning] [Decorations] CAPPING events from decorations provider vscode.git 322
[2022-06-10 13:37:26.918] [exthost] [warning] [Decorations] CAPPING events from decorations provider vscode.git 326
[2022-06-10 13:37:35.855] [exthost] [warning] [Decorations] CAPPING events from decorations provider vscode.git 326
[2022-06-10 13:37:44.719] [exthost] [warning] [Decorations] CAPPING events from decorations provider vscode.git 326
[2022-06-10 13:37:53.535] [exthost] [warning] [Decorations] CAPPING events from decorations provider vscode.git 326
[2022-06-10 13:38:02.281] [exthost] [warning] [Decorations] CAPPING events from decorations provider vscode.git 326
[2022-06-10 13:38:11.122] [exthost] [warning] [Decorations] CAPPING events from decorations provider vscode.git 326
[2022-06-10 13:38:19.886] [exthost] [warning] [Decorations] CAPPING events from decorations provider vscode.git 326
[2022-06-10 13:38:28.811] [exthost] [warning] [Decorations] CAPPING events from decorations provider vscode.git 326
[2022-06-10 13:38:37.609] [exthost] [warning] [Decorations] CAPPING events from decorations provider vscode.git 326
[2022-06-10 13:38:46.513] [exthost] [warning] [Decorations] CAPPING events from decorations provider vscode.git 326
[2022-06-10 13:38:55.394] [exthost] [warning] [Decorations] CAPPING events from decorations provider vscode.git 326
[2022-06-10 13:39:04.679] [exthost] [warning] [Decorations] CAPPING events from decorations provider vscode.git 326
[2022-06-10 13:39:14.449] [exthost] [warning] [Decorations] CAPPING events from decorations provider vscode.git 326
[2022-06-10 13:39:23.491] [exthost] [warning] [Decorations] CAPPING events from decorations provider vscode.git 326
[2022-06-10 13:39:34.022] [exthost] [warning] [Decorations] CAPPING events from decorations provider vscode.git 326
[2022-06-10 13:39:44.627] [exthost] [warning] [Decorations] CAPPING events from decorations provider vscode.git 326
[2022-06-10 13:39:53.904] [exthost] [warning] [Decorations] CAPPING events from decorations provider vscode.git 326
[2022-06-10 13:40:04.023] [exthost] [warning] [Decorations] CAPPING events from decorations provider vscode.git 326
[2022-06-10 13:40:13.946] [exthost] [warning] [Decorations] CAPPING events from decorations provider vscode.git 326
[2022-06-10 13:40:23.476] [exthost] [warning] [Decorations] CAPPING events from decorations provider vscode.git 326
[2022-06-10 13:40:33.573] [exthost] [warning] [Decorations] CAPPING events from decorations provider vscode.git 326
[2022-06-10 13:40:43.674] [exthost] [warning] [Decorations] CAPPING events from decorations provider vscode.git 326
[2022-06-10 13:40:53.337] [exthost] [warning] [Decorations] CAPPING events from decorations provider vscode.git 326
[2022-06-10 13:41:03.535] [exthost] [warning] [Decorations] CAPPING events from decorations provider vscode.git 326
[2022-06-10 13:41:13.495] [exthost] [warning] [Decorations] CAPPING events from decorations provider vscode.git 326
[2022-06-10 13:41:23.346] [exthost] [warning] [Decorations] CAPPING events from decorations provider vscode.git 326
[2022-06-10 13:41:33.525] [exthost] [warning] [Decorations] CAPPING events from decorations provider vscode.git 326
[2022-06-10 13:41:43.591] [exthost] [warning] [Decorations] CAPPING events from decorations provider vscode.git 326
[2022-06-10 13:41:53.460] [exthost] [warning] [Decorations] CAPPING events from decorations provider vscode.git 326
[2022-06-10 13:42:03.536] [exthost] [warning] [Decorations] CAPPING events from decorations provider vscode.git 326
[2022-06-10 13:42:13.467] [exthost] [warning] [Decorations] CAPPING events from decorations provider vscode.git 326
[2022-06-10 13:42:23.221] [exthost] [warning] [Decorations] CAPPING events from decorations provider vscode.git 326
[2022-06-10 13:42:33.499] [exthost] [warning] [Decorations] CAPPING events from decorations provider vscode.git 326
[2022-06-10 13:42:43.718] [exthost] [warning] [Decorations] CAPPING events from decorations provider vscode.git 326
[2022-06-10 13:42:53.862] [exthost] [warning] [Decorations] CAPPING events from decorations provider vscode.git 326
[2022-06-10 13:43:04.221] [exthost] [warning] [Decorations] CAPPING events from decorations provider vscode.git 326
[2022-06-10 13:43:14.316] [exthost] [warning] [Decorations] CAPPING events from decorations provider vscode.git 326
[2022-06-10 13:43:24.605] [exthost] [warning] [Decorations] CAPPING events from decorations provider vscode.git 326
[2022-06-10 13:43:34.821] [exthost] [warning] [Decorations] CAPPING events from decorations provider vscode.git 326
[2022-06-10 13:43:45.037] [exthost] [warning] [Decorations] CAPPING events from decorations provider vscode.git 326
[2022-06-10 13:43:55.203] [exthost] [warning] [Decorations] CAPPING events from decorations provider vscode.git 326
[2022-06-10 13:44:05.436] [exthost] [warning] [Decorations] CAPPING events from decorations provider vscode.git 326
[2022-06-10 13:44:15.514] [exthost] [warning] [Decorations] CAPPING events from decorations provider vscode.git 326
[2022-06-10 13:44:25.714] [exthost] [warning] [Decorations] CAPPING events from decorations provider vscode.git 326
[2022-06-10 13:44:35.987] [exthost] [warning] [Decorations] CAPPING events from decorations provider vscode.git 326
[2022-06-10 13:44:46.161] [exthost] [warning] [Decorations] CAPPING events from decorations provider vscode.git 326
[2022-06-10 13:44:56.420] [exthost] [warning] [Decorations] CAPPING events from decorations provider vscode.git 326
[2022-06-10 13:45:06.671] [exthost] [warning] [Decorations] CAPPING events from decorations provider vscode.git 326
[2022-06-10 13:45:16.834] [exthost] [warning] [Decorations] CAPPING events from decorations provider vscode.git 326
[2022-06-10 13:45:27.064] [exthost] [warning] [Decorations] CAPPING events from decorations provider vscode.git 326
[2022-06-10 13:45:37.327] [exthost] [warning] [Decorations] CAPPING events from decorations provider vscode.git 326
[2022-06-10 13:45:47.452] [exthost] [warning] [Decorations] CAPPING events from decorations provider vscode.git 326
[2022-06-10 13:45:57.559] [exthost] [warning] [Decorations] CAPPING events from decorations provider vscode.git 326
[2022-06-10 13:46:07.942] [exthost] [warning] [Decorations] CAPPING events from decorations provider vscode.git 326
[2022-06-10 13:46:18.022] [exthost] [warning] [Decorations] CAPPING events from decorations provider vscode.git 326
[2022-06-10 13:46:28.064] [exthost] [warning] [Decorations] CAPPING events from decorations provider vscode.git 326
[2022-06-10 13:46:38.306] [exthost] [warning] [Decorations] CAPPING events from decorations provider vscode.git 326
[2022-06-10 13:46:48.365] [exthost] [warning] [Decorations] CAPPING events from decorations provider vscode.git 326
[2022-06-10 13:46:58.172] [exthost] [warning] [Decorations] CAPPING events from decorations provider vscode.git 326
[2022-06-10 13:47:08.423] [exthost] [warning] [Decorations] CAPPING events from decorations provider vscode.git 326
[2022-06-10 13:47:18.498] [exthost] [warning] [Decorations] CAPPING events from decorations provider vscode.git 326
[2022-06-10 13:47:28.342] [exthost] [warning] [Decorations] CAPPING events from decorations provider vscode.git 326
[2022-06-10 13:47:38.545] [exthost] [warning] [Decorations] CAPPING events from decorations provider vscode.git 326
[2022-06-10 13:47:48.472] [exthost] [warning] [Decorations] CAPPING events from decorations provider vscode.git 326
[2022-06-10 13:47:58.204] [exthost] [warning] [Decorations] CAPPING events from decorations provider vscode.git 326
[2022-06-10 13:48:08.491] [exthost] [warning] [Decorations] CAPPING events from decorations provider vscode.git 326
[2022-06-10 13:48:18.515] [exthost] [warning] [Decorations] CAPPING events from decorations provider vscode.git 326
[2022-06-10 13:48:28.118] [exthost] [warning] [Decorations] CAPPING events from decorations provider vscode.git 326
[2022-06-10 13:48:38.301] [exthost] [warning] [Decorations] CAPPING events from decorations provider vscode.git 326
[2022-06-10 13:48:48.332] [exthost] [warning] [Decorations] CAPPING events from decorations provider vscode.git 326
[2022-06-10 13:48:57.761] [exthost] [warning] [Decorations] CAPPING events from decorations provider vscode.git 326
[2022-06-10 13:49:07.944] [exthost] [warning] [Decorations] CAPPING events from decorations provider vscode.git 326
[2022-06-10 13:49:17.943] [exthost] [warning] [Decorations] CAPPING events from decorations provider vscode.git 326
[2022-06-10 13:49:28.278] [exthost] [warning] [Decorations] CAPPING events from decorations provider vscode.git 326
[2022-06-10 13:49:38.566] [exthost] [warning] [Decorations] CAPPING events from decorations provider vscode.git 326
[2022-06-10 13:49:48.692] [exthost] [warning] [Decorations] CAPPING events from decorations provider vscode.git 326
[2022-06-10 13:49:58.918] [exthost] [warning] [Decorations] CAPPING events from decorations provider vscode.git 326
[2022-06-10 13:50:09.200] [exthost] [warning] [Decorations] CAPPING events from decorations provider vscode.git 326
[2022-06-10 13:50:19.560] [exthost] [warning] [Decorations] CAPPING events from decorations provider vscode.git 326
[2022-06-10 13:50:29.786] [exthost] [warning] [Decorations] CAPPING events from decorations provider vscode.git 326
[2022-06-10 13:50:39.962] [exthost] [warning] [Decorations] CAPPING events from decorations provider vscode.git 326
[2022-06-10 13:50:50.148] [exthost] [warning] [Decorations] CAPPING events from decorations provider vscode.git 326
[2022-06-10 13:51:00.465] [exthost] [warning] [Decorations] CAPPING events from decorations provider vscode.git 326
[2022-06-10 13:51:10.731] [exthost] [warning] [Decorations] CAPPING events from decorations provider vscode.git 326
[2022-06-10 13:51:20.932] [exthost] [warning] [Decorations] CAPPING events from decorations provider vscode.git 326
[2022-06-10 13:51:31.165] [exthost] [warning] [Decorations] CAPPING events from decorations provider vscode.git 326
[2022-06-10 13:51:41.365] [exthost] [warning] [Decorations] CAPPING events from decorations provider vscode.git 326
[2022-06-10 13:51:51.733] [exthost] [warning] [Decorations] CAPPING events from decorations provider vscode.git 326
[2022-06-10 13:52:02.138] [exthost] [warning] [Decorations] CAPPING events from decorations provider vscode.git 326
[2022-06-10 13:52:12.317] [exthost] [warning] [Decorations] CAPPING events from decorations provider vscode.git 326
[2022-06-10 13:52:22.551] [exthost] [warning] [Decorations] CAPPING events from decorations provider vscode.git 326
[2022-06-10 13:52:32.726] [exthost] [warning] [Decorations] CAPPING events from decorations provider vscode.git 326
[2022-06-10 13:52:43.031] [exthost] [warning] [Decorations] CAPPING events from decorations provider vscode.git 326
[2022-06-10 13:54:21.795] [exthost] [warning] [Decorations] CAPPING events from decorations provider vscode.git 326
[2022-06-10 13:54:31.858] [exthost] [warning] [Decorations] CAPPING events from decorations provider vscode.git 326
[2022-06-10 13:54:42.004] [exthost] [warning] [Decorations] CAPPING events from decorations provider vscode.git 326
[2022-06-10 13:54:52.094] [exthost] [warning] [Decorations] CAPPING events from decorations provider vscode.git 326
[2022-06-10 13:55:02.167] [exthost] [warning] [Decorations] CAPPING events from decorations provider vscode.git 326
[2022-06-10 13:55:12.235] [exthost] [warning] [Decorations] CAPPING events from decorations provider vscode.git 326
[2022-06-10 13:55:22.311] [exthost] [warning] [Decorations] CAPPING events from decorations provider vscode.git 326
[2022-06-10 13:55:32.383] [exthost] [warning] [Decorations] CAPPING events from decorations provider vscode.git 326
[2022-06-10 13:55:42.485] [exthost] [warning] [Decorations] CAPPING events from decorations provider vscode.git 326
[2022-06-10 13:55:52.667] [exthost] [warning] [Decorations] CAPPING events from decorations provider vscode.git 326
[2022-06-10 13:56:02.886] [exthost] [warning] [Decorations] CAPPING events from decorations provider vscode.git 326
[2022-06-10 13:56:13.131] [exthost] [warning] [Decorations] CAPPING events from decorations provider vscode.git 326
[2022-06-10 13:56:23.354] [exthost] [warning] [Decorations] CAPPING events from decorations provider vscode.git 326
[2022-06-10 13:56:28.249] [exthost] [error] [ms-python.python] provider FAILED
[2022-06-10 13:56:28.249] [exthost] [error] Error: ValueError: `column` parameter (1) is not in a valid range (0-0) for line 19 ('\n').
	at /home/kadir/IML/Quantus/.code-server/extensions/ms-python.python-2022.4.1/out/client/extension.js:47:140123
	at /home/kadir/IML/Quantus/.code-server/extensions/ms-python.python-2022.4.1/out/client/extension.js:47:140417
	at Immediate.<anonymous> (/home/kadir/IML/Quantus/.code-server/extensions/ms-python.python-2022.4.1/out/client/extension.js:47:140780)
	at processImmediate (internal/timers.js:464:21)
[2022-06-10 13:56:33.542] [exthost] [warning] [Decorations] CAPPING events from decorations provider vscode.git 326
[2022-06-10 13:56:43.686] [exthost] [warning] [Decorations] CAPPING events from decorations provider vscode.git 326
[2022-06-10 13:56:53.771] [exthost] [warning] [Decorations] CAPPING events from decorations provider vscode.git 326
[2022-06-10 13:57:03.978] [exthost] [warning] [Decorations] CAPPING events from decorations provider vscode.git 326
[2022-06-10 13:57:14.227] [exthost] [warning] [Decorations] CAPPING events from decorations provider vscode.git 326
[2022-06-10 13:57:24.339] [exthost] [warning] [Decorations] CAPPING events from decorations provider vscode.git 326
[2022-06-10 13:57:34.423] [exthost] [warning] [Decorations] CAPPING events from decorations provider vscode.git 326
[2022-06-10 13:57:44.725] [exthost] [warning] [Decorations] CAPPING events from decorations provider vscode.git 326
[2022-06-10 13:57:54.957] [exthost] [warning] [Decorations] CAPPING events from decorations provider vscode.git 326
[2022-06-10 13:58:03.920] [exthost] [warning] [Decorations] CAPPING events from decorations provider vscode.git 326
[2022-06-10 13:58:12.868] [exthost] [warning] [Decorations] CAPPING events from decorations provider vscode.git 326
[2022-06-10 13:58:21.803] [exthost] [warning] [Decorations] CAPPING events from decorations provider vscode.git 326
[2022-06-10 13:58:30.845] [exthost] [warning] [Decorations] CAPPING events from decorations provider vscode.git 326
[2022-06-10 13:58:39.860] [exthost] [warning] [Decorations] CAPPING events from decorations provider vscode.git 326
[2022-06-10 13:58:48.872] [exthost] [warning] [Decorations] CAPPING events from decorations provider vscode.git 326
[2022-06-10 13:58:57.951] [exthost] [warning] [Decorations] CAPPING events from decorations provider vscode.git 326
[2022-06-10 13:59:06.981] [exthost] [warning] [Decorations] CAPPING events from decorations provider vscode.git 326
[2022-06-10 13:59:16.043] [exthost] [warning] [Decorations] CAPPING events from decorations provider vscode.git 326
[2022-06-10 13:59:25.107] [exthost] [warning] [Decorations] CAPPING events from decorations provider vscode.git 326
[2022-06-10 13:59:34.124] [exthost] [warning] [Decorations] CAPPING events from decorations provider vscode.git 326
[2022-06-10 13:59:43.224] [exthost] [warning] [Decorations] CAPPING events from decorations provider vscode.git 326
[2022-06-10 13:59:52.257] [exthost] [warning] [Decorations] CAPPING events from decorations provider vscode.git 326
[2022-06-10 14:00:01.280] [exthost] [warning] [Decorations] CAPPING events from decorations provider vscode.git 326
[2022-06-10 14:00:10.146] [exthost] [warning] [Decorations] CAPPING events from decorations provider vscode.git 330
[2022-06-10 14:00:19.395] [exthost] [warning] [Decorations] CAPPING events from decorations provider vscode.git 330
[2022-06-10 14:00:29.595] [exthost] [warning] [Decorations] CAPPING events from decorations provider vscode.git 330
[2022-06-10 14:00:39.774] [exthost] [warning] [Decorations] CAPPING events from decorations provider vscode.git 330
[2022-06-10 14:00:49.869] [exthost] [warning] [Decorations] CAPPING events from decorations provider vscode.git 330
[2022-06-10 14:01:00.068] [exthost] [warning] [Decorations] CAPPING events from decorations provider vscode.git 330
[2022-06-10 14:01:10.259] [exthost] [warning] [Decorations] CAPPING events from decorations provider vscode.git 330
[2022-06-10 14:01:20.411] [exthost] [warning] [Decorations] CAPPING events from decorations provider vscode.git 330
[2022-06-10 14:01:30.592] [exthost] [warning] [Decorations] CAPPING events from decorations provider vscode.git 330
[2022-06-10 14:01:40.819] [exthost] [warning] [Decorations] CAPPING events from decorations provider vscode.git 330
[2022-06-10 14:01:50.903] [exthost] [warning] [Decorations] CAPPING events from decorations provider vscode.git 330
[2022-06-10 14:02:00.912] [exthost] [warning] [Decorations] CAPPING events from decorations provider vscode.git 330
[2022-06-10 14:02:11.152] [exthost] [warning] [Decorations] CAPPING events from decorations provider vscode.git 330
[2022-06-10 14:02:21.271] [exthost] [warning] [Decorations] CAPPING events from decorations provider vscode.git 330
[2022-06-10 14:02:31.313] [exthost] [warning] [Decorations] CAPPING events from decorations provider vscode.git 330
[2022-06-10 14:02:41.616] [exthost] [warning] [Decorations] CAPPING events from decorations provider vscode.git 330
[2022-06-10 14:02:51.775] [exthost] [warning] [Decorations] CAPPING events from decorations provider vscode.git 330
[2022-06-10 14:03:01.804] [exthost] [warning] [Decorations] CAPPING events from decorations provider vscode.git 330
[2022-06-10 14:03:11.980] [exthost] [warning] [Decorations] CAPPING events from decorations provider vscode.git 330
[2022-06-10 14:03:22.042] [exthost] [warning] [Decorations] CAPPING events from decorations provider vscode.git 330
[2022-06-10 14:03:31.972] [exthost] [warning] [Decorations] CAPPING events from decorations provider vscode.git 330
[2022-06-10 14:03:42.215] [exthost] [warning] [Decorations] CAPPING events from decorations provider vscode.git 330
[2022-06-10 14:03:52.406] [exthost] [warning] [Decorations] CAPPING events from decorations provider vscode.git 330
[2022-06-10 14:04:02.332] [exthost] [warning] [Decorations] CAPPING events from decorations provider vscode.git 330
[2022-06-10 14:04:12.451] [exthost] [warning] [Decorations] CAPPING events from decorations provider vscode.git 330
[2022-06-10 14:04:22.679] [exthost] [warning] [Decorations] CAPPING events from decorations provider vscode.git 330
[2022-06-10 14:04:32.610] [exthost] [warning] [Decorations] CAPPING events from decorations provider vscode.git 330
[2022-06-10 14:04:42.795] [exthost] [warning] [Decorations] CAPPING events from decorations provider vscode.git 330
[2022-06-10 14:04:52.988] [exthost] [warning] [Decorations] CAPPING events from decorations provider vscode.git 330
[2022-06-10 14:05:03.120] [exthost] [warning] [Decorations] CAPPING events from decorations provider vscode.git 330
[2022-06-10 14:05:13.377] [exthost] [warning] [Decorations] CAPPING events from decorations provider vscode.git 330
[2022-06-10 14:05:23.218] [exthost] [warning] [Decorations] CAPPING events from decorations provider vscode.git 330
[2022-06-10 14:05:33.674] [exthost] [warning] [Decorations] CAPPING events from decorations provider vscode.git 330
[2022-06-10 14:05:44.118] [exthost] [warning] [Decorations] CAPPING events from decorations provider vscode.git 330
[2022-06-10 14:05:53.111] [exthost] [warning] [Decorations] CAPPING events from decorations provider vscode.git 330
[2022-06-10 14:06:03.490] [exthost] [warning] [Decorations] CAPPING events from decorations provider vscode.git 330
[2022-06-10 14:06:13.967] [exthost] [warning] [Decorations] CAPPING events from decorations provider vscode.git 330
[2022-06-10 14:06:23.108] [exthost] [warning] [Decorations] CAPPING events from decorations provider vscode.git 330
[2022-06-10 14:06:33.451] [exthost] [warning] [Decorations] CAPPING events from decorations provider vscode.git 330
[2022-06-10 14:06:43.764] [exthost] [warning] [Decorations] CAPPING events from decorations provider vscode.git 330
[2022-06-10 14:06:53.884] [exthost] [warning] [Decorations] CAPPING events from decorations provider vscode.git 330
[2022-06-10 14:07:04.215] [exthost] [warning] [Decorations] CAPPING events from decorations provider vscode.git 330
[2022-06-10 14:07:14.498] [exthost] [warning] [Decorations] CAPPING events from decorations provider vscode.git 330
[2022-06-10 14:07:24.829] [exthost] [warning] [Decorations] CAPPING events from decorations provider vscode.git 330
[2022-06-10 14:07:35.260] [exthost] [warning] [Decorations] CAPPING events from decorations provider vscode.git 330
[2022-06-10 14:07:44.717] [exthost] [warning] [Decorations] CAPPING events from decorations provider vscode.git 330
[2022-06-10 14:07:55.134] [exthost] [warning] [Decorations] CAPPING events from decorations provider vscode.git 330
[2022-06-10 14:08:05.488] [exthost] [warning] [Decorations] CAPPING events from decorations provider vscode.git 330
[2022-06-10 14:08:14.396] [exthost] [warning] [Decorations] CAPPING events from decorations provider vscode.git 330
[2022-06-10 14:08:24.690] [exthost] [warning] [Decorations] CAPPING events from decorations provider vscode.git 330
[2022-06-10 14:08:35.000] [exthost] [warning] [Decorations] CAPPING events from decorations provider vscode.git 330
[2022-06-10 14:08:44.207] [exthost] [warning] [Decorations] CAPPING events from decorations provider vscode.git 330
[2022-06-10 14:08:54.674] [exthost] [warning] [Decorations] CAPPING events from decorations provider vscode.git 330
[2022-06-10 14:09:05.017] [exthost] [warning] [Decorations] CAPPING events from decorations provider vscode.git 330
[2022-06-10 14:09:14.662] [exthost] [warning] [Decorations] CAPPING events from decorations provider vscode.git 330
[2022-06-10 14:09:24.952] [exthost] [warning] [Decorations] CAPPING events from decorations provider vscode.git 330
[2022-06-10 14:09:35.101] [exthost] [warning] [Decorations] CAPPING events from decorations provider vscode.git 330
[2022-06-10 14:09:45.252] [exthost] [warning] [Decorations] CAPPING events from decorations provider vscode.git 330
[2022-06-10 14:09:55.514] [exthost] [warning] [Decorations] CAPPING events from decorations provider vscode.git 330
[2022-06-10 14:10:05.154] [exthost] [warning] [Decorations] CAPPING events from decorations provider vscode.git 330
[2022-06-10 14:10:15.441] [exthost] [warning] [Decorations] CAPPING events from decorations provider vscode.git 330
[2022-06-10 14:10:25.587] [exthost] [warning] [Decorations] CAPPING events from decorations provider vscode.git 330
[2022-06-10 14:10:35.783] [exthost] [warning] [Decorations] CAPPING events from decorations provider vscode.git 330
[2022-06-10 14:10:45.986] [exthost] [warning] [Decorations] CAPPING events from decorations provider vscode.git 330
[2022-06-10 14:10:56.327] [exthost] [warning] [Decorations] CAPPING events from decorations provider vscode.git 330
[2022-06-10 14:11:06.465] [exthost] [warning] [Decorations] CAPPING events from decorations provider vscode.git 330
[2022-06-10 14:11:16.616] [exthost] [warning] [Decorations] CAPPING events from decorations provider vscode.git 330
[2022-06-10 14:11:26.752] [exthost] [warning] [Decorations] CAPPING events from decorations provider vscode.git 330
[2022-06-10 14:11:36.931] [exthost] [warning] [Decorations] CAPPING events from decorations provider vscode.git 330
[2022-06-10 14:11:47.222] [exthost] [warning] [Decorations] CAPPING events from decorations provider vscode.git 330
[2022-06-10 14:11:57.454] [exthost] [warning] [Decorations] CAPPING events from decorations provider vscode.git 330
[2022-06-10 14:12:07.689] [exthost] [warning] [Decorations] CAPPING events from decorations provider vscode.git 330
[2022-06-10 14:12:18.001] [exthost] [warning] [Decorations] CAPPING events from decorations provider vscode.git 330
[2022-06-10 14:12:28.314] [exthost] [warning] [Decorations] CAPPING events from decorations provider vscode.git 330
[2022-06-10 14:12:38.479] [exthost] [warning] [Decorations] CAPPING events from decorations provider vscode.git 330
[2022-06-10 14:12:48.720] [exthost] [warning] [Decorations] CAPPING events from decorations provider vscode.git 330
[2022-06-10 14:12:58.943] [exthost] [warning] [Decorations] CAPPING events from decorations provider vscode.git 330
[2022-06-10 14:13:09.270] [exthost] [warning] [Decorations] CAPPING events from decorations provider vscode.git 330
[2022-06-10 14:13:19.595] [exthost] [warning] [Decorations] CAPPING events from decorations provider vscode.git 330
[2022-06-10 14:13:29.864] [exthost] [warning] [Decorations] CAPPING events from decorations provider vscode.git 330
[2022-06-10 14:13:40.058] [exthost] [warning] [Decorations] CAPPING events from decorations provider vscode.git 330
[2022-06-10 14:13:50.236] [exthost] [warning] [Decorations] CAPPING events from decorations provider vscode.git 330
[2022-06-10 14:14:00.497] [exthost] [warning] [Decorations] CAPPING events from decorations provider vscode.git 330
[2022-06-10 14:14:10.848] [exthost] [warning] [Decorations] CAPPING events from decorations provider vscode.git 330
[2022-06-10 14:14:21.079] [exthost] [warning] [Decorations] CAPPING events from decorations provider vscode.git 330
[2022-06-10 14:14:31.365] [exthost] [warning] [Decorations] CAPPING events from decorations provider vscode.git 330
[2022-06-10 14:14:41.653] [exthost] [warning] [Decorations] CAPPING events from decorations provider vscode.git 330
[2022-06-10 14:14:51.905] [exthost] [warning] [Decorations] CAPPING events from decorations provider vscode.git 330
[2022-06-10 14:15:02.122] [exthost] [warning] [Decorations] CAPPING events from decorations provider vscode.git 330
[2022-06-10 14:15:12.337] [exthost] [warning] [Decorations] CAPPING events from decorations provider vscode.git 330
[2022-06-10 14:15:22.663] [exthost] [warning] [Decorations] CAPPING events from decorations provider vscode.git 330
[2022-06-10 14:15:32.988] [exthost] [warning] [Decorations] CAPPING events from decorations provider vscode.git 330
[2022-06-10 14:15:43.371] [exthost] [warning] [Decorations] CAPPING events from decorations provider vscode.git 330
[2022-06-10 14:15:53.558] [exthost] [warning] [Decorations] CAPPING events from decorations provider vscode.git 330
[2022-06-10 14:16:03.786] [exthost] [warning] [Decorations] CAPPING events from decorations provider vscode.git 330
[2022-06-10 14:16:14.118] [exthost] [warning] [Decorations] CAPPING events from decorations provider vscode.git 330
[2022-06-10 14:16:24.256] [exthost] [warning] [Decorations] CAPPING events from decorations provider vscode.git 330
[2022-06-10 14:16:34.402] [exthost] [warning] [Decorations] CAPPING events from decorations provider vscode.git 330
[2022-06-10 14:16:44.728] [exthost] [warning] [Decorations] CAPPING events from decorations provider vscode.git 330
[2022-06-10 14:16:55.112] [exthost] [warning] [Decorations] CAPPING events from decorations provider vscode.git 330
[2022-06-10 14:17:05.383] [exthost] [warning] [Decorations] CAPPING events from decorations provider vscode.git 330
[2022-06-10 14:17:15.657] [exthost] [warning] [Decorations] CAPPING events from decorations provider vscode.git 330
[2022-06-10 14:17:25.893] [exthost] [warning] [Decorations] CAPPING events from decorations provider vscode.git 330
[2022-06-10 14:17:36.112] [exthost] [warning] [Decorations] CAPPING events from decorations provider vscode.git 330
[2022-06-10 14:17:45.160] [exthost] [warning] [Decorations] CAPPING events from decorations provider vscode.git 330
[2022-06-10 14:17:54.200] [exthost] [warning] [Decorations] CAPPING events from decorations provider vscode.git 330
[2022-06-10 14:18:03.234] [exthost] [warning] [Decorations] CAPPING events from decorations provider vscode.git 330
[2022-06-10 14:18:12.583] [exthost] [warning] [Decorations] CAPPING events from decorations provider vscode.git 330
[2022-06-10 14:18:21.845] [exthost] [warning] [Decorations] CAPPING events from decorations provider vscode.git 330
[2022-06-10 14:18:30.885] [exthost] [warning] [Decorations] CAPPING events from decorations provider vscode.git 330
[2022-06-10 14:18:39.777] [exthost] [warning] [Decorations] CAPPING events from decorations provider vscode.git 330
[2022-06-10 14:18:48.662] [exthost] [warning] [Decorations] CAPPING events from decorations provider vscode.git 330
[2022-06-10 14:18:57.678] [exthost] [warning] [Decorations] CAPPING events from decorations provider vscode.git 330
[2022-06-10 14:19:06.659] [exthost] [warning] [Decorations] CAPPING events from decorations provider vscode.git 330
[2022-06-10 14:19:15.636] [exthost] [warning] [Decorations] CAPPING events from decorations provider vscode.git 330
[2022-06-10 14:19:24.534] [exthost] [warning] [Decorations] CAPPING events from decorations provider vscode.git 330
[2022-06-10 14:19:33.429] [exthost] [warning] [Decorations] CAPPING events from decorations provider vscode.git 330
[2022-06-10 14:19:42.452] [exthost] [warning] [Decorations] CAPPING events from decorations provider vscode.git 330
[2022-06-10 14:19:51.392] [exthost] [warning] [Decorations] CAPPING events from decorations provider vscode.git 330
[2022-06-10 14:20:00.261] [exthost] [warning] [Decorations] CAPPING events from decorations provider vscode.git 330
[2022-06-10 14:37:34.804] [exthost] [warning] [Decorations] CAPPING events from decorations provider vscode.git 330
[2022-06-10 14:37:44.073] [exthost] [warning] [Decorations] CAPPING events from decorations provider vscode.git 330
[2022-06-10 14:37:53.238] [exthost] [warning] [Decorations] CAPPING events from decorations provider vscode.git 330
[2022-06-10 14:38:02.485] [exthost] [warning] [Decorations] CAPPING events from decorations provider vscode.git 330
[2022-06-10 14:38:11.594] [exthost] [warning] [Decorations] CAPPING events from decorations provider vscode.git 330
[2022-06-10 14:38:20.789] [exthost] [warning] [Decorations] CAPPING events from decorations provider vscode.git 330
[2022-06-10 14:38:29.946] [exthost] [warning] [Decorations] CAPPING events from decorations provider vscode.git 330
[2022-06-10 14:38:39.236] [exthost] [warning] [Decorations] CAPPING events from decorations provider vscode.git 330
[2022-06-10 14:38:48.673] [exthost] [warning] [Decorations] CAPPING events from decorations provider vscode.git 330
[2022-06-10 14:38:58.270] [exthost] [warning] [Decorations] CAPPING events from decorations provider vscode.git 334
[2022-06-10 14:39:07.911] [exthost] [warning] [Decorations] CAPPING events from decorations provider vscode.git 334
[2022-06-10 14:39:17.275] [exthost] [warning] [Decorations] CAPPING events from decorations provider vscode.git 334
[2022-06-10 14:39:26.653] [exthost] [warning] [Decorations] CAPPING events from decorations provider vscode.git 334
[2022-06-10 14:39:36.023] [exthost] [warning] [Decorations] CAPPING events from decorations provider vscode.git 334
[2022-06-10 14:39:45.644] [exthost] [warning] [Decorations] CAPPING events from decorations provider vscode.git 334
[2022-06-10 14:39:55.479] [exthost] [warning] [Decorations] CAPPING events from decorations provider vscode.git 334
[2022-06-10 14:40:04.942] [exthost] [warning] [Decorations] CAPPING events from decorations provider vscode.git 338
[2022-06-10 14:40:14.782] [exthost] [warning] [Decorations] CAPPING events from decorations provider vscode.git 338
[2022-06-10 14:40:25.249] [exthost] [warning] [Decorations] CAPPING events from decorations provider vscode.git 338
[2022-06-10 14:40:35.893] [exthost] [warning] [Decorations] CAPPING events from decorations provider vscode.git 338
[2022-06-10 14:40:46.611] [exthost] [warning] [Decorations] CAPPING events from decorations provider vscode.git 338
[2022-06-10 14:40:57.154] [exthost] [warning] [Decorations] CAPPING events from decorations provider vscode.git 338
[2022-06-10 14:41:07.738] [exthost] [warning] [Decorations] CAPPING events from decorations provider vscode.git 338
[2022-06-10 14:41:16.869] [exthost] [warning] [Decorations] CAPPING events from decorations provider vscode.git 338
[2022-06-10 14:41:27.379] [exthost] [warning] [Decorations] CAPPING events from decorations provider vscode.git 338
[2022-06-10 14:41:37.997] [exthost] [warning] [Decorations] CAPPING events from decorations provider vscode.git 338
[2022-06-10 14:41:47.314] [exthost] [warning] [Decorations] CAPPING events from decorations provider vscode.git 338
[2022-06-10 14:41:57.733] [exthost] [warning] [Decorations] CAPPING events from decorations provider vscode.git 338
[2022-06-10 14:42:08.218] [exthost] [warning] [Decorations] CAPPING events from decorations provider vscode.git 338
[2022-06-10 14:42:18.065] [exthost] [warning] [Decorations] CAPPING events from decorations provider vscode.git 338
[2022-06-10 14:42:28.369] [exthost] [warning] [Decorations] CAPPING events from decorations provider vscode.git 338
[2022-06-10 14:42:38.765] [exthost] [warning] [Decorations] CAPPING events from decorations provider vscode.git 338
[2022-06-10 14:42:49.593] [exthost] [warning] [Decorations] CAPPING events from decorations provider vscode.git 338
[2022-06-10 14:43:00.329] [exthost] [warning] [Decorations] CAPPING events from decorations provider vscode.git 338
[2022-06-10 14:43:10.790] [exthost] [warning] [Decorations] CAPPING events from decorations provider vscode.git 338
[2022-06-10 14:43:21.372] [exthost] [warning] [Decorations] CAPPING events from decorations provider vscode.git 338
[2022-06-10 14:43:31.880] [exthost] [warning] [Decorations] CAPPING events from decorations provider vscode.git 338
[2022-06-10 14:43:41.234] [exthost] [warning] [Decorations] CAPPING events from decorations provider vscode.git 338
[2022-06-10 14:43:51.834] [exthost] [warning] [Decorations] CAPPING events from decorations provider vscode.git 338
[2022-06-10 14:44:02.329] [exthost] [warning] [Decorations] CAPPING events from decorations provider vscode.git 338
[2022-06-10 14:44:11.623] [exthost] [warning] [Decorations] CAPPING events from decorations provider vscode.git 338
[2022-06-10 14:44:22.344] [exthost] [warning] [Decorations] CAPPING events from decorations provider vscode.git 338
[2022-06-10 14:44:32.654] [exthost] [warning] [Decorations] CAPPING events from decorations provider vscode.git 338
[2022-06-10 14:44:41.592] [exthost] [warning] [Decorations] CAPPING events from decorations provider vscode.git 338
[2022-06-10 14:44:51.811] [exthost] [warning] [Decorations] CAPPING events from decorations provider vscode.git 338
[2022-06-10 14:45:01.913] [exthost] [warning] [Decorations] CAPPING events from decorations provider vscode.git 338
[2022-06-10 14:45:11.795] [exthost] [warning] [Decorations] CAPPING events from decorations provider vscode.git 338
[2022-06-10 14:45:22.324] [exthost] [warning] [Decorations] CAPPING events from decorations provider vscode.git 338
[2022-06-10 14:45:32.683] [exthost] [warning] [Decorations] CAPPING events from decorations provider vscode.git 338
[2022-06-10 14:45:43.034] [exthost] [warning] [Decorations] CAPPING events from decorations provider vscode.git 338
[2022-06-10 14:45:53.563] [exthost] [warning] [Decorations] CAPPING events from decorations provider vscode.git 338
[2022-06-10 14:46:03.336] [exthost] [warning] [Decorations] CAPPING events from decorations provider vscode.git 338
[2022-06-10 14:46:13.803] [exthost] [warning] [Decorations] CAPPING events from decorations provider vscode.git 338
[2022-06-10 14:46:24.276] [exthost] [warning] [Decorations] CAPPING events from decorations provider vscode.git 338
[2022-06-10 14:46:33.435] [exthost] [warning] [Decorations] CAPPING events from decorations provider vscode.git 338
[2022-06-10 14:46:44.002] [exthost] [warning] [Decorations] CAPPING events from decorations provider vscode.git 338
[2022-06-10 14:46:54.542] [exthost] [warning] [Decorations] CAPPING events from decorations provider vscode.git 338
[2022-06-10 14:47:04.134] [exthost] [warning] [Decorations] CAPPING events from decorations provider vscode.git 338
[2022-06-10 14:47:14.658] [exthost] [warning] [Decorations] CAPPING events from decorations provider vscode.git 338
[2022-06-10 14:47:25.127] [exthost] [warning] [Decorations] CAPPING events from decorations provider vscode.git 338
[2022-06-10 14:47:35.912] [exthost] [warning] [Decorations] CAPPING events from decorations provider vscode.git 338
[2022-06-10 14:47:46.614] [exthost] [warning] [Decorations] CAPPING events from decorations provider vscode.git 338
[2022-06-10 14:47:56.237] [exthost] [warning] [Decorations] CAPPING events from decorations provider vscode.git 338
[2022-06-10 14:48:06.742] [exthost] [warning] [Decorations] CAPPING events from decorations provider vscode.git 338
[2022-06-10 14:48:17.315] [exthost] [warning] [Decorations] CAPPING events from decorations provider vscode.git 338
[2022-06-10 14:48:27.024] [exthost] [warning] [Decorations] CAPPING events from decorations provider vscode.git 338
[2022-06-10 14:48:37.749] [exthost] [warning] [Decorations] CAPPING events from decorations provider vscode.git 338
[2022-06-10 14:48:48.290] [exthost] [warning] [Decorations] CAPPING events from decorations provider vscode.git 338
[2022-06-10 14:48:58.921] [exthost] [warning] [Decorations] CAPPING events from decorations provider vscode.git 338
[2022-06-10 14:49:09.787] [exthost] [warning] [Decorations] CAPPING events from decorations provider vscode.git 338
[2022-06-10 14:49:19.588] [exthost] [warning] [Decorations] CAPPING events from decorations provider vscode.git 338
[2022-06-10 14:49:30.192] [exthost] [warning] [Decorations] CAPPING events from decorations provider vscode.git 338
[2022-06-10 14:49:41.018] [exthost] [warning] [Decorations] CAPPING events from decorations provider vscode.git 338
[2022-06-10 14:49:51.766] [exthost] [warning] [Decorations] CAPPING events from decorations provider vscode.git 338
[2022-06-10 14:50:02.444] [exthost] [warning] [Decorations] CAPPING events from decorations provider vscode.git 338
[2022-06-10 14:50:55.091] [exthost] [warning] [Decorations] CAPPING events from decorations provider vscode.git 338
[2022-06-10 14:51:05.866] [exthost] [warning] [Decorations] CAPPING events from decorations provider vscode.git 338
[2022-06-10 14:51:16.551] [exthost] [warning] [Decorations] CAPPING events from decorations provider vscode.git 338
[2022-06-10 14:51:27.210] [exthost] [warning] [Decorations] CAPPING events from decorations provider vscode.git 338
[2022-06-10 14:51:37.963] [exthost] [warning] [Decorations] CAPPING events from decorations provider vscode.git 339
[2022-06-10 14:51:48.294] [exthost] [warning] [Decorations] CAPPING events from decorations provider vscode.git 339
[2022-06-10 14:51:58.813] [exthost] [warning] [Decorations] CAPPING events from decorations provider vscode.git 339
[2022-06-10 14:52:09.385] [exthost] [warning] [Decorations] CAPPING events from decorations provider vscode.git 339
[2022-06-10 14:52:20.115] [exthost] [warning] [Decorations] CAPPING events from decorations provider vscode.git 339
[2022-06-10 14:52:30.824] [exthost] [warning] [Decorations] CAPPING events from decorations provider vscode.git 339
[2022-06-10 14:52:41.590] [exthost] [warning] [Decorations] CAPPING events from decorations provider vscode.git 339
[2022-06-10 14:52:52.552] [exthost] [warning] [Decorations] CAPPING events from decorations provider vscode.git 339
[2022-06-10 14:53:03.272] [exthost] [warning] [Decorations] CAPPING events from decorations provider vscode.git 339
[2022-06-10 14:53:13.981] [exthost] [warning] [Decorations] CAPPING events from decorations provider vscode.git 339
[2022-06-10 14:53:24.668] [exthost] [warning] [Decorations] CAPPING events from decorations provider vscode.git 339
[2022-06-10 14:53:35.439] [exthost] [warning] [Decorations] CAPPING events from decorations provider vscode.git 339
[2022-06-10 14:53:45.978] [exthost] [warning] [Decorations] CAPPING events from decorations provider vscode.git 339
[2022-06-10 14:53:56.498] [exthost] [warning] [Decorations] CAPPING events from decorations provider vscode.git 339
[2022-06-10 14:54:07.001] [exthost] [warning] [Decorations] CAPPING events from decorations provider vscode.git 339
[2022-06-10 14:54:17.485] [exthost] [warning] [Decorations] CAPPING events from decorations provider vscode.git 339
[2022-06-10 14:54:27.941] [exthost] [warning] [Decorations] CAPPING events from decorations provider vscode.git 339
[2022-06-10 14:54:38.266] [exthost] [warning] [Decorations] CAPPING events from decorations provider vscode.git 339
[2022-06-10 14:54:48.657] [exthost] [warning] [Decorations] CAPPING events from decorations provider vscode.git 339
[2022-06-10 14:54:58.675] [exthost] [warning] [Decorations] CAPPING events from decorations provider vscode.git 339
[2022-06-10 14:55:07.710] [exthost] [warning] [Decorations] CAPPING events from decorations provider vscode.git 343
[2022-06-10 14:55:17.083] [exthost] [warning] [Decorations] CAPPING events from decorations provider vscode.git 343
[2022-06-10 14:55:27.497] [exthost] [warning] [Decorations] CAPPING events from decorations provider vscode.git 343
[2022-06-10 14:55:37.869] [exthost] [warning] [Decorations] CAPPING events from decorations provider vscode.git 343
[2022-06-10 14:55:48.164] [exthost] [warning] [Decorations] CAPPING events from decorations provider vscode.git 343
[2022-06-10 14:55:58.312] [exthost] [warning] [Decorations] CAPPING events from decorations provider vscode.git 343
[2022-06-10 14:56:08.629] [exthost] [warning] [Decorations] CAPPING events from decorations provider vscode.git 343
[2022-06-10 14:56:18.901] [exthost] [warning] [Decorations] CAPPING events from decorations provider vscode.git 343
[2022-06-10 14:56:29.253] [exthost] [warning] [Decorations] CAPPING events from decorations provider vscode.git 343
[2022-06-10 14:56:39.628] [exthost] [warning] [Decorations] CAPPING events from decorations provider vscode.git 343
[2022-06-10 14:56:48.803] [exthost] [warning] [Decorations] CAPPING events from decorations provider vscode.git 343
[2022-06-10 14:56:59.114] [exthost] [warning] [Decorations] CAPPING events from decorations provider vscode.git 343
[2022-06-10 14:57:09.395] [exthost] [warning] [Decorations] CAPPING events from decorations provider vscode.git 343
[2022-06-10 14:57:18.312] [exthost] [warning] [Decorations] CAPPING events from decorations provider vscode.git 343
[2022-06-10 14:57:28.580] [exthost] [warning] [Decorations] CAPPING events from decorations provider vscode.git 343
[2022-06-10 14:57:38.879] [exthost] [warning] [Decorations] CAPPING events from decorations provider vscode.git 343
[2022-06-10 14:57:48.115] [exthost] [warning] [Decorations] CAPPING events from decorations provider vscode.git 343
[2022-06-10 14:57:58.422] [exthost] [warning] [Decorations] CAPPING events from decorations provider vscode.git 343
[2022-06-10 14:58:08.755] [exthost] [warning] [Decorations] CAPPING events from decorations provider vscode.git 343
[2022-06-10 14:58:18.311] [exthost] [warning] [Decorations] CAPPING events from decorations provider vscode.git 343
[2022-06-10 14:58:28.653] [exthost] [warning] [Decorations] CAPPING events from decorations provider vscode.git 343
[2022-06-10 14:58:38.777] [exthost] [warning] [Decorations] CAPPING events from decorations provider vscode.git 343
[2022-06-10 14:58:49.031] [exthost] [warning] [Decorations] CAPPING events from decorations provider vscode.git 343
[2022-06-10 14:58:59.351] [exthost] [warning] [Decorations] CAPPING events from decorations provider vscode.git 343
[2022-06-10 14:59:09.341] [exthost] [warning] [Decorations] CAPPING events from decorations provider vscode.git 343
[2022-06-10 14:59:19.587] [exthost] [warning] [Decorations] CAPPING events from decorations provider vscode.git 343
[2022-06-10 14:59:29.827] [exthost] [warning] [Decorations] CAPPING events from decorations provider vscode.git 343
[2022-06-10 14:59:39.050] [exthost] [warning] [Decorations] CAPPING events from decorations provider vscode.git 343
[2022-06-10 14:59:49.355] [exthost] [warning] [Decorations] CAPPING events from decorations provider vscode.git 343
[2022-06-10 14:59:59.662] [exthost] [warning] [Decorations] CAPPING events from decorations provider vscode.git 343
[2022-06-10 15:00:08.631] [exthost] [warning] [Decorations] CAPPING events from decorations provider vscode.git 343
[2022-06-10 15:00:18.969] [exthost] [warning] [Decorations] CAPPING events from decorations provider vscode.git 343
[2022-06-10 15:00:29.326] [exthost] [warning] [Decorations] CAPPING events from decorations provider vscode.git 343
[2022-06-10 15:00:39.043] [exthost] [warning] [Decorations] CAPPING events from decorations provider vscode.git 343
[2022-06-10 15:00:49.617] [exthost] [warning] [Decorations] CAPPING events from decorations provider vscode.git 343
[2022-06-10 15:01:00.125] [exthost] [warning] [Decorations] CAPPING events from decorations provider vscode.git 343
[2022-06-10 15:01:10.528] [exthost] [warning] [Decorations] CAPPING events from decorations provider vscode.git 343
[2022-06-10 15:01:21.093] [exthost] [warning] [Decorations] CAPPING events from decorations provider vscode.git 343
[2022-06-10 15:01:30.604] [exthost] [warning] [Decorations] CAPPING events from decorations provider vscode.git 343
[2022-06-10 15:01:41.303] [exthost] [warning] [Decorations] CAPPING events from decorations provider vscode.git 343
[2022-06-10 15:01:51.829] [exthost] [warning] [Decorations] CAPPING events from decorations provider vscode.git 343
[2022-06-10 15:02:01.305] [exthost] [warning] [Decorations] CAPPING events from decorations provider vscode.git 343
[2022-06-10 15:02:11.893] [exthost] [warning] [Decorations] CAPPING events from decorations provider vscode.git 343
[2022-06-10 15:02:22.457] [exthost] [warning] [Decorations] CAPPING events from decorations provider vscode.git 343
[2022-06-10 15:02:32.580] [exthost] [warning] [Decorations] CAPPING events from decorations provider vscode.git 343
[2022-06-10 15:02:43.127] [exthost] [warning] [Decorations] CAPPING events from decorations provider vscode.git 343
[2022-06-10 15:02:53.710] [exthost] [warning] [Decorations] CAPPING events from decorations provider vscode.git 343
[2022-06-10 15:03:04.316] [exthost] [warning] [Decorations] CAPPING events from decorations provider vscode.git 343
[2022-06-10 15:03:14.920] [exthost] [warning] [Decorations] CAPPING events from decorations provider vscode.git 343
[2022-06-10 15:03:24.514] [exthost] [warning] [Decorations] CAPPING events from decorations provider vscode.git 343
[2022-06-10 15:03:35.128] [exthost] [warning] [Decorations] CAPPING events from decorations provider vscode.git 343
[2022-06-10 15:03:45.827] [exthost] [warning] [Decorations] CAPPING events from decorations provider vscode.git 343
[2022-06-10 15:03:55.387] [exthost] [warning] [Decorations] CAPPING events from decorations provider vscode.git 343
[2022-06-10 15:04:05.998] [exthost] [warning] [Decorations] CAPPING events from decorations provider vscode.git 343
[2022-06-10 15:04:16.598] [exthost] [warning] [Decorations] CAPPING events from decorations provider vscode.git 343
[2022-06-10 15:04:27.043] [exthost] [warning] [Decorations] CAPPING events from decorations provider vscode.git 343
[2022-06-10 15:04:37.708] [exthost] [warning] [Decorations] CAPPING events from decorations provider vscode.git 343
[2022-06-10 15:04:47.280] [exthost] [warning] [Decorations] CAPPING events from decorations provider vscode.git 343
[2022-06-10 15:04:57.811] [exthost] [warning] [Decorations] CAPPING events from decorations provider vscode.git 343
[2022-06-10 15:05:08.279] [exthost] [warning] [Decorations] CAPPING events from decorations provider vscode.git 343
[2022-06-10 15:05:18.839] [exthost] [warning] [Decorations] CAPPING events from decorations provider vscode.git 343
[2022-06-10 15:05:29.237] [exthost] [warning] [Decorations] CAPPING events from decorations provider vscode.git 343
[2022-06-10 15:05:39.616] [exthost] [warning] [Decorations] CAPPING events from decorations provider vscode.git 343
[2022-06-10 15:05:50.045] [exthost] [warning] [Decorations] CAPPING events from decorations provider vscode.git 343
[2022-06-10 15:06:00.496] [exthost] [warning] [Decorations] CAPPING events from decorations provider vscode.git 343
[2022-06-10 15:06:10.948] [exthost] [warning] [Decorations] CAPPING events from decorations provider vscode.git 343
[2022-06-10 15:06:21.435] [exthost] [warning] [Decorations] CAPPING events from decorations provider vscode.git 343
[2022-06-10 15:06:31.895] [exthost] [warning] [Decorations] CAPPING events from decorations provider vscode.git 343
[2022-06-10 15:06:42.402] [exthost] [warning] [Decorations] CAPPING events from decorations provider vscode.git 343
[2022-06-10 15:06:52.901] [exthost] [warning] [Decorations] CAPPING events from decorations provider vscode.git 343
[2022-06-10 15:07:03.295] [exthost] [warning] [Decorations] CAPPING events from decorations provider vscode.git 343
[2022-06-10 15:07:13.529] [exthost] [warning] [Decorations] CAPPING events from decorations provider vscode.git 343
[2022-06-10 15:07:23.789] [exthost] [warning] [Decorations] CAPPING events from decorations provider vscode.git 343
[2022-06-10 15:07:34.425] [exthost] [warning] [Decorations] CAPPING events from decorations provider vscode.git 343
[2022-06-10 15:07:44.901] [exthost] [warning] [Decorations] CAPPING events from decorations provider vscode.git 343
[2022-06-10 15:07:55.642] [exthost] [warning] [Decorations] CAPPING events from decorations provider vscode.git 343
[2022-06-10 15:08:05.948] [exthost] [warning] [Decorations] CAPPING events from decorations provider vscode.git 343
[2022-06-10 15:08:16.222] [exthost] [warning] [Decorations] CAPPING events from decorations provider vscode.git 343
[2022-06-10 15:08:26.456] [exthost] [warning] [Decorations] CAPPING events from decorations provider vscode.git 343
[2022-06-10 15:08:36.728] [exthost] [warning] [Decorations] CAPPING events from decorations provider vscode.git 343
[2022-06-10 15:08:46.988] [exthost] [warning] [Decorations] CAPPING events from decorations provider vscode.git 343
[2022-06-10 15:08:57.274] [exthost] [warning] [Decorations] CAPPING events from decorations provider vscode.git 343
[2022-06-10 15:09:07.593] [exthost] [warning] [Decorations] CAPPING events from decorations provider vscode.git 343
[2022-06-10 15:09:17.918] [exthost] [warning] [Decorations] CAPPING events from decorations provider vscode.git 343
[2022-06-10 15:09:28.136] [exthost] [warning] [Decorations] CAPPING events from decorations provider vscode.git 343
[2022-06-10 15:09:38.432] [exthost] [warning] [Decorations] CAPPING events from decorations provider vscode.git 343
[2022-06-10 15:09:48.689] [exthost] [warning] [Decorations] CAPPING events from decorations provider vscode.git 343
[2022-06-10 15:09:59.107] [exthost] [warning] [Decorations] CAPPING events from decorations provider vscode.git 343
[2022-06-10 15:10:09.449] [exthost] [warning] [Decorations] CAPPING events from decorations provider vscode.git 343
[2022-06-10 15:10:19.796] [exthost] [warning] [Decorations] CAPPING events from decorations provider vscode.git 343
[2022-06-10 15:10:30.255] [exthost] [warning] [Decorations] CAPPING events from decorations provider vscode.git 343
[2022-06-10 15:10:40.776] [exthost] [warning] [Decorations] CAPPING events from decorations provider vscode.git 343
[2022-06-10 15:10:51.240] [exthost] [warning] [Decorations] CAPPING events from decorations provider vscode.git 343
[2022-06-10 15:11:01.601] [exthost] [warning] [Decorations] CAPPING events from decorations provider vscode.git 343
[2022-06-10 15:11:11.995] [exthost] [warning] [Decorations] CAPPING events from decorations provider vscode.git 343
[2022-06-10 15:11:22.430] [exthost] [warning] [Decorations] CAPPING events from decorations provider vscode.git 343
[2022-06-10 15:11:32.897] [exthost] [warning] [Decorations] CAPPING events from decorations provider vscode.git 343
[2022-06-10 15:11:43.363] [exthost] [warning] [Decorations] CAPPING events from decorations provider vscode.git 343
[2022-06-10 15:11:53.922] [exthost] [warning] [Decorations] CAPPING events from decorations provider vscode.git 343
[2022-06-10 15:12:04.444] [exthost] [warning] [Decorations] CAPPING events from decorations provider vscode.git 343
[2022-06-10 15:12:14.379] [exthost] [warning] [Decorations] CAPPING events from decorations provider vscode.git 343
[2022-06-10 15:12:23.456] [exthost] [warning] [Decorations] CAPPING events from decorations provider vscode.git 343
[2022-06-10 15:12:32.528] [exthost] [warning] [Decorations] CAPPING events from decorations provider vscode.git 343
[2022-06-10 15:12:41.595] [exthost] [warning] [Decorations] CAPPING events from decorations provider vscode.git 343
[2022-06-10 15:12:50.647] [exthost] [warning] [Decorations] CAPPING events from decorations provider vscode.git 343
[2022-06-10 15:12:59.785] [exthost] [warning] [Decorations] CAPPING events from decorations provider vscode.git 343
[2022-06-10 15:13:08.951] [exthost] [warning] [Decorations] CAPPING events from decorations provider vscode.git 343
[2022-06-10 15:13:18.133] [exthost] [warning] [Decorations] CAPPING events from decorations provider vscode.git 343
[2022-06-10 15:13:27.187] [exthost] [warning] [Decorations] CAPPING events from decorations provider vscode.git 343
[2022-06-10 15:13:36.258] [exthost] [warning] [Decorations] CAPPING events from decorations provider vscode.git 343
[2022-06-10 15:13:45.306] [exthost] [warning] [Decorations] CAPPING events from decorations provider vscode.git 343
[2022-06-10 15:13:54.500] [exthost] [warning] [Decorations] CAPPING events from decorations provider vscode.git 343
[2022-06-10 15:14:03.668] [exthost] [warning] [Decorations] CAPPING events from decorations provider vscode.git 343
[2022-06-10 15:14:12.791] [exthost] [warning] [Decorations] CAPPING events from decorations provider vscode.git 343
[2022-06-10 15:14:21.875] [exthost] [warning] [Decorations] CAPPING events from decorations provider vscode.git 343
[2022-06-10 15:14:31.266] [exthost] [warning] [Decorations] CAPPING events from decorations provider vscode.git 343
[2022-06-10 15:14:40.709] [exthost] [warning] [Decorations] CAPPING events from decorations provider vscode.git 343
[2022-06-10 15:14:50.160] [exthost] [warning] [Decorations] CAPPING events from decorations provider vscode.git 343
[2022-06-10 15:14:59.696] [exthost] [warning] [Decorations] CAPPING events from decorations provider vscode.git 343
[2022-06-10 15:15:09.124] [exthost] [warning] [Decorations] CAPPING events from decorations provider vscode.git 343
[2022-06-10 15:15:18.588] [exthost] [warning] [Decorations] CAPPING events from decorations provider vscode.git 343
[2022-06-10 15:15:27.991] [exthost] [warning] [Decorations] CAPPING events from decorations provider vscode.git 343
[2022-06-10 15:15:37.416] [exthost] [warning] [Decorations] CAPPING events from decorations provider vscode.git 343
[2022-06-10 15:15:46.795] [exthost] [warning] [Decorations] CAPPING events from decorations provider vscode.git 343
[2022-06-10 15:15:56.278] [exthost] [warning] [Decorations] CAPPING events from decorations provider vscode.git 343
[2022-06-10 15:16:05.708] [exthost] [warning] [Decorations] CAPPING events from decorations provider vscode.git 343
[2022-06-10 15:16:15.167] [exthost] [warning] [Decorations] CAPPING events from decorations provider vscode.git 343
[2022-06-10 15:16:24.136] [exthost] [warning] [Decorations] CAPPING events from decorations provider vscode.git 343
[2022-06-10 15:16:33.187] [exthost] [warning] [Decorations] CAPPING events from decorations provider vscode.git 343
[2022-06-10 15:16:42.226] [exthost] [warning] [Decorations] CAPPING events from decorations provider vscode.git 343
[2022-06-10 15:16:51.413] [exthost] [warning] [Decorations] CAPPING events from decorations provider vscode.git 347
[2022-06-10 15:17:01.681] [exthost] [warning] [Decorations] CAPPING events from decorations provider vscode.git 347
[2022-06-10 15:17:11.389] [exthost] [warning] [Decorations] CAPPING events from decorations provider vscode.git 347
[2022-06-10 15:17:20.745] [exthost] [warning] [Decorations] CAPPING events from decorations provider vscode.git 347
[2022-06-10 15:17:30.961] [exthost] [warning] [Decorations] CAPPING events from decorations provider vscode.git 347
[2022-06-10 15:17:40.383] [exthost] [warning] [Decorations] CAPPING events from decorations provider vscode.git 347
[2022-06-10 15:17:50.265] [exthost] [warning] [Decorations] CAPPING events from decorations provider vscode.git 347
[2022-06-10 15:18:00.045] [exthost] [warning] [Decorations] CAPPING events from decorations provider vscode.git 347
[2022-06-10 15:18:09.390] [exthost] [warning] [Decorations] CAPPING events from decorations provider vscode.git 347
[2022-06-10 15:18:19.649] [exthost] [warning] [Decorations] CAPPING events from decorations provider vscode.git 347
[2022-06-10 15:18:30.399] [exthost] [warning] [Decorations] CAPPING events from decorations provider vscode.git 347
[2022-06-10 15:18:41.432] [exthost] [warning] [Decorations] CAPPING events from decorations provider vscode.git 347
[2022-06-10 15:18:52.027] [exthost] [warning] [Decorations] CAPPING events from decorations provider vscode.git 347
[2022-06-10 15:19:03.191] [exthost] [warning] [Decorations] CAPPING events from decorations provider vscode.git 347
[2022-06-10 15:19:14.035] [exthost] [warning] [Decorations] CAPPING events from decorations provider vscode.git 347
[2022-06-10 15:19:24.843] [exthost] [warning] [Decorations] CAPPING events from decorations provider vscode.git 347
[2022-06-10 15:19:35.342] [exthost] [warning] [Decorations] CAPPING events from decorations provider vscode.git 347
[2022-06-10 15:19:45.861] [exthost] [warning] [Decorations] CAPPING events from decorations provider vscode.git 347
[2022-06-10 15:19:56.442] [exthost] [warning] [Decorations] CAPPING events from decorations provider vscode.git 347
[2022-06-10 15:20:06.857] [exthost] [warning] [Decorations] CAPPING events from decorations provider vscode.git 347
[2022-06-10 15:20:17.948] [exthost] [warning] [Decorations] CAPPING events from decorations provider vscode.git 347
[2022-06-10 15:20:28.684] [exthost] [warning] [Decorations] CAPPING events from decorations provider vscode.git 347
[2022-06-10 15:20:39.138] [exthost] [warning] [Decorations] CAPPING events from decorations provider vscode.git 347
[2022-06-10 15:20:49.650] [exthost] [warning] [Decorations] CAPPING events from decorations provider vscode.git 347
[2022-06-10 15:21:00.277] [exthost] [warning] [Decorations] CAPPING events from decorations provider vscode.git 347
[2022-06-10 15:21:10.314] [exthost] [warning] [Decorations] CAPPING events from decorations provider vscode.git 347
[2022-06-10 15:21:21.074] [exthost] [warning] [Decorations] CAPPING events from decorations provider vscode.git 347
[2022-06-10 15:21:31.233] [exthost] [warning] [Decorations] CAPPING events from decorations provider vscode.git 347
[2022-06-10 15:21:41.764] [exthost] [warning] [Decorations] CAPPING events from decorations provider vscode.git 347
[2022-06-10 15:21:50.933] [exthost] [warning] [Decorations] CAPPING events from decorations provider vscode.git 347
[2022-06-10 15:22:01.158] [exthost] [warning] [Decorations] CAPPING events from decorations provider vscode.git 347
[2022-06-10 15:22:11.434] [exthost] [warning] [Decorations] CAPPING events from decorations provider vscode.git 347
[2022-06-10 15:22:20.387] [exthost] [warning] [Decorations] CAPPING events from decorations provider vscode.git 347
[2022-06-10 15:22:30.517] [exthost] [warning] [Decorations] CAPPING events from decorations provider vscode.git 347
[2022-06-10 15:22:40.742] [exthost] [warning] [Decorations] CAPPING events from decorations provider vscode.git 347
[2022-06-10 15:22:49.791] [exthost] [warning] [Decorations] CAPPING events from decorations provider vscode.git 347
[2022-06-10 15:23:00.110] [exthost] [warning] [Decorations] CAPPING events from decorations provider vscode.git 347
[2022-06-10 15:23:10.534] [exthost] [warning] [Decorations] CAPPING events from decorations provider vscode.git 347
[2022-06-10 15:23:19.581] [exthost] [warning] [Decorations] CAPPING events from decorations provider vscode.git 347
[2022-06-10 15:23:29.921] [exthost] [warning] [Decorations] CAPPING events from decorations provider vscode.git 347
[2022-06-10 15:23:40.320] [exthost] [warning] [Decorations] CAPPING events from decorations provider vscode.git 347
[2022-06-10 15:23:50.330] [exthost] [warning] [Decorations] CAPPING events from decorations provider vscode.git 347
[2022-06-10 15:24:00.683] [exthost] [warning] [Decorations] CAPPING events from decorations provider vscode.git 347
[2022-06-10 15:24:10.954] [exthost] [warning] [Decorations] CAPPING events from decorations provider vscode.git 347
[2022-06-10 15:24:21.072] [exthost] [warning] [Decorations] CAPPING events from decorations provider vscode.git 347
[2022-06-10 15:24:31.338] [exthost] [warning] [Decorations] CAPPING events from decorations provider vscode.git 347
[2022-06-10 15:24:41.556] [exthost] [warning] [Decorations] CAPPING events from decorations provider vscode.git 347
[2022-06-10 15:24:51.874] [exthost] [warning] [Decorations] CAPPING events from decorations provider vscode.git 347
[2022-06-10 15:25:02.280] [exthost] [warning] [Decorations] CAPPING events from decorations provider vscode.git 347
[2022-06-10 15:25:11.512] [exthost] [warning] [Decorations] CAPPING events from decorations provider vscode.git 347
[2022-06-10 15:25:21.919] [exthost] [warning] [Decorations] CAPPING events from decorations provider vscode.git 347
[2022-06-10 15:25:32.262] [exthost] [warning] [Decorations] CAPPING events from decorations provider vscode.git 347
[2022-06-10 15:25:41.506] [exthost] [warning] [Decorations] CAPPING events from decorations provider vscode.git 347
[2022-06-10 15:25:52.050] [exthost] [warning] [Decorations] CAPPING events from decorations provider vscode.git 347
[2022-06-10 15:26:02.427] [exthost] [warning] [Decorations] CAPPING events from decorations provider vscode.git 347
[2022-06-10 15:26:11.601] [exthost] [warning] [Decorations] CAPPING events from decorations provider vscode.git 347
[2022-06-10 15:26:21.970] [exthost] [warning] [Decorations] CAPPING events from decorations provider vscode.git 347
[2022-06-10 15:26:32.306] [exthost] [warning] [Decorations] CAPPING events from decorations provider vscode.git 347
[2022-06-10 15:26:42.162] [exthost] [warning] [Decorations] CAPPING events from decorations provider vscode.git 347
[2022-06-10 15:26:52.465] [exthost] [warning] [Decorations] CAPPING events from decorations provider vscode.git 347
[2022-06-10 15:27:02.602] [exthost] [warning] [Decorations] CAPPING events from decorations provider vscode.git 347
[2022-06-10 15:27:12.679] [exthost] [warning] [Decorations] CAPPING events from decorations provider vscode.git 347
[2022-06-10 15:27:22.947] [exthost] [warning] [Decorations] CAPPING events from decorations provider vscode.git 347
[2022-06-10 15:34:38.630] [exthost] [warning] [Decorations] CAPPING events from decorations provider vscode.git 347
[2022-06-10 15:34:48.667] [exthost] [warning] [Decorations] CAPPING events from decorations provider vscode.git 347
[2022-06-10 15:34:58.945] [exthost] [warning] [Decorations] CAPPING events from decorations provider vscode.git 347
[2022-06-10 15:35:07.814] [exthost] [warning] [Decorations] CAPPING events from decorations provider vscode.git 347
[2022-06-10 15:35:17.872] [exthost] [warning] [Decorations] CAPPING events from decorations provider vscode.git 347
[2022-06-10 15:35:27.956] [exthost] [warning] [Decorations] CAPPING events from decorations provider vscode.git 347
[2022-06-10 15:35:37.668] [exthost] [warning] [Decorations] CAPPING events from decorations provider vscode.git 347
[2022-06-10 15:35:47.814] [exthost] [warning] [Decorations] CAPPING events from decorations provider vscode.git 347
[2022-06-10 15:35:57.850] [exthost] [warning] [Decorations] CAPPING events from decorations provider vscode.git 347
[2022-06-10 15:36:07.731] [exthost] [warning] [Decorations] CAPPING events from decorations provider vscode.git 347
[2022-06-10 15:36:18.075] [exthost] [warning] [Decorations] CAPPING events from decorations provider vscode.git 347
[2022-06-10 15:36:28.181] [exthost] [warning] [Decorations] CAPPING events from decorations provider vscode.git 347
[2022-06-10 15:36:38.412] [exthost] [warning] [Decorations] CAPPING events from decorations provider vscode.git 347
[2022-06-10 15:36:48.645] [exthost] [warning] [Decorations] CAPPING events from decorations provider vscode.git 347
[2022-06-10 15:36:58.769] [exthost] [warning] [Decorations] CAPPING events from decorations provider vscode.git 347
[2022-06-10 15:37:08.997] [exthost] [warning] [Decorations] CAPPING events from decorations provider vscode.git 347
