[2022-06-14T09:17:46.447Z] Validating found git in: git
[2022-06-14T09:17:46.472Z] Using git 2.17.1 from git
[2022-06-14T09:17:46.776Z] > git rev-parse --git-dir [268ms]
[2022-06-14T09:17:46.783Z] Open repository: /home/kadir/IML/Quantus
[2022-06-14T09:17:47.309Z] > git ls-files --stage -- /home/kadir/IML/Quantus/run_exp.py [11ms]
[2022-06-14T09:17:47.332Z] > git cat-file -s 004033734a4f25cc6d0a9819618521f538a4ffeb [8ms]
[2022-06-14T09:17:51.626Z] > git symbolic-ref --short HEAD [8ms]
[2022-06-14T09:17:51.657Z] > git for-each-ref --format=%(refname)%00%(upstream:short)%00%(objectname)%00%(upstream:track) refs/heads/main refs/remotes/main [24ms]
[2022-06-14T09:17:51.680Z] > git remote --verbose [6ms]
[2022-06-14T09:17:51.681Z] > git for-each-ref --sort -committerdate --format %(refname) %(objectname) %(*objectname) [16ms]
[2022-06-14T09:17:51.703Z] > git config --get commit.template [4ms]
[2022-06-14T09:17:58.665Z] > git symbolic-ref --short HEAD [9ms]
[2022-06-14T09:17:58.701Z] > git for-each-ref --format=%(refname)%00%(upstream:short)%00%(objectname)%00%(upstream:track) refs/heads/main refs/remotes/main [25ms]
[2022-06-14T09:17:58.730Z] > git remote --verbose [9ms]
[2022-06-14T09:17:58.731Z] > git for-each-ref --sort -committerdate --format %(refname) %(objectname) %(*objectname) [17ms]
[2022-06-14T09:17:58.750Z] > git config --get commit.template [5ms]
[2022-06-14T09:18:09.311Z] > git symbolic-ref --short HEAD [8ms]
[2022-06-14T09:18:09.347Z] > git for-each-ref --format=%(refname)%00%(upstream:short)%00%(objectname)%00%(upstream:track) refs/heads/main refs/remotes/main [25ms]
[2022-06-14T09:18:09.377Z] > git for-each-ref --sort -committerdate --format %(refname) %(objectname) %(*objectname) [17ms]
[2022-06-14T09:18:09.378Z] > git remote --verbose [8ms]
[2022-06-14T09:18:09.397Z] > git config --get commit.template [4ms]
[2022-06-14T09:18:19.337Z] > git symbolic-ref --short HEAD [8ms]
[2022-06-14T09:18:19.368Z] > git for-each-ref --format=%(refname)%00%(upstream:short)%00%(objectname)%00%(upstream:track) refs/heads/main refs/remotes/main [23ms]
[2022-06-14T09:18:19.397Z] > git for-each-ref --sort -committerdate --format %(refname) %(objectname) %(*objectname) [20ms]
[2022-06-14T09:18:19.399Z] > git remote --verbose [11ms]
[2022-06-14T09:18:19.421Z] > git config --get commit.template [5ms]
[2022-06-14T09:18:29.491Z] > git symbolic-ref --short HEAD [7ms]
[2022-06-14T09:18:29.521Z] > git for-each-ref --format=%(refname)%00%(upstream:short)%00%(objectname)%00%(upstream:track) refs/heads/main refs/remotes/main [20ms]
[2022-06-14T09:18:29.545Z] > git remote --verbose [7ms]
[2022-06-14T09:18:29.546Z] > git for-each-ref --sort -committerdate --format %(refname) %(objectname) %(*objectname) [15ms]
[2022-06-14T09:18:29.564Z] > git config --get commit.template [4ms]
[2022-06-14T09:18:39.388Z] > git symbolic-ref --short HEAD [8ms]
[2022-06-14T09:18:39.424Z] > git for-each-ref --format=%(refname)%00%(upstream:short)%00%(objectname)%00%(upstream:track) refs/heads/main refs/remotes/main [25ms]
[2022-06-14T09:18:39.449Z] > git remote --verbose [7ms]
[2022-06-14T09:18:39.450Z] > git for-each-ref --sort -committerdate --format %(refname) %(objectname) %(*objectname) [14ms]
[2022-06-14T09:18:39.466Z] > git config --get commit.template [3ms]
[2022-06-14T09:18:49.292Z] > git symbolic-ref --short HEAD [6ms]
[2022-06-14T09:18:49.327Z] > git for-each-ref --format=%(refname)%00%(upstream:short)%00%(objectname)%00%(upstream:track) refs/heads/main refs/remotes/main [24ms]
[2022-06-14T09:18:49.349Z] > git remote --verbose [5ms]
[2022-06-14T09:18:49.350Z] > git for-each-ref --sort -committerdate --format %(refname) %(objectname) %(*objectname) [14ms]
[2022-06-14T09:18:49.371Z] > git config --get commit.template [5ms]
[2022-06-14T09:18:59.234Z] > git symbolic-ref --short HEAD [8ms]
[2022-06-14T09:18:59.266Z] > git for-each-ref --format=%(refname)%00%(upstream:short)%00%(objectname)%00%(upstream:track) refs/heads/main refs/remotes/main [22ms]
[2022-06-14T09:18:59.292Z] > git for-each-ref --sort -committerdate --format %(refname) %(objectname) %(*objectname) [14ms]
[2022-06-14T09:18:59.295Z] > git remote --verbose [6ms]
[2022-06-14T09:18:59.314Z] > git config --get commit.template [5ms]
[2022-06-14T09:19:09.256Z] > git symbolic-ref --short HEAD [7ms]
[2022-06-14T09:19:09.289Z] > git for-each-ref --format=%(refname)%00%(upstream:short)%00%(objectname)%00%(upstream:track) refs/heads/main refs/remotes/main [23ms]
[2022-06-14T09:19:09.313Z] > git remote --verbose [5ms]
[2022-06-14T09:19:09.314Z] > git for-each-ref --sort -committerdate --format %(refname) %(objectname) %(*objectname) [14ms]
[2022-06-14T09:19:09.332Z] > git config --get commit.template [5ms]
[2022-06-14T09:19:19.350Z] > git symbolic-ref --short HEAD [8ms]
[2022-06-14T09:19:19.383Z] > git for-each-ref --format=%(refname)%00%(upstream:short)%00%(objectname)%00%(upstream:track) refs/heads/main refs/remotes/main [24ms]
[2022-06-14T09:19:19.408Z] > git for-each-ref --sort -committerdate --format %(refname) %(objectname) %(*objectname) [15ms]
[2022-06-14T09:19:19.409Z] > git remote --verbose [6ms]
[2022-06-14T09:19:19.425Z] > git config --get commit.template [4ms]
[2022-06-14T09:19:29.394Z] > git symbolic-ref --short HEAD [7ms]
[2022-06-14T09:19:29.428Z] > git for-each-ref --format=%(refname)%00%(upstream:short)%00%(objectname)%00%(upstream:track) refs/heads/main refs/remotes/main [26ms]
[2022-06-14T09:19:29.449Z] > git remote --verbose [4ms]
[2022-06-14T09:19:29.453Z] > git for-each-ref --sort -committerdate --format %(refname) %(objectname) %(*objectname) [16ms]
[2022-06-14T09:19:29.471Z] > git config --get commit.template [4ms]
[2022-06-14T09:19:39.422Z] > git symbolic-ref --short HEAD [9ms]
[2022-06-14T09:19:39.451Z] > git for-each-ref --format=%(refname)%00%(upstream:short)%00%(objectname)%00%(upstream:track) refs/heads/main refs/remotes/main [22ms]
[2022-06-14T09:19:39.476Z] > git remote --verbose [7ms]
[2022-06-14T09:19:39.477Z] > git for-each-ref --sort -committerdate --format %(refname) %(objectname) %(*objectname) [16ms]
[2022-06-14T09:19:39.493Z] > git config --get commit.template [4ms]
[2022-06-14T09:19:49.196Z] > git symbolic-ref --short HEAD [9ms]
[2022-06-14T09:19:49.226Z] > git for-each-ref --format=%(refname)%00%(upstream:short)%00%(objectname)%00%(upstream:track) refs/heads/main refs/remotes/main [21ms]
[2022-06-14T09:19:49.250Z] > git remote --verbose [7ms]
[2022-06-14T09:19:49.252Z] > git for-each-ref --sort -committerdate --format %(refname) %(objectname) %(*objectname) [17ms]
[2022-06-14T09:19:49.271Z] > git config --get commit.template [5ms]
[2022-06-14T09:19:59.124Z] > git symbolic-ref --short HEAD [8ms]
[2022-06-14T09:19:59.156Z] > git for-each-ref --format=%(refname)%00%(upstream:short)%00%(objectname)%00%(upstream:track) refs/heads/main refs/remotes/main [22ms]
[2022-06-14T09:19:59.180Z] > git for-each-ref --sort -committerdate --format %(refname) %(objectname) %(*objectname) [13ms]
[2022-06-14T09:19:59.183Z] > git remote --verbose [6ms]
[2022-06-14T09:19:59.197Z] > git config --get commit.template [3ms]
[2022-06-14T09:20:10.019Z] > git symbolic-ref --short HEAD [9ms]
[2022-06-14T09:20:10.061Z] > git for-each-ref --format=%(refname)%00%(upstream:short)%00%(objectname)%00%(upstream:track) refs/heads/main refs/remotes/main [36ms]
[2022-06-14T09:20:10.118Z] > git for-each-ref --sort -committerdate --format %(refname) %(objectname) %(*objectname) [38ms]
[2022-06-14T09:20:10.124Z] > git remote --verbose [21ms]
[2022-06-14T09:20:10.157Z] > git config --get commit.template [4ms]
[2022-06-14T09:20:21.820Z] > git symbolic-ref --short HEAD [25ms]
[2022-06-14T09:20:21.887Z] > git for-each-ref --format=%(refname)%00%(upstream:short)%00%(objectname)%00%(upstream:track) refs/heads/main refs/remotes/main [23ms]
[2022-06-14T09:20:21.950Z] > git for-each-ref --sort -committerdate --format %(refname) %(objectname) %(*objectname) [40ms]
[2022-06-14T09:20:21.959Z] > git remote --verbose [22ms]
[2022-06-14T09:20:22.010Z] > git config --get commit.template [19ms]
[2022-06-14T09:20:41.182Z] > git symbolic-ref --short HEAD [10ms]
[2022-06-14T09:20:41.221Z] > git for-each-ref --format=%(refname)%00%(upstream:short)%00%(objectname)%00%(upstream:track) refs/heads/main refs/remotes/main [30ms]
[2022-06-14T09:20:41.247Z] > git remote --verbose [8ms]
[2022-06-14T09:20:41.253Z] > git for-each-ref --sort -committerdate --format %(refname) %(objectname) %(*objectname) [21ms]
[2022-06-14T09:20:41.271Z] > git config --get commit.template [5ms]
[2022-06-14T09:20:52.677Z] > git symbolic-ref --short HEAD [10ms]
[2022-06-14T09:20:52.713Z] > git for-each-ref --format=%(refname)%00%(upstream:short)%00%(objectname)%00%(upstream:track) refs/heads/main refs/remotes/main [28ms]
[2022-06-14T09:20:52.737Z] > git remote --verbose [8ms]
[2022-06-14T09:20:52.741Z] > git for-each-ref --sort -committerdate --format %(refname) %(objectname) %(*objectname) [18ms]
[2022-06-14T09:20:52.759Z] > git config --get commit.template [4ms]
[2022-06-14T09:21:03.100Z] > git symbolic-ref --short HEAD [11ms]
[2022-06-14T09:21:03.138Z] > git for-each-ref --format=%(refname)%00%(upstream:short)%00%(objectname)%00%(upstream:track) refs/heads/main refs/remotes/main [28ms]
[2022-06-14T09:21:03.166Z] > git remote --verbose [7ms]
[2022-06-14T09:21:03.167Z] > git for-each-ref --sort -committerdate --format %(refname) %(objectname) %(*objectname) [18ms]
[2022-06-14T09:21:03.187Z] > git config --get commit.template [6ms]
[2022-06-14T09:21:13.526Z] > git symbolic-ref --short HEAD [9ms]
[2022-06-14T09:21:13.565Z] > git for-each-ref --format=%(refname)%00%(upstream:short)%00%(objectname)%00%(upstream:track) refs/heads/main refs/remotes/main [29ms]
[2022-06-14T09:21:13.594Z] > git for-each-ref --sort -committerdate --format %(refname) %(objectname) %(*objectname) [17ms]
[2022-06-14T09:21:13.594Z] > git remote --verbose [8ms]
[2022-06-14T09:21:13.618Z] > git config --get commit.template [6ms]
[2022-06-14T09:21:23.844Z] > git symbolic-ref --short HEAD [8ms]
[2022-06-14T09:21:23.880Z] > git for-each-ref --format=%(refname)%00%(upstream:short)%00%(objectname)%00%(upstream:track) refs/heads/main refs/remotes/main [27ms]
[2022-06-14T09:21:23.905Z] > git remote --verbose [8ms]
[2022-06-14T09:21:23.907Z] > git for-each-ref --sort -committerdate --format %(refname) %(objectname) %(*objectname) [17ms]
[2022-06-14T09:21:23.923Z] > git config --get commit.template [5ms]
[2022-06-14T09:21:34.204Z] > git symbolic-ref --short HEAD [9ms]
[2022-06-14T09:21:34.239Z] > git for-each-ref --format=%(refname)%00%(upstream:short)%00%(objectname)%00%(upstream:track) refs/heads/main refs/remotes/main [27ms]
[2022-06-14T09:21:34.266Z] > git remote --verbose [9ms]
[2022-06-14T09:21:34.268Z] > git for-each-ref --sort -committerdate --format %(refname) %(objectname) %(*objectname) [19ms]
[2022-06-14T09:21:34.284Z] > git config --get commit.template [5ms]
[2022-06-14T09:21:44.566Z] > git symbolic-ref --short HEAD [9ms]
[2022-06-14T09:21:44.602Z] > git for-each-ref --format=%(refname)%00%(upstream:short)%00%(objectname)%00%(upstream:track) refs/heads/main refs/remotes/main [27ms]
[2022-06-14T09:21:44.628Z] > git remote --verbose [8ms]
[2022-06-14T09:21:44.630Z] > git for-each-ref --sort -committerdate --format %(refname) %(objectname) %(*objectname) [17ms]
[2022-06-14T09:21:44.648Z] > git config --get commit.template [5ms]
[2022-06-14T09:21:54.851Z] > git symbolic-ref --short HEAD [8ms]
[2022-06-14T09:21:54.887Z] > git for-each-ref --format=%(refname)%00%(upstream:short)%00%(objectname)%00%(upstream:track) refs/heads/main refs/remotes/main [27ms]
[2022-06-14T09:21:54.912Z] > git remote --verbose [8ms]
[2022-06-14T09:21:54.915Z] > git for-each-ref --sort -committerdate --format %(refname) %(objectname) %(*objectname) [18ms]
[2022-06-14T09:21:54.933Z] > git config --get commit.template [5ms]
[2022-06-14T09:22:05.069Z] > git symbolic-ref --short HEAD [8ms]
[2022-06-14T09:22:05.102Z] > git for-each-ref --format=%(refname)%00%(upstream:short)%00%(objectname)%00%(upstream:track) refs/heads/main refs/remotes/main [25ms]
[2022-06-14T09:22:05.122Z] > git remote --verbose [4ms]
[2022-06-14T09:22:05.129Z] > git for-each-ref --sort -committerdate --format %(refname) %(objectname) %(*objectname) [17ms]
[2022-06-14T09:22:05.145Z] > git config --get commit.template [5ms]
[2022-06-14T09:22:15.497Z] > git symbolic-ref --short HEAD [9ms]
[2022-06-14T09:22:15.532Z] > git for-each-ref --format=%(refname)%00%(upstream:short)%00%(objectname)%00%(upstream:track) refs/heads/main refs/remotes/main [28ms]
[2022-06-14T09:22:15.557Z] > git remote --verbose [8ms]
[2022-06-14T09:22:15.559Z] > git for-each-ref --sort -committerdate --format %(refname) %(objectname) %(*objectname) [16ms]
[2022-06-14T09:22:15.575Z] > git config --get commit.template [5ms]
[2022-06-14T09:22:25.818Z] > git symbolic-ref --short HEAD [8ms]
[2022-06-14T09:22:25.851Z] > git for-each-ref --format=%(refname)%00%(upstream:short)%00%(objectname)%00%(upstream:track) refs/heads/main refs/remotes/main [24ms]
[2022-06-14T09:22:25.875Z] > git remote --verbose [7ms]
[2022-06-14T09:22:25.880Z] > git for-each-ref --sort -committerdate --format %(refname) %(objectname) %(*objectname) [19ms]
[2022-06-14T09:22:25.900Z] > git config --get commit.template [5ms]
[2022-06-14T09:22:36.231Z] > git symbolic-ref --short HEAD [9ms]
[2022-06-14T09:22:36.264Z] > git for-each-ref --format=%(refname)%00%(upstream:short)%00%(objectname)%00%(upstream:track) refs/heads/main refs/remotes/main [26ms]
[2022-06-14T09:22:36.284Z] > git remote --verbose [4ms]
[2022-06-14T09:22:36.294Z] > git for-each-ref --sort -committerdate --format %(refname) %(objectname) %(*objectname) [19ms]
[2022-06-14T09:22:36.312Z] > git config --get commit.template [5ms]
[2022-06-14T09:22:46.644Z] > git symbolic-ref --short HEAD [8ms]
[2022-06-14T09:22:46.675Z] > git for-each-ref --format=%(refname)%00%(upstream:short)%00%(objectname)%00%(upstream:track) refs/heads/main refs/remotes/main [23ms]
[2022-06-14T09:22:46.699Z] > git remote --verbose [8ms]
[2022-06-14T09:22:46.704Z] > git for-each-ref --sort -committerdate --format %(refname) %(objectname) %(*objectname) [18ms]
[2022-06-14T09:22:46.720Z] > git config --get commit.template [5ms]
[2022-06-14T09:22:56.993Z] > git symbolic-ref --short HEAD [7ms]
[2022-06-14T09:22:57.025Z] > git for-each-ref --format=%(refname)%00%(upstream:short)%00%(objectname)%00%(upstream:track) refs/heads/main refs/remotes/main [24ms]
[2022-06-14T09:22:57.050Z] > git remote --verbose [7ms]
[2022-06-14T09:22:57.052Z] > git for-each-ref --sort -committerdate --format %(refname) %(objectname) %(*objectname) [17ms]
[2022-06-14T09:22:57.068Z] > git config --get commit.template [5ms]
[2022-06-14T09:23:07.509Z] > git symbolic-ref --short HEAD [10ms]
[2022-06-14T09:23:07.542Z] > git for-each-ref --format=%(refname)%00%(upstream:short)%00%(objectname)%00%(upstream:track) refs/heads/main refs/remotes/main [25ms]
[2022-06-14T09:23:07.561Z] > git remote --verbose [4ms]
[2022-06-14T09:23:07.569Z] > git for-each-ref --sort -committerdate --format %(refname) %(objectname) %(*objectname) [17ms]
[2022-06-14T09:23:07.586Z] > git config --get commit.template [5ms]
[2022-06-14T09:23:17.946Z] > git symbolic-ref --short HEAD [8ms]
[2022-06-14T09:23:17.978Z] > git for-each-ref --format=%(refname)%00%(upstream:short)%00%(objectname)%00%(upstream:track) refs/heads/main refs/remotes/main [26ms]
[2022-06-14T09:23:18.003Z] > git remote --verbose [9ms]
[2022-06-14T09:23:18.006Z] > git for-each-ref --sort -committerdate --format %(refname) %(objectname) %(*objectname) [17ms]
[2022-06-14T09:23:18.024Z] > git config --get commit.template [5ms]
[2022-06-14T09:23:28.445Z] > git symbolic-ref --short HEAD [9ms]
[2022-06-14T09:23:28.482Z] > git for-each-ref --format=%(refname)%00%(upstream:short)%00%(objectname)%00%(upstream:track) refs/heads/main refs/remotes/main [29ms]
[2022-06-14T09:23:28.507Z] > git remote --verbose [7ms]
[2022-06-14T09:23:28.510Z] > git for-each-ref --sort -committerdate --format %(refname) %(objectname) %(*objectname) [17ms]
[2022-06-14T09:23:28.528Z] > git config --get commit.template [5ms]
[2022-06-14T09:23:38.879Z] > git symbolic-ref --short HEAD [8ms]
[2022-06-14T09:23:38.912Z] > git for-each-ref --format=%(refname)%00%(upstream:short)%00%(objectname)%00%(upstream:track) refs/heads/main refs/remotes/main [27ms]
[2022-06-14T09:23:38.939Z] > git remote --verbose [9ms]
[2022-06-14T09:23:38.941Z] > git for-each-ref --sort -committerdate --format %(refname) %(objectname) %(*objectname) [19ms]
[2022-06-14T09:23:38.961Z] > git config --get commit.template [5ms]
[2022-06-14T09:23:49.334Z] > git symbolic-ref --short HEAD [9ms]
[2022-06-14T09:23:49.371Z] > git for-each-ref --format=%(refname)%00%(upstream:short)%00%(objectname)%00%(upstream:track) refs/heads/main refs/remotes/main [28ms]
[2022-06-14T09:23:49.396Z] > git remote --verbose [7ms]
[2022-06-14T09:23:49.400Z] > git for-each-ref --sort -committerdate --format %(refname) %(objectname) %(*objectname) [19ms]
[2022-06-14T09:23:49.419Z] > git config --get commit.template [5ms]
[2022-06-14T09:23:59.763Z] > git symbolic-ref --short HEAD [8ms]
[2022-06-14T09:23:59.802Z] > git for-each-ref --format=%(refname)%00%(upstream:short)%00%(objectname)%00%(upstream:track) refs/heads/main refs/remotes/main [30ms]
[2022-06-14T09:23:59.827Z] > git remote --verbose [7ms]
[2022-06-14T09:23:59.831Z] > git for-each-ref --sort -committerdate --format %(refname) %(objectname) %(*objectname) [18ms]
[2022-06-14T09:23:59.848Z] > git config --get commit.template [5ms]
[2022-06-14T09:24:10.207Z] > git symbolic-ref --short HEAD [9ms]
[2022-06-14T09:24:10.241Z] > git for-each-ref --format=%(refname)%00%(upstream:short)%00%(objectname)%00%(upstream:track) refs/heads/main refs/remotes/main [26ms]
[2022-06-14T09:24:10.267Z] > git for-each-ref --sort -committerdate --format %(refname) %(objectname) %(*objectname) [17ms]
[2022-06-14T09:24:10.268Z] > git remote --verbose [8ms]
[2022-06-14T09:24:10.281Z] > git config --get commit.template [4ms]
[2022-06-14T09:24:20.792Z] > git symbolic-ref --short HEAD [9ms]
[2022-06-14T09:24:20.828Z] > git for-each-ref --format=%(refname)%00%(upstream:short)%00%(objectname)%00%(upstream:track) refs/heads/main refs/remotes/main [28ms]
[2022-06-14T09:24:20.856Z] > git remote --verbose [9ms]
[2022-06-14T09:24:20.859Z] > git for-each-ref --sort -committerdate --format %(refname) %(objectname) %(*objectname) [19ms]
[2022-06-14T09:24:20.877Z] > git config --get commit.template [5ms]
[2022-06-14T09:24:31.241Z] > git symbolic-ref --short HEAD [8ms]
[2022-06-14T09:24:31.273Z] > git for-each-ref --format=%(refname)%00%(upstream:short)%00%(objectname)%00%(upstream:track) refs/heads/main refs/remotes/main [24ms]
[2022-06-14T09:24:31.297Z] > git remote --verbose [8ms]
[2022-06-14T09:24:31.300Z] > git for-each-ref --sort -committerdate --format %(refname) %(objectname) %(*objectname) [17ms]
[2022-06-14T09:24:31.316Z] > git config --get commit.template [5ms]
[2022-06-14T09:24:41.799Z] > git symbolic-ref --short HEAD [8ms]
[2022-06-14T09:24:41.834Z] > git for-each-ref --format=%(refname)%00%(upstream:short)%00%(objectname)%00%(upstream:track) refs/heads/main refs/remotes/main [27ms]
[2022-06-14T09:24:41.862Z] > git remote --verbose [9ms]
[2022-06-14T09:24:41.866Z] > git for-each-ref --sort -committerdate --format %(refname) %(objectname) %(*objectname) [21ms]
[2022-06-14T09:24:41.885Z] > git config --get commit.template [5ms]
[2022-06-14T09:24:56.587Z] > git symbolic-ref --short HEAD [8ms]
[2022-06-14T09:24:56.622Z] > git for-each-ref --format=%(refname)%00%(upstream:short)%00%(objectname)%00%(upstream:track) refs/heads/main refs/remotes/main [26ms]
[2022-06-14T09:24:56.648Z] > git remote --verbose [9ms]
[2022-06-14T09:24:56.650Z] > git for-each-ref --sort -committerdate --format %(refname) %(objectname) %(*objectname) [19ms]
[2022-06-14T09:24:56.667Z] > git config --get commit.template [5ms]
[2022-06-14T09:25:07.129Z] > git symbolic-ref --short HEAD [8ms]
[2022-06-14T09:25:07.162Z] > git for-each-ref --format=%(refname)%00%(upstream:short)%00%(objectname)%00%(upstream:track) refs/heads/main refs/remotes/main [25ms]
[2022-06-14T09:25:07.186Z] > git remote --verbose [7ms]
[2022-06-14T09:25:07.190Z] > git for-each-ref --sort -committerdate --format %(refname) %(objectname) %(*objectname) [17ms]
[2022-06-14T09:25:07.206Z] > git config --get commit.template [5ms]
[2022-06-14T09:25:17.719Z] > git symbolic-ref --short HEAD [9ms]
[2022-06-14T09:25:17.751Z] > git for-each-ref --format=%(refname)%00%(upstream:short)%00%(objectname)%00%(upstream:track) refs/heads/main refs/remotes/main [26ms]
[2022-06-14T09:25:17.773Z] > git remote --verbose [6ms]
[2022-06-14T09:25:17.777Z] > git for-each-ref --sort -committerdate --format %(refname) %(objectname) %(*objectname) [16ms]
[2022-06-14T09:25:17.794Z] > git config --get commit.template [5ms]
[2022-06-14T09:25:28.052Z] > git symbolic-ref --short HEAD [9ms]
[2022-06-14T09:25:28.091Z] > git for-each-ref --format=%(refname)%00%(upstream:short)%00%(objectname)%00%(upstream:track) refs/heads/main refs/remotes/main [29ms]
[2022-06-14T09:25:28.115Z] > git remote --verbose [9ms]
[2022-06-14T09:25:28.119Z] > git for-each-ref --sort -committerdate --format %(refname) %(objectname) %(*objectname) [19ms]
[2022-06-14T09:25:28.135Z] > git config --get commit.template [5ms]
[2022-06-14T09:25:38.539Z] > git symbolic-ref --short HEAD [9ms]
[2022-06-14T09:25:38.574Z] > git for-each-ref --format=%(refname)%00%(upstream:short)%00%(objectname)%00%(upstream:track) refs/heads/main refs/remotes/main [29ms]
[2022-06-14T09:25:38.599Z] > git remote --verbose [8ms]
[2022-06-14T09:25:38.602Z] > git for-each-ref --sort -committerdate --format %(refname) %(objectname) %(*objectname) [18ms]
[2022-06-14T09:25:38.620Z] > git config --get commit.template [5ms]
[2022-06-14T09:25:47.601Z] > git ls-files --stage -- /home/kadir/IML/Quantus/run_exp.py [10ms]
[2022-06-14T09:25:47.617Z] > git cat-file -s 09570036f6f5f55554bdb4cb385cf73ff06598d4 [7ms]
[2022-06-14T09:25:49.097Z] > git symbolic-ref --short HEAD [6ms]
[2022-06-14T09:25:49.134Z] > git for-each-ref --format=%(refname)%00%(upstream:short)%00%(objectname)%00%(upstream:track) refs/heads/main refs/remotes/main [26ms]
[2022-06-14T09:25:49.159Z] > git remote --verbose [6ms]
[2022-06-14T09:25:49.161Z] > git for-each-ref --sort -committerdate --format %(refname) %(objectname) %(*objectname) [15ms]
[2022-06-14T09:25:49.177Z] > git config --get commit.template [5ms]
[2022-06-14T09:25:59.737Z] > git symbolic-ref --short HEAD [9ms]
[2022-06-14T09:25:59.768Z] > git for-each-ref --format=%(refname)%00%(upstream:short)%00%(objectname)%00%(upstream:track) refs/heads/main refs/remotes/main [21ms]
[2022-06-14T09:25:59.794Z] > git for-each-ref --sort -committerdate --format %(refname) %(objectname) %(*objectname) [14ms]
[2022-06-14T09:25:59.796Z] > git remote --verbose [7ms]
[2022-06-14T09:25:59.811Z] > git config --get commit.template [3ms]
[2022-06-14T09:26:10.144Z] > git symbolic-ref --short HEAD [9ms]
[2022-06-14T09:26:10.183Z] > git for-each-ref --format=%(refname)%00%(upstream:short)%00%(objectname)%00%(upstream:track) refs/heads/main refs/remotes/main [30ms]
[2022-06-14T09:26:10.211Z] > git remote --verbose [9ms]
[2022-06-14T09:26:10.213Z] > git for-each-ref --sort -committerdate --format %(refname) %(objectname) %(*objectname) [19ms]
[2022-06-14T09:26:10.232Z] > git config --get commit.template [5ms]
[2022-06-14T09:26:20.476Z] > git symbolic-ref --short HEAD [8ms]
[2022-06-14T09:26:20.508Z] > git for-each-ref --format=%(refname)%00%(upstream:short)%00%(objectname)%00%(upstream:track) refs/heads/main refs/remotes/main [24ms]
[2022-06-14T09:26:20.535Z] > git remote --verbose [8ms]
[2022-06-14T09:26:20.538Z] > git for-each-ref --sort -committerdate --format %(refname) %(objectname) %(*objectname) [19ms]
[2022-06-14T09:26:20.556Z] > git config --get commit.template [4ms]
[2022-06-14T09:26:24.865Z] > git ls-files --stage -- /home/kadir/IML/Quantus/run_exp.py [13ms]
[2022-06-14T09:26:24.885Z] > git cat-file -s 09570036f6f5f55554bdb4cb385cf73ff06598d4 [11ms]
[2022-06-14T09:26:25.815Z] > git symbolic-ref --short HEAD [9ms]
[2022-06-14T09:26:25.849Z] > git for-each-ref --format=%(refname)%00%(upstream:short)%00%(objectname)%00%(upstream:track) refs/heads/main refs/remotes/main [27ms]
[2022-06-14T09:26:25.875Z] > git remote --verbose [6ms]
[2022-06-14T09:26:25.878Z] > git for-each-ref --sort -committerdate --format %(refname) %(objectname) %(*objectname) [18ms]
[2022-06-14T09:26:25.895Z] > git config --get commit.template [5ms]
[2022-06-14T09:26:31.077Z] > git symbolic-ref --short HEAD [7ms]
[2022-06-14T09:26:31.111Z] > git for-each-ref --format=%(refname)%00%(upstream:short)%00%(objectname)%00%(upstream:track) refs/heads/main refs/remotes/main [25ms]
[2022-06-14T09:26:31.136Z] > git remote --verbose [8ms]
[2022-06-14T09:26:31.138Z] > git for-each-ref --sort -committerdate --format %(refname) %(objectname) %(*objectname) [18ms]
[2022-06-14T09:26:31.157Z] > git config --get commit.template [5ms]
[2022-06-14T09:26:36.400Z] > git symbolic-ref --short HEAD [10ms]
[2022-06-14T09:26:36.441Z] > git for-each-ref --format=%(refname)%00%(upstream:short)%00%(objectname)%00%(upstream:track) refs/heads/main refs/remotes/main [33ms]
[2022-06-14T09:26:36.469Z] > git remote --verbose [9ms]
[2022-06-14T09:26:36.472Z] > git for-each-ref --sort -committerdate --format %(refname) %(objectname) %(*objectname) [20ms]
[2022-06-14T09:26:36.492Z] > git config --get commit.template [5ms]
[2022-06-14T09:26:41.718Z] > git symbolic-ref --short HEAD [7ms]
[2022-06-14T09:26:41.753Z] > git for-each-ref --format=%(refname)%00%(upstream:short)%00%(objectname)%00%(upstream:track) refs/heads/main refs/remotes/main [26ms]
[2022-06-14T09:26:41.779Z] > git remote --verbose [8ms]
[2022-06-14T09:26:41.781Z] > git for-each-ref --sort -committerdate --format %(refname) %(objectname) %(*objectname) [17ms]
[2022-06-14T09:26:41.799Z] > git config --get commit.template [5ms]
[2022-06-14T09:26:46.995Z] > git symbolic-ref --short HEAD [8ms]
[2022-06-14T09:26:47.033Z] > git for-each-ref --format=%(refname)%00%(upstream:short)%00%(objectname)%00%(upstream:track) refs/heads/main refs/remotes/main [28ms]
[2022-06-14T09:26:47.061Z] > git remote --verbose [8ms]
[2022-06-14T09:26:47.063Z] > git for-each-ref --sort -committerdate --format %(refname) %(objectname) %(*objectname) [19ms]
[2022-06-14T09:26:47.082Z] > git config --get commit.template [6ms]
[2022-06-14T09:26:52.334Z] > git symbolic-ref --short HEAD [7ms]
[2022-06-14T09:26:52.367Z] > git for-each-ref --format=%(refname)%00%(upstream:short)%00%(objectname)%00%(upstream:track) refs/heads/main refs/remotes/main [24ms]
[2022-06-14T09:26:52.389Z] > git remote --verbose [7ms]
[2022-06-14T09:26:52.392Z] > git for-each-ref --sort -committerdate --format %(refname) %(objectname) %(*objectname) [15ms]
[2022-06-14T09:26:52.410Z] > git config --get commit.template [5ms]
[2022-06-14T09:26:57.615Z] > git symbolic-ref --short HEAD [11ms]
[2022-06-14T09:26:57.652Z] > git for-each-ref --format=%(refname)%00%(upstream:short)%00%(objectname)%00%(upstream:track) refs/heads/main refs/remotes/main [28ms]
[2022-06-14T09:26:57.676Z] > git remote --verbose [7ms]
[2022-06-14T09:26:57.679Z] > git for-each-ref --sort -committerdate --format %(refname) %(objectname) %(*objectname) [16ms]
[2022-06-14T09:26:57.696Z] > git config --get commit.template [5ms]
[2022-06-14T09:27:02.881Z] > git symbolic-ref --short HEAD [9ms]
[2022-06-14T09:27:02.916Z] > git for-each-ref --format=%(refname)%00%(upstream:short)%00%(objectname)%00%(upstream:track) refs/heads/main refs/remotes/main [27ms]
[2022-06-14T09:27:02.942Z] > git remote --verbose [9ms]
[2022-06-14T09:27:02.944Z] > git for-each-ref --sort -committerdate --format %(refname) %(objectname) %(*objectname) [17ms]
[2022-06-14T09:27:02.962Z] > git config --get commit.template [5ms]
[2022-06-14T09:27:08.191Z] > git symbolic-ref --short HEAD [7ms]
[2022-06-14T09:27:08.225Z] > git for-each-ref --format=%(refname)%00%(upstream:short)%00%(objectname)%00%(upstream:track) refs/heads/main refs/remotes/main [25ms]
[2022-06-14T09:27:08.250Z] > git remote --verbose [6ms]
[2022-06-14T09:27:08.254Z] > git for-each-ref --sort -committerdate --format %(refname) %(objectname) %(*objectname) [18ms]
[2022-06-14T09:27:08.272Z] > git config --get commit.template [5ms]
[2022-06-14T09:27:13.458Z] > git symbolic-ref --short HEAD [9ms]
[2022-06-14T09:27:13.489Z] > git for-each-ref --format=%(refname)%00%(upstream:short)%00%(objectname)%00%(upstream:track) refs/heads/main refs/remotes/main [23ms]
[2022-06-14T09:27:13.514Z] > git remote --verbose [8ms]
[2022-06-14T09:27:13.515Z] > git for-each-ref --sort -committerdate --format %(refname) %(objectname) %(*objectname) [15ms]
[2022-06-14T09:27:13.533Z] > git config --get commit.template [5ms]
[2022-06-14T09:27:18.717Z] > git symbolic-ref --short HEAD [8ms]
[2022-06-14T09:27:18.753Z] > git for-each-ref --format=%(refname)%00%(upstream:short)%00%(objectname)%00%(upstream:track) refs/heads/main refs/remotes/main [27ms]
[2022-06-14T09:27:18.778Z] > git remote --verbose [8ms]
[2022-06-14T09:27:18.781Z] > git for-each-ref --sort -committerdate --format %(refname) %(objectname) %(*objectname) [17ms]
[2022-06-14T09:27:18.796Z] > git config --get commit.template [3ms]
[2022-06-14T09:27:23.986Z] > git symbolic-ref --short HEAD [8ms]
[2022-06-14T09:27:24.021Z] > git for-each-ref --format=%(refname)%00%(upstream:short)%00%(objectname)%00%(upstream:track) refs/heads/main refs/remotes/main [25ms]
[2022-06-14T09:27:24.046Z] > git remote --verbose [6ms]
[2022-06-14T09:27:24.048Z] > git for-each-ref --sort -committerdate --format %(refname) %(objectname) %(*objectname) [16ms]
[2022-06-14T09:27:24.067Z] > git config --get commit.template [5ms]
[2022-06-14T09:27:29.265Z] > git symbolic-ref --short HEAD [8ms]
[2022-06-14T09:27:29.298Z] > git for-each-ref --format=%(refname)%00%(upstream:short)%00%(objectname)%00%(upstream:track) refs/heads/main refs/remotes/main [26ms]
[2022-06-14T09:27:29.323Z] > git remote --verbose [8ms]
[2022-06-14T09:27:29.325Z] > git for-each-ref --sort -committerdate --format %(refname) %(objectname) %(*objectname) [17ms]
[2022-06-14T09:27:29.345Z] > git config --get commit.template [5ms]
[2022-06-14T09:27:34.528Z] > git symbolic-ref --short HEAD [7ms]
[2022-06-14T09:27:34.564Z] > git for-each-ref --format=%(refname)%00%(upstream:short)%00%(objectname)%00%(upstream:track) refs/heads/main refs/remotes/main [27ms]
[2022-06-14T09:27:34.590Z] > git remote --verbose [9ms]
[2022-06-14T09:27:34.593Z] > git for-each-ref --sort -committerdate --format %(refname) %(objectname) %(*objectname) [19ms]
[2022-06-14T09:27:34.612Z] > git config --get commit.template [6ms]
[2022-06-14T09:27:39.802Z] > git symbolic-ref --short HEAD [9ms]
[2022-06-14T09:27:39.835Z] > git for-each-ref --format=%(refname)%00%(upstream:short)%00%(objectname)%00%(upstream:track) refs/heads/main refs/remotes/main [26ms]
[2022-06-14T09:27:39.860Z] > git remote --verbose [7ms]
[2022-06-14T09:27:39.863Z] > git for-each-ref --sort -committerdate --format %(refname) %(objectname) %(*objectname) [17ms]
[2022-06-14T09:27:39.880Z] > git config --get commit.template [4ms]
[2022-06-14T09:27:45.132Z] > git symbolic-ref --short HEAD [10ms]
[2022-06-14T09:27:45.164Z] > git for-each-ref --format=%(refname)%00%(upstream:short)%00%(objectname)%00%(upstream:track) refs/heads/main refs/remotes/main [24ms]
[2022-06-14T09:27:45.188Z] > git remote --verbose [7ms]
[2022-06-14T09:27:45.190Z] > git for-each-ref --sort -committerdate --format %(refname) %(objectname) %(*objectname) [16ms]
[2022-06-14T09:27:45.207Z] > git config --get commit.template [5ms]
[2022-06-14T09:27:50.405Z] > git symbolic-ref --short HEAD [8ms]
[2022-06-14T09:27:50.441Z] > git for-each-ref --format=%(refname)%00%(upstream:short)%00%(objectname)%00%(upstream:track) refs/heads/main refs/remotes/main [27ms]
[2022-06-14T09:27:50.468Z] > git remote --verbose [9ms]
[2022-06-14T09:27:50.471Z] > git for-each-ref --sort -committerdate --format %(refname) %(objectname) %(*objectname) [19ms]
[2022-06-14T09:27:50.492Z] > git config --get commit.template [5ms]
[2022-06-14T09:27:55.690Z] > git symbolic-ref --short HEAD [8ms]
[2022-06-14T09:27:55.723Z] > git for-each-ref --format=%(refname)%00%(upstream:short)%00%(objectname)%00%(upstream:track) refs/heads/main refs/remotes/main [26ms]
[2022-06-14T09:27:55.747Z] > git remote --verbose [6ms]
[2022-06-14T09:27:55.751Z] > git for-each-ref --sort -committerdate --format %(refname) %(objectname) %(*objectname) [17ms]
[2022-06-14T09:27:55.769Z] > git config --get commit.template [6ms]
[2022-06-14T09:28:00.998Z] > git symbolic-ref --short HEAD [7ms]
[2022-06-14T09:28:01.033Z] > git for-each-ref --format=%(refname)%00%(upstream:short)%00%(objectname)%00%(upstream:track) refs/heads/main refs/remotes/main [26ms]
[2022-06-14T09:28:01.058Z] > git remote --verbose [8ms]
[2022-06-14T09:28:01.060Z] > git for-each-ref --sort -committerdate --format %(refname) %(objectname) %(*objectname) [17ms]
[2022-06-14T09:28:01.078Z] > git config --get commit.template [5ms]
[2022-06-14T09:28:06.263Z] > git symbolic-ref --short HEAD [7ms]
[2022-06-14T09:28:06.295Z] > git for-each-ref --format=%(refname)%00%(upstream:short)%00%(objectname)%00%(upstream:track) refs/heads/main refs/remotes/main [23ms]
[2022-06-14T09:28:06.319Z] > git remote --verbose [9ms]
[2022-06-14T09:28:06.321Z] > git for-each-ref --sort -committerdate --format %(refname) %(objectname) %(*objectname) [16ms]
[2022-06-14T09:28:06.338Z] > git config --get commit.template [5ms]
[2022-06-14T09:28:11.529Z] > git symbolic-ref --short HEAD [9ms]
[2022-06-14T09:28:11.565Z] > git for-each-ref --format=%(refname)%00%(upstream:short)%00%(objectname)%00%(upstream:track) refs/heads/main refs/remotes/main [27ms]
[2022-06-14T09:28:11.591Z] > git remote --verbose [8ms]
[2022-06-14T09:28:11.592Z] > git for-each-ref --sort -committerdate --format %(refname) %(objectname) %(*objectname) [16ms]
[2022-06-14T09:28:11.611Z] > git config --get commit.template [6ms]
[2022-06-14T09:28:16.800Z] > git symbolic-ref --short HEAD [6ms]
[2022-06-14T09:28:16.835Z] > git for-each-ref --format=%(refname)%00%(upstream:short)%00%(objectname)%00%(upstream:track) refs/heads/main refs/remotes/main [26ms]
[2022-06-14T09:28:16.860Z] > git remote --verbose [8ms]
[2022-06-14T09:28:16.862Z] > git for-each-ref --sort -committerdate --format %(refname) %(objectname) %(*objectname) [17ms]
[2022-06-14T09:28:16.880Z] > git config --get commit.template [4ms]
[2022-06-14T09:28:22.073Z] > git symbolic-ref --short HEAD [8ms]
[2022-06-14T09:28:22.109Z] > git for-each-ref --format=%(refname)%00%(upstream:short)%00%(objectname)%00%(upstream:track) refs/heads/main refs/remotes/main [27ms]
[2022-06-14T09:28:22.135Z] > git remote --verbose [8ms]
[2022-06-14T09:28:22.138Z] > git for-each-ref --sort -committerdate --format %(refname) %(objectname) %(*objectname) [18ms]
[2022-06-14T09:28:22.156Z] > git config --get commit.template [5ms]
[2022-06-14T09:28:27.337Z] > git symbolic-ref --short HEAD [7ms]
[2022-06-14T09:28:27.369Z] > git for-each-ref --format=%(refname)%00%(upstream:short)%00%(objectname)%00%(upstream:track) refs/heads/main refs/remotes/main [23ms]
[2022-06-14T09:28:27.394Z] > git remote --verbose [9ms]
[2022-06-14T09:28:27.396Z] > git for-each-ref --sort -committerdate --format %(refname) %(objectname) %(*objectname) [17ms]
[2022-06-14T09:28:27.412Z] > git config --get commit.template [5ms]
[2022-06-14T09:28:32.599Z] > git symbolic-ref --short HEAD [6ms]
[2022-06-14T09:28:32.631Z] > git for-each-ref --format=%(refname)%00%(upstream:short)%00%(objectname)%00%(upstream:track) refs/heads/main refs/remotes/main [24ms]
[2022-06-14T09:28:32.657Z] > git remote --verbose [8ms]
[2022-06-14T09:28:32.659Z] > git for-each-ref --sort -committerdate --format %(refname) %(objectname) %(*objectname) [18ms]
[2022-06-14T09:28:32.676Z] > git config --get commit.template [5ms]
[2022-06-14T09:28:37.872Z] > git symbolic-ref --short HEAD [9ms]
[2022-06-14T09:28:37.908Z] > git for-each-ref --format=%(refname)%00%(upstream:short)%00%(objectname)%00%(upstream:track) refs/heads/main refs/remotes/main [26ms]
[2022-06-14T09:28:37.933Z] > git remote --verbose [7ms]
[2022-06-14T09:28:37.935Z] > git for-each-ref --sort -committerdate --format %(refname) %(objectname) %(*objectname) [16ms]
[2022-06-14T09:28:37.952Z] > git config --get commit.template [5ms]
[2022-06-14T09:28:43.129Z] > git symbolic-ref --short HEAD [6ms]
[2022-06-14T09:28:43.160Z] > git for-each-ref --format=%(refname)%00%(upstream:short)%00%(objectname)%00%(upstream:track) refs/heads/main refs/remotes/main [23ms]
[2022-06-14T09:28:43.185Z] > git remote --verbose [8ms]
[2022-06-14T09:28:43.185Z] > git for-each-ref --sort -committerdate --format %(refname) %(objectname) %(*objectname) [15ms]
[2022-06-14T09:28:43.200Z] > git config --get commit.template [4ms]
[2022-06-14T09:28:48.438Z] > git symbolic-ref --short HEAD [7ms]
[2022-06-14T09:28:48.471Z] > git for-each-ref --format=%(refname)%00%(upstream:short)%00%(objectname)%00%(upstream:track) refs/heads/main refs/remotes/main [24ms]
[2022-06-14T09:28:48.494Z] > git remote --verbose [7ms]
[2022-06-14T09:28:48.496Z] > git for-each-ref --sort -committerdate --format %(refname) %(objectname) %(*objectname) [15ms]
[2022-06-14T09:28:48.511Z] > git config --get commit.template [3ms]
[2022-06-14T09:28:53.696Z] > git symbolic-ref --short HEAD [7ms]
[2022-06-14T09:28:53.730Z] > git for-each-ref --format=%(refname)%00%(upstream:short)%00%(objectname)%00%(upstream:track) refs/heads/main refs/remotes/main [25ms]
[2022-06-14T09:28:53.758Z] > git remote --verbose [10ms]
[2022-06-14T09:28:53.761Z] > git for-each-ref --sort -committerdate --format %(refname) %(objectname) %(*objectname) [20ms]
[2022-06-14T09:28:53.780Z] > git config --get commit.template [5ms]
[2022-06-14T09:28:58.963Z] > git symbolic-ref --short HEAD [6ms]
[2022-06-14T09:28:58.992Z] > git for-each-ref --format=%(refname)%00%(upstream:short)%00%(objectname)%00%(upstream:track) refs/heads/main refs/remotes/main [21ms]
[2022-06-14T09:28:59.013Z] > git remote --verbose [4ms]
[2022-06-14T09:28:59.015Z] > git for-each-ref --sort -committerdate --format %(refname) %(objectname) %(*objectname) [13ms]
[2022-06-14T09:28:59.031Z] > git config --get commit.template [5ms]
[2022-06-14T09:29:04.261Z] > git symbolic-ref --short HEAD [6ms]
[2022-06-14T09:29:04.295Z] > git for-each-ref --format=%(refname)%00%(upstream:short)%00%(objectname)%00%(upstream:track) refs/heads/main refs/remotes/main [25ms]
[2022-06-14T09:29:04.316Z] > git remote --verbose [5ms]
[2022-06-14T09:29:04.326Z] > git for-each-ref --sort -committerdate --format %(refname) %(objectname) %(*objectname) [21ms]
[2022-06-14T09:29:04.343Z] > git config --get commit.template [4ms]
[2022-06-14T09:29:09.525Z] > git symbolic-ref --short HEAD [7ms]
[2022-06-14T09:29:09.557Z] > git for-each-ref --format=%(refname)%00%(upstream:short)%00%(objectname)%00%(upstream:track) refs/heads/main refs/remotes/main [24ms]
[2022-06-14T09:29:09.579Z] > git remote --verbose [5ms]
[2022-06-14T09:29:09.581Z] > git for-each-ref --sort -committerdate --format %(refname) %(objectname) %(*objectname) [14ms]
[2022-06-14T09:29:09.596Z] > git config --get commit.template [3ms]
