Code - OSS (1.64.2, serv-9207.kl.dfki.de:54864, desktop)
Jupyter Extension Version: 2022.3.1000752054.
Python Extension Version: 2022.4.1.
Info 13:36:06: ZMQ install verified.
Error 13:36:07: Jupyter Extension (Error in Failed to update settings.json, method:fixSettingsFile): [EntryNotFound (FileSystemError): Unable to read file 'vscode-remote://serv-9207.kl.dfki.de:54864/root/.config/Code/User/settings.json' (Error: Unable to resolve nonexistent file 'vscode-remote://serv-9207.kl.dfki.de:54864/root/.config/Code/User/settings.json')
	at Function._handleError (/tmp/code-server-4.2.0-linux-amd64/lib/vscode/out/vs/workbench/services/extensions/node/extensionHostProcess.js:93:83879)
	at Object.readFile (/tmp/code-server-4.2.0-linux-amd64/lib/vscode/out/vs/workbench/services/extensions/node/extensionHostProcess.js:93:82793)
	at async m.readFile (/home/kadir/IML/Quantus/.code-server/extensions/ms-toolsai.jupyter-2022.3.1000752054/out/client/extension.js:2:118743)
	at async g.fixSettingsFile (/home/kadir/IML/Quantus/.code-server/extensions/ms-toolsai.jupyter-2022.3.1000752054/out/client/extension.js:2:4943)
	at async Promise.all (index 0)
	at async g.updateSettings (/home/kadir/IML/Quantus/.code-server/extensions/ms-toolsai.jupyter-2022.3.1000752054/out/client/extension.js:2:6705)] {
  code: 'FileNotFound'
}
Error 13:36:07: Jupyter Extension (Error in Failed to update settings.json, method:fixSettingsFile): [EntryNotFound (FileSystemError): Unable to read file 'vscode-remote://serv-9207.kl.dfki.de:54864/home/kadir/IML/Quantus/.vscode/settings.json' (Error: Unable to resolve nonexistent file 'vscode-remote://serv-9207.kl.dfki.de:54864/home/kadir/IML/Quantus/.vscode/settings.json')
	at Function._handleError (/tmp/code-server-4.2.0-linux-amd64/lib/vscode/out/vs/workbench/services/extensions/node/extensionHostProcess.js:93:83879)
	at Object.readFile (/tmp/code-server-4.2.0-linux-amd64/lib/vscode/out/vs/workbench/services/extensions/node/extensionHostProcess.js:93:82793)
	at async m.readFile (/home/kadir/IML/Quantus/.code-server/extensions/ms-toolsai.jupyter-2022.3.1000752054/out/client/extension.js:2:118743)
	at async g.fixSettingsFile (/home/kadir/IML/Quantus/.code-server/extensions/ms-toolsai.jupyter-2022.3.1000752054/out/client/extension.js:2:4943)
	at async Promise.all (index 1)
	at async g.updateSettings (/home/kadir/IML/Quantus/.code-server/extensions/ms-toolsai.jupyter-2022.3.1000752054/out/client/extension.js:2:6705)] {
  code: 'FileNotFound'
}
Info 13:36:07: Experiment status for python is {"enabled":true,"optInto":[],"optOutFrom":[]}
Info 13:36:07: Creating controller for jupyter-notebook with interpreter /usr/bin/python3
Info 13:36:07: Getting activation commands for /usr/bin/python3 are not cached. May take a while.
Info 13:36:07: Process Execution: > /usr/bin/python3 -m pip list
> /usr/bin/python3 -m pip list
Info 13:36:07: Process Execution: > /usr/bin/python3 -c "import pip"
> /usr/bin/python3 -c "import pip"
Info 13:36:07: Find preferred kernel for /home/kadir/IML/Quantus/tutorials/tutorial_basic_example_all_metrics.ipynb with metadata {"accelerator":"GPU","colab":{"collapsed_sections":[],"name":"tutorial_basic_example_all_metrics.ipynb","provenance":[],"toc_visible":true,"machine_shape":"hm"},"kernelspec":{"display_name":"Python 3 (ipykernel)","language":"python","name":"python3"},"language_info":{"codemirror_mode":{"name":"ipython","version":3},"file_extension":".py","mimetype":"text/x-python","name":"python","nbconvert_exporter":"python","pygments_lexer":"ipython3","version":"3.9.7"}} & preferred interpreter /usr/bin/python3
Info 13:36:07: findKernel found Python 3.6.9 64-bit
Info 13:36:07: PreferredConnection: .jvsc74a57bd031f2aee4e71d21fbe5cf8b01ff0e069b9275f58929596ceb00d14d90e3e16cd6./usr/bin/python3./usr/bin/python3.-m#ipykernel_launcher found for NotebookDocument: /home/kadir/IML/Quantus/tutorials/tutorial_basic_example_all_metrics.ipynb
Info 13:36:07: TargetController found ID: .jvsc74a57bd031f2aee4e71d21fbe5cf8b01ff0e069b9275f58929596ceb00d14d90e3e16cd6./usr/bin/python3./usr/bin/python3.-m#ipykernel_launcher for document /home/kadir/IML/Quantus/tutorials/tutorial_basic_example_all_metrics.ipynb
Info 13:36:07: Setting controller affinity for /home/kadir/IML/Quantus/tutorials/tutorial_basic_example_all_metrics.ipynb .jvsc74a57bd031f2aee4e71d21fbe5cf8b01ff0e069b9275f58929596ceb00d14d90e3e16cd6./usr/bin/python3./usr/bin/python3.-m#ipykernel_launcher
Info 13:36:16: Notebook Closed /home/kadir/IML/Quantus/tutorials/tutorial_basic_example_all_metrics.ipynb
Info 13:36:16: Creating controller for jupyter-notebook with interpreter /usr/bin/python3
Info 13:36:17: Find preferred kernel for /home/kadir/IML/Quantus/tutorials/tutorial_explanation_wrappers_pytorch.ipynb with metadata {"accelerator":"GPU","colab":{"collapsed_sections":[],"name":"tutorial_basic_example_all_metrics.ipynb","provenance":[],"toc_visible":true},"kernelspec":{"display_name":"Python 3 (ipykernel)","language":"python","name":"python3"},"language_info":{"codemirror_mode":{"name":"ipython","version":3},"file_extension":".py","mimetype":"text/x-python","name":"python","nbconvert_exporter":"python","pygments_lexer":"ipython3","version":"3.9.7"},"widgets":{"application/vnd.jupyter.widget-state+json":{"2bc8f2f676ca4370a4adc1eb3f9b903d":{"model_module":"@jupyter-widgets/controls","model_module_version":"1.5.0","model_name":"HTMLModel","state":{"_dom_classes":[],"_model_module":"@jupyter-widgets/controls","_model_module_version":"1.5.0","_model_name":"HTMLModel","_view_count":null,"_view_module":"@jupyter-widgets/controls","_view_module_version":"1.5.0","_view_name":"HTMLView","description":"","description_tooltip":null,"layout":"IPY_MODEL_82e3a42f0e72479c9fecbd1d19d85155","placeholder":"​","style":"IPY_MODEL_83b999d5dd954ca5a2506d6b574eed7b","value":"100%"}},"610d10f38bf74cf3879c25700499dc3d":{"model_module":"@jupyter-widgets/controls","model_module_version":"1.5.0","model_name":"HBoxModel","state":{"_dom_classes":[],"_model_module":"@jupyter-widgets/controls","_model_module_version":"1.5.0","_model_name":"HBoxModel","_view_count":null,"_view_module":"@jupyter-widgets/controls","_view_module_version":"1.5.0","_view_name":"HBoxView","box_style":"","children":["IPY_MODEL_2bc8f2f676ca4370a4adc1eb3f9b903d","IPY_MODEL_770f010f91964afc8047af56317ecfcf","IPY_MODEL_689878fdb6074f9ea9962a77235ce3dd"],"layout":"IPY_MODEL_76bf7404a11f4066980194842eed54a9"}},"689878fdb6074f9ea9962a77235ce3dd":{"model_module":"@jupyter-widgets/controls","model_module_version":"1.5.0","model_name":"HTMLModel","state":{"_dom_classes":[],"_model_module":"@jupyter-widgets/controls","_model_module_version":"1.5.0","_model_name":"HTMLModel","_view_count":null,"_view_module":"@jupyter-widgets/controls","_view_module_version":"1.5.0","_view_name":"HTMLView","description":"","description_tooltip":null,"layout":"IPY_MODEL_81f48683e8e048c881966e96c2ca1a5d","placeholder":"​","style":"IPY_MODEL_ee49f727f75e4636975a3ff850cfccc0","value":" 44.7M/44.7M [00:01&lt;00:00, 70.3MB/s]"}},"76193f524f0140ebb70f0dc4728bf94c":{"model_module":"@jupyter-widgets/base","model_module_version":"1.2.0","model_name":"LayoutModel","state":{"_model_module":"@jupyter-widgets/base","_model_module_version":"1.2.0","_model_name":"LayoutModel","_view_count":null,"_view_module":"@jupyter-widgets/base","_view_module_version":"1.2.0","_view_name":"LayoutView","align_content":null,"align_items":null,"align_self":null,"border":null,"bottom":null,"display":null,"flex":null,"flex_flow":null,"grid_area":null,"grid_auto_columns":null,"grid_auto_flow":null,"grid_auto_rows":null,"grid_column":null,"grid_gap":null,"grid_row":null,"grid_template_areas":null,"grid_template_columns":null,"grid_template_rows":null,"height":null,"justify_content":null,"justify_items":null,"left":null,"margin":null,"max_height":null,"max_width":null,"min_height":null,"min_width":null,"object_fit":null,"object_position":null,"order":null,"overflow":null,"overflow_x":null,"overflow_y":null,"padding":null,"right":null,"top":null,"visibility":null,"width":null}},"76bf7404a11f4066980194842eed54a9":{"model_module":"@jupyter-widgets/base","model_module_version":"1.2.0","model_name":"LayoutModel","state":{"_model_module":"@jupyter-widgets/base","_model_module_version":"1.2.0","_model_name":"LayoutModel","_view_count":null,"_view_module":"@jupyter-widgets/base","_view_module_version":"1.2.0","_view_name":"LayoutView","align_content":null,"align_items":null,"align_self":null,"border":null,"bottom":null,"display":null,"flex":null,"flex_flow":null,"grid_area":null,"grid_auto_columns":null,"grid_auto_flow":null,"grid_auto_rows":null,"grid_column":null,"grid_gap":null,"grid_row":null,"grid_template_areas":null,"grid_template_columns":null,"grid_template_rows":null,"height":null,"justify_content":null,"justify_items":null,"left":null,"margin":null,"max_height":null,"max_width":null,"min_height":null,"min_width":null,"object_fit":null,"object_position":null,"order":null,"overflow":null,"overflow_x":null,"overflow_y":null,"padding":null,"right":null,"top":null,"visibility":null,"width":null}},"770f010f91964afc8047af56317ecfcf":{"model_module":"@jupyter-widgets/controls","model_module_version":"1.5.0","model_name":"FloatProgressModel","state":{"_dom_classes":[],"_model_module":"@jupyter-widgets/controls","_model_module_version":"1.5.0","_model_name":"FloatProgressModel","_view_count":null,"_view_module":"@jupyter-widgets/controls","_view_module_version":"1.5.0","_view_name":"ProgressView","bar_style":"success","description":"","description_tooltip":null,"layout":"IPY_MODEL_76193f524f0140ebb70f0dc4728bf94c","max":46827520,"min":0,"orientation":"horizontal","style":"IPY_MODEL_82abd17d06bd4e36aad6e2328793d3b6","value":46827520}},"81f48683e8e048c881966e96c2ca1a5d":{"model_module":"@jupyter-widgets/base","model_module_version":"1.2.0","model_name":"LayoutModel","state":{"_model_module":"@jupyter-widgets/base","_model_module_version":"1.2.0","_model_name":"LayoutModel","_view_count":null,"_view_module":"@jupyter-widgets/base","_view_module_version":"1.2.0","_view_name":"LayoutView","align_content":null,"align_items":null,"align_self":null,"border":null,"bottom":null,"display":null,"flex":null,"flex_flow":null,"grid_area":null,"grid_auto_columns":null,"grid_auto_flow":null,"grid_auto_rows":null,"grid_column":null,"grid_gap":null,"grid_row":null,"grid_template_areas":null,"grid_template_columns":null,"grid_template_rows":null,"height":null,"justify_content":null,"justify_items":null,"left":null,"margin":null,"max_height":null,"max_width":null,"min_height":null,"min_width":null,"object_fit":null,"object_position":null,"order":null,"overflow":null,"overflow_x":null,"overflow_y":null,"padding":null,"right":null,"top":null,"visibility":null,"width":null}},"82abd17d06bd4e36aad6e2328793d3b6":{"model_module":"@jupyter-widgets/controls","model_module_version":"1.5.0","model_name":"ProgressStyleModel","state":{"_model_module":"@jupyter-widgets/controls","_model_module_version":"1.5.0","_model_name":"ProgressStyleModel","_view_count":null,"_view_module":"@jupyter-widgets/base","_view_module_version":"1.2.0","_view_name":"StyleView","bar_color":null,"description_width":""}},"82e3a42f0e72479c9fecbd1d19d85155":{"model_module":"@jupyter-widgets/base","model_module_version":"1.2.0","model_name":"LayoutModel","state":{"_model_module":"@jupyter-widgets/base","_model_module_version":"1.2.0","_model_name":"LayoutModel","_view_count":null,"_view_module":"@jupyter-widgets/base","_view_module_version":"1.2.0","_view_name":"LayoutView","align_content":null,"align_items":null,"align_self":null,"border":null,"bottom":null,"display":null,"flex":null,"flex_flow":null,"grid_area":null,"grid_auto_columns":null,"grid_auto_flow":null,"grid_auto_rows":null,"grid_column":null,"grid_gap":null,"grid_row":null,"grid_template_areas":null,"grid_template_columns":null,"grid_template_rows":null,"height":null,"justify_content":null,"justify_items":null,"left":null,"margin":null,"max_height":null,"max_width":null,"min_height":null,"min_width":null,"object_fit":null,"object_position":null,"order":null,"overflow":null,"overflow_x":null,"overflow_y":null,"padding":null,"right":null,"top":null,"visibility":null,"width":null}},"83b999d5dd954ca5a2506d6b574eed7b":{"model_module":"@jupyter-widgets/controls","model_module_version":"1.5.0","model_name":"DescriptionStyleModel","state":{"_model_module":"@jupyter-widgets/controls","_model_module_version":"1.5.0","_model_name":"DescriptionStyleModel","_view_count":null,"_view_module":"@jupyter-widgets/base","_view_module_version":"1.2.0","_view_name":"StyleView","description_width":""}},"ee49f727f75e4636975a3ff850cfccc0":{"model_module":"@jupyter-widgets/controls","model_module_version":"1.5.0","model_name":"DescriptionStyleModel","state":{"_model_module":"@jupyter-widgets/controls","_model_module_version":"1.5.0","_model_name":"DescriptionStyleModel","_view_count":null,"_view_module":"@jupyter-widgets/base","_view_module_version":"1.2.0","_view_name":"StyleView","description_width":""}}}}} & preferred interpreter /usr/bin/python3
Info 13:36:17: findKernel found Python 3.6.9 64-bit
Info 13:36:17: PreferredConnection: .jvsc74a57bd031f2aee4e71d21fbe5cf8b01ff0e069b9275f58929596ceb00d14d90e3e16cd6./usr/bin/python3./usr/bin/python3.-m#ipykernel_launcher found for NotebookDocument: /home/kadir/IML/Quantus/tutorials/tutorial_explanation_wrappers_pytorch.ipynb
Info 13:36:17: TargetController found ID: .jvsc74a57bd031f2aee4e71d21fbe5cf8b01ff0e069b9275f58929596ceb00d14d90e3e16cd6./usr/bin/python3./usr/bin/python3.-m#ipykernel_launcher for document /home/kadir/IML/Quantus/tutorials/tutorial_explanation_wrappers_pytorch.ipynb
Info 13:36:17: Setting controller affinity for /home/kadir/IML/Quantus/tutorials/tutorial_explanation_wrappers_pytorch.ipynb .jvsc74a57bd031f2aee4e71d21fbe5cf8b01ff0e069b9275f58929596ceb00d14d90e3e16cd6./usr/bin/python3./usr/bin/python3.-m#ipykernel_launcher
Info 13:36:25: Setting setActiveController for /home/kadir/IML/Quantus/tutorials/tutorial_explanation_wrappers_pytorch.ipynb
Info 13:36:25: Interrupt requested & no kernel.
Info 13:36:25: KernelProvider switched kernel to id = .jvsc74a57bd0d4d1e4263499bec80672ea0156c357c1ee493ec2b1c70f0acce89fc37c4a6abe./opt/conda/python./opt/conda/python.-m#ipykernel_launcher
Info 13:36:25: Starting Notebook in kernel.ts id = .jvsc74a57bd0d4d1e4263499bec80672ea0156c357c1ee493ec2b1c70f0acce89fc37c4a6abe./opt/conda/python./opt/conda/python.-m#ipykernel_launcher
Info 13:36:25: Creating raw notebook for /home/kadir/IML/Quantus/tutorials/tutorial_explanation_wrappers_pytorch.ipynb
Info 13:36:25: Getting preferred kernel for /home/kadir/IML/Quantus/tutorials/tutorial_explanation_wrappers_pytorch.ipynb
Info 13:36:25: Computing working directory /home/kadir/IML/Quantus/tutorials/tutorial_explanation_wrappers_pytorch.ipynb
Info 13:36:25: Starting raw kernel base (Python 3.6.10) for interpreter /opt/conda/bin/python
Info 13:36:25: Kernel launching with ports 9000,9001,9002,9003,9004. Start port is 9000
Info 13:36:25: Getting activation commands for /opt/conda/bin/python are not cached. May take a while.
Info 13:36:25: Activation Commands received source /opt/conda/bin/activate,conda activate base for shell bash
Info 13:36:26: Process Execution: > /opt/conda/bin/python -m pip list
> /opt/conda/bin/python -m pip list
Info 13:36:27: Process Execution: > /opt/conda/bin/python -c "import ipykernel; print(ipykernel.__version__); print("5dc3a68c-e34e-4080-9c3e-2a532b2ccb4d"); print(ipykernel.__file__)"
> /opt/conda/bin/python -c "import ipykernel; print(ipykernel.__version__); print("5dc3a68c-e34e-4080-9c3e-2a532b2ccb4d"); print(ipykernel.__file__)"
Info 13:36:27: Adding env Variable PYTHONNOUSERSITE to /opt/conda/bin/python
Info 13:36:27: Process Execution: > /opt/conda/bin/python -m ipykernel_launcher --ip=127.0.0.1 --stdin=9003 --control=9001 --hb=9000 --Session.signature_scheme="hmac-sha256" --Session.key=b"a392262d-c1dc-4213-b6e4-02a1726e3610" --shell=9002 --transport="tcp" --iopub=9004 --f=/tmp/tmp-1250012Dm1KsHLnJFP.json
> /opt/conda/bin/python -m ipykernel_launcher --ip=127.0.0.1 --stdin=9003 --control=9001 --hb=9000 --Session.signature_scheme="hmac-sha256" --Session.key=b"a392262d-c1dc-4213-b6e4-02a1726e3610" --shell=9002 --transport="tcp" --iopub=9004 --f=/tmp/tmp-1250012Dm1KsHLnJFP.json
Info 13:36:27: Process Execution: cwd: /home/kadir/IML/Quantus/tutorials
cwd: /home/kadir/IML/Quantus/tutorials
Info 13:36:28: Kernel Output: NOTE: When using the `ipython kernel` entry point, Ctrl-C will not work.

To exit, you will have to explicitly quit this process, by either sending
"quit" from a client, or using Ctrl-\ in UNIX-like environments.

To read more about this, see https://github.com/ipython/ipython/issues/2049


To connect another client to this kernel, use:
    --existing /tmp/tmp-1250012Dm1KsHLnJFP.json

Info 13:36:29: ipykernel version 5.3.0 for /opt/conda/bin/python
Info 13:36:29: ipykernel location /opt/conda/lib/python3.6/site-packages/ipykernel/__init__.py for /opt/conda/bin/python
Info 13:36:29: Raw session started and connected
Started kernel base (Python 3.6.10)
Info 13:36:29: Finished connecting 70c385c7-510f-43c5-81bd-8b40571de669
Info 13:36:30: UpdateWorkingDirectoryAndPath in Kernel
Info 13:36:30: Executing silently Code (idle) = import site\nsite.addsitedir(site.getusersitepackages())\nimport os\nimport sys\n%cd "/home/kadir/IML/Qu
Info 13:36:30: Executing silently Code (completed) = import site\nsite.addsitedir(site.getusersitepackages())\nimport os\nimport sys\n%cd "/home/kadir/IML/Qu
Info 13:36:30: Waiting for idle on (kernel): 232d9f15-013c-48e8-9feb-f38997550159 -> idle
Info 13:36:30: Finished waiting for idle on (kernel): 232d9f15-013c-48e8-9feb-f38997550159 -> idle
Info 13:36:42: Disposing kernel .jvsc74a57bd0d4d1e4263499bec80672ea0156c357c1ee493ec2b1c70f0acce89fc37c4a6abe./opt/conda/python./opt/conda/python.-m#ipykernel_launcher for notebook /home/kadir/IML/Quantus/tutorials/tutorial_explanation_wrappers_pytorch.ipynb due to selection of another kernel or closing of the notebook
Info 13:36:42: Dispose kernel file:///home/kadir/IML/Quantus/tutorials/tutorial_explanation_wrappers_pytorch.ipynb
Info 13:36:42: Dispose Kernel process
Info 13:36:42: Notebook Closed /home/kadir/IML/Quantus/tutorials/tutorial_explanation_wrappers_pytorch.ipynb
Info 13:58:31: Process Execution: > /opt/conda/bin/python -m pip list
> /opt/conda/bin/python -m pip list
